#
# There is insufficient memory for the Java Runtime Environment to continue.
# Native memory allocation (mmap) failed to map 670040064 bytes for committing reserved memory.
# Possible reasons:
#   The system is out of physical RAM or swap space
#   In 32 bit mode, the process size limit was hit
# Possible solutions:
#   Reduce memory load on the system
#   Increase physical memory or swap space
#   Check if swap backing store is full
#   Use 64 bit Java on a 64 bit OS
#   Decrease Java heap size (-Xmx/-Xms)
#   Decrease number of Java threads
#   Decrease Java thread stack sizes (-Xss)
#   Set larger code cache with -XX:ReservedCodeCacheSize=
# This output file may be truncated or incomplete.
#
#  Out of Memory Error (os_linux.cpp:2627), pid=9209, tid=0x00007fcf16cec700
#
# JRE version: Java(TM) SE Runtime Environment (8.0_92-b14) (build 1.8.0_92-b14)
# Java VM: Java HotSpot(TM) 64-Bit Server VM (25.92-b14 mixed mode linux-amd64 )
# Failed to write core dump. Core dumps have been disabled. To enable core dumping, try "ulimit -c unlimited" before starting Java again
#

---------------  T H R E A D  ---------------

Current thread (0x00007fd910080000):  VMThread [stack: 0x00007fcf16bec000,0x00007fcf16ced000] [id=9223]

Stack: [0x00007fcf16bec000,0x00007fcf16ced000],  sp=0x00007fcf16ceb260,  free space=1020k
Native frames: (J=compiled Java code, j=interpreted, Vv=VM code, C=native code)
V  [libjvm.so+0xabd65a]  VMError::report_and_die()+0x2ba
V  [libjvm.so+0x4fb4db]  report_vm_out_of_memory(char const*, int, unsigned long, VMErrorType, char const*)+0x8b
V  [libjvm.so+0x91d713]  os::Linux::commit_memory_impl(char*, unsigned long, bool)+0x103
V  [libjvm.so+0x91dc69]  os::pd_commit_memory(char*, unsigned long, unsigned long, bool)+0x29
V  [libjvm.so+0x917f6a]  os::commit_memory(char*, unsigned long, unsigned long, bool)+0x2a
V  [libjvm.so+0x98c343]  PSVirtualSpace::expand_by(unsigned long)+0x53
V  [libjvm.so+0x98d748]  PSYoungGen::resize_generation(unsigned long, unsigned long)+0xf8
V  [libjvm.so+0x98c8a2]  PSYoungGen::resize(unsigned long, unsigned long)+0x22
V  [libjvm.so+0x989b7b]  PSScavenge::invoke_no_policy()+0xf3b
V  [libjvm.so+0x98a301]  PSScavenge::invoke()+0x41
V  [libjvm.so+0x941410]  ParallelScavengeHeap::failed_mem_allocate(unsigned long)+0x70
V  [libjvm.so+0xabf077]  VM_ParallelGCFailedAllocation::doit()+0x97
V  [libjvm.so+0xac6aa5]  VM_Operation::evaluate()+0x55
V  [libjvm.so+0xac4e7a]  VMThread::evaluate_operation(VM_Operation*)+0xba
V  [libjvm.so+0xac51fe]  VMThread::loop()+0x1ce
V  [libjvm.so+0xac5670]  VMThread::run()+0x70
V  [libjvm.so+0x91fad8]  java_start(Thread*)+0x108

VM_Operation (0x00007fd91848c680): ParallelGCFailedAllocation, mode: safepoint, requested by thread 0x00007fd91000a000


---------------  P R O C E S S  ---------------

Java Threads: ( => current thread )
  0x00007fd9102a7800 JavaThread "AWT-XAWT" daemon [_thread_blocked, id=9235, stack(0x00007fcebcacf000,0x00007fcebcbd0000)]
  0x00007fd910286800 JavaThread "Java2D Disposer" daemon [_thread_blocked, id=9234, stack(0x00007fcf140d3000,0x00007fcf141d4000)]
  0x00007fd9100cb800 JavaThread "Service Thread" daemon [_thread_blocked, id=9231, stack(0x00007fcf1611a000,0x00007fcf1621b000)]
  0x00007fd9100c8800 JavaThread "C1 CompilerThread3" daemon [_thread_blocked, id=9230, stack(0x00007fcf1621b000,0x00007fcf1631c000)]
  0x00007fd9100c6800 JavaThread "C2 CompilerThread2" daemon [_thread_blocked, id=9229, stack(0x00007fcf1631c000,0x00007fcf1641d000)]
  0x00007fd9100c5000 JavaThread "C2 CompilerThread1" daemon [_thread_blocked, id=9228, stack(0x00007fcf1641d000,0x00007fcf1651e000)]
  0x00007fd9100c2000 JavaThread "C2 CompilerThread0" daemon [_thread_blocked, id=9227, stack(0x00007fcf1651e000,0x00007fcf1661f000)]
  0x00007fd9100c0800 JavaThread "Signal Dispatcher" daemon [_thread_blocked, id=9226, stack(0x00007fcf1661f000,0x00007fcf16720000)]
  0x00007fd91008c000 JavaThread "Finalizer" daemon [_thread_blocked, id=9225, stack(0x00007fcf169ea000,0x00007fcf16aeb000)]
  0x00007fd910087800 JavaThread "Reference Handler" daemon [_thread_blocked, id=9224, stack(0x00007fcf16aeb000,0x00007fcf16bec000)]
  0x00007fd91000a000 JavaThread "main" [_thread_blocked, id=9212, stack(0x00007fd91838d000,0x00007fd91848e000)]

Other Threads:
=>0x00007fd910080000 VMThread [stack: 0x00007fcf16bec000,0x00007fcf16ced000] [id=9223]
  0x00007fd9100ce800 WatcherThread [stack: 0x00007fcf16019000,0x00007fcf1611a000] [id=9232]

VM state:at safepoint (normal execution)

VM Mutex/Monitor currently owned by a thread:  ([mutex/lock_event])
[0x00007fd910006610] Threads_lock - owner thread: 0x00007fd910080000
[0x00007fd910006b10] Heap_lock - owner thread: 0x00007fd91000a000

Heap:
 PSYoungGen      total 8208384K, used 35374K [0x00007fd5bfb00000, 0x00007fd7ba380000, 0x00007fd901000000)
  eden space 8165376K, 0% used [0x00007fd5bfb00000,0x00007fd5bfb00000,0x00007fd7b2100000)
  from space 43008K, 82% used [0x00007fd7b7980000,0x00007fd7b9c0b898,0x00007fd7ba380000)
  to   space 43520K, 0% used [0x00007fd7b2100000,0x00007fd7b2100000,0x00007fd7b4b80000)
 ParOldGen       total 1330688K, used 1169231K [0x00007fcf3d000000, 0x00007fcf8e380000, 0x00007fd5bfb00000)
  object space 1330688K, 87% used [0x00007fcf3d000000,0x00007fcf845d3d40,0x00007fcf8e380000)
 Metaspace       used 9836K, capacity 10160K, committed 10240K, reserved 10240K

Card table byte_map: [0x00007fcf381df000,0x00007fcf3d000000] byte_map_base: 0x00007f8f507f7000

Marking Bits: (ParMarkBitMap*) 0x00007fd9178694c0
 Begin Bits: [0x00007fcec1e00000, 0x00007fcee8f00000)
 End Bits:   [0x00007fcee8f00000, 0x00007fcf10000000)

Polling page: 0x00007fd9184b2000

CodeCache: size=245760Kb used=3533Kb max_used=5012Kb free=242226Kb
 bounds [0x00007fd901000000, 0x00007fd9014f0000, 0x00007fd910000000]
 total_blobs=1261 nmethods=773 adapters=402
 compilation: enabled

Compilation events (10 events):
Event: 1016,719 Thread 0x00007fd9100c8800 1039       3       sun.nio.cs.UTF_8$Encoder::overflow (11 bytes)
Event: 1016,719 Thread 0x00007fd9100c8800 nmethod 1039 0x00007fd901244c90 code [0x00007fd901244e40, 0x00007fd901245338]
Event: 1308,898 Thread 0x00007fd9100c5000 1040       4       sun.awt.X11.XToolkit::getDisplay (20 bytes)
Event: 1308,898 Thread 0x00007fd9100c5000 nmethod 1040 0x00007fd901108010 code [0x00007fd901108140, 0x00007fd901108198]
Event: 1345,936 Thread 0x00007fd9100c2000 1041       4       java.text.DecimalFormat::applyPattern (1591 bytes)
Event: 1345,997 Thread 0x00007fd9100c2000 nmethod 1041 0x00007fd901194b90 code [0x00007fd901194ea0, 0x00007fd901197430]
Event: 1354,358 Thread 0x00007fd9100c6800 1042       4       java.util.concurrent.locks.ReentrantLock$NonfairSync::lock (25 bytes)
Event: 1354,359 Thread 0x00007fd9100c6800 nmethod 1042 0x00007fd901194790 code [0x00007fd9011948e0, 0x00007fd9011949f8]
Event: 1355,453 Thread 0x00007fd9100c6800 1043       4       java.text.DigitList::set (346 bytes)
Event: 1355,460 Thread 0x00007fd9100c6800 nmethod 1043 0x00007fd9014aa550 code [0x00007fd9014aa6e0, 0x00007fd9014aac78]

GC Heap History (10 events):
Event: 1478,079 GC heap after
Heap after GC invocations=909 (full 9):
 PSYoungGen      total 8126464K, used 36174K [0x00007fd5bfb00000, 0x00007fd7b5080000, 0x00007fd901000000)
  eden space 8079360K, 0% used [0x00007fd5bfb00000,0x00007fd5bfb00000,0x00007fd7acd00000)
  from space 47104K, 76% used [0x00007fd7acd00000,0x00007fd7af053898,0x00007fd7afb00000)
  to   space 46080K, 0% used [0x00007fd7b2380000,0x00007fd7b2380000,0x00007fd7b5080000)
 ParOldGen       total 1330688K, used 1156759K [0x00007fcf3d000000, 0x00007fcf8e380000, 0x00007fd5bfb00000)
  object space 1330688K, 86% used [0x00007fcf3d000000,0x00007fcf839a5d40,0x00007fcf8e380000)
 Metaspace       used 9836K, capacity 10160K, committed 10240K, reserved 10240K
}
Event: 1482,974 GC heap before
{Heap before GC invocations=910 (full 9):
 PSYoungGen      total 8126464K, used 8115534K [0x00007fd5bfb00000, 0x00007fd7b5080000, 0x00007fd901000000)
  eden space 8079360K, 100% used [0x00007fd5bfb00000,0x00007fd7acd00000,0x00007fd7acd00000)
  from space 47104K, 76% used [0x00007fd7acd00000,0x00007fd7af053898,0x00007fd7afb00000)
  to   space 46080K, 0% used [0x00007fd7b2380000,0x00007fd7b2380000,0x00007fd7b5080000)
 ParOldGen       total 1330688K, used 1156759K [0x00007fcf3d000000, 0x00007fcf8e380000, 0x00007fd5bfb00000)
  object space 1330688K, 86% used [0x00007fcf3d000000,0x00007fcf839a5d40,0x00007fcf8e380000)
 Metaspace       used 9836K, capacity 10160K, committed 10240K, reserved 10240K
Event: 1483,006 GC heap after
Heap after GC invocations=910 (full 9):
 PSYoungGen      total 8165888K, used 34990K [0x00007fd5bfb00000, 0x00007fd7b4e80000, 0x00007fd901000000)
  eden space 8121856K, 0% used [0x00007fd5bfb00000,0x00007fd5bfb00000,0x00007fd7af680000)
  from space 44032K, 79% used [0x00007fd7b2380000,0x00007fd7b45ab898,0x00007fd7b4e80000)
  to   space 45056K, 0% used [0x00007fd7af680000,0x00007fd7af680000,0x00007fd7b2280000)
 ParOldGen       total 1330688K, used 1159999K [0x00007fcf3d000000, 0x00007fcf8e380000, 0x00007fd5bfb00000)
  object space 1330688K, 87% used [0x00007fcf3d000000,0x00007fcf83ccfd40,0x00007fcf8e380000)
 Metaspace       used 9836K, capacity 10160K, committed 10240K, reserved 10240K
}
Event: 1487,921 GC heap before
{Heap before GC invocations=911 (full 9):
 PSYoungGen      total 8165888K, used 8156846K [0x00007fd5bfb00000, 0x00007fd7b4e80000, 0x00007fd901000000)
  eden space 8121856K, 100% used [0x00007fd5bfb00000,0x00007fd7af680000,0x00007fd7af680000)
  from space 44032K, 79% used [0x00007fd7b2380000,0x00007fd7b45ab898,0x00007fd7b4e80000)
  to   space 45056K, 0% used [0x00007fd7af680000,0x00007fd7af680000,0x00007fd7b2280000)
 ParOldGen       total 1330688K, used 1159999K [0x00007fcf3d000000, 0x00007fcf8e380000, 0x00007fd5bfb00000)
  object space 1330688K, 87% used [0x00007fcf3d000000,0x00007fcf83ccfd40,0x00007fcf8e380000)
 Metaspace       used 9836K, capacity 10160K, committed 10240K, reserved 10240K
Event: 1487,957 GC heap after
Heap after GC invocations=911 (full 9):
 PSYoungGen      total 8166912K, used 34894K [0x00007fd5bfb00000, 0x00007fd7b7700000, 0x00007fd901000000)
  eden space 8121856K, 0% used [0x00007fd5bfb00000,0x00007fd5bfb00000,0x00007fd7af680000)
  from space 45056K, 77% used [0x00007fd7af680000,0x00007fd7b1893898,0x00007fd7b2280000)
  to   space 44032K, 0% used [0x00007fd7b4c00000,0x00007fd7b4c00000,0x00007fd7b7700000)
 ParOldGen       total 1330688K, used 1162327K [0x00007fcf3d000000, 0x00007fcf8e380000, 0x00007fd5bfb00000)
  object space 1330688K, 87% used [0x00007fcf3d000000,0x00007fcf83f15d40,0x00007fcf8e380000)
 Metaspace       used 9836K, capacity 10160K, committed 10240K, reserved 10240K
}
Event: 1493,481 GC heap before
{Heap before GC invocations=912 (full 9):
 PSYoungGen      total 8166912K, used 8156750K [0x00007fd5bfb00000, 0x00007fd7b7700000, 0x00007fd901000000)
  eden space 8121856K, 100% used [0x00007fd5bfb00000,0x00007fd7af680000,0x00007fd7af680000)
  from space 45056K, 77% used [0x00007fd7af680000,0x00007fd7b1893898,0x00007fd7b2280000)
  to   space 44032K, 0% used [0x00007fd7b4c00000,0x00007fd7b4c00000,0x00007fd7b7700000)
 ParOldGen       total 1330688K, used 1162327K [0x00007fcf3d000000, 0x00007fcf8e380000, 0x00007fd5bfb00000)
  object space 1330688K, 87% used [0x00007fcf3d000000,0x00007fcf83f15d40,0x00007fcf8e380000)
 Metaspace       used 9836K, capacity 10160K, committed 10240K, reserved 10240K
Event: 1493,518 GC heap after
Heap after GC invocations=912 (full 9):
 PSYoungGen      total 8208384K, used 35278K [0x00007fd5bfb00000, 0x00007fd7b7600000, 0x00007fd901000000)
  eden space 8165376K, 0% used [0x00007fd5bfb00000,0x00007fd5bfb00000,0x00007fd7b2100000)
  from space 43008K, 82% used [0x00007fd7b4c00000,0x00007fd7b6e73898,0x00007fd7b7600000)
  to   space 43520K, 0% used [0x00007fd7b2100000,0x00007fd7b2100000,0x00007fd7b4b80000)
 ParOldGen       total 1330688K, used 1164503K [0x00007fcf3d000000, 0x00007fcf8e380000, 0x00007fd5bfb00000)
  object space 1330688K, 87% used [0x00007fcf3d000000,0x00007fcf84135d40,0x00007fcf8e380000)
 Metaspace       used 9836K, capacity 10160K, committed 10240K, reserved 10240K
}
Event: 1499,980 GC heap before
{Heap before GC invocations=913 (full 9):
 PSYoungGen      total 8208384K, used 8200654K [0x00007fd5bfb00000, 0x00007fd7b7600000, 0x00007fd901000000)
  eden space 8165376K, 100% used [0x00007fd5bfb00000,0x00007fd7b2100000,0x00007fd7b2100000)
  from space 43008K, 82% used [0x00007fd7b4c00000,0x00007fd7b6e73898,0x00007fd7b7600000)
  to   space 43520K, 0% used [0x00007fd7b2100000,0x00007fd7b2100000,0x00007fd7b4b80000)
 ParOldGen       total 1330688K, used 1164503K [0x00007fcf3d000000, 0x00007fcf8e380000, 0x00007fd5bfb00000)
  object space 1330688K, 87% used [0x00007fcf3d000000,0x00007fcf84135d40,0x00007fcf8e380000)
 Metaspace       used 9836K, capacity 10160K, committed 10240K, reserved 10240K
Event: 1500,041 GC heap after
Heap after GC invocations=913 (full 9):
 PSYoungGen      total 8208896K, used 35438K [0x00007fd5bfb00000, 0x00007fd7ba380000, 0x00007fd901000000)
  eden space 8165376K, 0% used [0x00007fd5bfb00000,0x00007fd5bfb00000,0x00007fd7b2100000)
  from space 43520K, 81% used [0x00007fd7b2100000,0x00007fd7b439b898,0x00007fd7b4b80000)
  to   space 43008K, 0% used [0x00007fd7b7980000,0x00007fd7b7980000,0x00007fd7ba380000)
 ParOldGen       total 1330688K, used 1166719K [0x00007fcf3d000000, 0x00007fcf8e380000, 0x00007fd5bfb00000)
  object space 1330688K, 87% used [0x00007fcf3d000000,0x00007fcf8435fd40,0x00007fcf8e380000)
 Metaspace       used 9836K, capacity 10160K, committed 10240K, reserved 10240K
}
Event: 1507,672 GC heap before
{Heap before GC invocations=914 (full 9):
 PSYoungGen      total 8208896K, used 8200814K [0x00007fd5bfb00000, 0x00007fd7ba380000, 0x00007fd901000000)
  eden space 8165376K, 100% used [0x00007fd5bfb00000,0x00007fd7b2100000,0x00007fd7b2100000)
  from space 43520K, 81% used [0x00007fd7b2100000,0x00007fd7b439b898,0x00007fd7b4b80000)
  to   space 43008K, 0% used [0x00007fd7b7980000,0x00007fd7b7980000,0x00007fd7ba380000)
 ParOldGen       total 1330688K, used 1166719K [0x00007fcf3d000000, 0x00007fcf8e380000, 0x00007fd5bfb00000)
  object space 1330688K, 87% used [0x00007fcf3d000000,0x00007fcf8435fd40,0x00007fcf8e380000)
 Metaspace       used 9836K, capacity 10160K, committed 10240K, reserved 10240K

Deoptimization events (10 events):
Event: 3,268 Thread 0x00007fd91000a000 Uncommon trap: reason=array_check action=maybe_recompile pc=0x00007fd9014014e4 method=java.util.AbstractCollection.toArray([Ljava/lang/Object;)[Ljava/lang/Object; @ 119
Event: 3,268 Thread 0x00007fd91000a000 Uncommon trap: reason=array_check action=maybe_recompile pc=0x00007fd9014014e4 method=java.util.AbstractCollection.toArray([Ljava/lang/Object;)[Ljava/lang/Object; @ 119
Event: 3,570 Thread 0x00007fd91000a000 Uncommon trap: reason=unstable_if action=reinterpret pc=0x00007fd90143bb1c method=java.lang.String.split(Ljava/lang/String;I)[Ljava/lang/String; @ 8
Event: 3,575 Thread 0x00007fd91000a000 Uncommon trap: reason=unstable_if action=reinterpret pc=0x00007fd9011cf43c method=java.lang.AbstractStringBuilder.append([CII)Ljava/lang/AbstractStringBuilder; @ 1
Event: 5,783 Thread 0x00007fd91000a000 Uncommon trap: reason=unstable_if action=reinterpret pc=0x00007fd90141c560 method=sun.misc.FDBigInteger.leftShift(I)Lsun/misc/FDBigInteger; @ 30
Event: 5,883 Thread 0x00007fd91000a000 Uncommon trap: reason=unstable_if action=reinterpret pc=0x00007fd90147c78c method=sun.misc.FDBigInteger.leftShift(I)Lsun/misc/FDBigInteger; @ 323
Event: 8,126 Thread 0x00007fd91000a000 Uncommon trap: reason=unstable_if action=reinterpret pc=0x00007fd9014183c4 method=sun.misc.FloatingDecimal$ASCIIToBinaryBuffer.doubleValue()D @ 503
Event: 137,183 Thread 0x00007fd91000a000 Uncommon trap: reason=unstable_if action=reinterpret pc=0x00007fd9014986ec method=inputs.PAMLWrapper.parseProbas(Ljava/io/InputStream;D)Lcore/PProbas; @ 132
Event: 137,183 Thread 0x00007fd91000a000 Uncommon trap: reason=unstable_if action=reinterpret pc=0x00007fd90148c4a0 method=java.lang.Long.numberOfTrailingZeros(J)I @ 17
Event: 137,230 Thread 0x00007fd91000a000 Uncommon trap: reason=unstable_if action=reinterpret pc=0x00007fd901126d50 method=core.algos.WordGenerator.generateProbableWords3(I[[DDD)Ljava/util/ArrayList; @ 167

Internal exceptions (10 events):
Event: 0,022 Thread 0x00007fd91000a000 Exception <a 'java/lang/NoSuchMethodError': Method sun.misc.Unsafe.defineClass(Ljava/lang/String;[BII)Ljava/lang/Class; name or signature does not match> (0x00007fd5bfb0b910) thrown at [/HUDSON/workspace/8-2-build-linux-amd64/jdk8u92/6642/hotspot/src/shar
Event: 0,022 Thread 0x00007fd91000a000 Exception <a 'java/lang/NoSuchMethodError': Method sun.misc.Unsafe.prefetchRead(Ljava/lang/Object;J)V name or signature does not match> (0x00007fd5bfb0bcd8) thrown at [/HUDSON/workspace/8-2-build-linux-amd64/jdk8u92/6642/hotspot/src/share/vm/prims/jni.cpp
Event: 0,872 Thread 0x00007fd91000a000 Exception <a 'java/security/PrivilegedActionException'> (0x00007fd5c1e2f828) thrown at [/HUDSON/workspace/8-2-build-linux-amd64/jdk8u92/6642/hotspot/src/share/vm/prims/jvm.cpp, line 1386]
Event: 0,872 Thread 0x00007fd91000a000 Exception <a 'java/security/PrivilegedActionException'> (0x00007fd5c1e2fb08) thrown at [/HUDSON/workspace/8-2-build-linux-amd64/jdk8u92/6642/hotspot/src/share/vm/prims/jvm.cpp, line 1386]
Event: 0,872 Thread 0x00007fd91000a000 Exception <a 'java/security/PrivilegedActionException'> (0x00007fd5c1e32b28) thrown at [/HUDSON/workspace/8-2-build-linux-amd64/jdk8u92/6642/hotspot/src/share/vm/prims/jvm.cpp, line 1386]
Event: 0,872 Thread 0x00007fd91000a000 Exception <a 'java/security/PrivilegedActionException'> (0x00007fd5c1e32e08) thrown at [/HUDSON/workspace/8-2-build-linux-amd64/jdk8u92/6642/hotspot/src/share/vm/prims/jvm.cpp, line 1386]
Event: 0,909 Thread 0x00007fd91000a000 Exception <a 'java/lang/NoSuchFieldError': method resolution failed> (0x00007fd5c1f47f58) thrown at [/HUDSON/workspace/8-2-build-linux-amd64/jdk8u92/6642/hotspot/src/share/vm/prims/methodHandles.cpp, line 1146]
Event: 0,910 Thread 0x00007fd91000a000 Exception <a 'java/lang/NoSuchFieldError': method resolution failed> (0x00007fd5c1f59cd8) thrown at [/HUDSON/workspace/8-2-build-linux-amd64/jdk8u92/6642/hotspot/src/share/vm/prims/methodHandles.cpp, line 1146]
Event: 0,926 Thread 0x00007fd91000a000 Exception <a 'java/io/FileNotFoundException'> (0x00007fd5c1ffde20) thrown at [/HUDSON/workspace/8-2-build-linux-amd64/jdk8u92/6642/hotspot/src/share/vm/prims/jni.cpp, line 709]
Event: 0,926 Thread 0x00007fd91000a000 Exception <a 'java/io/FileNotFoundException'> (0x00007fd5c1ffea08) thrown at [/HUDSON/workspace/8-2-build-linux-amd64/jdk8u92/6642/hotspot/src/share/vm/prims/jni.cpp, line 709]

Events (10 events):
Event: 1478,079 Executing VM operation: ParallelGCFailedAllocation done
Event: 1482,974 Executing VM operation: ParallelGCFailedAllocation
Event: 1483,006 Executing VM operation: ParallelGCFailedAllocation done
Event: 1487,921 Executing VM operation: ParallelGCFailedAllocation
Event: 1487,957 Executing VM operation: ParallelGCFailedAllocation done
Event: 1493,481 Executing VM operation: ParallelGCFailedAllocation
Event: 1493,519 Executing VM operation: ParallelGCFailedAllocation done
Event: 1499,949 Executing VM operation: ParallelGCFailedAllocation
Event: 1500,043 Executing VM operation: ParallelGCFailedAllocation done
Event: 1507,625 Executing VM operation: ParallelGCFailedAllocation


Dynamic libraries:
00400000-00401000 r-xp 00000000 08:01 4290                               /media/ben/STOCK/SOFTWARE/jdk1.8.0_92/bin/java
00600000-00601000 rw-p 00000000 08:01 4290                               /media/ben/STOCK/SOFTWARE/jdk1.8.0_92/bin/java
01f22000-01f43000 rw-p 00000000 00:00 0                                  [heap]
7fce88000000-7fce88021000 rw-p 00000000 00:00 0 
7fce88021000-7fce8c000000 ---p 00000000 00:00 0 
7fce8c000000-7fce8c021000 rw-p 00000000 00:00 0 
7fce8c021000-7fce90000000 ---p 00000000 00:00 0 
7fce90000000-7fce90021000 rw-p 00000000 00:00 0 
7fce90021000-7fce94000000 ---p 00000000 00:00 0 
7fce94000000-7fce94021000 rw-p 00000000 00:00 0 
7fce94021000-7fce98000000 ---p 00000000 00:00 0 
7fce98000000-7fce98753000 rw-p 00000000 00:00 0 
7fce98753000-7fce9c000000 ---p 00000000 00:00 0 
7fce9c000000-7fce9c021000 rw-p 00000000 00:00 0 
7fce9c021000-7fcea0000000 ---p 00000000 00:00 0 
7fcea0000000-7fcea1522000 rw-p 00000000 00:00 0 
7fcea1522000-7fcea4000000 ---p 00000000 00:00 0 
7fcea4000000-7fcea55eb000 rw-p 00000000 00:00 0 
7fcea55eb000-7fcea8000000 ---p 00000000 00:00 0 
7fcea8000000-7fcea8021000 rw-p 00000000 00:00 0 
7fcea8021000-7fceac000000 ---p 00000000 00:00 0 
7fceac000000-7fcead5aa000 rw-p 00000000 00:00 0 
7fcead5aa000-7fceb0000000 ---p 00000000 00:00 0 
7fceb0000000-7fceb0021000 rw-p 00000000 00:00 0 
7fceb0021000-7fceb4000000 ---p 00000000 00:00 0 
7fceb4000000-7fceb4021000 rw-p 00000000 00:00 0 
7fceb4021000-7fceb8000000 ---p 00000000 00:00 0 
7fceb8000000-7fceb828c000 rw-p 00000000 00:00 0 
7fceb828c000-7fcebc000000 ---p 00000000 00:00 0 
7fcebc227000-7fcebc290000 r-xp 00000000 08:01 6112                       /media/ben/STOCK/SOFTWARE/jdk1.8.0_92/jre/lib/amd64/libt2k.so
7fcebc290000-7fcebc490000 ---p 00069000 08:01 6112                       /media/ben/STOCK/SOFTWARE/jdk1.8.0_92/jre/lib/amd64/libt2k.so
7fcebc490000-7fcebc497000 rw-p 00069000 08:01 6112                       /media/ben/STOCK/SOFTWARE/jdk1.8.0_92/jre/lib/amd64/libt2k.so
7fcebc497000-7fcebc4a7000 rw-p 00000000 00:00 0 
7fcebc4a7000-7fcebc4b8000 r-xp 00000000 08:01 6150                       /media/ben/STOCK/SOFTWARE/jdk1.8.0_92/jre/lib/amd64/libnio.so
7fcebc4b8000-7fcebc6b7000 ---p 00011000 08:01 6150                       /media/ben/STOCK/SOFTWARE/jdk1.8.0_92/jre/lib/amd64/libnio.so
7fcebc6b7000-7fcebc6b8000 rw-p 00010000 08:01 6150                       /media/ben/STOCK/SOFTWARE/jdk1.8.0_92/jre/lib/amd64/libnio.so
7fcebc6b8000-7fcebc6ce000 r-xp 00000000 08:01 6147                       /media/ben/STOCK/SOFTWARE/jdk1.8.0_92/jre/lib/amd64/libnet.so
7fcebc6ce000-7fcebc8ce000 ---p 00016000 08:01 6147                       /media/ben/STOCK/SOFTWARE/jdk1.8.0_92/jre/lib/amd64/libnet.so
7fcebc8ce000-7fcebc8cf000 rw-p 00016000 08:01 6147                       /media/ben/STOCK/SOFTWARE/jdk1.8.0_92/jre/lib/amd64/libnet.so
7fcebc8cf000-7fcebcacf000 rw-p 00000000 00:00 0 
7fcebcacf000-7fcebcad2000 ---p 00000000 00:00 0 
7fcebcad2000-7fcebcbd0000 rw-p 00000000 00:00 0 
7fcebcbd0000-7fcebcbd5000 r-xp 00000000 103:03 25043168                  /usr/lib/x86_64-linux-gnu/libXfixes.so.3.1.0
7fcebcbd5000-7fcebcdd4000 ---p 00005000 103:03 25043168                  /usr/lib/x86_64-linux-gnu/libXfixes.so.3.1.0
7fcebcdd4000-7fcebcdd5000 r--p 00004000 103:03 25043168                  /usr/lib/x86_64-linux-gnu/libXfixes.so.3.1.0
7fcebcdd5000-7fcebcdd6000 rw-p 00005000 103:03 25043168                  /usr/lib/x86_64-linux-gnu/libXfixes.so.3.1.0
7fcebcdd6000-7fcebcddf000 r-xp 00000000 103:03 25043160                  /usr/lib/x86_64-linux-gnu/libXcursor.so.1.0.2
7fcebcddf000-7fcebcfde000 ---p 00009000 103:03 25043160                  /usr/lib/x86_64-linux-gnu/libXcursor.so.1.0.2
7fcebcfde000-7fcebcfdf000 r--p 00008000 103:03 25043160                  /usr/lib/x86_64-linux-gnu/libXcursor.so.1.0.2
7fcebcfdf000-7fcebcfe0000 rw-p 00009000 103:03 25043160                  /usr/lib/x86_64-linux-gnu/libXcursor.so.1.0.2
7fcebcfe0000-7fcf10000000 rw-p 00000000 00:00 0 
7fcf10000000-7fcf10021000 rw-p 00000000 00:00 0 
7fcf10021000-7fcf14000000 ---p 00000000 00:00 0 
7fcf140d3000-7fcf140d6000 ---p 00000000 00:00 0 
7fcf140d6000-7fcf141d4000 rw-p 00000000 00:00 0 
7fcf141d4000-7fcf141ea000 r-xp 00000000 103:03 6033521                   /lib/x86_64-linux-gnu/libgcc_s.so.1
7fcf141ea000-7fcf143e9000 ---p 00016000 103:03 6033521                   /lib/x86_64-linux-gnu/libgcc_s.so.1
7fcf143e9000-7fcf143ea000 rw-p 00015000 103:03 6033521                   /lib/x86_64-linux-gnu/libgcc_s.so.1
7fcf143ea000-7fcf1444f000 r-xp 00000000 08:01 6129                       /media/ben/STOCK/SOFTWARE/jdk1.8.0_92/jre/lib/amd64/libfontmanager.so
7fcf1444f000-7fcf1464e000 ---p 00065000 08:01 6129                       /media/ben/STOCK/SOFTWARE/jdk1.8.0_92/jre/lib/amd64/libfontmanager.so
7fcf1464e000-7fcf14653000 rw-p 00064000 08:01 6129                       /media/ben/STOCK/SOFTWARE/jdk1.8.0_92/jre/lib/amd64/libfontmanager.so
7fcf14653000-7fcf14663000 rw-p 00000000 00:00 0 
7fcf14663000-7fcf14668000 r-xp 00000000 103:03 25043164                  /usr/lib/x86_64-linux-gnu/libXdmcp.so.6.0.0
7fcf14668000-7fcf14867000 ---p 00005000 103:03 25043164                  /usr/lib/x86_64-linux-gnu/libXdmcp.so.6.0.0
7fcf14867000-7fcf14868000 r--p 00004000 103:03 25043164                  /usr/lib/x86_64-linux-gnu/libXdmcp.so.6.0.0
7fcf14868000-7fcf14869000 rw-p 00005000 103:03 25043164                  /usr/lib/x86_64-linux-gnu/libXdmcp.so.6.0.0
7fcf14869000-7fcf1486b000 r-xp 00000000 103:03 25043153                  /usr/lib/x86_64-linux-gnu/libXau.so.6.0.0
7fcf1486b000-7fcf14a6b000 ---p 00002000 103:03 25043153                  /usr/lib/x86_64-linux-gnu/libXau.so.6.0.0
7fcf14a6b000-7fcf14a6c000 r--p 00002000 103:03 25043153                  /usr/lib/x86_64-linux-gnu/libXau.so.6.0.0
7fcf14a6c000-7fcf14a6d000 rw-p 00003000 103:03 25043153                  /usr/lib/x86_64-linux-gnu/libXau.so.6.0.0
7fcf14a6d000-7fcf14a8a000 r-xp 00000000 103:03 25044276                  /usr/lib/x86_64-linux-gnu/libxcb.so.1.1.0
7fcf14a8a000-7fcf14c8a000 ---p 0001d000 103:03 25044276                  /usr/lib/x86_64-linux-gnu/libxcb.so.1.1.0
7fcf14c8a000-7fcf14c8b000 r--p 0001d000 103:03 25044276                  /usr/lib/x86_64-linux-gnu/libxcb.so.1.1.0
7fcf14c8b000-7fcf14c8c000 rw-p 0001e000 103:03 25044276                  /usr/lib/x86_64-linux-gnu/libxcb.so.1.1.0
7fcf14c8c000-7fcf14c9b000 r-xp 00000000 103:03 25043174                  /usr/lib/x86_64-linux-gnu/libXi.so.6.1.0
7fcf14c9b000-7fcf14e9a000 ---p 0000f000 103:03 25043174                  /usr/lib/x86_64-linux-gnu/libXi.so.6.1.0
7fcf14e9a000-7fcf14e9b000 r--p 0000e000 103:03 25043174                  /usr/lib/x86_64-linux-gnu/libXi.so.6.1.0
7fcf14e9b000-7fcf14e9c000 rw-p 0000f000 103:03 25043174                  /usr/lib/x86_64-linux-gnu/libXi.so.6.1.0
7fcf14e9c000-7fcf14ea1000 r-xp 00000000 103:03 25043194                  /usr/lib/x86_64-linux-gnu/libXtst.so.6.1.0
7fcf14ea1000-7fcf150a0000 ---p 00005000 103:03 25043194                  /usr/lib/x86_64-linux-gnu/libXtst.so.6.1.0
7fcf150a0000-7fcf150a1000 r--p 00004000 103:03 25043194                  /usr/lib/x86_64-linux-gnu/libXtst.so.6.1.0
7fcf150a1000-7fcf150a2000 rw-p 00005000 103:03 25043194                  /usr/lib/x86_64-linux-gnu/libXtst.so.6.1.0
7fcf150a2000-7fcf150ab000 r-xp 00000000 103:03 25043188                  /usr/lib/x86_64-linux-gnu/libXrender.so.1.3.0
7fcf150ab000-7fcf152aa000 ---p 00009000 103:03 25043188                  /usr/lib/x86_64-linux-gnu/libXrender.so.1.3.0
7fcf152aa000-7fcf152ab000 r--p 00008000 103:03 25043188                  /usr/lib/x86_64-linux-gnu/libXrender.so.1.3.0
7fcf152ab000-7fcf152ac000 rw-p 00009000 103:03 25043188                  /usr/lib/x86_64-linux-gnu/libXrender.so.1.3.0
7fcf152ac000-7fcf153dc000 r-xp 00000000 103:03 25043149                  /usr/lib/x86_64-linux-gnu/libX11.so.6.3.0
7fcf153dc000-7fcf155dc000 ---p 00130000 103:03 25043149                  /usr/lib/x86_64-linux-gnu/libX11.so.6.3.0
7fcf155dc000-7fcf155dd000 r--p 00130000 103:03 25043149                  /usr/lib/x86_64-linux-gnu/libX11.so.6.3.0
7fcf155dd000-7fcf155e1000 rw-p 00131000 103:03 25043149                  /usr/lib/x86_64-linux-gnu/libX11.so.6.3.0
7fcf157db000-7fcf157de000 ---p 00000000 00:00 0 
7fcf157de000-7fcf158dc000 rw-p 00000000 00:00 0 
7fcf158dc000-7fcf158ed000 r-xp 00000000 103:03 25043166                  /usr/lib/x86_64-linux-gnu/libXext.so.6.4.0
7fcf158ed000-7fcf15aec000 ---p 00011000 103:03 25043166                  /usr/lib/x86_64-linux-gnu/libXext.so.6.4.0
7fcf15aec000-7fcf15aed000 r--p 00010000 103:03 25043166                  /usr/lib/x86_64-linux-gnu/libXext.so.6.4.0
7fcf15aed000-7fcf15aee000 rw-p 00011000 103:03 25043166                  /usr/lib/x86_64-linux-gnu/libXext.so.6.4.0
7fcf15aee000-7fcf15b42000 r-xp 00000000 08:01 6154                       /media/ben/STOCK/SOFTWARE/jdk1.8.0_92/jre/lib/amd64/libawt_xawt.so
7fcf15b42000-7fcf15d42000 ---p 00054000 08:01 6154                       /media/ben/STOCK/SOFTWARE/jdk1.8.0_92/jre/lib/amd64/libawt_xawt.so
7fcf15d42000-7fcf15d46000 rw-p 00054000 08:01 6154                       /media/ben/STOCK/SOFTWARE/jdk1.8.0_92/jre/lib/amd64/libawt_xawt.so
7fcf15d46000-7fcf15d47000 rw-p 00000000 00:00 0 
7fcf15d47000-7fcf15de9000 r-xp 00000000 08:01 6140                       /media/ben/STOCK/SOFTWARE/jdk1.8.0_92/jre/lib/amd64/libawt.so
7fcf15de9000-7fcf15fe9000 ---p 000a2000 08:01 6140                       /media/ben/STOCK/SOFTWARE/jdk1.8.0_92/jre/lib/amd64/libawt.so
7fcf15fe9000-7fcf15ff5000 rw-p 000a2000 08:01 6140                       /media/ben/STOCK/SOFTWARE/jdk1.8.0_92/jre/lib/amd64/libawt.so
7fcf15ff5000-7fcf16019000 rw-p 00000000 00:00 0 
7fcf16019000-7fcf1601a000 ---p 00000000 00:00 0 
7fcf1601a000-7fcf1611a000 rw-p 00000000 00:00 0 
7fcf1611a000-7fcf1611d000 ---p 00000000 00:00 0 
7fcf1611d000-7fcf1621b000 rw-p 00000000 00:00 0 
7fcf1621b000-7fcf1621e000 ---p 00000000 00:00 0 
7fcf1621e000-7fcf1631c000 rw-p 00000000 00:00 0 
7fcf1631c000-7fcf1631f000 ---p 00000000 00:00 0 
7fcf1631f000-7fcf1641d000 rw-p 00000000 00:00 0 
7fcf1641d000-7fcf16420000 ---p 00000000 00:00 0 
7fcf16420000-7fcf1651e000 rw-p 00000000 00:00 0 
7fcf1651e000-7fcf16521000 ---p 00000000 00:00 0 
7fcf16521000-7fcf1661f000 rw-p 00000000 00:00 0 
7fcf1661f000-7fcf16622000 ---p 00000000 00:00 0 
7fcf16622000-7fcf16720000 rw-p 00000000 00:00 0 
7fcf16720000-7fcf169ea000 r--p 00000000 103:03 25041777                  /usr/lib/locale/locale-archive
7fcf169ea000-7fcf169ed000 ---p 00000000 00:00 0 
7fcf169ed000-7fcf16aeb000 rw-p 00000000 00:00 0 
7fcf16aeb000-7fcf16aee000 ---p 00000000 00:00 0 
7fcf16aee000-7fcf16bec000 rw-p 00000000 00:00 0 
7fcf16bec000-7fcf16bed000 ---p 00000000 00:00 0 
7fcf16bed000-7fcf18000000 rw-p 00000000 00:00 0 
7fcf18000000-7fcf18021000 rw-p 00000000 00:00 0 
7fcf18021000-7fcf1c000000 ---p 00000000 00:00 0 
7fcf1c000000-7fcf1c021000 rw-p 00000000 00:00 0 
7fcf1c021000-7fcf20000000 ---p 00000000 00:00 0 
7fcf20000000-7fcf20021000 rw-p 00000000 00:00 0 
7fcf20021000-7fcf24000000 ---p 00000000 00:00 0 
7fcf24000000-7fcf24021000 rw-p 00000000 00:00 0 
7fcf24021000-7fcf28000000 ---p 00000000 00:00 0 
7fcf28000000-7fcf28021000 rw-p 00000000 00:00 0 
7fcf28021000-7fcf2c000000 ---p 00000000 00:00 0 
7fcf2c000000-7fcf2c021000 rw-p 00000000 00:00 0 
7fcf2c021000-7fcf30000000 ---p 00000000 00:00 0 
7fcf30000000-7fcf30021000 rw-p 00000000 00:00 0 
7fcf30021000-7fcf34000000 ---p 00000000 00:00 0 
7fcf34058000-7fcf3406b000 r--s 00344000 08:01 5979                       /media/ben/STOCK/SOFTWARE/jdk1.8.0_92/jre/lib/resources.jar
7fcf3406b000-7fcf34070000 r--s 002f9000 08:01 5939                       /media/ben/STOCK/SOFTWARE/jdk1.8.0_92/jre/lib/charsets.jar
7fcf34070000-7fcf34082000 r--s 0017d000 103:03 18235588                  /home/ben/jfreechart/target/jfreechart-1.5.0-SNAPSHOT.jar
7fcf34082000-7fcf34dc9000 rw-p 00000000 00:00 0 
7fcf34dc9000-7fcf35053000 rw-p 00000000 00:00 0 
7fcf35053000-7fcf381df000 ---p 00000000 00:00 0 
7fcf381df000-7fcf38469000 rw-p 00000000 00:00 0 
7fcf38469000-7fcf3b5f4000 ---p 00000000 00:00 0 
7fcf3b5f4000-7fcf3c5c9000 rw-p 00000000 00:00 0 
7fcf3c5c9000-7fcf3cfff000 ---p 00000000 00:00 0 
7fcf3cfff000-7fcf8e380000 rw-p 00000000 00:00 0 
7fcf8e380000-7fd5bfb00000 ---p 00000000 00:00 0 
7fd5bfb00000-7fd7ba380000 rw-p 00000000 00:00 0 
7fd7e2280000-7fd901000000 ---p 00000000 00:00 0 
7fd901000000-7fd9014f0000 rwxp 00000000 00:00 0 
7fd9014f0000-7fd910000000 ---p 00000000 00:00 0 
7fd910000000-7fd91048c000 rw-p 00000000 00:00 0 
7fd91048c000-7fd914000000 ---p 00000000 00:00 0 
7fd914002000-7fd9143ec000 rw-p 00000000 00:00 0 
7fd9143ec000-7fd9145c5000 r--s 03d24000 08:01 5941                       /media/ben/STOCK/SOFTWARE/jdk1.8.0_92/jre/lib/rt.jar
7fd9145c5000-7fd914949000 rw-p 00000000 00:00 0 
7fd914949000-7fd91494a000 ---p 00000000 00:00 0 
7fd91494a000-7fd914a4a000 rw-p 00000000 00:00 0 
7fd914a4a000-7fd914a4b000 ---p 00000000 00:00 0 
7fd914a4b000-7fd914b4b000 rw-p 00000000 00:00 0 
7fd914b4b000-7fd914b4c000 ---p 00000000 00:00 0 
7fd914b4c000-7fd914c4c000 rw-p 00000000 00:00 0 
7fd914c4c000-7fd914c4d000 ---p 00000000 00:00 0 
7fd914c4d000-7fd914d4d000 rw-p 00000000 00:00 0 
7fd914d4d000-7fd914d4e000 ---p 00000000 00:00 0 
7fd914d4e000-7fd914e4e000 rw-p 00000000 00:00 0 
7fd914e4e000-7fd914e4f000 ---p 00000000 00:00 0 
7fd914e4f000-7fd914f4f000 rw-p 00000000 00:00 0 
7fd914f4f000-7fd914f50000 ---p 00000000 00:00 0 
7fd914f50000-7fd915050000 rw-p 00000000 00:00 0 
7fd915050000-7fd915051000 ---p 00000000 00:00 0 
7fd915051000-7fd915165000 rw-p 00000000 00:00 0 
7fd915165000-7fd915511000 ---p 00000000 00:00 0 
7fd915511000-7fd91552b000 r-xp 00000000 08:01 6143                       /media/ben/STOCK/SOFTWARE/jdk1.8.0_92/jre/lib/amd64/libzip.so
7fd91552b000-7fd91572b000 ---p 0001a000 08:01 6143                       /media/ben/STOCK/SOFTWARE/jdk1.8.0_92/jre/lib/amd64/libzip.so
7fd91572b000-7fd91572c000 rw-p 0001a000 08:01 6143                       /media/ben/STOCK/SOFTWARE/jdk1.8.0_92/jre/lib/amd64/libzip.so
7fd91572c000-7fd915736000 r-xp 00000000 103:03 6030439                   /lib/x86_64-linux-gnu/libnss_files-2.19.so
7fd915736000-7fd915935000 ---p 0000a000 103:03 6030439                   /lib/x86_64-linux-gnu/libnss_files-2.19.so
7fd915935000-7fd915936000 r--p 00009000 103:03 6030439                   /lib/x86_64-linux-gnu/libnss_files-2.19.so
7fd915936000-7fd915937000 rw-p 0000a000 103:03 6030439                   /lib/x86_64-linux-gnu/libnss_files-2.19.so
7fd915937000-7fd915942000 r-xp 00000000 103:03 6030424                   /lib/x86_64-linux-gnu/libnss_nis-2.19.so
7fd915942000-7fd915b41000 ---p 0000b000 103:03 6030424                   /lib/x86_64-linux-gnu/libnss_nis-2.19.so
7fd915b41000-7fd915b42000 r--p 0000a000 103:03 6030424                   /lib/x86_64-linux-gnu/libnss_nis-2.19.so
7fd915b42000-7fd915b43000 rw-p 0000b000 103:03 6030424                   /lib/x86_64-linux-gnu/libnss_nis-2.19.so
7fd915b43000-7fd915b5a000 r-xp 00000000 103:03 6030416                   /lib/x86_64-linux-gnu/libnsl-2.19.so
7fd915b5a000-7fd915d59000 ---p 00017000 103:03 6030416                   /lib/x86_64-linux-gnu/libnsl-2.19.so
7fd915d59000-7fd915d5a000 r--p 00016000 103:03 6030416                   /lib/x86_64-linux-gnu/libnsl-2.19.so
7fd915d5a000-7fd915d5b000 rw-p 00017000 103:03 6030416                   /lib/x86_64-linux-gnu/libnsl-2.19.so
7fd915d5b000-7fd915d5d000 rw-p 00000000 00:00 0 
7fd915d5d000-7fd915d66000 r-xp 00000000 103:03 6030414                   /lib/x86_64-linux-gnu/libnss_compat-2.19.so
7fd915d66000-7fd915f65000 ---p 00009000 103:03 6030414                   /lib/x86_64-linux-gnu/libnss_compat-2.19.so
7fd915f65000-7fd915f66000 r--p 00008000 103:03 6030414                   /lib/x86_64-linux-gnu/libnss_compat-2.19.so
7fd915f66000-7fd915f67000 rw-p 00009000 103:03 6030414                   /lib/x86_64-linux-gnu/libnss_compat-2.19.so
7fd915f67000-7fd915f91000 r-xp 00000000 08:01 6138                       /media/ben/STOCK/SOFTWARE/jdk1.8.0_92/jre/lib/amd64/libjava.so
7fd915f91000-7fd916191000 ---p 0002a000 08:01 6138                       /media/ben/STOCK/SOFTWARE/jdk1.8.0_92/jre/lib/amd64/libjava.so
7fd916191000-7fd916193000 rw-p 0002a000 08:01 6138                       /media/ben/STOCK/SOFTWARE/jdk1.8.0_92/jre/lib/amd64/libjava.so
7fd916193000-7fd9161a0000 r-xp 00000000 08:01 6142                       /media/ben/STOCK/SOFTWARE/jdk1.8.0_92/jre/lib/amd64/libverify.so
7fd9161a0000-7fd9163a0000 ---p 0000d000 08:01 6142                       /media/ben/STOCK/SOFTWARE/jdk1.8.0_92/jre/lib/amd64/libverify.so
7fd9163a0000-7fd9163a2000 rw-p 0000d000 08:01 6142                       /media/ben/STOCK/SOFTWARE/jdk1.8.0_92/jre/lib/amd64/libverify.so
7fd9163a2000-7fd9163a9000 r-xp 00000000 103:03 6030432                   /lib/x86_64-linux-gnu/librt-2.19.so
7fd9163a9000-7fd9165a8000 ---p 00007000 103:03 6030432                   /lib/x86_64-linux-gnu/librt-2.19.so
7fd9165a8000-7fd9165a9000 r--p 00006000 103:03 6030432                   /lib/x86_64-linux-gnu/librt-2.19.so
7fd9165a9000-7fd9165aa000 rw-p 00007000 103:03 6030432                   /lib/x86_64-linux-gnu/librt-2.19.so
7fd9165aa000-7fd9166af000 r-xp 00000000 103:03 6029643                   /lib/x86_64-linux-gnu/libm-2.19.so
7fd9166af000-7fd9168ae000 ---p 00105000 103:03 6029643                   /lib/x86_64-linux-gnu/libm-2.19.so
7fd9168ae000-7fd9168af000 r--p 00104000 103:03 6029643                   /lib/x86_64-linux-gnu/libm-2.19.so
7fd9168af000-7fd9168b0000 rw-p 00105000 103:03 6029643                   /lib/x86_64-linux-gnu/libm-2.19.so
7fd9168b0000-7fd917573000 r-xp 00000000 08:01 6121                       /media/ben/STOCK/SOFTWARE/jdk1.8.0_92/jre/lib/amd64/server/libjvm.so
7fd917573000-7fd917772000 ---p 00cc3000 08:01 6121                       /media/ben/STOCK/SOFTWARE/jdk1.8.0_92/jre/lib/amd64/server/libjvm.so
7fd917772000-7fd91784b000 rw-p 00cc2000 08:01 6121                       /media/ben/STOCK/SOFTWARE/jdk1.8.0_92/jre/lib/amd64/server/libjvm.so
7fd91784b000-7fd917896000 rw-p 00000000 00:00 0 
7fd917896000-7fd917a50000 r-xp 00000000 103:03 6030434                   /lib/x86_64-linux-gnu/libc-2.19.so
7fd917a50000-7fd917c50000 ---p 001ba000 103:03 6030434                   /lib/x86_64-linux-gnu/libc-2.19.so
7fd917c50000-7fd917c54000 r--p 001ba000 103:03 6030434                   /lib/x86_64-linux-gnu/libc-2.19.so
7fd917c54000-7fd917c56000 rw-p 001be000 103:03 6030434                   /lib/x86_64-linux-gnu/libc-2.19.so
7fd917c56000-7fd917c5b000 rw-p 00000000 00:00 0 
7fd917c5b000-7fd917c5e000 r-xp 00000000 103:03 6029647                   /lib/x86_64-linux-gnu/libdl-2.19.so
7fd917c5e000-7fd917e5d000 ---p 00003000 103:03 6029647                   /lib/x86_64-linux-gnu/libdl-2.19.so
7fd917e5d000-7fd917e5e000 r--p 00002000 103:03 6029647                   /lib/x86_64-linux-gnu/libdl-2.19.so
7fd917e5e000-7fd917e5f000 rw-p 00003000 103:03 6029647                   /lib/x86_64-linux-gnu/libdl-2.19.so
7fd917e5f000-7fd917e74000 r-xp 00000000 08:01 5756                       /media/ben/STOCK/SOFTWARE/jdk1.8.0_92/lib/amd64/jli/libjli.so
7fd917e74000-7fd918074000 ---p 00015000 08:01 5756                       /media/ben/STOCK/SOFTWARE/jdk1.8.0_92/lib/amd64/jli/libjli.so
7fd918074000-7fd918075000 rw-p 00015000 08:01 5756                       /media/ben/STOCK/SOFTWARE/jdk1.8.0_92/lib/amd64/jli/libjli.so
7fd918075000-7fd91808e000 r-xp 00000000 103:03 6030418                   /lib/x86_64-linux-gnu/libpthread-2.19.so
7fd91808e000-7fd91828d000 ---p 00019000 103:03 6030418                   /lib/x86_64-linux-gnu/libpthread-2.19.so
7fd91828d000-7fd91828e000 r--p 00018000 103:03 6030418                   /lib/x86_64-linux-gnu/libpthread-2.19.so
7fd91828e000-7fd91828f000 rw-p 00019000 103:03 6030418                   /lib/x86_64-linux-gnu/libpthread-2.19.so
7fd91828f000-7fd918293000 rw-p 00000000 00:00 0 
7fd918293000-7fd9182b6000 r-xp 00000000 103:03 6030420                   /lib/x86_64-linux-gnu/ld-2.19.so
7fd9182b6000-7fd9182b7000 rw-p 00000000 00:00 0 
7fd9182b7000-7fd9182b8000 r--p 00000000 103:03 26884509                  /usr/share/locale-langpack/en_GB/LC_MESSAGES/libc.mo
7fd9182b8000-7fd9182b9000 r--s 00003000 08:01 65789                      /media/ben/STOCK/SOURCES/java_libraries/json_simple-1.1-all/lib/json_simple-1.1.jar
7fd9182b9000-7fd9182bb000 r--s 00001000 08:01 20739                      /media/ben/STOCK/SOURCES/java_libraries/OpenCSV/OpenCSV/opencsv-1.8.jar
7fd9182bb000-7fd91838d000 rw-p 00000000 00:00 0 
7fd91838d000-7fd918390000 ---p 00000000 00:00 0 
7fd918390000-7fd918492000 rw-p 00000000 00:00 0 
7fd918492000-7fd918493000 r--s 00002000 08:01 23833                      /media/ben/STOCK/SOURCES/java_libraries/GradientPainter/grad.jar
7fd918493000-7fd918496000 r--s 00011000 103:03 18222476                  /home/ben/jfreechart/lib/servlet.jar
7fd918496000-7fd918498000 r--s 0000f000 103:03 18222475                  /home/ben/jfreechart/lib/orsonpdf-1.7.jar
7fd918498000-7fd91849e000 r--s 00036000 103:03 18222474                  /home/ben/jfreechart/lib/junit-4.11.jar
7fd91849e000-7fd9184a0000 r--s 00008000 103:03 18222473                  /home/ben/jfreechart/lib/jfreesvg-3.0.jar
7fd9184a0000-7fd9184a6000 r--s 0004b000 103:03 18222472                  /home/ben/jfreechart/lib/jcommon-1.0.23.jar
7fd9184a6000-7fd9184a8000 r--s 00009000 103:03 18222471                  /home/ben/jfreechart/lib/hamcrest-core-1.3.jar
7fd9184a8000-7fd9184a9000 r--s 00004000 103:03 18222470                  /home/ben/jfreechart/lib/fxgraphics2d-1.3.jar
7fd9184a9000-7fd9184b1000 rw-s 00000000 103:03 26621079                  /tmp/hsperfdata_ben/9209
7fd9184b1000-7fd9184b2000 rw-p 00000000 00:00 0 
7fd9184b2000-7fd9184b3000 ---p 00000000 00:00 0 
7fd9184b3000-7fd9184b5000 rw-p 00000000 00:00 0 
7fd9184b5000-7fd9184b6000 r--p 00022000 103:03 6030420                   /lib/x86_64-linux-gnu/ld-2.19.so
7fd9184b6000-7fd9184b7000 rw-p 00023000 103:03 6030420                   /lib/x86_64-linux-gnu/ld-2.19.so
7fd9184b7000-7fd9184b8000 rw-p 00000000 00:00 0 
7fffe2518000-7fffe2539000 rw-p 00000000 00:00 0                          [stack]
7fffe255f000-7fffe2561000 r--p 00000000 00:00 0                          [vvar]
7fffe2561000-7fffe2563000 r-xp 00000000 00:00 0                          [vdso]
ffffffffff600000-ffffffffff601000 r-xp 00000000 00:00 0                  [vsyscall]

VM Arguments:
jvm_args: -Dfile.encoding=UTF-8 -Xms64m -Xmx40000m 
java_command: core.SimplifiedHash
java_class_path (initial): /home/ben/jfreechart/lib/fxgraphics2d-1.3.jar:/home/ben/jfreechart/lib/hamcrest-core-1.3.jar:/home/ben/jfreechart/lib/jcommon-1.0.23.jar:/home/ben/jfreechart/lib/jfreesvg-3.0.jar:/home/ben/jfreechart/lib/junit-4.11.jar:/home/ben/jfreechart/lib/orsonpdf-1.7.jar:/home/ben/jfreechart/lib/servlet.jar:/home/ben/jfreechart/target/jfreechart-1.5.0-SNAPSHOT.jar:/media/ben/STOCK/SOURCES/java_libraries/GradientPainter/grad.jar:/media/ben/STOCK/SOURCES/java_libraries/OpenCSV/OpenCSV/opencsv-1.8.jar:/media/ben/STOCK/SOURCES/java_libraries/json_simple-1.1-all/lib/json_simple-1.1.jar:/media/ben/STOCK/SOURCES/java_libraries/ProgRunner/build/classes:/media/ben/STOCK/SOURCES/NetBeansProjects/ViromePlacer/build/classes
Launcher Type: SUN_STANDARD

Environment Variables:
PATH=/usr/local/sbin:/usr/local/bin:/usr/sbin:/usr/bin:/sbin:/bin:/usr/games:/usr/local/games
LD_LIBRARY_PATH=/media/ben/STOCK/SOFTWARE/jdk1.8.0_92/jre/lib/amd64:/media/ben/STOCK/SOFTWARE/jdk1.8.0_92/jre/lib/i386:
SHELL=/bin/bash
DISPLAY=:0

Signal Handlers:
SIGSEGV: [libjvm.so+0xabdee0], sa_mask[0]=11111111011111111101111111111110, sa_flags=SA_RESTART|SA_SIGINFO
SIGBUS: [libjvm.so+0xabdee0], sa_mask[0]=11111111011111111101111111111110, sa_flags=SA_RESTART|SA_SIGINFO
SIGFPE: [libjvm.so+0x91a580], sa_mask[0]=11111111011111111101111111111110, sa_flags=SA_RESTART|SA_SIGINFO
SIGPIPE: [libjvm.so+0x91a580], sa_mask[0]=11111111011111111101111111111110, sa_flags=SA_RESTART|SA_SIGINFO
SIGXFSZ: [libjvm.so+0x91a580], sa_mask[0]=11111111011111111101111111111110, sa_flags=SA_RESTART|SA_SIGINFO
SIGILL: [libjvm.so+0x91a580], sa_mask[0]=11111111011111111101111111111110, sa_flags=SA_RESTART|SA_SIGINFO
SIGUSR1: SIG_DFL, sa_mask[0]=00000000000000000000000000000000, sa_flags=none
SIGUSR2: [libjvm.so+0x91bbb0], sa_mask[0]=00100000000000000000000000000000, sa_flags=SA_RESTART|SA_SIGINFO
SIGHUP: [libjvm.so+0x91cfb0], sa_mask[0]=11111111011111111101111111111110, sa_flags=SA_RESTART|SA_SIGINFO
SIGINT: SIG_IGN, sa_mask[0]=00000000000000000000000000000000, sa_flags=none
SIGTERM: [libjvm.so+0x91cfb0], sa_mask[0]=11111111011111111101111111111110, sa_flags=SA_RESTART|SA_SIGINFO
SIGQUIT: [libjvm.so+0x91cfb0], sa_mask[0]=11111111011111111101111111111110, sa_flags=SA_RESTART|SA_SIGINFO


---------------  S Y S T E M  ---------------

OS:DISTRIB_ID=Ubuntu
DISTRIB_RELEASE=14.04
DISTRIB_CODENAME=trusty
DISTRIB_DESCRIPTION="Ubuntu 14.04.5 LTS"

uname:Linux 3.19.0-69-generic #77~14.04.1-Ubuntu SMP Tue Aug 30 01:29:21 UTC 2016 x86_64
libc:glibc 2.19 NPTL 2.19 
rlimit: STACK 8192k, CORE 0k, NPROC 256371, NOFILE 4096, AS infinity
load average:14,13 7,30 5,24

/proc/meminfo:
MemTotal:       65900052 kB
MemFree:          372352 kB
MemAvailable:     491344 kB
Buffers:           21272 kB
Cached:           421180 kB
SwapCached:            0 kB
Active:         64476880 kB
Inactive:         387848 kB
Active(anon):   64426084 kB
Inactive(anon):   242184 kB
Active(file):      50796 kB
Inactive(file):   145664 kB
Unevictable:         508 kB
Mlocked:             508 kB
SwapTotal:             0 kB
SwapFree:              0 kB
Dirty:               280 kB
Writeback:             0 kB
AnonPages:      64422976 kB
Mapped:           435400 kB
Shmem:            245848 kB
Slab:             237244 kB
SReclaimable:     175948 kB
SUnreclaim:        61296 kB
KernelStack:       15584 kB
PageTables:       184896 kB
NFS_Unstable:          0 kB
Bounce:                0 kB
WritebackTmp:          0 kB
CommitLimit:    32950024 kB
Committed_AS:   75945332 kB
VmallocTotal:   34359738367 kB
VmallocUsed:      419852 kB
VmallocChunk:   34359299580 kB
HardwareCorrupted:     0 kB
AnonHugePages:  33013760 kB
CmaTotal:              0 kB
CmaFree:               0 kB
HugePages_Total:       0
HugePages_Free:        0
HugePages_Rsvd:        0
HugePages_Surp:        0
Hugepagesize:       2048 kB
DirectMap4k:     6411944 kB
DirectMap2M:    59570176 kB
DirectMap1G:     2097152 kB


CPU:total 8 (4 cores per cpu, 2 threads per core) family 6 model 94 stepping 3, cmov, cx8, fxsr, mmx, sse, sse2, sse3, ssse3, sse4.1, sse4.2, popcnt, avx, avx2, aes, clmul, erms, rtm, 3dnowpref, lzcnt, ht, tsc, tscinvbit, bmi1, bmi2, adx

/proc/cpuinfo:
processor	: 0
vendor_id	: GenuineIntel
cpu family	: 6
model		: 94
model name	: Intel(R) Core(TM) i7-6700 CPU @ 3.40GHz
stepping	: 3
microcode	: 0x74
cpu MHz		: 3401.000
cache size	: 8192 KB
physical id	: 0
siblings	: 8
core id		: 0
cpu cores	: 4
apicid		: 0
initial apicid	: 0
fpu		: yes
fpu_exception	: yes
cpuid level	: 22
wp		: yes
flags		: fpu vme de pse tsc msr pae mce cx8 apic sep mtrr pge mca cmov pat pse36 clflush dts acpi mmx fxsr sse sse2 ss ht tm pbe syscall nx pdpe1gb rdtscp lm constant_tsc arch_perfmon pebs bts rep_good nopl xtopology nonstop_tsc aperfmperf eagerfpu pni pclmulqdq dtes64 monitor ds_cpl vmx smx est tm2 ssse3 fma cx16 xtpr pdcm pcid sse4_1 sse4_2 x2apic movbe popcnt tsc_deadline_timer aes xsave avx f16c rdrand lahf_lm abm 3dnowprefetch ida arat epb pln pts dtherm hwp hwp_noitfy hwp_act_window hwp_epp tpr_shadow vnmi flexpriority ept vpid fsgsbase tsc_adjust bmi1 hle avx2 smep bmi2 erms invpcid rtm mpx rdseed adx smap clflushopt xsaveopt xsavec xgetbv1
bugs		:
bogomips	: 6812.99
clflush size	: 64
cache_alignment	: 64
address sizes	: 39 bits physical, 48 bits virtual
power management:

processor	: 1
vendor_id	: GenuineIntel
cpu family	: 6
model		: 94
model name	: Intel(R) Core(TM) i7-6700 CPU @ 3.40GHz
stepping	: 3
microcode	: 0x74
cpu MHz		: 3000.000
cache size	: 8192 KB
physical id	: 0
siblings	: 8
core id		: 1
cpu cores	: 4
apicid		: 2
initial apicid	: 2
fpu		: yes
fpu_exception	: yes
cpuid level	: 22
wp		: yes
flags		: fpu vme de pse tsc msr pae mce cx8 apic sep mtrr pge mca cmov pat pse36 clflush dts acpi mmx fxsr sse sse2 ss ht tm pbe syscall nx pdpe1gb rdtscp lm constant_tsc arch_perfmon pebs bts rep_good nopl xtopology nonstop_tsc aperfmperf eagerfpu pni pclmulqdq dtes64 monitor ds_cpl vmx smx est tm2 ssse3 fma cx16 xtpr pdcm pcid sse4_1 sse4_2 x2apic movbe popcnt tsc_deadline_timer aes xsave avx f16c rdrand lahf_lm abm 3dnowprefetch ida arat epb pln pts dtherm hwp hwp_noitfy hwp_act_window hwp_epp tpr_shadow vnmi flexpriority ept vpid fsgsbase tsc_adjust bmi1 hle avx2 smep bmi2 erms invpcid rtm mpx rdseed adx smap clflushopt xsaveopt xsavec xgetbv1
bugs		:
bogomips	: 6812.99
clflush size	: 64
cache_alignment	: 64
address sizes	: 39 bits physical, 48 bits virtual
power management:

processor	: 2
vendor_id	: GenuineIntel
cpu family	: 6
model		: 94
model name	: Intel(R) Core(TM) i7-6700 CPU @ 3.40GHz
stepping	: 3
microcode	: 0x74
cpu MHz		: 3000.000
cache size	: 8192 KB
physical id	: 0
siblings	: 8
core id		: 2
cpu cores	: 4
apicid		: 4
initial apicid	: 4
fpu		: yes
fpu_exception	: yes
cpuid level	: 22
wp		: yes
flags		: fpu vme de pse tsc msr pae mce cx8 apic sep mtrr pge mca cmov pat pse36 clflush dts acpi mmx fxsr sse sse2 ss ht tm pbe syscall nx pdpe1gb rdtscp lm constant_tsc arch_perfmon pebs bts rep_good nopl xtopology nonstop_tsc aperfmperf eagerfpu pni pclmulqdq dtes64 monitor ds_cpl vmx smx est tm2 ssse3 fma cx16 xtpr pdcm pcid sse4_1 sse4_2 x2apic movbe popcnt tsc_deadline_timer aes xsave avx f16c rdrand lahf_lm abm 3dnowprefetch ida arat epb pln pts dtherm hwp hwp_noitfy hwp_act_window hwp_epp tpr_shadow vnmi flexpriority ept vpid fsgsbase tsc_adjust bmi1 hle avx2 smep bmi2 erms invpcid rtm mpx rdseed adx smap clflushopt xsaveopt xsavec xgetbv1
bugs		:
bogomips	: 6812.99
clflush size	: 64
cache_alignment	: 64
address sizes	: 39 bits physical, 48 bits virtual
power management:

processor	: 3
vendor_id	: GenuineIntel
cpu family	: 6
model		: 94
model name	: Intel(R) Core(TM) i7-6700 CPU @ 3.40GHz
stepping	: 3
microcode	: 0x74
cpu MHz		: 800.000
cache size	: 8192 KB
physical id	: 0
siblings	: 8
core id		: 3
cpu cores	: 4
apicid		: 6
initial apicid	: 6
fpu		: yes
fpu_exception	: yes
cpuid level	: 22
wp		: yes
flags		: fpu vme de pse tsc msr pae mce cx8 apic sep mtrr pge mca cmov pat pse36 clflush dts acpi mmx fxsr sse sse2 ss ht tm pbe syscall nx pdpe1gb rdtscp lm constant_tsc arch_perfmon pebs bts rep_good nopl xtopology nonstop_tsc aperfmperf eagerfpu pni pclmulqdq dtes64 monitor ds_cpl vmx smx est tm2 ssse3 fma cx16 xtpr pdcm pcid sse4_1 sse4_2 x2apic movbe popcnt tsc_deadline_timer aes xsave avx f16c rdrand lahf_lm abm 3dnowprefetch ida arat epb pln pts dtherm hwp hwp_noitfy hwp_act_window hwp_epp tpr_shadow vnmi flexpriority ept vpid fsgsbase tsc_adjust bmi1 hle avx2 smep bmi2 erms invpcid rtm mpx rdseed adx smap clflushopt xsaveopt xsavec xgetbv1
bugs		:
bogomips	: 6812.99
clflush size	: 64
cache_alignment	: 64
address sizes	: 39 bits physical, 48 bits virtual
power management:

processor	: 4
vendor_id	: GenuineIntel
cpu family	: 6
model		: 94
model name	: Intel(R) Core(TM) i7-6700 CPU @ 3.40GHz
stepping	: 3
microcode	: 0x74
cpu MHz		: 1200.000
cache size	: 8192 KB
physical id	: 0
siblings	: 8
core id		: 0
cpu cores	: 4
apicid		: 1
initial apicid	: 1
fpu		: yes
fpu_exception	: yes
cpuid level	: 22
wp		: yes
flags		: fpu vme de pse tsc msr pae mce cx8 apic sep mtrr pge mca cmov pat pse36 clflush dts acpi mmx fxsr sse sse2 ss ht tm pbe syscall nx pdpe1gb rdtscp lm constant_tsc arch_perfmon pebs bts rep_good nopl xtopology nonstop_tsc aperfmperf eagerfpu pni pclmulqdq dtes64 monitor ds_cpl vmx smx est tm2 ssse3 fma cx16 xtpr pdcm pcid sse4_1 sse4_2 x2apic movbe popcnt tsc_deadline_timer aes xsave avx f16c rdrand lahf_lm abm 3dnowprefetch ida arat epb pln pts dtherm hwp hwp_noitfy hwp_act_window hwp_epp tpr_shadow vnmi flexpriority ept vpid fsgsbase tsc_adjust bmi1 hle avx2 smep bmi2 erms invpcid rtm mpx rdseed adx smap clflushopt xsaveopt xsavec xgetbv1
bugs		:
bogomips	: 6812.99
clflush size	: 64
cache_alignment	: 64
address sizes	: 39 bits physical, 48 bits virtual
power management:

processor	: 5
vendor_id	: GenuineIntel
cpu family	: 6
model		: 94
model name	: Intel(R) Core(TM) i7-6700 CPU @ 3.40GHz
stepping	: 3
microcode	: 0x74
cpu MHz		: 3401.000
cache size	: 8192 KB
physical id	: 0
siblings	: 8
core id		: 1
cpu cores	: 4
apicid		: 3
initial apicid	: 3
fpu		: yes
fpu_exception	: yes
cpuid level	: 22
wp		: yes
flags		: fpu vme de pse tsc msr pae mce cx8 apic sep mtrr pge mca cmov pat pse36 clflush dts acpi mmx fxsr sse sse2 ss ht tm pbe syscall nx pdpe1gb rdtscp lm constant_tsc arch_perfmon pebs bts rep_good nopl xtopology nonstop_tsc aperfmperf eagerfpu pni pclmulqdq dtes64 monitor ds_cpl vmx smx est tm2 ssse3 fma cx16 xtpr pdcm pcid sse4_1 sse4_2 x2apic movbe popcnt tsc_deadline_timer aes xsave avx f16c rdrand lahf_lm abm 3dnowprefetch ida arat epb pln pts dtherm hwp hwp_noitfy hwp_act_window hwp_epp tpr_shadow vnmi flexpriority ept vpid fsgsbase tsc_adjust bmi1 hle avx2 smep bmi2 erms invpcid rtm mpx rdseed adx smap clflushopt xsaveopt xsavec xgetbv1
bugs		:
bogomips	: 6812.99
clflush size	: 64
cache_alignment	: 64
address sizes	: 39 bits physical, 48 bits virtual
power management:

processor	: 6
vendor_id	: GenuineIntel
cpu family	: 6
model		: 94
model name	: Intel(R) Core(TM) i7-6700 CPU @ 3.40GHz
stepping	: 3
microcode	: 0x74
cpu MHz		: 1700.000
cache size	: 8192 KB
physical id	: 0
siblings	: 8
core id		: 2
cpu cores	: 4
apicid		: 5
initial apicid	: 5
fpu		: yes
fpu_exception	: yes
cpuid level	: 22
wp		: yes
flags		: fpu vme de pse tsc msr pae mce cx8 apic sep mtrr pge mca cmov pat pse36 clflush dts acpi mmx fxsr sse sse2 ss ht tm pbe syscall nx pdpe1gb rdtscp lm constant_tsc arch_perfmon pebs bts rep_good nopl xtopology nonstop_tsc aperfmperf eagerfpu pni pclmulqdq dtes64 monitor ds_cpl vmx smx est tm2 ssse3 fma cx16 xtpr pdcm pcid sse4_1 sse4_2 x2apic movbe popcnt tsc_deadline_timer aes xsave avx f16c rdrand lahf_lm abm 3dnowprefetch ida arat epb pln pts dtherm hwp hwp_noitfy hwp_act_window hwp_epp tpr_shadow vnmi flexpriority ept vpid fsgsbase tsc_adjust bmi1 hle avx2 smep bmi2 erms invpcid rtm mpx rdseed adx smap clflushopt xsaveopt xsavec xgetbv1
bugs		:
bogomips	: 6812.99
clflush size	: 64
cache_alignment	: 64
address sizes	: 39 bits physical, 48 bits virtual
power management:

processor	: 7
vendor_id	: GenuineIntel
cpu family	: 6
model		: 94
model name	: Intel(R) Core(TM) i7-6700 CPU @ 3.40GHz
stepping	: 3
microcode	: 0x74
cpu MHz		: 3401.000
cache size	: 8192 KB
physical id	: 0
siblings	: 8
core id		: 3
cpu cores	: 4
apicid		: 7
initial apicid	: 7
fpu		: yes
fpu_exception	: yes
cpuid level	: 22
wp		: yes
flags		: fpu vme de pse tsc msr pae mce cx8 apic sep mtrr pge mca cmov pat pse36 clflush dts acpi mmx fxsr sse sse2 ss ht tm pbe syscall nx pdpe1gb rdtscp lm constant_tsc arch_perfmon pebs bts rep_good nopl xtopology nonstop_tsc aperfmperf eagerfpu pni pclmulqdq dtes64 monitor ds_cpl vmx smx est tm2 ssse3 fma cx16 xtpr pdcm pcid sse4_1 sse4_2 x2apic movbe popcnt tsc_deadline_timer aes xsave avx f16c rdrand lahf_lm abm 3dnowprefetch ida arat epb pln pts dtherm hwp hwp_noitfy hwp_act_window hwp_epp tpr_shadow vnmi flexpriority ept vpid fsgsbase tsc_adjust bmi1 hle avx2 smep bmi2 erms invpcid rtm mpx rdseed adx smap clflushopt xsaveopt xsavec xgetbv1
bugs		:
bogomips	: 6812.99
clflush size	: 64
cache_alignment	: 64
address sizes	: 39 bits physical, 48 bits virtual
power management:



Memory: 4k page, physical 65900052k(372352k free), swap 0k(0k free)

vm_info: Java HotSpot(TM) 64-Bit Server VM (25.92-b14) for linux-amd64 JRE (1.8.0_92-b14), built on Mar 31 2016 21:08:29 by "java_re" with gcc 4.3.0 20080428 (Red Hat 4.3.0-8)

time: Mon Jan 30 17:02:39 2017
elapsed time: 1528 seconds (0d 0h 25m 28s)

