#
# There is insufficient memory for the Java Runtime Environment to continue.
# Native memory allocation (mmap) failed to map 12427198464 bytes for committing reserved memory.
# Possible reasons:
#   The system is out of physical RAM or swap space
#   In 32 bit mode, the process size limit was hit
# Possible solutions:
#   Reduce memory load on the system
#   Increase physical memory or swap space
#   Check if swap backing store is full
#   Use 64 bit Java on a 64 bit OS
#   Decrease Java heap size (-Xmx/-Xms)
#   Decrease number of Java threads
#   Decrease Java thread stack sizes (-Xss)
#   Set larger code cache with -XX:ReservedCodeCacheSize=
# This output file may be truncated or incomplete.
#
#  Out of Memory Error (os_linux.cpp:2627), pid=7945, tid=0x00007f73a888b700
#
# JRE version: Java(TM) SE Runtime Environment (8.0_92-b14) (build 1.8.0_92-b14)
# Java VM: Java HotSpot(TM) 64-Bit Server VM (25.92-b14 mixed mode linux-amd64 )
# Failed to write core dump. Core dumps have been disabled. To enable core dumping, try "ulimit -c unlimited" before starting Java again
#

---------------  T H R E A D  ---------------

Current thread (0x00007f826c080000):  VMThread [stack: 0x00007f73a878b000,0x00007f73a888c000] [id=7958]

Stack: [0x00007f73a878b000,0x00007f73a888c000],  sp=0x00007f73a888a2e0,  free space=1020k
Native frames: (J=compiled Java code, j=interpreted, Vv=VM code, C=native code)
V  [libjvm.so+0xabd65a]  VMError::report_and_die()+0x2ba
V  [libjvm.so+0x4fb4db]  report_vm_out_of_memory(char const*, int, unsigned long, VMErrorType, char const*)+0x8b
V  [libjvm.so+0x91d713]  os::Linux::commit_memory_impl(char*, unsigned long, bool)+0x103
V  [libjvm.so+0x91dc69]  os::pd_commit_memory(char*, unsigned long, unsigned long, bool)+0x29
V  [libjvm.so+0x917f6a]  os::commit_memory(char*, unsigned long, unsigned long, bool)+0x2a
V  [libjvm.so+0x98c343]  PSVirtualSpace::expand_by(unsigned long)+0x53
V  [libjvm.so+0x97cc00]  PSOldGen::expand(unsigned long)+0x170
V  [libjvm.so+0x97ce0b]  PSOldGen::resize(unsigned long)+0x1cb
V  [libjvm.so+0x984b11]  PSParallelCompact::invoke_no_policy(bool)+0x991
V  [libjvm.so+0x98a46d]  PSScavenge::invoke()+0x1ad
V  [libjvm.so+0x941410]  ParallelScavengeHeap::failed_mem_allocate(unsigned long)+0x70
V  [libjvm.so+0xabf077]  VM_ParallelGCFailedAllocation::doit()+0x97
V  [libjvm.so+0xac6aa5]  VM_Operation::evaluate()+0x55
V  [libjvm.so+0xac4e7a]  VMThread::evaluate_operation(VM_Operation*)+0xba
V  [libjvm.so+0xac51fe]  VMThread::loop()+0x1ce
V  [libjvm.so+0xac5670]  VMThread::run()+0x70
V  [libjvm.so+0x91fad8]  java_start(Thread*)+0x108

VM_Operation (0x00007f82742660b0): ParallelGCFailedAllocation, mode: safepoint, requested by thread 0x00007f826c00a000


---------------  P R O C E S S  ---------------

Java Threads: ( => current thread )
  0x00007f826c374800 JavaThread "AWT-XAWT" daemon [_thread_blocked, id=7969, stack(0x00007f730916f000,0x00007f7309270000)]
  0x00007f826c355800 JavaThread "Java2D Disposer" daemon [_thread_blocked, id=7968, stack(0x00007f7309680000,0x00007f7309781000)]
  0x00007f826c0d4000 JavaThread "Service Thread" daemon [_thread_blocked, id=7966, stack(0x00007f730b3cc000,0x00007f730b4cd000)]
  0x00007f826c0c8800 JavaThread "C1 CompilerThread3" daemon [_thread_blocked, id=7965, stack(0x00007f730b4cd000,0x00007f730b5ce000)]
  0x00007f826c0c6800 JavaThread "C2 CompilerThread2" daemon [_thread_blocked, id=7964, stack(0x00007f730b5ce000,0x00007f730b6cf000)]
  0x00007f826c0c4800 JavaThread "C2 CompilerThread1" daemon [_thread_blocked, id=7963, stack(0x00007f730b6cf000,0x00007f730b7d0000)]
  0x00007f826c0c2000 JavaThread "C2 CompilerThread0" daemon [_thread_blocked, id=7962, stack(0x00007f73a80bd000,0x00007f73a81be000)]
  0x00007f826c0c0800 JavaThread "Signal Dispatcher" daemon [_thread_blocked, id=7961, stack(0x00007f73a81be000,0x00007f73a82bf000)]
  0x00007f826c08c000 JavaThread "Finalizer" daemon [_thread_blocked, id=7960, stack(0x00007f73a8589000,0x00007f73a868a000)]
  0x00007f826c087800 JavaThread "Reference Handler" daemon [_thread_blocked, id=7959, stack(0x00007f73a868a000,0x00007f73a878b000)]
  0x00007f826c00a000 JavaThread "main" [_thread_blocked, id=7949, stack(0x00007f8274168000,0x00007f8274269000)]

Other Threads:
=>0x00007f826c080000 VMThread [stack: 0x00007f73a878b000,0x00007f73a888c000] [id=7958]
  0x00007f826c0d6800 WatcherThread [stack: 0x00007f730b2cb000,0x00007f730b3cc000] [id=7967]

VM state:at safepoint (normal execution)

VM Mutex/Monitor currently owned by a thread:  ([mutex/lock_event])
[0x00007f826c005e90] ExpandHeap_lock - owner thread: 0x00007f826c080000
[0x00007f826c006510] Threads_lock - owner thread: 0x00007f826c080000
[0x00007f826c006a10] Heap_lock - owner thread: 0x00007f826c00a000

Heap:
 PSYoungGen      total 7893504K, used 0K [0x00007f7d7b000000, 0x00007f825d000000, 0x00007f825d000000)
  eden space 6827008K, 0% used [0x00007f7d7b000000,0x00007f7d7b000000,0x00007f7f1bb00000)
  from space 1066496K, 0% used [0x00007f821be80000,0x00007f821be80000,0x00007f825d000000)
  to   space 6826496K, 0% used [0x00007f7f1bb00000,0x00007f7f1bb00000,0x00007f80bc580000)
 ParOldGen       total 17067008K, used 13157821K [0x00007f73b7000000, 0x00007f77c8b00000, 0x00007f7d7b000000)
  object space 17067008K, 77% used [0x00007f73b7000000,0x00007f76da16f708,0x00007f77c8b00000)
 Metaspace       used 11131K, capacity 11576K, committed 11776K, reserved 12288K

Card table byte_map: [0x00007f73afacf000,0x00007f73b7000000] byte_map_base: 0x00007f33f5d17000

Marking Bits: (ParMarkBitMap*) 0x00007f82736444c0
 Begin Bits: [0x00007f7312d00000, 0x00007f734d680000)
 End Bits:   [0x00007f734d680000, 0x00007f7388000000)

Polling page: 0x00007f827428d000

CodeCache: size=245760Kb used=6066Kb max_used=6066Kb free=239693Kb
 bounds [0x00007f825d000000, 0x00007f825d600000, 0x00007f826c000000]
 total_blobs=1823 nmethods=1327 adapters=410
 compilation: enabled

Compilation events (10 events):
Event: 164,798 Thread 0x00007f826c0c8800 1325       3       java.lang.Float::floatToIntBits (26 bytes)
Event: 164,798 Thread 0x00007f826c0c8800 nmethod 1325 0x00007f825d5d3350 code [0x00007f825d5d34c0, 0x00007f825d5d3690]
Event: 165,763 Thread 0x00007f826c0c8800 1326       3       java.util.concurrent.ConcurrentHashMap$Segment::<init> (10 bytes)
Event: 165,763 Thread 0x00007f826c0c8800 nmethod 1326 0x00007f825d5eb950 code [0x00007f825d5ebae0, 0x00007f825d5ebf30]
Event: 168,548 Thread 0x00007f826c0c8800 1327       3       java.io.ObjectOutputStream$BlockDataOutputStream::write (152 bytes)
Event: 168,549 Thread 0x00007f826c0c8800 nmethod 1327 0x00007f825d5eac50 code [0x00007f825d5eae40, 0x00007f825d5eb698]
Event: 175,369 Thread 0x00007f826c0c8800 1328 %     3       java.util.concurrent.ConcurrentHashMap::writeObject @ 137 (183 bytes)
Event: 175,370 Thread 0x00007f826c0c8800 nmethod 1328% 0x00007f825d5ed490 code [0x00007f825d5ed760, 0x00007f825d5ee908]
Event: 176,364 Thread 0x00007f826c0c8800 1329       3       java.util.concurrent.ConcurrentHashMap::writeObject (183 bytes)
Event: 176,365 Thread 0x00007f826c0c8800 nmethod 1329 0x00007f825d5ef450 code [0x00007f825d5ef700, 0x00007f825d5f07a8]

GC Heap History (10 events):
Event: 8,348 GC heap after
Heap after GC invocations=2 (full 0):
 PSYoungGen      total 13866496K, used 208501K [0x00007f7d7b000000, 0x00007f810a700000, 0x00007f825d000000)
  eden space 12800000K, 0% used [0x00007f7d7b000000,0x00007f7d7b000000,0x00007f8088400000)
  from space 1066496K, 19% used [0x00007f80c9580000,0x00007f80d611d6f0,0x00007f810a700000)
  to   space 1066496K, 0% used [0x00007f8088400000,0x00007f8088400000,0x00007f80c9580000)
 ParOldGen       total 17067008K, used 24K [0x00007f73b7000000, 0x00007f77c8b00000, 0x00007f7d7b000000)
  object space 17067008K, 0% used [0x00007f73b7000000,0x00007f73b7006000,0x00007f77c8b00000)
 Metaspace       used 9634K, capacity 10016K, committed 10240K, reserved 10240K
}
Event: 29,297 GC heap before
{Heap before GC invocations=3 (full 0):
 PSYoungGen      total 13866496K, used 13008501K [0x00007f7d7b000000, 0x00007f810a700000, 0x00007f825d000000)
  eden space 12800000K, 100% used [0x00007f7d7b000000,0x00007f8088400000,0x00007f8088400000)
  from space 1066496K, 19% used [0x00007f80c9580000,0x00007f80d611d6f0,0x00007f810a700000)
  to   space 1066496K, 0% used [0x00007f8088400000,0x00007f8088400000,0x00007f80c9580000)
 ParOldGen       total 17067008K, used 24K [0x00007f73b7000000, 0x00007f77c8b00000, 0x00007f7d7b000000)
  object space 17067008K, 0% used [0x00007f73b7000000,0x00007f73b7006000,0x00007f77c8b00000)
 Metaspace       used 9949K, capacity 10272K, committed 10496K, reserved 12288K
Event: 31,889 GC heap after
Heap after GC invocations=3 (full 0):
 PSYoungGen      total 13866496K, used 1066467K [0x00007f7d7b000000, 0x00007f825d000000, 0x00007f825d000000)
  eden space 12800000K, 0% used [0x00007f7d7b000000,0x00007f7d7b000000,0x00007f8088400000)
  from space 1066496K, 99% used [0x00007f8088400000,0x00007f80c9578ed8,0x00007f80c9580000)
  to   space 1066496K, 0% used [0x00007f821be80000,0x00007f821be80000,0x00007f825d000000)
 ParOldGen       total 17067008K, used 2274225K [0x00007f73b7000000, 0x00007f77c8b00000, 0x00007f7d7b000000)
  object space 17067008K, 13% used [0x00007f73b7000000,0x00007f7441cec500,0x00007f77c8b00000)
 Metaspace       used 9949K, capacity 10272K, committed 10496K, reserved 12288K
}
Event: 64,644 GC heap before
{Heap before GC invocations=4 (full 0):
 PSYoungGen      total 13866496K, used 13866467K [0x00007f7d7b000000, 0x00007f825d000000, 0x00007f825d000000)
  eden space 12800000K, 100% used [0x00007f7d7b000000,0x00007f8088400000,0x00007f8088400000)
  from space 1066496K, 99% used [0x00007f8088400000,0x00007f80c9578ed8,0x00007f80c9580000)
  to   space 1066496K, 0% used [0x00007f821be80000,0x00007f821be80000,0x00007f825d000000)
 ParOldGen       total 17067008K, used 2274225K [0x00007f73b7000000, 0x00007f77c8b00000, 0x00007f7d7b000000)
  object space 17067008K, 13% used [0x00007f73b7000000,0x00007f7441cec500,0x00007f77c8b00000)
 Metaspace       used 9954K, capacity 10336K, committed 10496K, reserved 12288K
Event: 67,997 GC heap after
Heap after GC invocations=4 (full 0):
 PSYoungGen      total 19413504K, used 1066480K [0x00007f7d7b000000, 0x00007f825d000000, 0x00007f825d000000)
  eden space 18347008K, 0% used [0x00007f7d7b000000,0x00007f7d7b000000,0x00007f81dad00000)
  from space 1066496K, 99% used [0x00007f821be80000,0x00007f825cffc018,0x00007f825d000000)
  to   space 1066496K, 0% used [0x00007f81dad00000,0x00007f81dad00000,0x00007f821be80000)
 ParOldGen       total 17067008K, used 5776103K [0x00007f73b7000000, 0x00007f77c8b00000, 0x00007f7d7b000000)
  object space 17067008K, 33% used [0x00007f73b7000000,0x00007f75178b9d38,0x00007f77c8b00000)
 Metaspace       used 9954K, capacity 10336K, committed 10496K, reserved 12288K
}
Event: 101,802 GC heap before
{Heap before GC invocations=5 (full 0):
 PSYoungGen      total 19413504K, used 19413488K [0x00007f7d7b000000, 0x00007f825d000000, 0x00007f825d000000)
  eden space 18347008K, 100% used [0x00007f7d7b000000,0x00007f81dad00000,0x00007f81dad00000)
  from space 1066496K, 99% used [0x00007f821be80000,0x00007f825cffc018,0x00007f825d000000)
  to   space 1066496K, 0% used [0x00007f81dad00000,0x00007f81dad00000,0x00007f821be80000)
 ParOldGen       total 17067008K, used 5776103K [0x00007f73b7000000, 0x00007f77c8b00000, 0x00007f7d7b000000)
  object space 17067008K, 33% used [0x00007f73b7000000,0x00007f75178b9d38,0x00007f77c8b00000)
 Metaspace       used 9962K, capacity 10336K, committed 10496K, reserved 12288K
Event: 110,606 GC heap after
Heap after GC invocations=5 (full 0):
 PSYoungGen      total 19413504K, used 1066480K [0x00007f7d7b000000, 0x00007f825d000000, 0x00007f825d000000)
  eden space 18347008K, 0% used [0x00007f7d7b000000,0x00007f7d7b000000,0x00007f81dad00000)
  from space 1066496K, 99% used [0x00007f81dad00000,0x00007f821be7c018,0x00007f821be80000)
  to   space 1066496K, 0% used [0x00007f821be80000,0x00007f821be80000,0x00007f825d000000)
 ParOldGen       total 17067008K, used 8810259K [0x00007f73b7000000, 0x00007f77c8b00000, 0x00007f7d7b000000)
  object space 17067008K, 51% used [0x00007f73b7000000,0x00007f75d0bc4ef8,0x00007f77c8b00000)
 Metaspace       used 9962K, capacity 10336K, committed 10496K, reserved 12288K
}
Event: 183,883 GC heap before
{Heap before GC invocations=6 (full 0):
 PSYoungGen      total 19413504K, used 19413488K [0x00007f7d7b000000, 0x00007f825d000000, 0x00007f825d000000)
  eden space 18347008K, 100% used [0x00007f7d7b000000,0x00007f81dad00000,0x00007f81dad00000)
  from space 1066496K, 99% used [0x00007f81dad00000,0x00007f821be7c018,0x00007f821be80000)
  to   space 1066496K, 0% used [0x00007f821be80000,0x00007f821be80000,0x00007f825d000000)
 ParOldGen       total 17067008K, used 8810259K [0x00007f73b7000000, 0x00007f77c8b00000, 0x00007f7d7b000000)
  object space 17067008K, 51% used [0x00007f73b7000000,0x00007f75d0bc4ef8,0x00007f77c8b00000)
 Metaspace       used 11131K, capacity 11576K, committed 11776K, reserved 12288K
Event: 195,635 GC heap after
Heap after GC invocations=6 (full 0):
 PSYoungGen      total 7893504K, used 1066496K [0x00007f7d7b000000, 0x00007f825d000000, 0x00007f825d000000)
  eden space 6827008K, 0% used [0x00007f7d7b000000,0x00007f7d7b000000,0x00007f7f1bb00000)
  from space 1066496K, 100% used [0x00007f821be80000,0x00007f825d000000,0x00007f825d000000)
  to   space 6826496K, 0% used [0x00007f7f1bb00000,0x00007f7f1bb00000,0x00007f80bc580000)
 ParOldGen       total 17067008K, used 15027167K [0x00007f73b7000000, 0x00007f77c8b00000, 0x00007f7d7b000000)
  object space 17067008K, 88% used [0x00007f73b7000000,0x00007f774c2f7d30,0x00007f77c8b00000)
 Metaspace       used 11131K, capacity 11576K, committed 11776K, reserved 12288K
}
Event: 195,635 GC heap before
{Heap before GC invocations=7 (full 1):
 PSYoungGen      total 7893504K, used 1066496K [0x00007f7d7b000000, 0x00007f825d000000, 0x00007f825d000000)
  eden space 6827008K, 0% used [0x00007f7d7b000000,0x00007f7d7b000000,0x00007f7f1bb00000)
  from space 1066496K, 100% used [0x00007f821be80000,0x00007f825d000000,0x00007f825d000000)
  to   space 6826496K, 0% used [0x00007f7f1bb00000,0x00007f7f1bb00000,0x00007f80bc580000)
 ParOldGen       total 17067008K, used 15027167K [0x00007f73b7000000, 0x00007f77c8b00000, 0x00007f7d7b000000)
  object space 17067008K, 88% used [0x00007f73b7000000,0x00007f774c2f7d30,0x00007f77c8b00000)
 Metaspace       used 11131K, capacity 11576K, committed 11776K, reserved 12288K

Deoptimization events (10 events):
Event: 10,314 Thread 0x00007f826c00a000 Uncommon trap: reason=unstable_if action=reinterpret pc=0x00007f825d469380 method=core.algos.WordGenerator.generateProbableWords4(Lcore/ColmerSet;Lcore/Colmer;Ltree/PhyloNode;[[DDD)I @ 492
Event: 10,314 Thread 0x00007f826c00a000 Uncommon trap: reason=unstable_if action=reinterpret pc=0x00007f825d46f05c method=core.algos.WordGenerator.generateProbableWords4(Lcore/ColmerSet;Lcore/Colmer;Ltree/PhyloNode;[[DDD)I @ 492
Event: 159,393 Thread 0x00007f826c00a000 Uncommon trap: reason=null_check action=make_not_entrant pc=0x00007f825d522670 method=java.util.Properties.getProperty(Ljava/lang/String;)Ljava/lang/String; @ 7
Event: 159,396 Thread 0x00007f826c00a000 Uncommon trap: reason=unstable_if action=reinterpret pc=0x00007f825d454adc method=java.util.concurrent.ConcurrentHashMap.putVal(Ljava/lang/Object;Ljava/lang/Object;Z)Ljava/lang/Object; @ 181
Event: 159,402 Thread 0x00007f826c00a000 Uncommon trap: reason=unstable_if action=reinterpret pc=0x00007f825d3fc240 method=java.lang.String.indexOf([CII[CIII)I @ 3
Event: 159,402 Thread 0x00007f826c00a000 Uncommon trap: reason=unstable_if action=reinterpret pc=0x00007f825d5204c8 method=sun.misc.FloatingDecimal$BinaryToASCIIBuffer.dtoa(IJIZ)V @ 97
Event: 159,402 Thread 0x00007f826c00a000 Uncommon trap: reason=unstable_if action=reinterpret pc=0x00007f825d52fff4 method=sun.misc.FloatingDecimal$BinaryToASCIIBuffer.getChars([C)I @ 150
Event: 159,404 Thread 0x00007f826c00a000 Uncommon trap: reason=unstable_if action=reinterpret pc=0x00007f825d337e50 method=java.util.LinkedHashMap.get(Ljava/lang/Object;)Ljava/lang/Object; @ 11
Event: 162,879 Thread 0x00007f826c00a000 Uncommon trap: reason=unstable_if action=reinterpret pc=0x00007f825d5d8558 method=java.io.ObjectOutputStream.writeArray(Ljava/lang/Object;Ljava/io/ObjectStreamClass;Z)V @ 97
Event: 162,879 Thread 0x00007f826c00a000 Uncommon trap: reason=unstable_if action=reinterpret pc=0x00007f825d5c1da8 method=java.io.ObjectOutputStream$BlockDataOutputStream.write([BIIZ)V @ 2

Internal exceptions (10 events):
Event: 159,471 Thread 0x00007f826c00a000 Exception <a 'java/lang/NoSuchMethodError': <clinit>> (0x00007f810a7fd4a0) thrown at [/HUDSON/workspace/8-2-build-linux-amd64/jdk8u92/6642/hotspot/src/share/vm/prims/jni.cpp, line 1613]
Event: 159,490 Thread 0x00007f826c00a000 Exception <a 'java/lang/NoSuchMethodError': <clinit>> (0x00007f810a932f80) thrown at [/HUDSON/workspace/8-2-build-linux-amd64/jdk8u92/6642/hotspot/src/share/vm/prims/jni.cpp, line 1613]
Event: 159,492 Thread 0x00007f826c00a000 Exception <a 'java/lang/NoSuchMethodError': <clinit>> (0x00007f810a96a7b8) thrown at [/HUDSON/workspace/8-2-build-linux-amd64/jdk8u92/6642/hotspot/src/share/vm/prims/jni.cpp, line 1613]
Event: 159,493 Thread 0x00007f826c00a000 Exception <a 'java/lang/NoSuchMethodError': <clinit>> (0x00007f810a97ddf8) thrown at [/HUDSON/workspace/8-2-build-linux-amd64/jdk8u92/6642/hotspot/src/share/vm/prims/jni.cpp, line 1613]
Event: 159,493 Thread 0x00007f826c00a000 Exception <a 'java/lang/NoSuchMethodError': <clinit>> (0x00007f810a97f100) thrown at [/HUDSON/workspace/8-2-build-linux-amd64/jdk8u92/6642/hotspot/src/share/vm/prims/jni.cpp, line 1613]
Event: 159,500 Thread 0x00007f826c00a000 Exception <a 'java/lang/NoSuchMethodError': <clinit>> (0x00007f810aa0b820) thrown at [/HUDSON/workspace/8-2-build-linux-amd64/jdk8u92/6642/hotspot/src/share/vm/prims/jni.cpp, line 1613]
Event: 159,500 Thread 0x00007f826c00a000 Exception <a 'java/lang/NoSuchMethodError': <clinit>> (0x00007f810aa0c498) thrown at [/HUDSON/workspace/8-2-build-linux-amd64/jdk8u92/6642/hotspot/src/share/vm/prims/jni.cpp, line 1613]
Event: 159,500 Thread 0x00007f826c00a000 Exception <a 'java/lang/NoSuchMethodError': <clinit>> (0x00007f810aa0d110) thrown at [/HUDSON/workspace/8-2-build-linux-amd64/jdk8u92/6642/hotspot/src/share/vm/prims/jni.cpp, line 1613]
Event: 162,877 Thread 0x00007f826c00a000 Exception <a 'java/lang/NoSuchMethodError': <clinit>> (0x00007f8118e6f928) thrown at [/HUDSON/workspace/8-2-build-linux-amd64/jdk8u92/6642/hotspot/src/share/vm/prims/jni.cpp, line 1613]
Event: 162,879 Thread 0x00007f826c00a000 Exception <a 'java/lang/NoSuchMethodError': <clinit>> (0x00007f8118eb5200) thrown at [/HUDSON/workspace/8-2-build-linux-amd64/jdk8u92/6642/hotspot/src/share/vm/prims/jni.cpp, line 1613]

Events (10 events):
Event: 162,879 Thread 0x00007f826c00a000 Uncommon trap: trap_request=0xffffff65 fr.pc=0x00007f825d5c1da8
Event: 162,879 Thread 0x00007f826c00a000 DEOPT PACKING pc=0x00007f825d5c1da8 sp=0x00007f8274266670
Event: 162,879 Thread 0x00007f826c00a000 DEOPT UNPACKING pc=0x00007f825d005229 sp=0x00007f8274266670 mode 2
Event: 162,879 loading class java/util/stream/DoubleStream
Event: 162,879 loading class java/util/stream/DoubleStream done
Event: 162,959 Thread 0x00007f826c00a000 DEOPT PACKING pc=0x00007f825d5c6363 sp=0x00007f8274265b90
Event: 162,959 Thread 0x00007f826c00a000 DEOPT UNPACKING pc=0x00007f825d047633 sp=0x00007f8274265900 mode 0
Event: 162,967 Thread 0x00007f826c00a000 DEOPT PACKING pc=0x00007f825d5c6363 sp=0x00007f8274265b90
Event: 162,967 Thread 0x00007f826c00a000 DEOPT UNPACKING pc=0x00007f825d047633 sp=0x00007f8274265900 mode 0
Event: 183,883 Executing VM operation: ParallelGCFailedAllocation


Dynamic libraries:
00400000-00401000 r-xp 00000000 08:01 4290                               /media/ben/STOCK/SOFTWARE/jdk1.8.0_92/bin/java
00600000-00601000 rw-p 00000000 08:01 4290                               /media/ben/STOCK/SOFTWARE/jdk1.8.0_92/bin/java
01e87000-01ea8000 rw-p 00000000 00:00 0                                  [heap]
7f72d4000000-7f72d4022000 rw-p 00000000 00:00 0 
7f72d4022000-7f72d8000000 ---p 00000000 00:00 0 
7f72d8000000-7f72d8021000 rw-p 00000000 00:00 0 
7f72d8021000-7f72dc000000 ---p 00000000 00:00 0 
7f72dc000000-7f72dc021000 rw-p 00000000 00:00 0 
7f72dc021000-7f72e0000000 ---p 00000000 00:00 0 
7f72e0000000-7f72e0021000 rw-p 00000000 00:00 0 
7f72e0021000-7f72e4000000 ---p 00000000 00:00 0 
7f72e4000000-7f72e454a000 rw-p 00000000 00:00 0 
7f72e454a000-7f72e8000000 ---p 00000000 00:00 0 
7f72e8000000-7f72e8021000 rw-p 00000000 00:00 0 
7f72e8021000-7f72ec000000 ---p 00000000 00:00 0 
7f72ec000000-7f72ec734000 rw-p 00000000 00:00 0 
7f72ec734000-7f72f0000000 ---p 00000000 00:00 0 
7f72f0000000-7f72f2702000 rw-p 00000000 00:00 0 
7f72f2702000-7f72f4000000 ---p 00000000 00:00 0 
7f72f4000000-7f72f4021000 rw-p 00000000 00:00 0 
7f72f4021000-7f72f8000000 ---p 00000000 00:00 0 
7f72f8000000-7f72f885f000 rw-p 00000000 00:00 0 
7f72f885f000-7f72fc000000 ---p 00000000 00:00 0 
7f72fc000000-7f72fc021000 rw-p 00000000 00:00 0 
7f72fc021000-7f7300000000 ---p 00000000 00:00 0 
7f7300000000-7f7300021000 rw-p 00000000 00:00 0 
7f7300021000-7f7304000000 ---p 00000000 00:00 0 
7f7304000000-7f7304296000 rw-p 00000000 00:00 0 
7f7304296000-7f7308000000 ---p 00000000 00:00 0 
7f73085c6000-7f7308746000 rw-p 00000000 00:00 0 
7f7308746000-7f73087c6000 ---p 00000000 00:00 0 
7f73087c6000-7f730882f000 r-xp 00000000 08:01 6112                       /media/ben/STOCK/SOFTWARE/jdk1.8.0_92/jre/lib/amd64/libt2k.so
7f730882f000-7f7308a2f000 ---p 00069000 08:01 6112                       /media/ben/STOCK/SOFTWARE/jdk1.8.0_92/jre/lib/amd64/libt2k.so
7f7308a2f000-7f7308a36000 rw-p 00069000 08:01 6112                       /media/ben/STOCK/SOFTWARE/jdk1.8.0_92/jre/lib/amd64/libt2k.so
7f7308a36000-7f7308a46000 rw-p 00000000 00:00 0 
7f7308a46000-7f7308a57000 r-xp 00000000 08:01 6150                       /media/ben/STOCK/SOFTWARE/jdk1.8.0_92/jre/lib/amd64/libnio.so
7f7308a57000-7f7308c56000 ---p 00011000 08:01 6150                       /media/ben/STOCK/SOFTWARE/jdk1.8.0_92/jre/lib/amd64/libnio.so
7f7308c56000-7f7308c57000 rw-p 00010000 08:01 6150                       /media/ben/STOCK/SOFTWARE/jdk1.8.0_92/jre/lib/amd64/libnio.so
7f7308c57000-7f7308c6d000 r-xp 00000000 08:01 6147                       /media/ben/STOCK/SOFTWARE/jdk1.8.0_92/jre/lib/amd64/libnet.so
7f7308c6d000-7f7308e6d000 ---p 00016000 08:01 6147                       /media/ben/STOCK/SOFTWARE/jdk1.8.0_92/jre/lib/amd64/libnet.so
7f7308e6d000-7f7308e6e000 rw-p 00016000 08:01 6147                       /media/ben/STOCK/SOFTWARE/jdk1.8.0_92/jre/lib/amd64/libnet.so
7f7308e6e000-7f730906e000 rw-p 00000000 00:00 0 
7f730906e000-7f7309071000 ---p 00000000 00:00 0 
7f7309071000-7f730916f000 rw-p 00000000 00:00 0 
7f730916f000-7f7309172000 ---p 00000000 00:00 0 
7f7309172000-7f7309270000 rw-p 00000000 00:00 0 
7f7309270000-7f7309275000 r-xp 00000000 103:03 25043168                  /usr/lib/x86_64-linux-gnu/libXfixes.so.3.1.0
7f7309275000-7f7309474000 ---p 00005000 103:03 25043168                  /usr/lib/x86_64-linux-gnu/libXfixes.so.3.1.0
7f7309474000-7f7309475000 r--p 00004000 103:03 25043168                  /usr/lib/x86_64-linux-gnu/libXfixes.so.3.1.0
7f7309475000-7f7309476000 rw-p 00005000 103:03 25043168                  /usr/lib/x86_64-linux-gnu/libXfixes.so.3.1.0
7f7309476000-7f730947f000 r-xp 00000000 103:03 25043160                  /usr/lib/x86_64-linux-gnu/libXcursor.so.1.0.2
7f730947f000-7f730967e000 ---p 00009000 103:03 25043160                  /usr/lib/x86_64-linux-gnu/libXcursor.so.1.0.2
7f730967e000-7f730967f000 r--p 00008000 103:03 25043160                  /usr/lib/x86_64-linux-gnu/libXcursor.so.1.0.2
7f730967f000-7f7309680000 rw-p 00009000 103:03 25043160                  /usr/lib/x86_64-linux-gnu/libXcursor.so.1.0.2
7f7309680000-7f7309683000 ---p 00000000 00:00 0 
7f7309683000-7f7309781000 rw-p 00000000 00:00 0 
7f7309781000-7f7309797000 r-xp 00000000 103:03 6033521                   /lib/x86_64-linux-gnu/libgcc_s.so.1
7f7309797000-7f7309996000 ---p 00016000 103:03 6033521                   /lib/x86_64-linux-gnu/libgcc_s.so.1
7f7309996000-7f7309997000 rw-p 00015000 103:03 6033521                   /lib/x86_64-linux-gnu/libgcc_s.so.1
7f7309997000-7f73099fc000 r-xp 00000000 08:01 6129                       /media/ben/STOCK/SOFTWARE/jdk1.8.0_92/jre/lib/amd64/libfontmanager.so
7f73099fc000-7f7309bfb000 ---p 00065000 08:01 6129                       /media/ben/STOCK/SOFTWARE/jdk1.8.0_92/jre/lib/amd64/libfontmanager.so
7f7309bfb000-7f7309c00000 rw-p 00064000 08:01 6129                       /media/ben/STOCK/SOFTWARE/jdk1.8.0_92/jre/lib/amd64/libfontmanager.so
7f7309c00000-7f7309c10000 rw-p 00000000 00:00 0 
7f7309c10000-7f7309c15000 r-xp 00000000 103:03 25043164                  /usr/lib/x86_64-linux-gnu/libXdmcp.so.6.0.0
7f7309c15000-7f7309e14000 ---p 00005000 103:03 25043164                  /usr/lib/x86_64-linux-gnu/libXdmcp.so.6.0.0
7f7309e14000-7f7309e15000 r--p 00004000 103:03 25043164                  /usr/lib/x86_64-linux-gnu/libXdmcp.so.6.0.0
7f7309e15000-7f7309e16000 rw-p 00005000 103:03 25043164                  /usr/lib/x86_64-linux-gnu/libXdmcp.so.6.0.0
7f7309e16000-7f7309e18000 r-xp 00000000 103:03 25043153                  /usr/lib/x86_64-linux-gnu/libXau.so.6.0.0
7f7309e18000-7f730a018000 ---p 00002000 103:03 25043153                  /usr/lib/x86_64-linux-gnu/libXau.so.6.0.0
7f730a018000-7f730a019000 r--p 00002000 103:03 25043153                  /usr/lib/x86_64-linux-gnu/libXau.so.6.0.0
7f730a019000-7f730a01a000 rw-p 00003000 103:03 25043153                  /usr/lib/x86_64-linux-gnu/libXau.so.6.0.0
7f730a01a000-7f730a037000 r-xp 00000000 103:03 25044276                  /usr/lib/x86_64-linux-gnu/libxcb.so.1.1.0
7f730a037000-7f730a237000 ---p 0001d000 103:03 25044276                  /usr/lib/x86_64-linux-gnu/libxcb.so.1.1.0
7f730a237000-7f730a238000 r--p 0001d000 103:03 25044276                  /usr/lib/x86_64-linux-gnu/libxcb.so.1.1.0
7f730a238000-7f730a239000 rw-p 0001e000 103:03 25044276                  /usr/lib/x86_64-linux-gnu/libxcb.so.1.1.0
7f730a239000-7f730a248000 r-xp 00000000 103:03 25043174                  /usr/lib/x86_64-linux-gnu/libXi.so.6.1.0
7f730a248000-7f730a447000 ---p 0000f000 103:03 25043174                  /usr/lib/x86_64-linux-gnu/libXi.so.6.1.0
7f730a447000-7f730a448000 r--p 0000e000 103:03 25043174                  /usr/lib/x86_64-linux-gnu/libXi.so.6.1.0
7f730a448000-7f730a449000 rw-p 0000f000 103:03 25043174                  /usr/lib/x86_64-linux-gnu/libXi.so.6.1.0
7f730a449000-7f730a44e000 r-xp 00000000 103:03 25043194                  /usr/lib/x86_64-linux-gnu/libXtst.so.6.1.0
7f730a44e000-7f730a64d000 ---p 00005000 103:03 25043194                  /usr/lib/x86_64-linux-gnu/libXtst.so.6.1.0
7f730a64d000-7f730a64e000 r--p 00004000 103:03 25043194                  /usr/lib/x86_64-linux-gnu/libXtst.so.6.1.0
7f730a64e000-7f730a64f000 rw-p 00005000 103:03 25043194                  /usr/lib/x86_64-linux-gnu/libXtst.so.6.1.0
7f730a64f000-7f730a658000 r-xp 00000000 103:03 25043188                  /usr/lib/x86_64-linux-gnu/libXrender.so.1.3.0
7f730a658000-7f730a857000 ---p 00009000 103:03 25043188                  /usr/lib/x86_64-linux-gnu/libXrender.so.1.3.0
7f730a857000-7f730a858000 r--p 00008000 103:03 25043188                  /usr/lib/x86_64-linux-gnu/libXrender.so.1.3.0
7f730a858000-7f730a859000 rw-p 00009000 103:03 25043188                  /usr/lib/x86_64-linux-gnu/libXrender.so.1.3.0
7f730a859000-7f730a989000 r-xp 00000000 103:03 25043149                  /usr/lib/x86_64-linux-gnu/libX11.so.6.3.0
7f730a989000-7f730ab89000 ---p 00130000 103:03 25043149                  /usr/lib/x86_64-linux-gnu/libX11.so.6.3.0
7f730ab89000-7f730ab8a000 r--p 00130000 103:03 25043149                  /usr/lib/x86_64-linux-gnu/libX11.so.6.3.0
7f730ab8a000-7f730ab8e000 rw-p 00131000 103:03 25043149                  /usr/lib/x86_64-linux-gnu/libX11.so.6.3.0
7f730ab8e000-7f730ab9f000 r-xp 00000000 103:03 25043166                  /usr/lib/x86_64-linux-gnu/libXext.so.6.4.0
7f730ab9f000-7f730ad9e000 ---p 00011000 103:03 25043166                  /usr/lib/x86_64-linux-gnu/libXext.so.6.4.0
7f730ad9e000-7f730ad9f000 r--p 00010000 103:03 25043166                  /usr/lib/x86_64-linux-gnu/libXext.so.6.4.0
7f730ad9f000-7f730ada0000 rw-p 00011000 103:03 25043166                  /usr/lib/x86_64-linux-gnu/libXext.so.6.4.0
7f730ada0000-7f730adf4000 r-xp 00000000 08:01 6154                       /media/ben/STOCK/SOFTWARE/jdk1.8.0_92/jre/lib/amd64/libawt_xawt.so
7f730adf4000-7f730aff4000 ---p 00054000 08:01 6154                       /media/ben/STOCK/SOFTWARE/jdk1.8.0_92/jre/lib/amd64/libawt_xawt.so
7f730aff4000-7f730aff8000 rw-p 00054000 08:01 6154                       /media/ben/STOCK/SOFTWARE/jdk1.8.0_92/jre/lib/amd64/libawt_xawt.so
7f730aff8000-7f730aff9000 rw-p 00000000 00:00 0 
7f730aff9000-7f730b09b000 r-xp 00000000 08:01 6140                       /media/ben/STOCK/SOFTWARE/jdk1.8.0_92/jre/lib/amd64/libawt.so
7f730b09b000-7f730b29b000 ---p 000a2000 08:01 6140                       /media/ben/STOCK/SOFTWARE/jdk1.8.0_92/jre/lib/amd64/libawt.so
7f730b29b000-7f730b2a7000 rw-p 000a2000 08:01 6140                       /media/ben/STOCK/SOFTWARE/jdk1.8.0_92/jre/lib/amd64/libawt.so
7f730b2a7000-7f730b2cb000 rw-p 00000000 00:00 0 
7f730b2cb000-7f730b2cc000 ---p 00000000 00:00 0 
7f730b2cc000-7f730b3cc000 rw-p 00000000 00:00 0 
7f730b3cc000-7f730b3cf000 ---p 00000000 00:00 0 
7f730b3cf000-7f730b4cd000 rw-p 00000000 00:00 0 
7f730b4cd000-7f730b4d0000 ---p 00000000 00:00 0 
7f730b4d0000-7f730b5ce000 rw-p 00000000 00:00 0 
7f730b5ce000-7f730b5d1000 ---p 00000000 00:00 0 
7f730b5d1000-7f730b6cf000 rw-p 00000000 00:00 0 
7f730b6cf000-7f730b6d2000 ---p 00000000 00:00 0 
7f730b6d2000-7f7388000000 rw-p 00000000 00:00 0 
7f7388000000-7f7388021000 rw-p 00000000 00:00 0 
7f7388021000-7f738c000000 ---p 00000000 00:00 0 
7f738c000000-7f738c021000 rw-p 00000000 00:00 0 
7f738c021000-7f7390000000 ---p 00000000 00:00 0 
7f7390000000-7f7390021000 rw-p 00000000 00:00 0 
7f7390021000-7f7394000000 ---p 00000000 00:00 0 
7f7394000000-7f7394021000 rw-p 00000000 00:00 0 
7f7394021000-7f7398000000 ---p 00000000 00:00 0 
7f7398000000-7f7398021000 rw-p 00000000 00:00 0 
7f7398021000-7f739c000000 ---p 00000000 00:00 0 
7f739c000000-7f739c021000 rw-p 00000000 00:00 0 
7f739c021000-7f73a0000000 ---p 00000000 00:00 0 
7f73a0000000-7f73a0021000 rw-p 00000000 00:00 0 
7f73a0021000-7f73a4000000 ---p 00000000 00:00 0 
7f73a4000000-7f73a4021000 rw-p 00000000 00:00 0 
7f73a4021000-7f73a8000000 ---p 00000000 00:00 0 
7f73a80aa000-7f73a80bd000 r--s 00344000 08:01 5979                       /media/ben/STOCK/SOFTWARE/jdk1.8.0_92/jre/lib/resources.jar
7f73a80bd000-7f73a80c0000 ---p 00000000 00:00 0 
7f73a80c0000-7f73a81be000 rw-p 00000000 00:00 0 
7f73a81be000-7f73a81c1000 ---p 00000000 00:00 0 
7f73a81c1000-7f73a82bf000 rw-p 00000000 00:00 0 
7f73a82bf000-7f73a8589000 r--p 00000000 103:03 25041777                  /usr/lib/locale/locale-archive
7f73a8589000-7f73a858c000 ---p 00000000 00:00 0 
7f73a858c000-7f73a868a000 rw-p 00000000 00:00 0 
7f73a868a000-7f73a868d000 ---p 00000000 00:00 0 
7f73a868d000-7f73a878b000 rw-p 00000000 00:00 0 
7f73a878b000-7f73a878c000 ---p 00000000 00:00 0 
7f73a878c000-7f73aacaf000 rw-p 00000000 00:00 0 
7f73aacaf000-7f73acd3d000 rw-p 00000000 00:00 0 
7f73acd3d000-7f73afacf000 ---p 00000000 00:00 0 
7f73afacf000-7f73b1b5d000 rw-p 00000000 00:00 0 
7f73b1b5d000-7f73b48ef000 ---p 00000000 00:00 0 
7f73b48ef000-7f73b6fff000 rw-p 00000000 00:00 0 
7f73b6fff000-7f77c8b00000 rw-p 00000000 00:00 0 
7f7aad680000-7f7d7b000000 ---p 00000000 00:00 0 
7f7d7b000000-7f825d000000 rw-p 00000000 00:00 0 
7f825d000000-7f825d600000 rwxp 00000000 00:00 0 
7f825d600000-7f826c000000 ---p 00000000 00:00 0 
7f826c000000-7f826c6a5000 rw-p 00000000 00:00 0 
7f826c6a5000-7f8270000000 ---p 00000000 00:00 0 
7f8270005000-7f8270009000 r--s 00097000 08:01 5993                       /media/ben/STOCK/SOFTWARE/jdk1.8.0_92/jre/lib/jsse.jar
7f8270009000-7f827000e000 r--s 002f9000 08:01 5939                       /media/ben/STOCK/SOFTWARE/jdk1.8.0_92/jre/lib/charsets.jar
7f827000e000-7f8270020000 r--s 0017d000 103:03 18235588                  /home/ben/jfreechart/target/jfreechart-1.5.0-SNAPSHOT.jar
7f8270020000-7f8270041000 rw-p 00000000 00:00 0 
7f8270041000-7f827021a000 r--s 03d24000 08:01 5941                       /media/ben/STOCK/SOFTWARE/jdk1.8.0_92/jre/lib/rt.jar
7f827021a000-7f8270724000 rw-p 00000000 00:00 0 
7f8270724000-7f8270725000 ---p 00000000 00:00 0 
7f8270725000-7f8270825000 rw-p 00000000 00:00 0 
7f8270825000-7f8270826000 ---p 00000000 00:00 0 
7f8270826000-7f8270926000 rw-p 00000000 00:00 0 
7f8270926000-7f8270927000 ---p 00000000 00:00 0 
7f8270927000-7f8270a27000 rw-p 00000000 00:00 0 
7f8270a27000-7f8270a28000 ---p 00000000 00:00 0 
7f8270a28000-7f8270b28000 rw-p 00000000 00:00 0 
7f8270b28000-7f8270b29000 ---p 00000000 00:00 0 
7f8270b29000-7f8270c29000 rw-p 00000000 00:00 0 
7f8270c29000-7f8270c2a000 ---p 00000000 00:00 0 
7f8270c2a000-7f8270d2a000 rw-p 00000000 00:00 0 
7f8270d2a000-7f8270d2b000 ---p 00000000 00:00 0 
7f8270d2b000-7f8270e2b000 rw-p 00000000 00:00 0 
7f8270e2b000-7f8270e2c000 ---p 00000000 00:00 0 
7f8270e2c000-7f8270f44000 rw-p 00000000 00:00 0 
7f8270f44000-7f82712ec000 ---p 00000000 00:00 0 
7f82712ec000-7f8271306000 r-xp 00000000 08:01 6143                       /media/ben/STOCK/SOFTWARE/jdk1.8.0_92/jre/lib/amd64/libzip.so
7f8271306000-7f8271506000 ---p 0001a000 08:01 6143                       /media/ben/STOCK/SOFTWARE/jdk1.8.0_92/jre/lib/amd64/libzip.so
7f8271506000-7f8271507000 rw-p 0001a000 08:01 6143                       /media/ben/STOCK/SOFTWARE/jdk1.8.0_92/jre/lib/amd64/libzip.so
7f8271507000-7f8271511000 r-xp 00000000 103:03 6030439                   /lib/x86_64-linux-gnu/libnss_files-2.19.so
7f8271511000-7f8271710000 ---p 0000a000 103:03 6030439                   /lib/x86_64-linux-gnu/libnss_files-2.19.so
7f8271710000-7f8271711000 r--p 00009000 103:03 6030439                   /lib/x86_64-linux-gnu/libnss_files-2.19.so
7f8271711000-7f8271712000 rw-p 0000a000 103:03 6030439                   /lib/x86_64-linux-gnu/libnss_files-2.19.so
7f8271712000-7f827171d000 r-xp 00000000 103:03 6030424                   /lib/x86_64-linux-gnu/libnss_nis-2.19.so
7f827171d000-7f827191c000 ---p 0000b000 103:03 6030424                   /lib/x86_64-linux-gnu/libnss_nis-2.19.so
7f827191c000-7f827191d000 r--p 0000a000 103:03 6030424                   /lib/x86_64-linux-gnu/libnss_nis-2.19.so
7f827191d000-7f827191e000 rw-p 0000b000 103:03 6030424                   /lib/x86_64-linux-gnu/libnss_nis-2.19.so
7f827191e000-7f8271935000 r-xp 00000000 103:03 6030416                   /lib/x86_64-linux-gnu/libnsl-2.19.so
7f8271935000-7f8271b34000 ---p 00017000 103:03 6030416                   /lib/x86_64-linux-gnu/libnsl-2.19.so
7f8271b34000-7f8271b35000 r--p 00016000 103:03 6030416                   /lib/x86_64-linux-gnu/libnsl-2.19.so
7f8271b35000-7f8271b36000 rw-p 00017000 103:03 6030416                   /lib/x86_64-linux-gnu/libnsl-2.19.so
7f8271b36000-7f8271b38000 rw-p 00000000 00:00 0 
7f8271b38000-7f8271b41000 r-xp 00000000 103:03 6030414                   /lib/x86_64-linux-gnu/libnss_compat-2.19.so
7f8271b41000-7f8271d40000 ---p 00009000 103:03 6030414                   /lib/x86_64-linux-gnu/libnss_compat-2.19.so
7f8271d40000-7f8271d41000 r--p 00008000 103:03 6030414                   /lib/x86_64-linux-gnu/libnss_compat-2.19.so
7f8271d41000-7f8271d42000 rw-p 00009000 103:03 6030414                   /lib/x86_64-linux-gnu/libnss_compat-2.19.so
7f8271d42000-7f8271d6c000 r-xp 00000000 08:01 6138                       /media/ben/STOCK/SOFTWARE/jdk1.8.0_92/jre/lib/amd64/libjava.so
7f8271d6c000-7f8271f6c000 ---p 0002a000 08:01 6138                       /media/ben/STOCK/SOFTWARE/jdk1.8.0_92/jre/lib/amd64/libjava.so
7f8271f6c000-7f8271f6e000 rw-p 0002a000 08:01 6138                       /media/ben/STOCK/SOFTWARE/jdk1.8.0_92/jre/lib/amd64/libjava.so
7f8271f6e000-7f8271f7b000 r-xp 00000000 08:01 6142                       /media/ben/STOCK/SOFTWARE/jdk1.8.0_92/jre/lib/amd64/libverify.so
7f8271f7b000-7f827217b000 ---p 0000d000 08:01 6142                       /media/ben/STOCK/SOFTWARE/jdk1.8.0_92/jre/lib/amd64/libverify.so
7f827217b000-7f827217d000 rw-p 0000d000 08:01 6142                       /media/ben/STOCK/SOFTWARE/jdk1.8.0_92/jre/lib/amd64/libverify.so
7f827217d000-7f8272184000 r-xp 00000000 103:03 6030432                   /lib/x86_64-linux-gnu/librt-2.19.so
7f8272184000-7f8272383000 ---p 00007000 103:03 6030432                   /lib/x86_64-linux-gnu/librt-2.19.so
7f8272383000-7f8272384000 r--p 00006000 103:03 6030432                   /lib/x86_64-linux-gnu/librt-2.19.so
7f8272384000-7f8272385000 rw-p 00007000 103:03 6030432                   /lib/x86_64-linux-gnu/librt-2.19.so
7f8272385000-7f827248a000 r-xp 00000000 103:03 6029643                   /lib/x86_64-linux-gnu/libm-2.19.so
7f827248a000-7f8272689000 ---p 00105000 103:03 6029643                   /lib/x86_64-linux-gnu/libm-2.19.so
7f8272689000-7f827268a000 r--p 00104000 103:03 6029643                   /lib/x86_64-linux-gnu/libm-2.19.so
7f827268a000-7f827268b000 rw-p 00105000 103:03 6029643                   /lib/x86_64-linux-gnu/libm-2.19.so
7f827268b000-7f827334e000 r-xp 00000000 08:01 6121                       /media/ben/STOCK/SOFTWARE/jdk1.8.0_92/jre/lib/amd64/server/libjvm.so
7f827334e000-7f827354d000 ---p 00cc3000 08:01 6121                       /media/ben/STOCK/SOFTWARE/jdk1.8.0_92/jre/lib/amd64/server/libjvm.so
7f827354d000-7f8273626000 rw-p 00cc2000 08:01 6121                       /media/ben/STOCK/SOFTWARE/jdk1.8.0_92/jre/lib/amd64/server/libjvm.so
7f8273626000-7f8273671000 rw-p 00000000 00:00 0 
7f8273671000-7f827382b000 r-xp 00000000 103:03 6030434                   /lib/x86_64-linux-gnu/libc-2.19.so
7f827382b000-7f8273a2b000 ---p 001ba000 103:03 6030434                   /lib/x86_64-linux-gnu/libc-2.19.so
7f8273a2b000-7f8273a2f000 r--p 001ba000 103:03 6030434                   /lib/x86_64-linux-gnu/libc-2.19.so
7f8273a2f000-7f8273a31000 rw-p 001be000 103:03 6030434                   /lib/x86_64-linux-gnu/libc-2.19.so
7f8273a31000-7f8273a36000 rw-p 00000000 00:00 0 
7f8273a36000-7f8273a39000 r-xp 00000000 103:03 6029647                   /lib/x86_64-linux-gnu/libdl-2.19.so
7f8273a39000-7f8273c38000 ---p 00003000 103:03 6029647                   /lib/x86_64-linux-gnu/libdl-2.19.so
7f8273c38000-7f8273c39000 r--p 00002000 103:03 6029647                   /lib/x86_64-linux-gnu/libdl-2.19.so
7f8273c39000-7f8273c3a000 rw-p 00003000 103:03 6029647                   /lib/x86_64-linux-gnu/libdl-2.19.so
7f8273c3a000-7f8273c4f000 r-xp 00000000 08:01 5756                       /media/ben/STOCK/SOFTWARE/jdk1.8.0_92/lib/amd64/jli/libjli.so
7f8273c4f000-7f8273e4f000 ---p 00015000 08:01 5756                       /media/ben/STOCK/SOFTWARE/jdk1.8.0_92/lib/amd64/jli/libjli.so
7f8273e4f000-7f8273e50000 rw-p 00015000 08:01 5756                       /media/ben/STOCK/SOFTWARE/jdk1.8.0_92/lib/amd64/jli/libjli.so
7f8273e50000-7f8273e69000 r-xp 00000000 103:03 6030418                   /lib/x86_64-linux-gnu/libpthread-2.19.so
7f8273e69000-7f8274068000 ---p 00019000 103:03 6030418                   /lib/x86_64-linux-gnu/libpthread-2.19.so
7f8274068000-7f8274069000 r--p 00018000 103:03 6030418                   /lib/x86_64-linux-gnu/libpthread-2.19.so
7f8274069000-7f827406a000 rw-p 00019000 103:03 6030418                   /lib/x86_64-linux-gnu/libpthread-2.19.so
7f827406a000-7f827406e000 rw-p 00000000 00:00 0 
7f827406e000-7f8274091000 r-xp 00000000 103:03 6030420                   /lib/x86_64-linux-gnu/ld-2.19.so
7f8274092000-7f8274093000 rw-p 00000000 00:00 0 
7f8274093000-7f8274094000 r--p 00000000 103:03 26884509                  /usr/share/locale-langpack/en_GB/LC_MESSAGES/libc.mo
7f8274094000-7f8274096000 r--s 00001000 08:01 20739                      /media/ben/STOCK/SOURCES/java_libraries/OpenCSV/OpenCSV/opencsv-1.8.jar
7f8274096000-7f8274168000 rw-p 00000000 00:00 0 
7f8274168000-7f827416b000 ---p 00000000 00:00 0 
7f827416b000-7f827426d000 rw-p 00000000 00:00 0 
7f827426d000-7f827426e000 r--s 00002000 08:01 23833                      /media/ben/STOCK/SOURCES/java_libraries/GradientPainter/grad.jar
7f827426e000-7f8274271000 r--s 00011000 103:03 18222476                  /home/ben/jfreechart/lib/servlet.jar
7f8274271000-7f8274273000 r--s 0000f000 103:03 18222475                  /home/ben/jfreechart/lib/orsonpdf-1.7.jar
7f8274273000-7f8274279000 r--s 00036000 103:03 18222474                  /home/ben/jfreechart/lib/junit-4.11.jar
7f8274279000-7f827427b000 r--s 00008000 103:03 18222473                  /home/ben/jfreechart/lib/jfreesvg-3.0.jar
7f827427b000-7f8274281000 r--s 0004b000 103:03 18222472                  /home/ben/jfreechart/lib/jcommon-1.0.23.jar
7f8274281000-7f8274283000 r--s 00009000 103:03 18222471                  /home/ben/jfreechart/lib/hamcrest-core-1.3.jar
7f8274283000-7f8274284000 r--s 00004000 103:03 18222470                  /home/ben/jfreechart/lib/fxgraphics2d-1.3.jar
7f8274284000-7f827428c000 rw-s 00000000 103:03 26635086                  /tmp/hsperfdata_ben/7945
7f827428c000-7f827428d000 rw-p 00000000 00:00 0 
7f827428d000-7f827428e000 ---p 00000000 00:00 0 
7f827428e000-7f8274290000 rw-p 00000000 00:00 0 
7f8274290000-7f8274291000 r--p 00022000 103:03 6030420                   /lib/x86_64-linux-gnu/ld-2.19.so
7f8274291000-7f8274292000 rw-p 00023000 103:03 6030420                   /lib/x86_64-linux-gnu/ld-2.19.so
7f8274292000-7f8274293000 rw-p 00000000 00:00 0 
7ffeb21a5000-7ffeb21c6000 rw-p 00000000 00:00 0                          [stack]
7ffeb21f1000-7ffeb21f3000 r--p 00000000 00:00 0                          [vvar]
7ffeb21f3000-7ffeb21f5000 r-xp 00000000 00:00 0                          [vdso]
ffffffffff600000-ffffffffff601000 r-xp 00000000 00:00 0                  [vsyscall]

VM Arguments:
jvm_args: -Dfile.encoding=UTF-8 -Xms25000m -Xmx60000m 
java_command: main.Main_pplacer_demoset
java_class_path (initial): /home/ben/jfreechart/lib/fxgraphics2d-1.3.jar:/home/ben/jfreechart/lib/hamcrest-core-1.3.jar:/home/ben/jfreechart/lib/jcommon-1.0.23.jar:/home/ben/jfreechart/lib/jfreesvg-3.0.jar:/home/ben/jfreechart/lib/junit-4.11.jar:/home/ben/jfreechart/lib/orsonpdf-1.7.jar:/home/ben/jfreechart/lib/servlet.jar:/home/ben/jfreechart/target/jfreechart-1.5.0-SNAPSHOT.jar:/media/ben/STOCK/SOURCES/java_libraries/GradientPainter/grad.jar:/media/ben/STOCK/SOURCES/java_libraries/OpenCSV/OpenCSV/opencsv-1.8.jar:/media/ben/STOCK/SOURCES/NetBeansProjects/ViromePlacer/build/classes
Launcher Type: SUN_STANDARD

Environment Variables:
PATH=/usr/local/sbin:/usr/local/bin:/usr/sbin:/usr/bin:/sbin:/bin:/usr/games:/usr/local/games
LD_LIBRARY_PATH=/media/ben/STOCK/SOFTWARE/jdk1.8.0_92/jre/lib/amd64:/media/ben/STOCK/SOFTWARE/jdk1.8.0_92/jre/lib/i386:
SHELL=/bin/bash
DISPLAY=:0

Signal Handlers:
SIGSEGV: [libjvm.so+0xabdee0], sa_mask[0]=11111111011111111101111111111110, sa_flags=SA_RESTART|SA_SIGINFO
SIGBUS: [libjvm.so+0xabdee0], sa_mask[0]=11111111011111111101111111111110, sa_flags=SA_RESTART|SA_SIGINFO
SIGFPE: [libjvm.so+0x91a580], sa_mask[0]=11111111011111111101111111111110, sa_flags=SA_RESTART|SA_SIGINFO
SIGPIPE: [libjvm.so+0x91a580], sa_mask[0]=11111111011111111101111111111110, sa_flags=SA_RESTART|SA_SIGINFO
SIGXFSZ: [libjvm.so+0x91a580], sa_mask[0]=11111111011111111101111111111110, sa_flags=SA_RESTART|SA_SIGINFO
SIGILL: [libjvm.so+0x91a580], sa_mask[0]=11111111011111111101111111111110, sa_flags=SA_RESTART|SA_SIGINFO
SIGUSR1: SIG_DFL, sa_mask[0]=00000000000000000000000000000000, sa_flags=none
SIGUSR2: [libjvm.so+0x91bbb0], sa_mask[0]=00100000000000000000000000000000, sa_flags=SA_RESTART|SA_SIGINFO
SIGHUP: [libjvm.so+0x91cfb0], sa_mask[0]=11111111011111111101111111111110, sa_flags=SA_RESTART|SA_SIGINFO
SIGINT: SIG_IGN, sa_mask[0]=00000000000000000000000000000000, sa_flags=none
SIGTERM: [libjvm.so+0x91cfb0], sa_mask[0]=11111111011111111101111111111110, sa_flags=SA_RESTART|SA_SIGINFO
SIGQUIT: [libjvm.so+0x91cfb0], sa_mask[0]=11111111011111111101111111111110, sa_flags=SA_RESTART|SA_SIGINFO


---------------  S Y S T E M  ---------------

OS:DISTRIB_ID=Ubuntu
DISTRIB_RELEASE=14.04
DISTRIB_CODENAME=trusty
DISTRIB_DESCRIPTION="Ubuntu 14.04.5 LTS"

uname:Linux 3.19.0-69-generic #77~14.04.1-Ubuntu SMP Tue Aug 30 01:29:21 UTC 2016 x86_64
libc:glibc 2.19 NPTL 2.19 
rlimit: STACK 8192k, CORE 0k, NPROC 256371, NOFILE 4096, AS infinity
load average:5,12 3,79 4,56

/proc/meminfo:
MemTotal:       65900052 kB
MemFree:          528288 kB
MemAvailable:    6948332 kB
Buffers:         3954744 kB
Cached:          2545576 kB
SwapCached:            0 kB
Active:         61972332 kB
Inactive:        2577896 kB
Active(anon):   58053824 kB
Inactive(anon):   142388 kB
Active(file):    3918508 kB
Inactive(file):  2435508 kB
Unevictable:         548 kB
Mlocked:             548 kB
SwapTotal:             0 kB
SwapFree:              0 kB
Dirty:               388 kB
Writeback:             0 kB
AnonPages:      58050592 kB
Mapped:           619544 kB
Shmem:            146192 kB
Slab:             394880 kB
SReclaimable:     319444 kB
SUnreclaim:        75436 kB
KernelStack:       14736 kB
PageTables:       168512 kB
NFS_Unstable:          0 kB
Bounce:                0 kB
WritebackTmp:          0 kB
CommitLimit:    32950024 kB
Committed_AS:   76703016 kB
VmallocTotal:   34359738367 kB
VmallocUsed:      420044 kB
VmallocChunk:   34359314428 kB
HardwareCorrupted:     0 kB
AnonHugePages:  44294144 kB
CmaTotal:              0 kB
CmaFree:               0 kB
HugePages_Total:       0
HugePages_Free:        0
HugePages_Rsvd:        0
HugePages_Surp:        0
Hugepagesize:       2048 kB
DirectMap4k:    12863144 kB
DirectMap2M:    53118976 kB
DirectMap1G:     2097152 kB


CPU:total 8 (4 cores per cpu, 2 threads per core) family 6 model 94 stepping 3, cmov, cx8, fxsr, mmx, sse, sse2, sse3, ssse3, sse4.1, sse4.2, popcnt, avx, avx2, aes, clmul, erms, rtm, 3dnowpref, lzcnt, ht, tsc, tscinvbit, bmi1, bmi2, adx

/proc/cpuinfo:
processor	: 0
vendor_id	: GenuineIntel
cpu family	: 6
model		: 94
model name	: Intel(R) Core(TM) i7-6700 CPU @ 3.40GHz
stepping	: 3
microcode	: 0x74
cpu MHz		: 1200.000
cache size	: 8192 KB
physical id	: 0
siblings	: 8
core id		: 0
cpu cores	: 4
apicid		: 0
initial apicid	: 0
fpu		: yes
fpu_exception	: yes
cpuid level	: 22
wp		: yes
flags		: fpu vme de pse tsc msr pae mce cx8 apic sep mtrr pge mca cmov pat pse36 clflush dts acpi mmx fxsr sse sse2 ss ht tm pbe syscall nx pdpe1gb rdtscp lm constant_tsc arch_perfmon pebs bts rep_good nopl xtopology nonstop_tsc aperfmperf eagerfpu pni pclmulqdq dtes64 monitor ds_cpl vmx smx est tm2 ssse3 fma cx16 xtpr pdcm pcid sse4_1 sse4_2 x2apic movbe popcnt tsc_deadline_timer aes xsave avx f16c rdrand lahf_lm abm 3dnowprefetch ida arat epb pln pts dtherm hwp hwp_noitfy hwp_act_window hwp_epp tpr_shadow vnmi flexpriority ept vpid fsgsbase tsc_adjust bmi1 hle avx2 smep bmi2 erms invpcid rtm mpx rdseed adx smap clflushopt xsaveopt xsavec xgetbv1
bugs		:
bogomips	: 6812.99
clflush size	: 64
cache_alignment	: 64
address sizes	: 39 bits physical, 48 bits virtual
power management:

processor	: 1
vendor_id	: GenuineIntel
cpu family	: 6
model		: 94
model name	: Intel(R) Core(TM) i7-6700 CPU @ 3.40GHz
stepping	: 3
microcode	: 0x74
cpu MHz		: 1500.000
cache size	: 8192 KB
physical id	: 0
siblings	: 8
core id		: 1
cpu cores	: 4
apicid		: 2
initial apicid	: 2
fpu		: yes
fpu_exception	: yes
cpuid level	: 22
wp		: yes
flags		: fpu vme de pse tsc msr pae mce cx8 apic sep mtrr pge mca cmov pat pse36 clflush dts acpi mmx fxsr sse sse2 ss ht tm pbe syscall nx pdpe1gb rdtscp lm constant_tsc arch_perfmon pebs bts rep_good nopl xtopology nonstop_tsc aperfmperf eagerfpu pni pclmulqdq dtes64 monitor ds_cpl vmx smx est tm2 ssse3 fma cx16 xtpr pdcm pcid sse4_1 sse4_2 x2apic movbe popcnt tsc_deadline_timer aes xsave avx f16c rdrand lahf_lm abm 3dnowprefetch ida arat epb pln pts dtherm hwp hwp_noitfy hwp_act_window hwp_epp tpr_shadow vnmi flexpriority ept vpid fsgsbase tsc_adjust bmi1 hle avx2 smep bmi2 erms invpcid rtm mpx rdseed adx smap clflushopt xsaveopt xsavec xgetbv1
bugs		:
bogomips	: 6812.99
clflush size	: 64
cache_alignment	: 64
address sizes	: 39 bits physical, 48 bits virtual
power management:

processor	: 2
vendor_id	: GenuineIntel
cpu family	: 6
model		: 94
model name	: Intel(R) Core(TM) i7-6700 CPU @ 3.40GHz
stepping	: 3
microcode	: 0x74
cpu MHz		: 3400.000
cache size	: 8192 KB
physical id	: 0
siblings	: 8
core id		: 2
cpu cores	: 4
apicid		: 4
initial apicid	: 4
fpu		: yes
fpu_exception	: yes
cpuid level	: 22
wp		: yes
flags		: fpu vme de pse tsc msr pae mce cx8 apic sep mtrr pge mca cmov pat pse36 clflush dts acpi mmx fxsr sse sse2 ss ht tm pbe syscall nx pdpe1gb rdtscp lm constant_tsc arch_perfmon pebs bts rep_good nopl xtopology nonstop_tsc aperfmperf eagerfpu pni pclmulqdq dtes64 monitor ds_cpl vmx smx est tm2 ssse3 fma cx16 xtpr pdcm pcid sse4_1 sse4_2 x2apic movbe popcnt tsc_deadline_timer aes xsave avx f16c rdrand lahf_lm abm 3dnowprefetch ida arat epb pln pts dtherm hwp hwp_noitfy hwp_act_window hwp_epp tpr_shadow vnmi flexpriority ept vpid fsgsbase tsc_adjust bmi1 hle avx2 smep bmi2 erms invpcid rtm mpx rdseed adx smap clflushopt xsaveopt xsavec xgetbv1
bugs		:
bogomips	: 6812.99
clflush size	: 64
cache_alignment	: 64
address sizes	: 39 bits physical, 48 bits virtual
power management:

processor	: 3
vendor_id	: GenuineIntel
cpu family	: 6
model		: 94
model name	: Intel(R) Core(TM) i7-6700 CPU @ 3.40GHz
stepping	: 3
microcode	: 0x74
cpu MHz		: 1400.000
cache size	: 8192 KB
physical id	: 0
siblings	: 8
core id		: 3
cpu cores	: 4
apicid		: 6
initial apicid	: 6
fpu		: yes
fpu_exception	: yes
cpuid level	: 22
wp		: yes
flags		: fpu vme de pse tsc msr pae mce cx8 apic sep mtrr pge mca cmov pat pse36 clflush dts acpi mmx fxsr sse sse2 ss ht tm pbe syscall nx pdpe1gb rdtscp lm constant_tsc arch_perfmon pebs bts rep_good nopl xtopology nonstop_tsc aperfmperf eagerfpu pni pclmulqdq dtes64 monitor ds_cpl vmx smx est tm2 ssse3 fma cx16 xtpr pdcm pcid sse4_1 sse4_2 x2apic movbe popcnt tsc_deadline_timer aes xsave avx f16c rdrand lahf_lm abm 3dnowprefetch ida arat epb pln pts dtherm hwp hwp_noitfy hwp_act_window hwp_epp tpr_shadow vnmi flexpriority ept vpid fsgsbase tsc_adjust bmi1 hle avx2 smep bmi2 erms invpcid rtm mpx rdseed adx smap clflushopt xsaveopt xsavec xgetbv1
bugs		:
bogomips	: 6812.99
clflush size	: 64
cache_alignment	: 64
address sizes	: 39 bits physical, 48 bits virtual
power management:

processor	: 4
vendor_id	: GenuineIntel
cpu family	: 6
model		: 94
model name	: Intel(R) Core(TM) i7-6700 CPU @ 3.40GHz
stepping	: 3
microcode	: 0x74
cpu MHz		: 1700.000
cache size	: 8192 KB
physical id	: 0
siblings	: 8
core id		: 0
cpu cores	: 4
apicid		: 1
initial apicid	: 1
fpu		: yes
fpu_exception	: yes
cpuid level	: 22
wp		: yes
flags		: fpu vme de pse tsc msr pae mce cx8 apic sep mtrr pge mca cmov pat pse36 clflush dts acpi mmx fxsr sse sse2 ss ht tm pbe syscall nx pdpe1gb rdtscp lm constant_tsc arch_perfmon pebs bts rep_good nopl xtopology nonstop_tsc aperfmperf eagerfpu pni pclmulqdq dtes64 monitor ds_cpl vmx smx est tm2 ssse3 fma cx16 xtpr pdcm pcid sse4_1 sse4_2 x2apic movbe popcnt tsc_deadline_timer aes xsave avx f16c rdrand lahf_lm abm 3dnowprefetch ida arat epb pln pts dtherm hwp hwp_noitfy hwp_act_window hwp_epp tpr_shadow vnmi flexpriority ept vpid fsgsbase tsc_adjust bmi1 hle avx2 smep bmi2 erms invpcid rtm mpx rdseed adx smap clflushopt xsaveopt xsavec xgetbv1
bugs		:
bogomips	: 6812.99
clflush size	: 64
cache_alignment	: 64
address sizes	: 39 bits physical, 48 bits virtual
power management:

processor	: 5
vendor_id	: GenuineIntel
cpu family	: 6
model		: 94
model name	: Intel(R) Core(TM) i7-6700 CPU @ 3.40GHz
stepping	: 3
microcode	: 0x74
cpu MHz		: 1000.000
cache size	: 8192 KB
physical id	: 0
siblings	: 8
core id		: 1
cpu cores	: 4
apicid		: 3
initial apicid	: 3
fpu		: yes
fpu_exception	: yes
cpuid level	: 22
wp		: yes
flags		: fpu vme de pse tsc msr pae mce cx8 apic sep mtrr pge mca cmov pat pse36 clflush dts acpi mmx fxsr sse sse2 ss ht tm pbe syscall nx pdpe1gb rdtscp lm constant_tsc arch_perfmon pebs bts rep_good nopl xtopology nonstop_tsc aperfmperf eagerfpu pni pclmulqdq dtes64 monitor ds_cpl vmx smx est tm2 ssse3 fma cx16 xtpr pdcm pcid sse4_1 sse4_2 x2apic movbe popcnt tsc_deadline_timer aes xsave avx f16c rdrand lahf_lm abm 3dnowprefetch ida arat epb pln pts dtherm hwp hwp_noitfy hwp_act_window hwp_epp tpr_shadow vnmi flexpriority ept vpid fsgsbase tsc_adjust bmi1 hle avx2 smep bmi2 erms invpcid rtm mpx rdseed adx smap clflushopt xsaveopt xsavec xgetbv1
bugs		:
bogomips	: 6812.99
clflush size	: 64
cache_alignment	: 64
address sizes	: 39 bits physical, 48 bits virtual
power management:

processor	: 6
vendor_id	: GenuineIntel
cpu family	: 6
model		: 94
model name	: Intel(R) Core(TM) i7-6700 CPU @ 3.40GHz
stepping	: 3
microcode	: 0x74
cpu MHz		: 3200.000
cache size	: 8192 KB
physical id	: 0
siblings	: 8
core id		: 2
cpu cores	: 4
apicid		: 5
initial apicid	: 5
fpu		: yes
fpu_exception	: yes
cpuid level	: 22
wp		: yes
flags		: fpu vme de pse tsc msr pae mce cx8 apic sep mtrr pge mca cmov pat pse36 clflush dts acpi mmx fxsr sse sse2 ss ht tm pbe syscall nx pdpe1gb rdtscp lm constant_tsc arch_perfmon pebs bts rep_good nopl xtopology nonstop_tsc aperfmperf eagerfpu pni pclmulqdq dtes64 monitor ds_cpl vmx smx est tm2 ssse3 fma cx16 xtpr pdcm pcid sse4_1 sse4_2 x2apic movbe popcnt tsc_deadline_timer aes xsave avx f16c rdrand lahf_lm abm 3dnowprefetch ida arat epb pln pts dtherm hwp hwp_noitfy hwp_act_window hwp_epp tpr_shadow vnmi flexpriority ept vpid fsgsbase tsc_adjust bmi1 hle avx2 smep bmi2 erms invpcid rtm mpx rdseed adx smap clflushopt xsaveopt xsavec xgetbv1
bugs		:
bogomips	: 6812.99
clflush size	: 64
cache_alignment	: 64
address sizes	: 39 bits physical, 48 bits virtual
power management:

processor	: 7
vendor_id	: GenuineIntel
cpu family	: 6
model		: 94
model name	: Intel(R) Core(TM) i7-6700 CPU @ 3.40GHz
stepping	: 3
microcode	: 0x74
cpu MHz		: 3400.000
cache size	: 8192 KB
physical id	: 0
siblings	: 8
core id		: 3
cpu cores	: 4
apicid		: 7
initial apicid	: 7
fpu		: yes
fpu_exception	: yes
cpuid level	: 22
wp		: yes
flags		: fpu vme de pse tsc msr pae mce cx8 apic sep mtrr pge mca cmov pat pse36 clflush dts acpi mmx fxsr sse sse2 ss ht tm pbe syscall nx pdpe1gb rdtscp lm constant_tsc arch_perfmon pebs bts rep_good nopl xtopology nonstop_tsc aperfmperf eagerfpu pni pclmulqdq dtes64 monitor ds_cpl vmx smx est tm2 ssse3 fma cx16 xtpr pdcm pcid sse4_1 sse4_2 x2apic movbe popcnt tsc_deadline_timer aes xsave avx f16c rdrand lahf_lm abm 3dnowprefetch ida arat epb pln pts dtherm hwp hwp_noitfy hwp_act_window hwp_epp tpr_shadow vnmi flexpriority ept vpid fsgsbase tsc_adjust bmi1 hle avx2 smep bmi2 erms invpcid rtm mpx rdseed adx smap clflushopt xsaveopt xsavec xgetbv1
bugs		:
bogomips	: 6812.99
clflush size	: 64
cache_alignment	: 64
address sizes	: 39 bits physical, 48 bits virtual
power management:



Memory: 4k page, physical 65900052k(528288k free), swap 0k(0k free)

vm_info: Java HotSpot(TM) 64-Bit Server VM (25.92-b14) for linux-amd64 JRE (1.8.0_92-b14), built on Mar 31 2016 21:08:29 by "java_re" with gcc 4.3.0 20080428 (Red Hat 4.3.0-8)

time: Thu Nov  3 13:17:07 2016
elapsed time: 215 seconds (0d 0h 3m 35s)

