#
# There is insufficient memory for the Java Runtime Environment to continue.
# Native memory allocation (mmap) failed to map 19635109888 bytes for committing reserved memory.
# Possible reasons:
#   The system is out of physical RAM or swap space
#   In 32 bit mode, the process size limit was hit
# Possible solutions:
#   Reduce memory load on the system
#   Increase physical memory or swap space
#   Check if swap backing store is full
#   Use 64 bit Java on a 64 bit OS
#   Decrease Java heap size (-Xmx/-Xms)
#   Decrease number of Java threads
#   Decrease Java thread stack sizes (-Xss)
#   Set larger code cache with -XX:ReservedCodeCacheSize=
# This output file may be truncated or incomplete.
#
#  Out of Memory Error (os_linux.cpp:2627), pid=8289, tid=0x00007f354ebca700
#
# JRE version: Java(TM) SE Runtime Environment (8.0_92-b14) (build 1.8.0_92-b14)
# Java VM: Java HotSpot(TM) 64-Bit Server VM (25.92-b14 mixed mode linux-amd64 )
# Failed to write core dump. Core dumps have been disabled. To enable core dumping, try "ulimit -c unlimited" before starting Java again
#

---------------  T H R E A D  ---------------

Current thread (0x00007f4418080000):  VMThread [stack: 0x00007f354eaca000,0x00007f354ebcb000] [id=8303]

Stack: [0x00007f354eaca000,0x00007f354ebcb000],  sp=0x00007f354ebc92e0,  free space=1020k
Native frames: (J=compiled Java code, j=interpreted, Vv=VM code, C=native code)
V  [libjvm.so+0xabd65a]  VMError::report_and_die()+0x2ba
V  [libjvm.so+0x4fb4db]  report_vm_out_of_memory(char const*, int, unsigned long, VMErrorType, char const*)+0x8b
V  [libjvm.so+0x91d713]  os::Linux::commit_memory_impl(char*, unsigned long, bool)+0x103
V  [libjvm.so+0x91dc69]  os::pd_commit_memory(char*, unsigned long, unsigned long, bool)+0x29
V  [libjvm.so+0x917f6a]  os::commit_memory(char*, unsigned long, unsigned long, bool)+0x2a
V  [libjvm.so+0x98c343]  PSVirtualSpace::expand_by(unsigned long)+0x53
V  [libjvm.so+0x97cc00]  PSOldGen::expand(unsigned long)+0x170
V  [libjvm.so+0x97ce0b]  PSOldGen::resize(unsigned long)+0x1cb
V  [libjvm.so+0x984b11]  PSParallelCompact::invoke_no_policy(bool)+0x991
V  [libjvm.so+0x98a46d]  PSScavenge::invoke()+0x1ad
V  [libjvm.so+0x941410]  ParallelScavengeHeap::failed_mem_allocate(unsigned long)+0x70
V  [libjvm.so+0xabf077]  VM_ParallelGCFailedAllocation::doit()+0x97
V  [libjvm.so+0xac6aa5]  VM_Operation::evaluate()+0x55
V  [libjvm.so+0xac4e7a]  VMThread::evaluate_operation(VM_Operation*)+0xba
V  [libjvm.so+0xac51fe]  VMThread::loop()+0x1ce
V  [libjvm.so+0xac5670]  VMThread::run()+0x70
V  [libjvm.so+0x91fad8]  java_start(Thread*)+0x108

VM_Operation (0x00007f441e5b4f60): ParallelGCFailedAllocation, mode: safepoint, requested by thread 0x00007f441800a000


---------------  P R O C E S S  ---------------

Java Threads: ( => current thread )
  0x00007f44182fb000 JavaThread "AWT-XAWT" daemon [_thread_blocked, id=8314, stack(0x00007f3547aef000,0x00007f3547bf0000)]
  0x00007f44182c2800 JavaThread "Java2D Disposer" daemon [_thread_blocked, id=8313, stack(0x00007f354c08b000,0x00007f354c18c000)]
  0x00007f44180d4000 JavaThread "Service Thread" daemon [_thread_blocked, id=8311, stack(0x00007f354dff8000,0x00007f354e0f9000)]
  0x00007f44180c8800 JavaThread "C1 CompilerThread3" daemon [_thread_blocked, id=8310, stack(0x00007f354e0f9000,0x00007f354e1fa000)]
  0x00007f44180c6800 JavaThread "C2 CompilerThread2" daemon [_thread_blocked, id=8309, stack(0x00007f354e1fa000,0x00007f354e2fb000)]
  0x00007f44180c4800 JavaThread "C2 CompilerThread1" daemon [_thread_blocked, id=8308, stack(0x00007f354e2fb000,0x00007f354e3fc000)]
  0x00007f44180c2000 JavaThread "C2 CompilerThread0" daemon [_thread_blocked, id=8307, stack(0x00007f354e3fc000,0x00007f354e4fd000)]
  0x00007f44180c0800 JavaThread "Signal Dispatcher" daemon [_thread_blocked, id=8306, stack(0x00007f354e4fd000,0x00007f354e5fe000)]
  0x00007f441808c000 JavaThread "Finalizer" daemon [_thread_blocked, id=8305, stack(0x00007f354e8c8000,0x00007f354e9c9000)]
  0x00007f4418087800 JavaThread "Reference Handler" daemon [_thread_blocked, id=8304, stack(0x00007f354e9c9000,0x00007f354eaca000)]
  0x00007f441800a000 JavaThread "main" [_thread_blocked, id=8294, stack(0x00007f441e4b7000,0x00007f441e5b8000)]

Other Threads:
=>0x00007f4418080000 VMThread [stack: 0x00007f354eaca000,0x00007f354ebcb000] [id=8303]
  0x00007f44180d6800 WatcherThread [stack: 0x00007f354def7000,0x00007f354dff8000] [id=8312]

VM state:at safepoint (normal execution)

VM Mutex/Monitor currently owned by a thread:  ([mutex/lock_event])
[0x00007f4418005e90] ExpandHeap_lock - owner thread: 0x00007f4418080000
[0x00007f4418006510] Threads_lock - owner thread: 0x00007f4418080000
[0x00007f4418006a10] Heap_lock - owner thread: 0x00007f441800a000

Heap:
 PSYoungGen      total 13866496K, used 0K [0x00007f3f26000000, 0x00007f4408000000, 0x00007f4408000000)
  eden space 12800000K, 0% used [0x00007f3f26000000,0x00007f3f26000000,0x00007f4233400000)
  from space 1066496K, 0% used [0x00007f4233400000,0x00007f4233400000,0x00007f4274580000)
  to   space 1066496K, 0% used [0x00007f43c6e80000,0x00007f43c6e80000,0x00007f4408000000)
 ParOldGen       total 17067008K, used 15870746K [0x00007f3562000000, 0x00007f3973b00000, 0x00007f3f26000000)
  object space 17067008K, 92% used [0x00007f3562000000,0x00007f392aac69d0,0x00007f3973b00000)
 Metaspace       used 10486K, capacity 10868K, committed 11008K, reserved 12288K

Card table byte_map: [0x00007f355aacf000,0x00007f3562000000] byte_map_base: 0x00007ef5bffbf000

Marking Bits: (ParMarkBitMap*) 0x00007f441d9934c0
 Begin Bits: [0x00007f34a2d00000, 0x00007f34dd680000)
 End Bits:   [0x00007f34dd680000, 0x00007f3518000000)

Polling page: 0x00007f441e5dc000

CodeCache: size=245760Kb used=3004Kb max_used=3016Kb free=242755Kb
 bounds [0x00007f44085aa000, 0x00007f44088aa000, 0x00007f44175aa000]
 total_blobs=1194 nmethods=702 adapters=406
 compilation: enabled

Compilation events (10 events):
Event: 30,687 Thread 0x00007f44180c8800  698       3       sun.awt.X11.XToolkit::getDisplay (20 bytes)
Event: 30,687 Thread 0x00007f44180c8800 nmethod 698 0x00007f4408894ad0 code [0x00007f4408894c20, 0x00007f4408894d70]
Event: 42,199 Thread 0x00007f44180c8800  699       3       java.util.concurrent.locks.AbstractQueuedSynchronizer::compareAndSetState (13 bytes)
Event: 42,200 Thread 0x00007f44180c8800 nmethod 699 0x00007f4408898490 code [0x00007f44088985e0, 0x00007f4408898750]
Event: 42,700 Thread 0x00007f44180c8800  700       3       sun.awt.SunToolkit::awtLock (7 bytes)
Event: 42,700 Thread 0x00007f44180c8800 nmethod 700 0x00007f4408897450 code [0x00007f44088975c0, 0x00007f44088978a8]
Event: 42,700 Thread 0x00007f44180c8800  701       3       java.util.concurrent.locks.ReentrantLock::lock (8 bytes)
Event: 42,700 Thread 0x00007f44180c8800 nmethod 701 0x00007f4408897010 code [0x00007f4408897180, 0x00007f44088973a8]
Event: 43,391 Thread 0x00007f44180c6800  702 %     4       java.util.concurrent.ConcurrentHashMap::readObject @ 14 (482 bytes)
Event: 43,397 Thread 0x00007f44180c6800 nmethod 702% 0x00007f440889e650 code [0x00007f440889e800, 0x00007f440889ee28]

GC Heap History (7 events):
Event: 11,223 GC heap before
{Heap before GC invocations=1 (full 0):
 PSYoungGen      total 7466496K, used 6400000K [0x00007f3f26000000, 0x00007f412ed00000, 0x00007f4408000000)
  eden space 6400000K, 100% used [0x00007f3f26000000,0x00007f40aca00000,0x00007f40aca00000)
  from space 1066496K, 0% used [0x00007f40edb80000,0x00007f40edb80000,0x00007f412ed00000)
  to   space 1066496K, 0% used [0x00007f40aca00000,0x00007f40aca00000,0x00007f40edb80000)
 ParOldGen       total 17067008K, used 0K [0x00007f3562000000, 0x00007f3973b00000, 0x00007f3f26000000)
  object space 17067008K, 0% used [0x00007f3562000000,0x00007f3562000000,0x00007f3973b00000)
 Metaspace       used 10481K, capacity 10868K, committed 11008K, reserved 12288K
Event: 13,442 GC heap after
Heap after GC invocations=1 (full 0):
 PSYoungGen      total 7466496K, used 1066481K [0x00007f3f26000000, 0x00007f42b5700000, 0x00007f4408000000)
  eden space 6400000K, 0% used [0x00007f3f26000000,0x00007f3f26000000,0x00007f40aca00000)
  from space 1066496K, 99% used [0x00007f40aca00000,0x00007f40edb7c5c0,0x00007f40edb80000)
  to   space 1066496K, 0% used [0x00007f4274580000,0x00007f4274580000,0x00007f42b5700000)
 ParOldGen       total 17067008K, used 2826460K [0x00007f3562000000, 0x00007f3973b00000, 0x00007f3f26000000)
  object space 17067008K, 16% used [0x00007f3562000000,0x00007f360e837238,0x00007f3973b00000)
 Metaspace       used 10481K, capacity 10868K, committed 11008K, reserved 12288K
}
Event: 22,797 GC heap before
{Heap before GC invocations=2 (full 0):
 PSYoungGen      total 7466496K, used 7466481K [0x00007f3f26000000, 0x00007f42b5700000, 0x00007f4408000000)
  eden space 6400000K, 100% used [0x00007f3f26000000,0x00007f40aca00000,0x00007f40aca00000)
  from space 1066496K, 99% used [0x00007f40aca00000,0x00007f40edb7c5c0,0x00007f40edb80000)
  to   space 1066496K, 0% used [0x00007f4274580000,0x00007f4274580000,0x00007f42b5700000)
 ParOldGen       total 17067008K, used 2826460K [0x00007f3562000000, 0x00007f3973b00000, 0x00007f3f26000000)
  object space 17067008K, 16% used [0x00007f3562000000,0x00007f360e837238,0x00007f3973b00000)
 Metaspace       used 10484K, capacity 10868K, committed 11008K, reserved 12288K
Event: 25,681 GC heap after
Heap after GC invocations=2 (full 0):
 PSYoungGen      total 13866496K, used 1066481K [0x00007f3f26000000, 0x00007f42b5700000, 0x00007f4408000000)
  eden space 12800000K, 0% used [0x00007f3f26000000,0x00007f3f26000000,0x00007f4233400000)
  from space 1066496K, 99% used [0x00007f4274580000,0x00007f42b56fc5c8,0x00007f42b5700000)
  to   space 1066496K, 0% used [0x00007f4233400000,0x00007f4233400000,0x00007f4274580000)
 ParOldGen       total 17067008K, used 7651062K [0x00007f3562000000, 0x00007f3973b00000, 0x00007f3f26000000)
  object space 17067008K, 44% used [0x00007f3562000000,0x00007f3734fbd820,0x00007f3973b00000)
 Metaspace       used 10484K, capacity 10868K, committed 11008K, reserved 12288K
}
Event: 45,320 GC heap before
{Heap before GC invocations=3 (full 0):
 PSYoungGen      total 13866496K, used 13866481K [0x00007f3f26000000, 0x00007f42b5700000, 0x00007f4408000000)
  eden space 12800000K, 100% used [0x00007f3f26000000,0x00007f4233400000,0x00007f4233400000)
  from space 1066496K, 99% used [0x00007f4274580000,0x00007f42b56fc5c8,0x00007f42b5700000)
  to   space 1066496K, 0% used [0x00007f4233400000,0x00007f4233400000,0x00007f4274580000)
 ParOldGen       total 17067008K, used 7651062K [0x00007f3562000000, 0x00007f3973b00000, 0x00007f3f26000000)
  object space 17067008K, 44% used [0x00007f3562000000,0x00007f3734fbd820,0x00007f3973b00000)
 Metaspace       used 10486K, capacity 10868K, committed 11008K, reserved 12288K
Event: 52,132 GC heap after
Heap after GC invocations=3 (full 0):
 PSYoungGen      total 13866496K, used 1066465K [0x00007f3f26000000, 0x00007f4408000000, 0x00007f4408000000)
  eden space 12800000K, 0% used [0x00007f3f26000000,0x00007f3f26000000,0x00007f4233400000)
  from space 1066496K, 99% used [0x00007f4233400000,0x00007f42745785d0,0x00007f4274580000)
  to   space 1066496K, 0% used [0x00007f43c6e80000,0x00007f43c6e80000,0x00007f4408000000)
 ParOldGen       total 17067008K, used 16552856K [0x00007f3562000000, 0x00007f3973b00000, 0x00007f3f26000000)
  object space 17067008K, 96% used [0x00007f3562000000,0x00007f39544e60a0,0x00007f3973b00000)
 Metaspace       used 10486K, capacity 10868K, committed 11008K, reserved 12288K
}
Event: 52,132 GC heap before
{Heap before GC invocations=4 (full 1):
 PSYoungGen      total 13866496K, used 1066465K [0x00007f3f26000000, 0x00007f4408000000, 0x00007f4408000000)
  eden space 12800000K, 0% used [0x00007f3f26000000,0x00007f3f26000000,0x00007f4233400000)
  from space 1066496K, 99% used [0x00007f4233400000,0x00007f42745785d0,0x00007f4274580000)
  to   space 1066496K, 0% used [0x00007f43c6e80000,0x00007f43c6e80000,0x00007f4408000000)
 ParOldGen       total 17067008K, used 16552856K [0x00007f3562000000, 0x00007f3973b00000, 0x00007f3f26000000)
  object space 17067008K, 96% used [0x00007f3562000000,0x00007f39544e60a0,0x00007f3973b00000)
 Metaspace       used 10486K, capacity 10868K, committed 11008K, reserved 12288K

Deoptimization events (10 events):
Event: 1,095 Thread 0x00007f441800a000 Uncommon trap: reason=array_check action=maybe_recompile pc=0x00007f44088491b4 method=java.io.ObjectInputStream.readArray(Z)Ljava/lang/Object; @ 406
Event: 1,097 Thread 0x00007f441800a000 Uncommon trap: reason=array_check action=maybe_recompile pc=0x00007f44088491b4 method=java.io.ObjectInputStream.readArray(Z)Ljava/lang/Object; @ 406
Event: 1,098 Thread 0x00007f441800a000 Uncommon trap: reason=array_check action=maybe_recompile pc=0x00007f44088491b4 method=java.io.ObjectInputStream.readArray(Z)Ljava/lang/Object; @ 406
Event: 1,099 Thread 0x00007f441800a000 Uncommon trap: reason=array_check action=maybe_recompile pc=0x00007f44088491b4 method=java.io.ObjectInputStream.readArray(Z)Ljava/lang/Object; @ 406
Event: 2,643 Thread 0x00007f441800a000 Uncommon trap: reason=unstable_if action=reinterpret pc=0x00007f440884ec8c method=java.io.ObjectStreamClass$FieldReflector.setPrimFieldValues(Ljava/lang/Object;[B)V @ 36
Event: 2,646 Thread 0x00007f441800a000 Uncommon trap: reason=unstable_if action=reinterpret pc=0x00007f440884d740 method=java.io.ObjectStreamClass$FieldReflector.setObjFieldValues(Ljava/lang/Object;[Ljava/lang/Object;)V @ 40
Event: 2,647 Thread 0x00007f441800a000 Uncommon trap: reason=unstable_if action=reinterpret pc=0x00007f440885127c method=java.io.ObjectInputStream.readArray(Z)Ljava/lang/Object; @ 178
Event: 2,647 Thread 0x00007f441800a000 Uncommon trap: reason=predicate action=maybe_recompile pc=0x00007f440884e560 method=java.io.ObjectInputStream$BlockDataInputStream.readFully([BIIZ)V @ 4
Event: 2,647 Thread 0x00007f441800a000 Uncommon trap: reason=unstable_if action=reinterpret pc=0x00007f440884e174 method=java.io.ObjectInputStream$BlockDataInputStream.read([BIIZ)I @ 83
Event: 2,762 Thread 0x00007f441800a000 Uncommon trap: reason=unstable_if action=reinterpret pc=0x00007f4408866a94 method=java.io.ObjectInputStream.defaultReadFields(Ljava/lang/Object;Ljava/io/ObjectStreamClass;)V @ 159

Internal exceptions (10 events):
Event: 0,487 Thread 0x00007f441800a000 Exception <a 'java/io/FileNotFoundException'> (0x00007f3f265f70b8) thrown at [/HUDSON/workspace/8-2-build-linux-amd64/jdk8u92/6642/hotspot/src/share/vm/prims/jni.cpp, line 709]
Event: 0,487 Thread 0x00007f441800a000 Exception <a 'java/io/FileNotFoundException'> (0x00007f3f265f7f40) thrown at [/HUDSON/workspace/8-2-build-linux-amd64/jdk8u92/6642/hotspot/src/share/vm/prims/jni.cpp, line 709]
Event: 0,639 Thread 0x00007f441800a000 Exception <a 'java/lang/NoSuchMethodError': <clinit>> (0x00007f3f267814e0) thrown at [/HUDSON/workspace/8-2-build-linux-amd64/jdk8u92/6642/hotspot/src/share/vm/prims/jni.cpp, line 1613]
Event: 0,653 Thread 0x00007f441800a000 Exception <a 'java/lang/NoSuchMethodError': <clinit>> (0x00007f3f267a7028) thrown at [/HUDSON/workspace/8-2-build-linux-amd64/jdk8u92/6642/hotspot/src/share/vm/prims/jni.cpp, line 1613]
Event: 0,670 Thread 0x00007f441800a000 Exception <a 'java/lang/NoSuchMethodError': <clinit>> (0x00007f3f267cd5a8) thrown at [/HUDSON/workspace/8-2-build-linux-amd64/jdk8u92/6642/hotspot/src/share/vm/prims/jni.cpp, line 1613]
Event: 0,671 Thread 0x00007f441800a000 Exception <a 'java/lang/NoSuchMethodError': <clinit>> (0x00007f3f267d9898) thrown at [/HUDSON/workspace/8-2-build-linux-amd64/jdk8u92/6642/hotspot/src/share/vm/prims/jni.cpp, line 1613]
Event: 0,677 Thread 0x00007f441800a000 Exception <a 'java/lang/NoSuchMethodError': <clinit>> (0x00007f3f26810af8) thrown at [/HUDSON/workspace/8-2-build-linux-amd64/jdk8u92/6642/hotspot/src/share/vm/prims/jni.cpp, line 1613]
Event: 0,678 Thread 0x00007f441800a000 Exception <a 'java/lang/NoSuchMethodError': <clinit>> (0x00007f3f26827f98) thrown at [/HUDSON/workspace/8-2-build-linux-amd64/jdk8u92/6642/hotspot/src/share/vm/prims/jni.cpp, line 1613]
Event: 0,697 Thread 0x00007f441800a000 Exception <a 'java/lang/NoSuchMethodError': <clinit>> (0x00007f3f269c5188) thrown at [/HUDSON/workspace/8-2-build-linux-amd64/jdk8u92/6642/hotspot/src/share/vm/prims/jni.cpp, line 1613]
Event: 0,699 Thread 0x00007f441800a000 Exception <a 'java/lang/NoSuchMethodError': <clinit>> (0x00007f3f269fd938) thrown at [/HUDSON/workspace/8-2-build-linux-amd64/jdk8u92/6642/hotspot/src/share/vm/prims/jni.cpp, line 1613]

Events (10 events):
Event: 5,831 Thread 0x00007f4418311000 Thread exited: 0x00007f4418311000
Event: 7,086 Thread 0x00007f441800a000 DEOPT PACKING pc=0x00007f4408890cb4 sp=0x00007f441e5b5580
Event: 7,086 Thread 0x00007f441800a000 DEOPT UNPACKING pc=0x00007f44085f1633 sp=0x00007f441e5b5350 mode 0
Event: 11,223 Executing VM operation: ParallelGCFailedAllocation
Event: 13,442 Executing VM operation: ParallelGCFailedAllocation done
Event: 15,025 Thread 0x00007f441800a000 DEOPT PACKING pc=0x00007f4408893919 sp=0x00007f441e5b53f0
Event: 15,025 Thread 0x00007f441800a000 DEOPT UNPACKING pc=0x00007f44085f1633 sp=0x00007f441e5b5168 mode 0
Event: 22,797 Executing VM operation: ParallelGCFailedAllocation
Event: 25,681 Executing VM operation: ParallelGCFailedAllocation done
Event: 45,320 Executing VM operation: ParallelGCFailedAllocation


Dynamic libraries:
00400000-00401000 r-xp 00000000 08:01 4290                               /media/ben/STOCK/SOFTWARE/jdk1.8.0_92/bin/java
00600000-00601000 rw-p 00000000 08:01 4290                               /media/ben/STOCK/SOFTWARE/jdk1.8.0_92/bin/java
00e93000-00eb4000 rw-p 00000000 00:00 0                                  [heap]
7f3464000000-7f3464021000 rw-p 00000000 00:00 0 
7f3464021000-7f3468000000 ---p 00000000 00:00 0 
7f3468000000-7f3468911000 rw-p 00000000 00:00 0 
7f3468911000-7f346c000000 ---p 00000000 00:00 0 
7f346c000000-7f346c021000 rw-p 00000000 00:00 0 
7f346c021000-7f3470000000 ---p 00000000 00:00 0 
7f3470000000-7f3470021000 rw-p 00000000 00:00 0 
7f3470021000-7f3474000000 ---p 00000000 00:00 0 
7f3474000000-7f3474021000 rw-p 00000000 00:00 0 
7f3474021000-7f3478000000 ---p 00000000 00:00 0 
7f3478000000-7f3478021000 rw-p 00000000 00:00 0 
7f3478021000-7f347c000000 ---p 00000000 00:00 0 
7f347c000000-7f347c272000 rw-p 00000000 00:00 0 
7f347c272000-7f3480000000 ---p 00000000 00:00 0 
7f3480000000-7f34802d6000 rw-p 00000000 00:00 0 
7f34802d6000-7f3484000000 ---p 00000000 00:00 0 
7f3484000000-7f34846aa000 rw-p 00000000 00:00 0 
7f34846aa000-7f3488000000 ---p 00000000 00:00 0 
7f3488000000-7f34882fc000 rw-p 00000000 00:00 0 
7f34882fc000-7f348c000000 ---p 00000000 00:00 0 
7f348c000000-7f348c021000 rw-p 00000000 00:00 0 
7f348c021000-7f3490000000 ---p 00000000 00:00 0 
7f3490000000-7f3490021000 rw-p 00000000 00:00 0 
7f3490021000-7f3494000000 ---p 00000000 00:00 0 
7f3494000000-7f3494021000 rw-p 00000000 00:00 0 
7f3494021000-7f3498000000 ---p 00000000 00:00 0 
7f349b7d0000-7f3518000000 rw-p 00000000 00:00 0 
7f3518000000-7f3518021000 rw-p 00000000 00:00 0 
7f3518021000-7f351c000000 ---p 00000000 00:00 0 
7f351c000000-7f351c28b000 rw-p 00000000 00:00 0 
7f351c28b000-7f3520000000 ---p 00000000 00:00 0 
7f3520000000-7f3520021000 rw-p 00000000 00:00 0 
7f3520021000-7f3524000000 ---p 00000000 00:00 0 
7f3528000000-7f3528021000 rw-p 00000000 00:00 0 
7f3528021000-7f352c000000 ---p 00000000 00:00 0 
7f3530000000-7f3534000000 rw-p 00000000 00:00 0 
7f3538000000-7f3538021000 rw-p 00000000 00:00 0 
7f3538021000-7f353c000000 ---p 00000000 00:00 0 
7f3540000000-7f3540021000 rw-p 00000000 00:00 0 
7f3540021000-7f3544000000 ---p 00000000 00:00 0 
7f3547146000-7f35471af000 r-xp 00000000 08:01 6112                       /media/ben/STOCK/SOFTWARE/jdk1.8.0_92/jre/lib/amd64/libt2k.so
7f35471af000-7f35473af000 ---p 00069000 08:01 6112                       /media/ben/STOCK/SOFTWARE/jdk1.8.0_92/jre/lib/amd64/libt2k.so
7f35473af000-7f35473b6000 rw-p 00069000 08:01 6112                       /media/ben/STOCK/SOFTWARE/jdk1.8.0_92/jre/lib/amd64/libt2k.so
7f35473b6000-7f35473c6000 rw-p 00000000 00:00 0 
7f35473c6000-7f35473d7000 r-xp 00000000 08:01 6150                       /media/ben/STOCK/SOFTWARE/jdk1.8.0_92/jre/lib/amd64/libnio.so
7f35473d7000-7f35475d6000 ---p 00011000 08:01 6150                       /media/ben/STOCK/SOFTWARE/jdk1.8.0_92/jre/lib/amd64/libnio.so
7f35475d6000-7f35475d7000 rw-p 00010000 08:01 6150                       /media/ben/STOCK/SOFTWARE/jdk1.8.0_92/jre/lib/amd64/libnio.so
7f35475d7000-7f35475ed000 r-xp 00000000 08:01 6147                       /media/ben/STOCK/SOFTWARE/jdk1.8.0_92/jre/lib/amd64/libnet.so
7f35475ed000-7f35477ed000 ---p 00016000 08:01 6147                       /media/ben/STOCK/SOFTWARE/jdk1.8.0_92/jre/lib/amd64/libnet.so
7f35477ed000-7f35477ee000 rw-p 00016000 08:01 6147                       /media/ben/STOCK/SOFTWARE/jdk1.8.0_92/jre/lib/amd64/libnet.so
7f35477ee000-7f35478ae000 rw-p 00000000 00:00 0 
7f35478ae000-7f35479f1000 ---p 00000000 00:00 0 
7f35479f1000-7f3547aef000 rw-p 00000000 00:00 0 
7f3547aef000-7f3547af2000 ---p 00000000 00:00 0 
7f3547af2000-7f3547bf0000 rw-p 00000000 00:00 0 
7f3547bf0000-7f3547bf5000 r-xp 00000000 103:03 25043168                  /usr/lib/x86_64-linux-gnu/libXfixes.so.3.1.0
7f3547bf5000-7f3547df4000 ---p 00005000 103:03 25043168                  /usr/lib/x86_64-linux-gnu/libXfixes.so.3.1.0
7f3547df4000-7f3547df5000 r--p 00004000 103:03 25043168                  /usr/lib/x86_64-linux-gnu/libXfixes.so.3.1.0
7f3547df5000-7f3547df6000 rw-p 00005000 103:03 25043168                  /usr/lib/x86_64-linux-gnu/libXfixes.so.3.1.0
7f3547df6000-7f3547dff000 r-xp 00000000 103:03 25043160                  /usr/lib/x86_64-linux-gnu/libXcursor.so.1.0.2
7f3547dff000-7f3547ffe000 ---p 00009000 103:03 25043160                  /usr/lib/x86_64-linux-gnu/libXcursor.so.1.0.2
7f3547ffe000-7f3547fff000 r--p 00008000 103:03 25043160                  /usr/lib/x86_64-linux-gnu/libXcursor.so.1.0.2
7f3547fff000-7f3548000000 rw-p 00009000 103:03 25043160                  /usr/lib/x86_64-linux-gnu/libXcursor.so.1.0.2
7f3548000000-7f3548021000 rw-p 00000000 00:00 0 
7f3548021000-7f354c000000 ---p 00000000 00:00 0 
7f354c08b000-7f354c08e000 ---p 00000000 00:00 0 
7f354c08e000-7f354c38c000 rw-p 00000000 00:00 0 
7f354c38c000-7f354c3a2000 r-xp 00000000 103:03 6033521                   /lib/x86_64-linux-gnu/libgcc_s.so.1
7f354c3a2000-7f354c5a1000 ---p 00016000 103:03 6033521                   /lib/x86_64-linux-gnu/libgcc_s.so.1
7f354c5a1000-7f354c5a2000 rw-p 00015000 103:03 6033521                   /lib/x86_64-linux-gnu/libgcc_s.so.1
7f354c5a2000-7f354c607000 r-xp 00000000 08:01 6129                       /media/ben/STOCK/SOFTWARE/jdk1.8.0_92/jre/lib/amd64/libfontmanager.so
7f354c607000-7f354c806000 ---p 00065000 08:01 6129                       /media/ben/STOCK/SOFTWARE/jdk1.8.0_92/jre/lib/amd64/libfontmanager.so
7f354c806000-7f354c80b000 rw-p 00064000 08:01 6129                       /media/ben/STOCK/SOFTWARE/jdk1.8.0_92/jre/lib/amd64/libfontmanager.so
7f354c80b000-7f354c81b000 rw-p 00000000 00:00 0 
7f354c81b000-7f354c820000 r-xp 00000000 103:03 25043164                  /usr/lib/x86_64-linux-gnu/libXdmcp.so.6.0.0
7f354c820000-7f354ca1f000 ---p 00005000 103:03 25043164                  /usr/lib/x86_64-linux-gnu/libXdmcp.so.6.0.0
7f354ca1f000-7f354ca20000 r--p 00004000 103:03 25043164                  /usr/lib/x86_64-linux-gnu/libXdmcp.so.6.0.0
7f354ca20000-7f354ca21000 rw-p 00005000 103:03 25043164                  /usr/lib/x86_64-linux-gnu/libXdmcp.so.6.0.0
7f354ca21000-7f354ca23000 r-xp 00000000 103:03 25043153                  /usr/lib/x86_64-linux-gnu/libXau.so.6.0.0
7f354ca23000-7f354cc23000 ---p 00002000 103:03 25043153                  /usr/lib/x86_64-linux-gnu/libXau.so.6.0.0
7f354cc23000-7f354cc24000 r--p 00002000 103:03 25043153                  /usr/lib/x86_64-linux-gnu/libXau.so.6.0.0
7f354cc24000-7f354cc25000 rw-p 00003000 103:03 25043153                  /usr/lib/x86_64-linux-gnu/libXau.so.6.0.0
7f354cc25000-7f354cc42000 r-xp 00000000 103:03 25044276                  /usr/lib/x86_64-linux-gnu/libxcb.so.1.1.0
7f354cc42000-7f354ce42000 ---p 0001d000 103:03 25044276                  /usr/lib/x86_64-linux-gnu/libxcb.so.1.1.0
7f354ce42000-7f354ce43000 r--p 0001d000 103:03 25044276                  /usr/lib/x86_64-linux-gnu/libxcb.so.1.1.0
7f354ce43000-7f354ce44000 rw-p 0001e000 103:03 25044276                  /usr/lib/x86_64-linux-gnu/libxcb.so.1.1.0
7f354ce44000-7f354ce53000 r-xp 00000000 103:03 25043174                  /usr/lib/x86_64-linux-gnu/libXi.so.6.1.0
7f354ce53000-7f354d052000 ---p 0000f000 103:03 25043174                  /usr/lib/x86_64-linux-gnu/libXi.so.6.1.0
7f354d052000-7f354d053000 r--p 0000e000 103:03 25043174                  /usr/lib/x86_64-linux-gnu/libXi.so.6.1.0
7f354d053000-7f354d054000 rw-p 0000f000 103:03 25043174                  /usr/lib/x86_64-linux-gnu/libXi.so.6.1.0
7f354d054000-7f354d059000 r-xp 00000000 103:03 25043194                  /usr/lib/x86_64-linux-gnu/libXtst.so.6.1.0
7f354d059000-7f354d258000 ---p 00005000 103:03 25043194                  /usr/lib/x86_64-linux-gnu/libXtst.so.6.1.0
7f354d258000-7f354d259000 r--p 00004000 103:03 25043194                  /usr/lib/x86_64-linux-gnu/libXtst.so.6.1.0
7f354d259000-7f354d25a000 rw-p 00005000 103:03 25043194                  /usr/lib/x86_64-linux-gnu/libXtst.so.6.1.0
7f354d25a000-7f354d263000 r-xp 00000000 103:03 25043188                  /usr/lib/x86_64-linux-gnu/libXrender.so.1.3.0
7f354d263000-7f354d462000 ---p 00009000 103:03 25043188                  /usr/lib/x86_64-linux-gnu/libXrender.so.1.3.0
7f354d462000-7f354d463000 r--p 00008000 103:03 25043188                  /usr/lib/x86_64-linux-gnu/libXrender.so.1.3.0
7f354d463000-7f354d464000 rw-p 00009000 103:03 25043188                  /usr/lib/x86_64-linux-gnu/libXrender.so.1.3.0
7f354d464000-7f354d594000 r-xp 00000000 103:03 25043149                  /usr/lib/x86_64-linux-gnu/libX11.so.6.3.0
7f354d594000-7f354d794000 ---p 00130000 103:03 25043149                  /usr/lib/x86_64-linux-gnu/libX11.so.6.3.0
7f354d794000-7f354d795000 r--p 00130000 103:03 25043149                  /usr/lib/x86_64-linux-gnu/libX11.so.6.3.0
7f354d795000-7f354d799000 rw-p 00131000 103:03 25043149                  /usr/lib/x86_64-linux-gnu/libX11.so.6.3.0
7f354d799000-7f354d7aa000 r-xp 00000000 103:03 25043166                  /usr/lib/x86_64-linux-gnu/libXext.so.6.4.0
7f354d7aa000-7f354d9a9000 ---p 00011000 103:03 25043166                  /usr/lib/x86_64-linux-gnu/libXext.so.6.4.0
7f354d9a9000-7f354d9aa000 r--p 00010000 103:03 25043166                  /usr/lib/x86_64-linux-gnu/libXext.so.6.4.0
7f354d9aa000-7f354d9ab000 rw-p 00011000 103:03 25043166                  /usr/lib/x86_64-linux-gnu/libXext.so.6.4.0
7f354d9cc000-7f354da20000 r-xp 00000000 08:01 6154                       /media/ben/STOCK/SOFTWARE/jdk1.8.0_92/jre/lib/amd64/libawt_xawt.so
7f354da20000-7f354dc20000 ---p 00054000 08:01 6154                       /media/ben/STOCK/SOFTWARE/jdk1.8.0_92/jre/lib/amd64/libawt_xawt.so
7f354dc20000-7f354dc24000 rw-p 00054000 08:01 6154                       /media/ben/STOCK/SOFTWARE/jdk1.8.0_92/jre/lib/amd64/libawt_xawt.so
7f354dc24000-7f354dc25000 rw-p 00000000 00:00 0 
7f354dc25000-7f354dcc7000 r-xp 00000000 08:01 6140                       /media/ben/STOCK/SOFTWARE/jdk1.8.0_92/jre/lib/amd64/libawt.so
7f354dcc7000-7f354dec7000 ---p 000a2000 08:01 6140                       /media/ben/STOCK/SOFTWARE/jdk1.8.0_92/jre/lib/amd64/libawt.so
7f354dec7000-7f354ded3000 rw-p 000a2000 08:01 6140                       /media/ben/STOCK/SOFTWARE/jdk1.8.0_92/jre/lib/amd64/libawt.so
7f354ded3000-7f354def7000 rw-p 00000000 00:00 0 
7f354def7000-7f354def8000 ---p 00000000 00:00 0 
7f354def8000-7f354dff8000 rw-p 00000000 00:00 0 
7f354dff8000-7f354dffb000 ---p 00000000 00:00 0 
7f354dffb000-7f354e0f9000 rw-p 00000000 00:00 0 
7f354e0f9000-7f354e0fc000 ---p 00000000 00:00 0 
7f354e0fc000-7f354e1fa000 rw-p 00000000 00:00 0 
7f354e1fa000-7f354e1fd000 ---p 00000000 00:00 0 
7f354e1fd000-7f354e2fb000 rw-p 00000000 00:00 0 
7f354e2fb000-7f354e2fe000 ---p 00000000 00:00 0 
7f354e2fe000-7f354e3fc000 rw-p 00000000 00:00 0 
7f354e3fc000-7f354e3ff000 ---p 00000000 00:00 0 
7f354e3ff000-7f354e4fd000 rw-p 00000000 00:00 0 
7f354e4fd000-7f354e500000 ---p 00000000 00:00 0 
7f354e500000-7f354e5fe000 rw-p 00000000 00:00 0 
7f354e5fe000-7f354e8c8000 r--p 00000000 103:03 25041777                  /usr/lib/locale/locale-archive
7f354e8c8000-7f354e8cb000 ---p 00000000 00:00 0 
7f354e8cb000-7f354e9c9000 rw-p 00000000 00:00 0 
7f354e9c9000-7f354e9cc000 ---p 00000000 00:00 0 
7f354e9cc000-7f354eaca000 rw-p 00000000 00:00 0 
7f354eaca000-7f354eacb000 ---p 00000000 00:00 0 
7f354eacb000-7f3550000000 rw-p 00000000 00:00 0 
7f3550000000-7f3550021000 rw-p 00000000 00:00 0 
7f3550021000-7f3554000000 ---p 00000000 00:00 0 
7f3554000000-7f3554013000 r--s 00344000 08:01 5979                       /media/ben/STOCK/SOFTWARE/jdk1.8.0_92/jre/lib/resources.jar
7f3554013000-7f355473b000 rw-p 00000000 00:00 0 
7f355473b000-7f3554914000 r--s 03d24000 08:01 5941                       /media/ben/STOCK/SOFTWARE/jdk1.8.0_92/jre/lib/rt.jar
7f3554914000-7f35555a8000 rw-p 00000000 00:00 0 
7f35555a8000-7f35555a9000 ---p 00000000 00:00 0 
7f35555a9000-7f35556a9000 rw-p 00000000 00:00 0 
7f35556a9000-7f35556aa000 ---p 00000000 00:00 0 
7f35556aa000-7f35557aa000 rw-p 00000000 00:00 0 
7f35557aa000-7f35557ab000 ---p 00000000 00:00 0 
7f35557ab000-7f35558ab000 rw-p 00000000 00:00 0 
7f35558ab000-7f35558ac000 ---p 00000000 00:00 0 
7f35558ac000-7f35559ac000 rw-p 00000000 00:00 0 
7f35559ac000-7f35559ad000 ---p 00000000 00:00 0 
7f35559ad000-7f3555aad000 rw-p 00000000 00:00 0 
7f3555aad000-7f3555aae000 ---p 00000000 00:00 0 
7f3555aae000-7f3555bae000 rw-p 00000000 00:00 0 
7f3555bae000-7f3555baf000 ---p 00000000 00:00 0 
7f3555baf000-7f3557d3d000 rw-p 00000000 00:00 0 
7f3557d3d000-7f355aacf000 ---p 00000000 00:00 0 
7f355aacf000-7f355cb5d000 rw-p 00000000 00:00 0 
7f355cb5d000-7f355f8ef000 ---p 00000000 00:00 0 
7f355f8ef000-7f3561fff000 rw-p 00000000 00:00 0 
7f3561fff000-7f3973b00000 rw-p 00000000 00:00 0 
7f3e06080000-7f3f26000000 ---p 00000000 00:00 0 
7f3f26000000-7f4408000000 rw-p 00000000 00:00 0 
7f4408002000-7f44080e9000 rw-p 00000000 00:00 0 
7f44080e9000-7f44080ea000 ---p 00000000 00:00 0 
7f44080ea000-7f44081f6000 rw-p 00000000 00:00 0 
7f44081f6000-7f44085aa000 ---p 00000000 00:00 0 
7f44085aa000-7f44088aa000 rwxp 00000000 00:00 0 
7f44088aa000-7f44175aa000 ---p 00000000 00:00 0 
7f44175aa000-7f44175c4000 r-xp 00000000 08:01 6143                       /media/ben/STOCK/SOFTWARE/jdk1.8.0_92/jre/lib/amd64/libzip.so
7f44175c4000-7f44177c4000 ---p 0001a000 08:01 6143                       /media/ben/STOCK/SOFTWARE/jdk1.8.0_92/jre/lib/amd64/libzip.so
7f44177c4000-7f44177c5000 rw-p 0001a000 08:01 6143                       /media/ben/STOCK/SOFTWARE/jdk1.8.0_92/jre/lib/amd64/libzip.so
7f44177c5000-7f44177cf000 r-xp 00000000 103:03 6030439                   /lib/x86_64-linux-gnu/libnss_files-2.19.so
7f44177cf000-7f44179ce000 ---p 0000a000 103:03 6030439                   /lib/x86_64-linux-gnu/libnss_files-2.19.so
7f44179ce000-7f44179cf000 r--p 00009000 103:03 6030439                   /lib/x86_64-linux-gnu/libnss_files-2.19.so
7f44179cf000-7f44179d0000 rw-p 0000a000 103:03 6030439                   /lib/x86_64-linux-gnu/libnss_files-2.19.so
7f44179d0000-7f44179db000 r-xp 00000000 103:03 6030424                   /lib/x86_64-linux-gnu/libnss_nis-2.19.so
7f44179db000-7f4417bda000 ---p 0000b000 103:03 6030424                   /lib/x86_64-linux-gnu/libnss_nis-2.19.so
7f4417bda000-7f4417bdb000 r--p 0000a000 103:03 6030424                   /lib/x86_64-linux-gnu/libnss_nis-2.19.so
7f4417bdb000-7f4417bdc000 rw-p 0000b000 103:03 6030424                   /lib/x86_64-linux-gnu/libnss_nis-2.19.so
7f4417bdc000-7f4417bf3000 r-xp 00000000 103:03 6030416                   /lib/x86_64-linux-gnu/libnsl-2.19.so
7f4417bf3000-7f4417df2000 ---p 00017000 103:03 6030416                   /lib/x86_64-linux-gnu/libnsl-2.19.so
7f4417df2000-7f4417df3000 r--p 00016000 103:03 6030416                   /lib/x86_64-linux-gnu/libnsl-2.19.so
7f4417df3000-7f4417df4000 rw-p 00017000 103:03 6030416                   /lib/x86_64-linux-gnu/libnsl-2.19.so
7f4417df4000-7f4417df6000 rw-p 00000000 00:00 0 
7f4417df6000-7f4417dff000 r-xp 00000000 103:03 6030414                   /lib/x86_64-linux-gnu/libnss_compat-2.19.so
7f4417dff000-7f4417ffe000 ---p 00009000 103:03 6030414                   /lib/x86_64-linux-gnu/libnss_compat-2.19.so
7f4417ffe000-7f4417fff000 r--p 00008000 103:03 6030414                   /lib/x86_64-linux-gnu/libnss_compat-2.19.so
7f4417fff000-7f4418000000 rw-p 00009000 103:03 6030414                   /lib/x86_64-linux-gnu/libnss_compat-2.19.so
7f4418000000-7f4418474000 rw-p 00000000 00:00 0 
7f4418474000-7f441c000000 ---p 00000000 00:00 0 
7f441c000000-7f441c004000 r--s 00097000 08:01 5993                       /media/ben/STOCK/SOFTWARE/jdk1.8.0_92/jre/lib/jsse.jar
7f441c004000-7f441c009000 r--s 002f9000 08:01 5939                       /media/ben/STOCK/SOFTWARE/jdk1.8.0_92/jre/lib/charsets.jar
7f441c009000-7f441c01b000 r--s 0017d000 103:03 18235588                  /home/ben/jfreechart/target/jfreechart-1.5.0-SNAPSHOT.jar
7f441c01b000-7f441c091000 rw-p 00000000 00:00 0 
7f441c091000-7f441c0bb000 r-xp 00000000 08:01 6138                       /media/ben/STOCK/SOFTWARE/jdk1.8.0_92/jre/lib/amd64/libjava.so
7f441c0bb000-7f441c2bb000 ---p 0002a000 08:01 6138                       /media/ben/STOCK/SOFTWARE/jdk1.8.0_92/jre/lib/amd64/libjava.so
7f441c2bb000-7f441c2bd000 rw-p 0002a000 08:01 6138                       /media/ben/STOCK/SOFTWARE/jdk1.8.0_92/jre/lib/amd64/libjava.so
7f441c2bd000-7f441c2ca000 r-xp 00000000 08:01 6142                       /media/ben/STOCK/SOFTWARE/jdk1.8.0_92/jre/lib/amd64/libverify.so
7f441c2ca000-7f441c4ca000 ---p 0000d000 08:01 6142                       /media/ben/STOCK/SOFTWARE/jdk1.8.0_92/jre/lib/amd64/libverify.so
7f441c4ca000-7f441c4cc000 rw-p 0000d000 08:01 6142                       /media/ben/STOCK/SOFTWARE/jdk1.8.0_92/jre/lib/amd64/libverify.so
7f441c4cc000-7f441c4d3000 r-xp 00000000 103:03 6030432                   /lib/x86_64-linux-gnu/librt-2.19.so
7f441c4d3000-7f441c6d2000 ---p 00007000 103:03 6030432                   /lib/x86_64-linux-gnu/librt-2.19.so
7f441c6d2000-7f441c6d3000 r--p 00006000 103:03 6030432                   /lib/x86_64-linux-gnu/librt-2.19.so
7f441c6d3000-7f441c6d4000 rw-p 00007000 103:03 6030432                   /lib/x86_64-linux-gnu/librt-2.19.so
7f441c6d4000-7f441c7d9000 r-xp 00000000 103:03 6029643                   /lib/x86_64-linux-gnu/libm-2.19.so
7f441c7d9000-7f441c9d8000 ---p 00105000 103:03 6029643                   /lib/x86_64-linux-gnu/libm-2.19.so
7f441c9d8000-7f441c9d9000 r--p 00104000 103:03 6029643                   /lib/x86_64-linux-gnu/libm-2.19.so
7f441c9d9000-7f441c9da000 rw-p 00105000 103:03 6029643                   /lib/x86_64-linux-gnu/libm-2.19.so
7f441c9da000-7f441d69d000 r-xp 00000000 08:01 6121                       /media/ben/STOCK/SOFTWARE/jdk1.8.0_92/jre/lib/amd64/server/libjvm.so
7f441d69d000-7f441d89c000 ---p 00cc3000 08:01 6121                       /media/ben/STOCK/SOFTWARE/jdk1.8.0_92/jre/lib/amd64/server/libjvm.so
7f441d89c000-7f441d975000 rw-p 00cc2000 08:01 6121                       /media/ben/STOCK/SOFTWARE/jdk1.8.0_92/jre/lib/amd64/server/libjvm.so
7f441d975000-7f441d9c0000 rw-p 00000000 00:00 0 
7f441d9c0000-7f441db7a000 r-xp 00000000 103:03 6030434                   /lib/x86_64-linux-gnu/libc-2.19.so
7f441db7a000-7f441dd7a000 ---p 001ba000 103:03 6030434                   /lib/x86_64-linux-gnu/libc-2.19.so
7f441dd7a000-7f441dd7e000 r--p 001ba000 103:03 6030434                   /lib/x86_64-linux-gnu/libc-2.19.so
7f441dd7e000-7f441dd80000 rw-p 001be000 103:03 6030434                   /lib/x86_64-linux-gnu/libc-2.19.so
7f441dd80000-7f441dd85000 rw-p 00000000 00:00 0 
7f441dd85000-7f441dd88000 r-xp 00000000 103:03 6029647                   /lib/x86_64-linux-gnu/libdl-2.19.so
7f441dd88000-7f441df87000 ---p 00003000 103:03 6029647                   /lib/x86_64-linux-gnu/libdl-2.19.so
7f441df87000-7f441df88000 r--p 00002000 103:03 6029647                   /lib/x86_64-linux-gnu/libdl-2.19.so
7f441df88000-7f441df89000 rw-p 00003000 103:03 6029647                   /lib/x86_64-linux-gnu/libdl-2.19.so
7f441df89000-7f441df9e000 r-xp 00000000 08:01 5756                       /media/ben/STOCK/SOFTWARE/jdk1.8.0_92/lib/amd64/jli/libjli.so
7f441df9e000-7f441e19e000 ---p 00015000 08:01 5756                       /media/ben/STOCK/SOFTWARE/jdk1.8.0_92/lib/amd64/jli/libjli.so
7f441e19e000-7f441e19f000 rw-p 00015000 08:01 5756                       /media/ben/STOCK/SOFTWARE/jdk1.8.0_92/lib/amd64/jli/libjli.so
7f441e19f000-7f441e1b8000 r-xp 00000000 103:03 6030418                   /lib/x86_64-linux-gnu/libpthread-2.19.so
7f441e1b8000-7f441e3b7000 ---p 00019000 103:03 6030418                   /lib/x86_64-linux-gnu/libpthread-2.19.so
7f441e3b7000-7f441e3b8000 r--p 00018000 103:03 6030418                   /lib/x86_64-linux-gnu/libpthread-2.19.so
7f441e3b8000-7f441e3b9000 rw-p 00019000 103:03 6030418                   /lib/x86_64-linux-gnu/libpthread-2.19.so
7f441e3b9000-7f441e3bd000 rw-p 00000000 00:00 0 
7f441e3bd000-7f441e3e0000 r-xp 00000000 103:03 6030420                   /lib/x86_64-linux-gnu/ld-2.19.so
7f441e3e1000-7f441e3e2000 rw-p 00000000 00:00 0 
7f441e3e2000-7f441e3e3000 r--p 00000000 103:03 26884509                  /usr/share/locale-langpack/en_GB/LC_MESSAGES/libc.mo
7f441e3e3000-7f441e3e5000 r--s 00001000 08:01 20739                      /media/ben/STOCK/SOURCES/java_libraries/OpenCSV/OpenCSV/opencsv-1.8.jar
7f441e3e5000-7f441e4b7000 rw-p 00000000 00:00 0 
7f441e4b7000-7f441e4ba000 ---p 00000000 00:00 0 
7f441e4ba000-7f441e5bc000 rw-p 00000000 00:00 0 
7f441e5bc000-7f441e5bd000 r--s 00002000 08:01 23833                      /media/ben/STOCK/SOURCES/java_libraries/GradientPainter/grad.jar
7f441e5bd000-7f441e5c0000 r--s 00011000 103:03 18222476                  /home/ben/jfreechart/lib/servlet.jar
7f441e5c0000-7f441e5c2000 r--s 0000f000 103:03 18222475                  /home/ben/jfreechart/lib/orsonpdf-1.7.jar
7f441e5c2000-7f441e5c8000 r--s 00036000 103:03 18222474                  /home/ben/jfreechart/lib/junit-4.11.jar
7f441e5c8000-7f441e5ca000 r--s 00008000 103:03 18222473                  /home/ben/jfreechart/lib/jfreesvg-3.0.jar
7f441e5ca000-7f441e5d0000 r--s 0004b000 103:03 18222472                  /home/ben/jfreechart/lib/jcommon-1.0.23.jar
7f441e5d0000-7f441e5d2000 r--s 00009000 103:03 18222471                  /home/ben/jfreechart/lib/hamcrest-core-1.3.jar
7f441e5d2000-7f441e5d3000 r--s 00004000 103:03 18222470                  /home/ben/jfreechart/lib/fxgraphics2d-1.3.jar
7f441e5d3000-7f441e5db000 rw-s 00000000 103:03 26635086                  /tmp/hsperfdata_ben/8289
7f441e5db000-7f441e5dc000 rw-p 00000000 00:00 0 
7f441e5dc000-7f441e5dd000 ---p 00000000 00:00 0 
7f441e5dd000-7f441e5df000 rw-p 00000000 00:00 0 
7f441e5df000-7f441e5e0000 r--p 00022000 103:03 6030420                   /lib/x86_64-linux-gnu/ld-2.19.so
7f441e5e0000-7f441e5e1000 rw-p 00023000 103:03 6030420                   /lib/x86_64-linux-gnu/ld-2.19.so
7f441e5e1000-7f441e5e2000 rw-p 00000000 00:00 0 
7fff8c1c4000-7fff8c1e5000 rw-p 00000000 00:00 0                          [stack]
7fff8c1f8000-7fff8c1fa000 r--p 00000000 00:00 0                          [vvar]
7fff8c1fa000-7fff8c1fc000 r-xp 00000000 00:00 0                          [vdso]
ffffffffff600000-ffffffffff601000 r-xp 00000000 00:00 0                  [vsyscall]

VM Arguments:
jvm_args: -Dfile.encoding=UTF-8 -Xms25000m -Xmx60000m 
java_command: main.Main_pplacer_demoset
java_class_path (initial): /home/ben/jfreechart/lib/fxgraphics2d-1.3.jar:/home/ben/jfreechart/lib/hamcrest-core-1.3.jar:/home/ben/jfreechart/lib/jcommon-1.0.23.jar:/home/ben/jfreechart/lib/jfreesvg-3.0.jar:/home/ben/jfreechart/lib/junit-4.11.jar:/home/ben/jfreechart/lib/orsonpdf-1.7.jar:/home/ben/jfreechart/lib/servlet.jar:/home/ben/jfreechart/target/jfreechart-1.5.0-SNAPSHOT.jar:/media/ben/STOCK/SOURCES/java_libraries/GradientPainter/grad.jar:/media/ben/STOCK/SOURCES/java_libraries/OpenCSV/OpenCSV/opencsv-1.8.jar:/media/ben/STOCK/SOURCES/NetBeansProjects/ViromePlacer/build/classes
Launcher Type: SUN_STANDARD

Environment Variables:
PATH=/usr/local/sbin:/usr/local/bin:/usr/sbin:/usr/bin:/sbin:/bin:/usr/games:/usr/local/games
LD_LIBRARY_PATH=/media/ben/STOCK/SOFTWARE/jdk1.8.0_92/jre/lib/amd64:/media/ben/STOCK/SOFTWARE/jdk1.8.0_92/jre/lib/i386:
SHELL=/bin/bash
DISPLAY=:0

Signal Handlers:
SIGSEGV: [libjvm.so+0xabdee0], sa_mask[0]=11111111011111111101111111111110, sa_flags=SA_RESTART|SA_SIGINFO
SIGBUS: [libjvm.so+0xabdee0], sa_mask[0]=11111111011111111101111111111110, sa_flags=SA_RESTART|SA_SIGINFO
SIGFPE: [libjvm.so+0x91a580], sa_mask[0]=11111111011111111101111111111110, sa_flags=SA_RESTART|SA_SIGINFO
SIGPIPE: [libjvm.so+0x91a580], sa_mask[0]=11111111011111111101111111111110, sa_flags=SA_RESTART|SA_SIGINFO
SIGXFSZ: [libjvm.so+0x91a580], sa_mask[0]=11111111011111111101111111111110, sa_flags=SA_RESTART|SA_SIGINFO
SIGILL: [libjvm.so+0x91a580], sa_mask[0]=11111111011111111101111111111110, sa_flags=SA_RESTART|SA_SIGINFO
SIGUSR1: SIG_DFL, sa_mask[0]=00000000000000000000000000000000, sa_flags=none
SIGUSR2: [libjvm.so+0x91bbb0], sa_mask[0]=00100000000000000000000000000000, sa_flags=SA_RESTART|SA_SIGINFO
SIGHUP: [libjvm.so+0x91cfb0], sa_mask[0]=11111111011111111101111111111110, sa_flags=SA_RESTART|SA_SIGINFO
SIGINT: SIG_IGN, sa_mask[0]=00000000000000000000000000000000, sa_flags=none
SIGTERM: [libjvm.so+0x91cfb0], sa_mask[0]=11111111011111111101111111111110, sa_flags=SA_RESTART|SA_SIGINFO
SIGQUIT: [libjvm.so+0x91cfb0], sa_mask[0]=11111111011111111101111111111110, sa_flags=SA_RESTART|SA_SIGINFO


---------------  S Y S T E M  ---------------

OS:DISTRIB_ID=Ubuntu
DISTRIB_RELEASE=14.04
DISTRIB_CODENAME=trusty
DISTRIB_DESCRIPTION="Ubuntu 14.04.5 LTS"

uname:Linux 3.19.0-69-generic #77~14.04.1-Ubuntu SMP Tue Aug 30 01:29:21 UTC 2016 x86_64
libc:glibc 2.19 NPTL 2.19 
rlimit: STACK 8192k, CORE 0k, NPROC 256371, NOFILE 4096, AS infinity
load average:4,20 2,97 3,64

/proc/meminfo:
MemTotal:       65900052 kB
MemFree:          534460 kB
MemAvailable:   12202148 kB
Buffers:         5642056 kB
Cached:          6058564 kB
SwapCached:            0 kB
Active:         59269664 kB
Inactive:        5237808 kB
Active(anon):   52810948 kB
Inactive(anon):   142688 kB
Active(file):    6458716 kB
Inactive(file):  5095120 kB
Unevictable:         548 kB
Mlocked:             548 kB
SwapTotal:             0 kB
SwapFree:              0 kB
Dirty:               372 kB
Writeback:             0 kB
AnonPages:      52808016 kB
Mapped:           363868 kB
Shmem:            146532 kB
Slab:             442772 kB
SReclaimable:     367268 kB
SUnreclaim:        75504 kB
KernelStack:       14832 kB
PageTables:       158444 kB
NFS_Unstable:          0 kB
Bounce:                0 kB
WritebackTmp:          0 kB
CommitLimit:    32950024 kB
Committed_AS:   75843016 kB
VmallocTotal:   34359738367 kB
VmallocUsed:      420044 kB
VmallocChunk:   34359314428 kB
HardwareCorrupted:     0 kB
AnonHugePages:  44480512 kB
CmaTotal:              0 kB
CmaFree:               0 kB
HugePages_Total:       0
HugePages_Free:        0
HugePages_Rsvd:        0
HugePages_Surp:        0
Hugepagesize:       2048 kB
DirectMap4k:    12863144 kB
DirectMap2M:    53118976 kB
DirectMap1G:     2097152 kB


CPU:total 8 (4 cores per cpu, 2 threads per core) family 6 model 94 stepping 3, cmov, cx8, fxsr, mmx, sse, sse2, sse3, ssse3, sse4.1, sse4.2, popcnt, avx, avx2, aes, clmul, erms, rtm, 3dnowpref, lzcnt, ht, tsc, tscinvbit, bmi1, bmi2, adx

/proc/cpuinfo:
processor	: 0
vendor_id	: GenuineIntel
cpu family	: 6
model		: 94
model name	: Intel(R) Core(TM) i7-6700 CPU @ 3.40GHz
stepping	: 3
microcode	: 0x74
cpu MHz		: 1400.000
cache size	: 8192 KB
physical id	: 0
siblings	: 8
core id		: 0
cpu cores	: 4
apicid		: 0
initial apicid	: 0
fpu		: yes
fpu_exception	: yes
cpuid level	: 22
wp		: yes
flags		: fpu vme de pse tsc msr pae mce cx8 apic sep mtrr pge mca cmov pat pse36 clflush dts acpi mmx fxsr sse sse2 ss ht tm pbe syscall nx pdpe1gb rdtscp lm constant_tsc arch_perfmon pebs bts rep_good nopl xtopology nonstop_tsc aperfmperf eagerfpu pni pclmulqdq dtes64 monitor ds_cpl vmx smx est tm2 ssse3 fma cx16 xtpr pdcm pcid sse4_1 sse4_2 x2apic movbe popcnt tsc_deadline_timer aes xsave avx f16c rdrand lahf_lm abm 3dnowprefetch ida arat epb pln pts dtherm hwp hwp_noitfy hwp_act_window hwp_epp tpr_shadow vnmi flexpriority ept vpid fsgsbase tsc_adjust bmi1 hle avx2 smep bmi2 erms invpcid rtm mpx rdseed adx smap clflushopt xsaveopt xsavec xgetbv1
bugs		:
bogomips	: 6812.99
clflush size	: 64
cache_alignment	: 64
address sizes	: 39 bits physical, 48 bits virtual
power management:

processor	: 1
vendor_id	: GenuineIntel
cpu family	: 6
model		: 94
model name	: Intel(R) Core(TM) i7-6700 CPU @ 3.40GHz
stepping	: 3
microcode	: 0x74
cpu MHz		: 1700.000
cache size	: 8192 KB
physical id	: 0
siblings	: 8
core id		: 1
cpu cores	: 4
apicid		: 2
initial apicid	: 2
fpu		: yes
fpu_exception	: yes
cpuid level	: 22
wp		: yes
flags		: fpu vme de pse tsc msr pae mce cx8 apic sep mtrr pge mca cmov pat pse36 clflush dts acpi mmx fxsr sse sse2 ss ht tm pbe syscall nx pdpe1gb rdtscp lm constant_tsc arch_perfmon pebs bts rep_good nopl xtopology nonstop_tsc aperfmperf eagerfpu pni pclmulqdq dtes64 monitor ds_cpl vmx smx est tm2 ssse3 fma cx16 xtpr pdcm pcid sse4_1 sse4_2 x2apic movbe popcnt tsc_deadline_timer aes xsave avx f16c rdrand lahf_lm abm 3dnowprefetch ida arat epb pln pts dtherm hwp hwp_noitfy hwp_act_window hwp_epp tpr_shadow vnmi flexpriority ept vpid fsgsbase tsc_adjust bmi1 hle avx2 smep bmi2 erms invpcid rtm mpx rdseed adx smap clflushopt xsaveopt xsavec xgetbv1
bugs		:
bogomips	: 6812.99
clflush size	: 64
cache_alignment	: 64
address sizes	: 39 bits physical, 48 bits virtual
power management:

processor	: 2
vendor_id	: GenuineIntel
cpu family	: 6
model		: 94
model name	: Intel(R) Core(TM) i7-6700 CPU @ 3.40GHz
stepping	: 3
microcode	: 0x74
cpu MHz		: 3401.000
cache size	: 8192 KB
physical id	: 0
siblings	: 8
core id		: 2
cpu cores	: 4
apicid		: 4
initial apicid	: 4
fpu		: yes
fpu_exception	: yes
cpuid level	: 22
wp		: yes
flags		: fpu vme de pse tsc msr pae mce cx8 apic sep mtrr pge mca cmov pat pse36 clflush dts acpi mmx fxsr sse sse2 ss ht tm pbe syscall nx pdpe1gb rdtscp lm constant_tsc arch_perfmon pebs bts rep_good nopl xtopology nonstop_tsc aperfmperf eagerfpu pni pclmulqdq dtes64 monitor ds_cpl vmx smx est tm2 ssse3 fma cx16 xtpr pdcm pcid sse4_1 sse4_2 x2apic movbe popcnt tsc_deadline_timer aes xsave avx f16c rdrand lahf_lm abm 3dnowprefetch ida arat epb pln pts dtherm hwp hwp_noitfy hwp_act_window hwp_epp tpr_shadow vnmi flexpriority ept vpid fsgsbase tsc_adjust bmi1 hle avx2 smep bmi2 erms invpcid rtm mpx rdseed adx smap clflushopt xsaveopt xsavec xgetbv1
bugs		:
bogomips	: 6812.99
clflush size	: 64
cache_alignment	: 64
address sizes	: 39 bits physical, 48 bits virtual
power management:

processor	: 3
vendor_id	: GenuineIntel
cpu family	: 6
model		: 94
model name	: Intel(R) Core(TM) i7-6700 CPU @ 3.40GHz
stepping	: 3
microcode	: 0x74
cpu MHz		: 2100.000
cache size	: 8192 KB
physical id	: 0
siblings	: 8
core id		: 3
cpu cores	: 4
apicid		: 6
initial apicid	: 6
fpu		: yes
fpu_exception	: yes
cpuid level	: 22
wp		: yes
flags		: fpu vme de pse tsc msr pae mce cx8 apic sep mtrr pge mca cmov pat pse36 clflush dts acpi mmx fxsr sse sse2 ss ht tm pbe syscall nx pdpe1gb rdtscp lm constant_tsc arch_perfmon pebs bts rep_good nopl xtopology nonstop_tsc aperfmperf eagerfpu pni pclmulqdq dtes64 monitor ds_cpl vmx smx est tm2 ssse3 fma cx16 xtpr pdcm pcid sse4_1 sse4_2 x2apic movbe popcnt tsc_deadline_timer aes xsave avx f16c rdrand lahf_lm abm 3dnowprefetch ida arat epb pln pts dtherm hwp hwp_noitfy hwp_act_window hwp_epp tpr_shadow vnmi flexpriority ept vpid fsgsbase tsc_adjust bmi1 hle avx2 smep bmi2 erms invpcid rtm mpx rdseed adx smap clflushopt xsaveopt xsavec xgetbv1
bugs		:
bogomips	: 6812.99
clflush size	: 64
cache_alignment	: 64
address sizes	: 39 bits physical, 48 bits virtual
power management:

processor	: 4
vendor_id	: GenuineIntel
cpu family	: 6
model		: 94
model name	: Intel(R) Core(TM) i7-6700 CPU @ 3.40GHz
stepping	: 3
microcode	: 0x74
cpu MHz		: 1700.000
cache size	: 8192 KB
physical id	: 0
siblings	: 8
core id		: 0
cpu cores	: 4
apicid		: 1
initial apicid	: 1
fpu		: yes
fpu_exception	: yes
cpuid level	: 22
wp		: yes
flags		: fpu vme de pse tsc msr pae mce cx8 apic sep mtrr pge mca cmov pat pse36 clflush dts acpi mmx fxsr sse sse2 ss ht tm pbe syscall nx pdpe1gb rdtscp lm constant_tsc arch_perfmon pebs bts rep_good nopl xtopology nonstop_tsc aperfmperf eagerfpu pni pclmulqdq dtes64 monitor ds_cpl vmx smx est tm2 ssse3 fma cx16 xtpr pdcm pcid sse4_1 sse4_2 x2apic movbe popcnt tsc_deadline_timer aes xsave avx f16c rdrand lahf_lm abm 3dnowprefetch ida arat epb pln pts dtherm hwp hwp_noitfy hwp_act_window hwp_epp tpr_shadow vnmi flexpriority ept vpid fsgsbase tsc_adjust bmi1 hle avx2 smep bmi2 erms invpcid rtm mpx rdseed adx smap clflushopt xsaveopt xsavec xgetbv1
bugs		:
bogomips	: 6812.99
clflush size	: 64
cache_alignment	: 64
address sizes	: 39 bits physical, 48 bits virtual
power management:

processor	: 5
vendor_id	: GenuineIntel
cpu family	: 6
model		: 94
model name	: Intel(R) Core(TM) i7-6700 CPU @ 3.40GHz
stepping	: 3
microcode	: 0x74
cpu MHz		: 1200.000
cache size	: 8192 KB
physical id	: 0
siblings	: 8
core id		: 1
cpu cores	: 4
apicid		: 3
initial apicid	: 3
fpu		: yes
fpu_exception	: yes
cpuid level	: 22
wp		: yes
flags		: fpu vme de pse tsc msr pae mce cx8 apic sep mtrr pge mca cmov pat pse36 clflush dts acpi mmx fxsr sse sse2 ss ht tm pbe syscall nx pdpe1gb rdtscp lm constant_tsc arch_perfmon pebs bts rep_good nopl xtopology nonstop_tsc aperfmperf eagerfpu pni pclmulqdq dtes64 monitor ds_cpl vmx smx est tm2 ssse3 fma cx16 xtpr pdcm pcid sse4_1 sse4_2 x2apic movbe popcnt tsc_deadline_timer aes xsave avx f16c rdrand lahf_lm abm 3dnowprefetch ida arat epb pln pts dtherm hwp hwp_noitfy hwp_act_window hwp_epp tpr_shadow vnmi flexpriority ept vpid fsgsbase tsc_adjust bmi1 hle avx2 smep bmi2 erms invpcid rtm mpx rdseed adx smap clflushopt xsaveopt xsavec xgetbv1
bugs		:
bogomips	: 6812.99
clflush size	: 64
cache_alignment	: 64
address sizes	: 39 bits physical, 48 bits virtual
power management:

processor	: 6
vendor_id	: GenuineIntel
cpu family	: 6
model		: 94
model name	: Intel(R) Core(TM) i7-6700 CPU @ 3.40GHz
stepping	: 3
microcode	: 0x74
cpu MHz		: 3401.000
cache size	: 8192 KB
physical id	: 0
siblings	: 8
core id		: 2
cpu cores	: 4
apicid		: 5
initial apicid	: 5
fpu		: yes
fpu_exception	: yes
cpuid level	: 22
wp		: yes
flags		: fpu vme de pse tsc msr pae mce cx8 apic sep mtrr pge mca cmov pat pse36 clflush dts acpi mmx fxsr sse sse2 ss ht tm pbe syscall nx pdpe1gb rdtscp lm constant_tsc arch_perfmon pebs bts rep_good nopl xtopology nonstop_tsc aperfmperf eagerfpu pni pclmulqdq dtes64 monitor ds_cpl vmx smx est tm2 ssse3 fma cx16 xtpr pdcm pcid sse4_1 sse4_2 x2apic movbe popcnt tsc_deadline_timer aes xsave avx f16c rdrand lahf_lm abm 3dnowprefetch ida arat epb pln pts dtherm hwp hwp_noitfy hwp_act_window hwp_epp tpr_shadow vnmi flexpriority ept vpid fsgsbase tsc_adjust bmi1 hle avx2 smep bmi2 erms invpcid rtm mpx rdseed adx smap clflushopt xsaveopt xsavec xgetbv1
bugs		:
bogomips	: 6812.99
clflush size	: 64
cache_alignment	: 64
address sizes	: 39 bits physical, 48 bits virtual
power management:

processor	: 7
vendor_id	: GenuineIntel
cpu family	: 6
model		: 94
model name	: Intel(R) Core(TM) i7-6700 CPU @ 3.40GHz
stepping	: 3
microcode	: 0x74
cpu MHz		: 1700.000
cache size	: 8192 KB
physical id	: 0
siblings	: 8
core id		: 3
cpu cores	: 4
apicid		: 7
initial apicid	: 7
fpu		: yes
fpu_exception	: yes
cpuid level	: 22
wp		: yes
flags		: fpu vme de pse tsc msr pae mce cx8 apic sep mtrr pge mca cmov pat pse36 clflush dts acpi mmx fxsr sse sse2 ss ht tm pbe syscall nx pdpe1gb rdtscp lm constant_tsc arch_perfmon pebs bts rep_good nopl xtopology nonstop_tsc aperfmperf eagerfpu pni pclmulqdq dtes64 monitor ds_cpl vmx smx est tm2 ssse3 fma cx16 xtpr pdcm pcid sse4_1 sse4_2 x2apic movbe popcnt tsc_deadline_timer aes xsave avx f16c rdrand lahf_lm abm 3dnowprefetch ida arat epb pln pts dtherm hwp hwp_noitfy hwp_act_window hwp_epp tpr_shadow vnmi flexpriority ept vpid fsgsbase tsc_adjust bmi1 hle avx2 smep bmi2 erms invpcid rtm mpx rdseed adx smap clflushopt xsaveopt xsavec xgetbv1
bugs		:
bogomips	: 6812.99
clflush size	: 64
cache_alignment	: 64
address sizes	: 39 bits physical, 48 bits virtual
power management:



Memory: 4k page, physical 65900052k(533592k free), swap 0k(0k free)

vm_info: Java HotSpot(TM) 64-Bit Server VM (25.92-b14) for linux-amd64 JRE (1.8.0_92-b14), built on Mar 31 2016 21:08:29 by "java_re" with gcc 4.3.0 20080428 (Red Hat 4.3.0-8)

time: Thu Nov  3 13:28:05 2016
elapsed time: 85 seconds (0d 0h 1m 25s)

