#
# There is insufficient memory for the Java Runtime Environment to continue.
# Native memory allocation (mmap) failed to map 1304428544 bytes for committing reserved memory.
# Possible reasons:
#   The system is out of physical RAM or swap space
#   In 32 bit mode, the process size limit was hit
# Possible solutions:
#   Reduce memory load on the system
#   Increase physical memory or swap space
#   Check if swap backing store is full
#   Use 64 bit Java on a 64 bit OS
#   Decrease Java heap size (-Xmx/-Xms)
#   Decrease number of Java threads
#   Decrease Java thread stack sizes (-Xss)
#   Set larger code cache with -XX:ReservedCodeCacheSize=
# This output file may be truncated or incomplete.
#
#  Out of Memory Error (os_linux.cpp:2627), pid=2754, tid=0x00007fe6347c7700
#
# JRE version: Java(TM) SE Runtime Environment (8.0_92-b14) (build 1.8.0_92-b14)
# Java VM: Java HotSpot(TM) 64-Bit Server VM (25.92-b14 mixed mode linux-amd64 )
# Failed to write core dump. Core dumps have been disabled. To enable core dumping, try "ulimit -c unlimited" before starting Java again
#

---------------  T H R E A D  ---------------

Current thread (0x00007ff3c007f800):  VMThread [stack: 0x00007fe6346c7000,0x00007fe6347c8000] [id=2767]

Stack: [0x00007fe6346c7000,0x00007fe6347c8000],  sp=0x00007fe6347c6260,  free space=1020k
Native frames: (J=compiled Java code, j=interpreted, Vv=VM code, C=native code)
V  [libjvm.so+0xabd65a]  VMError::report_and_die()+0x2ba
V  [libjvm.so+0x4fb4db]  report_vm_out_of_memory(char const*, int, unsigned long, VMErrorType, char const*)+0x8b
V  [libjvm.so+0x91d713]  os::Linux::commit_memory_impl(char*, unsigned long, bool)+0x103
V  [libjvm.so+0x91dc69]  os::pd_commit_memory(char*, unsigned long, unsigned long, bool)+0x29
V  [libjvm.so+0x917f6a]  os::commit_memory(char*, unsigned long, unsigned long, bool)+0x2a
V  [libjvm.so+0x98c343]  PSVirtualSpace::expand_by(unsigned long)+0x53
V  [libjvm.so+0x97cc00]  PSOldGen::expand(unsigned long)+0x170
V  [libjvm.so+0x97ce0b]  PSOldGen::resize(unsigned long)+0x1cb
V  [libjvm.so+0x984b11]  PSParallelCompact::invoke_no_policy(bool)+0x991
V  [libjvm.so+0x98a46d]  PSScavenge::invoke()+0x1ad
V  [libjvm.so+0x941410]  ParallelScavengeHeap::failed_mem_allocate(unsigned long)+0x70
V  [libjvm.so+0xabf077]  VM_ParallelGCFailedAllocation::doit()+0x97
V  [libjvm.so+0xac6aa5]  VM_Operation::evaluate()+0x55
V  [libjvm.so+0xac4e7a]  VMThread::evaluate_operation(VM_Operation*)+0xba
V  [libjvm.so+0xac51fe]  VMThread::loop()+0x1ce
V  [libjvm.so+0xac5670]  VMThread::run()+0x70
V  [libjvm.so+0x91fad8]  java_start(Thread*)+0x108

VM_Operation (0x00007ff3c690f5f0): ParallelGCFailedAllocation, mode: safepoint, requested by thread 0x00007ff3c000a000


---------------  P R O C E S S  ---------------

Java Threads: ( => current thread )
  0x00007ff3c01f3000 JavaThread "AWT-XAWT" daemon [_thread_blocked, id=2778, stack(0x00007fe62d89e000,0x00007fe62d99f000)]
  0x00007ff3c01d0000 JavaThread "Java2D Disposer" daemon [_thread_blocked, id=2777, stack(0x00007fe62ddaf000,0x00007fe62deb0000)]
  0x00007ff3c00d3800 JavaThread "Service Thread" daemon [_thread_blocked, id=2775, stack(0x00007fe62fafb000,0x00007fe62fbfc000)]
  0x00007ff3c00c8800 JavaThread "C1 CompilerThread3" daemon [_thread_blocked, id=2774, stack(0x00007fe62fbfc000,0x00007fe62fcfd000)]
  0x00007ff3c00c6000 JavaThread "C2 CompilerThread2" daemon [_thread_blocked, id=2773, stack(0x00007fe62fcfd000,0x00007fe62fdfe000)]
  0x00007ff3c00c4800 JavaThread "C2 CompilerThread1" daemon [_thread_blocked, id=2772, stack(0x00007fe62fdfe000,0x00007fe62feff000)]
  0x00007ff3c00c1800 JavaThread "C2 CompilerThread0" daemon [_thread_blocked, id=2771, stack(0x00007fe62feff000,0x00007fe630000000)]
  0x00007ff3c00c0000 JavaThread "Signal Dispatcher" daemon [_thread_blocked, id=2770, stack(0x00007fe6340fa000,0x00007fe6341fb000)]
  0x00007ff3c008c000 JavaThread "Finalizer" daemon [_thread_blocked, id=2769, stack(0x00007fe6344c5000,0x00007fe6345c6000)]
  0x00007ff3c0087800 JavaThread "Reference Handler" daemon [_thread_blocked, id=2768, stack(0x00007fe6345c6000,0x00007fe6346c7000)]
  0x00007ff3c000a000 JavaThread "main" [_thread_blocked, id=2758, stack(0x00007ff3c6810000,0x00007ff3c6911000)]

Other Threads:
=>0x00007ff3c007f800 VMThread [stack: 0x00007fe6346c7000,0x00007fe6347c8000] [id=2767]
  0x00007ff3c00d6800 WatcherThread [stack: 0x00007fe62f9fa000,0x00007fe62fafb000] [id=2776]

VM state:at safepoint (normal execution)

VM Mutex/Monitor currently owned by a thread:  ([mutex/lock_event])
[0x00007ff3c0005a70] ExpandHeap_lock - owner thread: 0x00007ff3c007f800
[0x00007ff3c00060f0] Threads_lock - owner thread: 0x00007ff3c007f800
[0x00007ff3c00065f0] Heap_lock - owner thread: 0x00007ff3c000a000

Heap:
 PSYoungGen      total 8201728K, used 0K [0x00007fef36500000, 0x00007ff2bb680000, 0x00007ff3b0200000)
  eden space 1944064K, 0% used [0x00007fef36500000,0x00007fef36500000,0x00007fefacf80000)
  from space 6257664K, 0% used [0x00007fefacf80000,0x00007fefacf80000,0x00007ff12ae80000)
  to   space 6257664K, 0% used [0x00007ff13d780000,0x00007ff13d780000,0x00007ff2bb680000)
 ParOldGen       total 36273152K, used 33560914K [0x00007fe642a00000, 0x00007feee8900000, 0x00007fef36500000)
  object space 36273152K, 92% used [0x00007fe642a00000,0x00007fee43054a18,0x00007feee8900000)
 Metaspace       used 9349K, capacity 9712K, committed 9728K, reserved 10240K

Card table byte_map: [0x00007fe63be93000,0x00007fe642a00000] byte_map_base: 0x00007fa648c7e000

Marking Bits: (ParMarkBitMap*) 0x00007ff3c5ceb4c0
 Begin Bits: [0x00007fe59c940000, 0x00007fe5d24a0000)
 End Bits:   [0x00007fe5d24a0000, 0x00007fe608000000)

Polling page: 0x00007ff3c6934000

CodeCache: size=245760Kb used=2619Kb max_used=2622Kb free=243140Kb
 bounds [0x00007ff3b07b4000, 0x00007ff3b0a54000, 0x00007ff3bf7b4000]
 total_blobs=1003 nmethods=520 adapters=397
 compilation: enabled

Compilation events (10 events):
Event: 342,915 Thread 0x00007ff3c00c6000  516 %     4       core.algos.WordGenerator::generateProbableWords @ 248 (338 bytes)
Event: 342,926 Thread 0x00007ff3c00c6000 nmethod 516% 0x00007ff3b0a43a90 code [0x00007ff3b0a43c60, 0x00007ff3b0a44bf8]
Event: 348,556 Thread 0x00007ff3c00c8800  517       3       java.util.concurrent.locks.AbstractQueuedSynchronizer::compareAndSetState (13 bytes)
Event: 348,556 Thread 0x00007ff3c00c8800 nmethod 517 0x00007ff3b0a38610 code [0x00007ff3b0a38760, 0x00007ff3b0a388d0]
Event: 349,557 Thread 0x00007ff3c00c8800  518       3       sun.awt.SunToolkit::awtLock (7 bytes)
Event: 349,557 Thread 0x00007ff3c00c8800 nmethod 518 0x00007ff3b0a38090 code [0x00007ff3b0a38200, 0x00007ff3b0a384e8]
Event: 349,557 Thread 0x00007ff3c00c8800  519       3       java.util.concurrent.locks.ReentrantLock::lock (8 bytes)
Event: 349,557 Thread 0x00007ff3c00c8800 nmethod 519 0x00007ff3b0a1b6d0 code [0x00007ff3b0a1b840, 0x00007ff3b0a1ba68]
Event: 359,099 Thread 0x00007ff3c00c8800  520       3       java.util.concurrent.locks.AbstractOwnableSynchronizer::setExclusiveOwnerThread (6 bytes)
Event: 359,100 Thread 0x00007ff3c00c8800 nmethod 520 0x00007ff3b0a1b390 code [0x00007ff3b0a1b4e0, 0x00007ff3b0a1b650]

GC Heap History (10 events):
Event: 342,599 GC heap after
Heap after GC invocations=40 (full 11):
 PSYoungGen      total 7586816K, used 0K [0x00007fef36500000, 0x00007ff256c80000, 0x00007ff3b0200000)
  eden space 2006016K, 0% used [0x00007fef36500000,0x00007fef36500000,0x00007fefb0c00000)
  from space 5580800K, 0% used [0x00007fefb0c00000,0x00007fefb0c00000,0x00007ff105600000)
  to   space 5379072K, 0% used [0x00007ff10e780000,0x00007ff10e780000,0x00007ff256c80000)
 ParOldGen       total 36273152K, used 29188260K [0x00007fe642a00000, 0x00007feee8900000, 0x00007fef36500000)
  object space 36273152K, 80% used [0x00007fe642a00000,0x00007fed38229168,0x00007feee8900000)
 Metaspace       used 9349K, capacity 9712K, committed 9728K, reserved 10240K
}
Event: 345,491 GC heap before
{Heap before GC invocations=41 (full 11):
 PSYoungGen      total 7586816K, used 2006016K [0x00007fef36500000, 0x00007ff256c80000, 0x00007ff3b0200000)
  eden space 2006016K, 100% used [0x00007fef36500000,0x00007fefb0c00000,0x00007fefb0c00000)
  from space 5580800K, 0% used [0x00007fefb0c00000,0x00007fefb0c00000,0x00007ff105600000)
  to   space 5379072K, 0% used [0x00007ff10e780000,0x00007ff10e780000,0x00007ff256c80000)
 ParOldGen       total 36273152K, used 31842468K [0x00007fe642a00000, 0x00007feee8900000, 0x00007fef36500000)
  object space 36273152K, 87% used [0x00007fe642a00000,0x00007fedda229180,0x00007feee8900000)
 Metaspace       used 9349K, capacity 9712K, committed 9728K, reserved 10240K
Event: 348,055 GC heap after
Heap after GC invocations=41 (full 11):
 PSYoungGen      total 7187968K, used 2009088K [0x00007fef36500000, 0x00007ff23a080000, 0x00007ff3b0200000)
  eden space 2279936K, 0% used [0x00007fef36500000,0x00007fef36500000,0x00007fefc1780000)
  from space 4908032K, 40% used [0x00007ff10e780000,0x00007ff189180000,0x00007ff23a080000)
  to   space 5181952K, 0% used [0x00007fefc1780000,0x00007fefc1780000,0x00007ff0fdc00000)
 ParOldGen       total 36273152K, used 31842468K [0x00007fe642a00000, 0x00007feee8900000, 0x00007fef36500000)
  object space 36273152K, 87% used [0x00007fe642a00000,0x00007fedda229180,0x00007feee8900000)
 Metaspace       used 9349K, capacity 9712K, committed 9728K, reserved 10240K
}
Event: 351,185 GC heap before
{Heap before GC invocations=42 (full 11):
 PSYoungGen      total 7187968K, used 4289024K [0x00007fef36500000, 0x00007ff23a080000, 0x00007ff3b0200000)
  eden space 2279936K, 100% used [0x00007fef36500000,0x00007fefc1780000,0x00007fefc1780000)
  from space 4908032K, 40% used [0x00007ff10e780000,0x00007ff189180000,0x00007ff23a080000)
  to   space 5181952K, 0% used [0x00007fefc1780000,0x00007fefc1780000,0x00007ff0fdc00000)
 ParOldGen       total 36273152K, used 31842468K [0x00007fe642a00000, 0x00007feee8900000, 0x00007fef36500000)
  object space 36273152K, 87% used [0x00007fe642a00000,0x00007fedda229180,0x00007feee8900000)
 Metaspace       used 9349K, capacity 9712K, committed 9728K, reserved 10240K
Event: 356,096 GC heap after
Heap after GC invocations=42 (full 11):
 PSYoungGen      total 7461888K, used 4292384K [0x00007fef36500000, 0x00007ff27fb80000, 0x00007ff3b0200000)
  eden space 2279936K, 0% used [0x00007fef36500000,0x00007fef36500000,0x00007fefc1780000)
  from space 5181952K, 82% used [0x00007fefc1780000,0x00007ff0c7748000,0x00007ff0fdc00000)
  to   space 5583872K, 0% used [0x00007ff12ae80000,0x00007ff12ae80000,0x00007ff27fb80000)
 ParOldGen       total 36273152K, used 31842468K [0x00007fe642a00000, 0x00007feee8900000, 0x00007fef36500000)
  object space 36273152K, 87% used [0x00007fe642a00000,0x00007fedda229180,0x00007feee8900000)
 Metaspace       used 9349K, capacity 9712K, committed 9728K, reserved 10240K
}
Event: 359,200 GC heap before
{Heap before GC invocations=43 (full 11):
 PSYoungGen      total 7461888K, used 6572319K [0x00007fef36500000, 0x00007ff27fb80000, 0x00007ff3b0200000)
  eden space 2279936K, 99% used [0x00007fef36500000,0x00007fefc177ffe8,0x00007fefc1780000)
  from space 5181952K, 82% used [0x00007fefc1780000,0x00007ff0c7748000,0x00007ff0fdc00000)
  to   space 5583872K, 0% used [0x00007ff12ae80000,0x00007ff12ae80000,0x00007ff27fb80000)
 ParOldGen       total 36273152K, used 31842468K [0x00007fe642a00000, 0x00007feee8900000, 0x00007fef36500000)
  object space 36273152K, 87% used [0x00007fe642a00000,0x00007fedda229180,0x00007feee8900000)
 Metaspace       used 9349K, capacity 9712K, committed 9728K, reserved 10240K
Event: 366,709 GC heap after
Heap after GC invocations=43 (full 11):
 PSYoungGen      total 7527936K, used 5583872K [0x00007fef36500000, 0x00007ff2d4300000, 0x00007ff3b0200000)
  eden space 1944064K, 0% used [0x00007fef36500000,0x00007fef36500000,0x00007fefacf80000)
  from space 5583872K, 100% used [0x00007ff12ae80000,0x00007ff27fb80000,0x00007ff27fb80000)
  to   space 6257664K, 0% used [0x00007fefacf80000,0x00007fefacf80000,0x00007ff12ae80000)
 ParOldGen       total 36273152K, used 32836660K [0x00007fe642a00000, 0x00007feee8900000, 0x00007fef36500000)
  object space 36273152K, 90% used [0x00007fe642a00000,0x00007fee16d0d180,0x00007feee8900000)
 Metaspace       used 9349K, capacity 9712K, committed 9728K, reserved 10240K
}
Event: 369,309 GC heap before
{Heap before GC invocations=44 (full 11):
 PSYoungGen      total 7527936K, used 7527936K [0x00007fef36500000, 0x00007ff2d4300000, 0x00007ff3b0200000)
  eden space 1944064K, 100% used [0x00007fef36500000,0x00007fefacf80000,0x00007fefacf80000)
  from space 5583872K, 100% used [0x00007ff12ae80000,0x00007ff27fb80000,0x00007ff27fb80000)
  to   space 6257664K, 0% used [0x00007fefacf80000,0x00007fefacf80000,0x00007ff12ae80000)
 ParOldGen       total 36273152K, used 32836660K [0x00007fe642a00000, 0x00007feee8900000, 0x00007fef36500000)
  object space 36273152K, 90% used [0x00007fe642a00000,0x00007fee16d0d180,0x00007feee8900000)
 Metaspace       used 9349K, capacity 9712K, committed 9728K, reserved 10240K
Event: 385,264 GC heap after
Heap after GC invocations=44 (full 11):
 PSYoungGen      total 8201728K, used 4230304K [0x00007fef36500000, 0x00007ff2bb680000, 0x00007ff3b0200000)
  eden space 1944064K, 0% used [0x00007fef36500000,0x00007fef36500000,0x00007fefacf80000)
  from space 6257664K, 67% used [0x00007fefacf80000,0x00007ff0af2a8000,0x00007ff12ae80000)
  to   space 6257664K, 0% used [0x00007ff13d780000,0x00007ff13d780000,0x00007ff2bb680000)
 ParOldGen       total 36273152K, used 36145244K [0x00007fe642a00000, 0x00007feee8900000, 0x00007fef36500000)
  object space 36273152K, 99% used [0x00007fe642a00000,0x00007feee0c17180,0x00007feee8900000)
 Metaspace       used 9349K, capacity 9712K, committed 9728K, reserved 10240K
}
Event: 385,264 GC heap before
{Heap before GC invocations=45 (full 12):
 PSYoungGen      total 8201728K, used 4230304K [0x00007fef36500000, 0x00007ff2bb680000, 0x00007ff3b0200000)
  eden space 1944064K, 0% used [0x00007fef36500000,0x00007fef36500000,0x00007fefacf80000)
  from space 6257664K, 67% used [0x00007fefacf80000,0x00007ff0af2a8000,0x00007ff12ae80000)
  to   space 6257664K, 0% used [0x00007ff13d780000,0x00007ff13d780000,0x00007ff2bb680000)
 ParOldGen       total 36273152K, used 36145244K [0x00007fe642a00000, 0x00007feee8900000, 0x00007fef36500000)
  object space 36273152K, 99% used [0x00007fe642a00000,0x00007feee0c17180,0x00007feee8900000)
 Metaspace       used 9349K, capacity 9712K, committed 9728K, reserved 10240K

Deoptimization events (10 events):
Event: 0,298 Thread 0x00007ff3c000a000 Uncommon trap: reason=predicate action=maybe_recompile pc=0x00007ff3b0a14b30 method=java.util.AbstractCollection.toArray([Ljava/lang/Object;)[Ljava/lang/Object; @ 49
Event: 0,299 Thread 0x00007ff3c000a000 Uncommon trap: reason=unstable_if action=reinterpret pc=0x00007ff3b0a1cd98 method=sun.misc.FloatingDecimal.readJavaFormatString(Ljava/lang/String;)Lsun/misc/FloatingDecimal$ASCIIToBinaryConverter; @ 445
Event: 0,312 Thread 0x00007ff3c000a000 Uncommon trap: reason=array_check action=maybe_recompile pc=0x00007ff3b0a2c2c8 method=java.util.AbstractCollection.toArray([Ljava/lang/Object;)[Ljava/lang/Object; @ 119
Event: 0,312 Thread 0x00007ff3c000a000 Uncommon trap: reason=array_check action=maybe_recompile pc=0x00007ff3b0a2c2c8 method=java.util.AbstractCollection.toArray([Ljava/lang/Object;)[Ljava/lang/Object; @ 119
Event: 0,312 Thread 0x00007ff3c000a000 Uncommon trap: reason=array_check action=maybe_recompile pc=0x00007ff3b0a2c2c8 method=java.util.AbstractCollection.toArray([Ljava/lang/Object;)[Ljava/lang/Object; @ 119
Event: 0,312 Thread 0x00007ff3c000a000 Uncommon trap: reason=array_check action=maybe_recompile pc=0x00007ff3b0a2c2c8 method=java.util.AbstractCollection.toArray([Ljava/lang/Object;)[Ljava/lang/Object; @ 119
Event: 0,383 Thread 0x00007ff3c000a000 Uncommon trap: reason=unstable_if action=reinterpret pc=0x00007ff3b0a1769c method=inputs.FASTMLWrapper.parseProbas(Ljava/io/InputStream;)Lcore/PPStats; @ 102
Event: 0,383 Thread 0x00007ff3c000a000 Uncommon trap: reason=unstable_if action=reinterpret pc=0x00007ff3b0a36018 method=java.lang.String.split(Ljava/lang/String;I)[Ljava/lang/String; @ 8
Event: 212,799 Thread 0x00007ff3c000a000 Uncommon trap: reason=unstable_if action=reinterpret pc=0x00007ff3b0a3cdb0 method=core.algos.WordGenerator.generateProbableWords([[DDZ)[[B @ 250
Event: 342,904 Thread 0x00007ff3c000a000 Uncommon trap: reason=predicate action=maybe_recompile pc=0x00007ff3b0a398fc method=core.algos.WordGenerator.generateProbableWords([[DDZ)[[B @ 172

Internal exceptions (10 events):
Event: 0,016 Thread 0x00007ff3c000a000 Exception <a 'java/lang/NoSuchMethodError': Method sun.misc.Unsafe.defineClass(Ljava/lang/String;[BII)Ljava/lang/Class; name or signature does not match> (0x00007fef3650b910) thrown at [/HUDSON/workspace/8-2-build-linux-amd64/jdk8u92/6642/hotspot/src/shar
Event: 0,016 Thread 0x00007ff3c000a000 Exception <a 'java/lang/NoSuchMethodError': Method sun.misc.Unsafe.prefetchRead(Ljava/lang/Object;J)V name or signature does not match> (0x00007fef3650bcd8) thrown at [/HUDSON/workspace/8-2-build-linux-amd64/jdk8u92/6642/hotspot/src/share/vm/prims/jni.cpp
Event: 0,072 Thread 0x00007ff3c000a000 Exception <a 'java/security/PrivilegedActionException'> (0x00007fef367ce468) thrown at [/HUDSON/workspace/8-2-build-linux-amd64/jdk8u92/6642/hotspot/src/share/vm/prims/jvm.cpp, line 1386]
Event: 0,072 Thread 0x00007ff3c000a000 Exception <a 'java/security/PrivilegedActionException'> (0x00007fef367ce748) thrown at [/HUDSON/workspace/8-2-build-linux-amd64/jdk8u92/6642/hotspot/src/share/vm/prims/jvm.cpp, line 1386]
Event: 0,072 Thread 0x00007ff3c000a000 Exception <a 'java/security/PrivilegedActionException'> (0x00007fef367d1768) thrown at [/HUDSON/workspace/8-2-build-linux-amd64/jdk8u92/6642/hotspot/src/share/vm/prims/jvm.cpp, line 1386]
Event: 0,072 Thread 0x00007ff3c000a000 Exception <a 'java/security/PrivilegedActionException'> (0x00007fef367d1a48) thrown at [/HUDSON/workspace/8-2-build-linux-amd64/jdk8u92/6642/hotspot/src/share/vm/prims/jvm.cpp, line 1386]
Event: 0,101 Thread 0x00007ff3c000a000 Exception <a 'java/lang/NoSuchFieldError': method resolution failed> (0x00007fef368e9ba0) thrown at [/HUDSON/workspace/8-2-build-linux-amd64/jdk8u92/6642/hotspot/src/share/vm/prims/methodHandles.cpp, line 1146]
Event: 0,102 Thread 0x00007ff3c000a000 Exception <a 'java/lang/NoSuchFieldError': method resolution failed> (0x00007fef368fb9a0) thrown at [/HUDSON/workspace/8-2-build-linux-amd64/jdk8u92/6642/hotspot/src/share/vm/prims/methodHandles.cpp, line 1146]
Event: 0,115 Thread 0x00007ff3c000a000 Exception <a 'java/io/FileNotFoundException'> (0x00007fef3699fbc8) thrown at [/HUDSON/workspace/8-2-build-linux-amd64/jdk8u92/6642/hotspot/src/share/vm/prims/jni.cpp, line 709]
Event: 0,115 Thread 0x00007ff3c000a000 Exception <a 'java/io/FileNotFoundException'> (0x00007fef369a07b0) thrown at [/HUDSON/workspace/8-2-build-linux-amd64/jdk8u92/6642/hotspot/src/share/vm/prims/jni.cpp, line 709]

Events (10 events):
Event: 342,904 Thread 0x00007ff3c000a000 DEOPT UNPACKING pc=0x00007ff3b07b9229 sp=0x00007ff3c690f6e0 mode 2
Event: 342,915 Thread 0x00007ff3c000a000 DEOPT PACKING pc=0x00007ff3b0a3b482 sp=0x00007ff3c690f680
Event: 342,915 Thread 0x00007ff3c000a000 DEOPT UNPACKING pc=0x00007ff3b07fb633 sp=0x00007ff3c690f450 mode 0
Event: 345,491 Executing VM operation: ParallelGCFailedAllocation
Event: 348,055 Executing VM operation: ParallelGCFailedAllocation done
Event: 351,185 Executing VM operation: ParallelGCFailedAllocation
Event: 356,096 Executing VM operation: ParallelGCFailedAllocation done
Event: 359,200 Executing VM operation: ParallelGCFailedAllocation
Event: 366,709 Executing VM operation: ParallelGCFailedAllocation done
Event: 369,309 Executing VM operation: ParallelGCFailedAllocation


Dynamic libraries:
00400000-00401000 r-xp 00000000 08:01 4290                               /media/ben/STOCK/SOFTWARE/jdk1.8.0_92/bin/java
00600000-00601000 rw-p 00000000 08:01 4290                               /media/ben/STOCK/SOFTWARE/jdk1.8.0_92/bin/java
01ac0000-01ae1000 rw-p 00000000 00:00 0                                  [heap]
7fe3b0000000-7fe3b533c000 rw-p 00000000 00:00 0 
7fe3b533c000-7fe3b8000000 ---p 00000000 00:00 0 
7fe3b8000000-7fe3c0000000 rw-p 00000000 00:00 0 
7fe3c0000000-7fe3c8000000 rw-p 00000000 00:00 0 
7fe3c8000000-7fe3d0000000 rw-p 00000000 00:00 0 
7fe3d0000000-7fe3d8000000 rw-p 00000000 00:00 0 
7fe3d8000000-7fe3e0000000 rw-p 00000000 00:00 0 
7fe3e0000000-7fe3e8000000 rw-p 00000000 00:00 0 
7fe3e8000000-7fe3e8624000 rw-p 00000000 00:00 0 
7fe3e8624000-7fe3ec000000 ---p 00000000 00:00 0 
7fe3ec000000-7fe3f0000000 rw-p 00000000 00:00 0 
7fe3f0000000-7fe3f8000000 rw-p 00000000 00:00 0 
7fe3f8000000-7fe400000000 rw-p 00000000 00:00 0 
7fe400000000-7fe408000000 rw-p 00000000 00:00 0 
7fe408000000-7fe410000000 rw-p 00000000 00:00 0 
7fe410000000-7fe418000000 rw-p 00000000 00:00 0 
7fe418000000-7fe420000000 rw-p 00000000 00:00 0 
7fe420000000-7fe42375b000 rw-p 00000000 00:00 0 
7fe42375b000-7fe424000000 ---p 00000000 00:00 0 
7fe424000000-7fe428000000 rw-p 00000000 00:00 0 
7fe428000000-7fe430000000 rw-p 00000000 00:00 0 
7fe430000000-7fe438000000 rw-p 00000000 00:00 0 
7fe438000000-7fe440000000 rw-p 00000000 00:00 0 
7fe440000000-7fe441a98000 rw-p 00000000 00:00 0 
7fe441a98000-7fe444000000 ---p 00000000 00:00 0 
7fe444000000-7fe448000000 rw-p 00000000 00:00 0 
7fe448000000-7fe450000000 rw-p 00000000 00:00 0 
7fe450000000-7fe458000000 rw-p 00000000 00:00 0 
7fe458000000-7fe460000000 rw-p 00000000 00:00 0 
7fe460000000-7fe468000000 rw-p 00000000 00:00 0 
7fe468000000-7fe470000000 rw-p 00000000 00:00 0 
7fe470000000-7fe478000000 rw-p 00000000 00:00 0 
7fe478000000-7fe47e417000 rw-p 00000000 00:00 0 
7fe47e417000-7fe480000000 ---p 00000000 00:00 0 
7fe480000000-7fe488000000 rw-p 00000000 00:00 0 
7fe488000000-7fe490000000 rw-p 00000000 00:00 0 
7fe490000000-7fe494000000 rw-p 00000000 00:00 0 
7fe494000000-7fe498000000 rw-p 00000000 00:00 0 
7fe498000000-7fe4a0000000 rw-p 00000000 00:00 0 
7fe4a0000000-7fe4b0000000 rw-p 00000000 00:00 0 
7fe4b0000000-7fe4b2304000 rw-p 00000000 00:00 0 
7fe4b2304000-7fe4b4000000 ---p 00000000 00:00 0 
7fe4b4000000-7fe4b8000000 rw-p 00000000 00:00 0 
7fe4b8000000-7fe4c0000000 rw-p 00000000 00:00 0 
7fe4c0000000-7fe4c8000000 rw-p 00000000 00:00 0 
7fe4c8000000-7fe4d0000000 rw-p 00000000 00:00 0 
7fe4d0000000-7fe4d8000000 rw-p 00000000 00:00 0 
7fe4d8000000-7fe4e0000000 rw-p 00000000 00:00 0 
7fe4e0000000-7fe4e4000000 rw-p 00000000 00:00 0 
7fe4e8000000-7fe4ea346000 rw-p 00000000 00:00 0 
7fe4ea346000-7fe4ec000000 ---p 00000000 00:00 0 
7fe4ec000000-7fe4f0000000 rw-p 00000000 00:00 0 
7fe4f0000000-7fe4f8000000 rw-p 00000000 00:00 0 
7fe4f8000000-7fe500000000 rw-p 00000000 00:00 0 
7fe500000000-7fe508000000 rw-p 00000000 00:00 0 
7fe508000000-7fe510000000 rw-p 00000000 00:00 0 
7fe510000000-7fe518000000 rw-p 00000000 00:00 0 
7fe518000000-7fe528000000 rw-p 00000000 00:00 0 
7fe528000000-7fe52c000000 rw-p 00000000 00:00 0 
7fe530000000-7fe538000000 rw-p 00000000 00:00 0 
7fe538000000-7fe540000000 rw-p 00000000 00:00 0 
7fe544000000-7fe54c000000 rw-p 00000000 00:00 0 
7fe550000000-7fe554000000 rw-p 00000000 00:00 0 
7fe558000000-7fe560000000 rw-p 00000000 00:00 0 
7fe560000000-7fe560021000 rw-p 00000000 00:00 0 
7fe560021000-7fe564000000 ---p 00000000 00:00 0 
7fe564000000-7fe568000000 rw-p 00000000 00:00 0 
7fe568000000-7fe568021000 rw-p 00000000 00:00 0 
7fe568021000-7fe56c000000 ---p 00000000 00:00 0 
7fe56c000000-7fe56c021000 rw-p 00000000 00:00 0 
7fe56c021000-7fe570000000 ---p 00000000 00:00 0 
7fe570000000-7fe570021000 rw-p 00000000 00:00 0 
7fe570021000-7fe574000000 ---p 00000000 00:00 0 
7fe574000000-7fe574021000 rw-p 00000000 00:00 0 
7fe574021000-7fe578000000 ---p 00000000 00:00 0 
7fe578000000-7fe5781af000 rw-p 00000000 00:00 0 
7fe5781af000-7fe57c000000 ---p 00000000 00:00 0 
7fe57c000000-7fe57c3f5000 rw-p 00000000 00:00 0 
7fe57c3f5000-7fe580000000 ---p 00000000 00:00 0 
7fe580000000-7fe5802ea000 rw-p 00000000 00:00 0 
7fe5802ea000-7fe584000000 ---p 00000000 00:00 0 
7fe584000000-7fe584238000 rw-p 00000000 00:00 0 
7fe584238000-7fe588000000 ---p 00000000 00:00 0 
7fe588000000-7fe588021000 rw-p 00000000 00:00 0 
7fe588021000-7fe58c000000 ---p 00000000 00:00 0 
7fe58c000000-7fe58c021000 rw-p 00000000 00:00 0 
7fe58c021000-7fe590000000 ---p 00000000 00:00 0 
7fe590000000-7fe590021000 rw-p 00000000 00:00 0 
7fe590021000-7fe594000000 ---p 00000000 00:00 0 
7fe595dd4000-7fe608000000 rw-p 00000000 00:00 0 
7fe608000000-7fe60c000000 rw-p 00000000 00:00 0 
7fe60c000000-7fe60c28b000 rw-p 00000000 00:00 0 
7fe60c28b000-7fe610000000 ---p 00000000 00:00 0 
7fe610000000-7fe614000000 rw-p 00000000 00:00 0 
7fe618000000-7fe61c000000 rw-p 00000000 00:00 0 
7fe61c000000-7fe620000000 rw-p 00000000 00:00 0 
7fe620000000-7fe624000000 rw-p 00000000 00:00 0 
7fe624000000-7fe628000000 rw-p 00000000 00:00 0 
7fe628000000-7fe62c000000 rw-p 00000000 00:00 0 
7fe62cef5000-7fe62cf5e000 r-xp 00000000 08:01 6112                       /media/ben/STOCK/SOFTWARE/jdk1.8.0_92/jre/lib/amd64/libt2k.so
7fe62cf5e000-7fe62d15e000 ---p 00069000 08:01 6112                       /media/ben/STOCK/SOFTWARE/jdk1.8.0_92/jre/lib/amd64/libt2k.so
7fe62d15e000-7fe62d165000 rw-p 00069000 08:01 6112                       /media/ben/STOCK/SOFTWARE/jdk1.8.0_92/jre/lib/amd64/libt2k.so
7fe62d165000-7fe62d175000 rw-p 00000000 00:00 0 
7fe62d175000-7fe62d186000 r-xp 00000000 08:01 6150                       /media/ben/STOCK/SOFTWARE/jdk1.8.0_92/jre/lib/amd64/libnio.so
7fe62d186000-7fe62d385000 ---p 00011000 08:01 6150                       /media/ben/STOCK/SOFTWARE/jdk1.8.0_92/jre/lib/amd64/libnio.so
7fe62d385000-7fe62d386000 rw-p 00010000 08:01 6150                       /media/ben/STOCK/SOFTWARE/jdk1.8.0_92/jre/lib/amd64/libnio.so
7fe62d386000-7fe62d39c000 r-xp 00000000 08:01 6147                       /media/ben/STOCK/SOFTWARE/jdk1.8.0_92/jre/lib/amd64/libnet.so
7fe62d39c000-7fe62d59c000 ---p 00016000 08:01 6147                       /media/ben/STOCK/SOFTWARE/jdk1.8.0_92/jre/lib/amd64/libnet.so
7fe62d59c000-7fe62d59d000 rw-p 00016000 08:01 6147                       /media/ben/STOCK/SOFTWARE/jdk1.8.0_92/jre/lib/amd64/libnet.so
7fe62d59d000-7fe62d71d000 rw-p 00000000 00:00 0 
7fe62d71d000-7fe62d7a0000 ---p 00000000 00:00 0 
7fe62d7a0000-7fe62d89e000 rw-p 00000000 00:00 0 
7fe62d89e000-7fe62d8a1000 ---p 00000000 00:00 0 
7fe62d8a1000-7fe62d99f000 rw-p 00000000 00:00 0 
7fe62d99f000-7fe62d9a4000 r-xp 00000000 103:03 25043168                  /usr/lib/x86_64-linux-gnu/libXfixes.so.3.1.0
7fe62d9a4000-7fe62dba3000 ---p 00005000 103:03 25043168                  /usr/lib/x86_64-linux-gnu/libXfixes.so.3.1.0
7fe62dba3000-7fe62dba4000 r--p 00004000 103:03 25043168                  /usr/lib/x86_64-linux-gnu/libXfixes.so.3.1.0
7fe62dba4000-7fe62dba5000 rw-p 00005000 103:03 25043168                  /usr/lib/x86_64-linux-gnu/libXfixes.so.3.1.0
7fe62dba5000-7fe62dbae000 r-xp 00000000 103:03 25043160                  /usr/lib/x86_64-linux-gnu/libXcursor.so.1.0.2
7fe62dbae000-7fe62ddad000 ---p 00009000 103:03 25043160                  /usr/lib/x86_64-linux-gnu/libXcursor.so.1.0.2
7fe62ddad000-7fe62ddae000 r--p 00008000 103:03 25043160                  /usr/lib/x86_64-linux-gnu/libXcursor.so.1.0.2
7fe62ddae000-7fe62ddaf000 rw-p 00009000 103:03 25043160                  /usr/lib/x86_64-linux-gnu/libXcursor.so.1.0.2
7fe62ddaf000-7fe62ddb2000 ---p 00000000 00:00 0 
7fe62ddb2000-7fe62deb0000 rw-p 00000000 00:00 0 
7fe62deb0000-7fe62dec6000 r-xp 00000000 103:03 6033521                   /lib/x86_64-linux-gnu/libgcc_s.so.1
7fe62dec6000-7fe62e0c5000 ---p 00016000 103:03 6033521                   /lib/x86_64-linux-gnu/libgcc_s.so.1
7fe62e0c5000-7fe62e0c6000 rw-p 00015000 103:03 6033521                   /lib/x86_64-linux-gnu/libgcc_s.so.1
7fe62e0c6000-7fe62e12b000 r-xp 00000000 08:01 6129                       /media/ben/STOCK/SOFTWARE/jdk1.8.0_92/jre/lib/amd64/libfontmanager.so
7fe62e12b000-7fe62e32a000 ---p 00065000 08:01 6129                       /media/ben/STOCK/SOFTWARE/jdk1.8.0_92/jre/lib/amd64/libfontmanager.so
7fe62e32a000-7fe62e32f000 rw-p 00064000 08:01 6129                       /media/ben/STOCK/SOFTWARE/jdk1.8.0_92/jre/lib/amd64/libfontmanager.so
7fe62e32f000-7fe62e33f000 rw-p 00000000 00:00 0 
7fe62e33f000-7fe62e344000 r-xp 00000000 103:03 25043164                  /usr/lib/x86_64-linux-gnu/libXdmcp.so.6.0.0
7fe62e344000-7fe62e543000 ---p 00005000 103:03 25043164                  /usr/lib/x86_64-linux-gnu/libXdmcp.so.6.0.0
7fe62e543000-7fe62e544000 r--p 00004000 103:03 25043164                  /usr/lib/x86_64-linux-gnu/libXdmcp.so.6.0.0
7fe62e544000-7fe62e545000 rw-p 00005000 103:03 25043164                  /usr/lib/x86_64-linux-gnu/libXdmcp.so.6.0.0
7fe62e545000-7fe62e547000 r-xp 00000000 103:03 25043153                  /usr/lib/x86_64-linux-gnu/libXau.so.6.0.0
7fe62e547000-7fe62e747000 ---p 00002000 103:03 25043153                  /usr/lib/x86_64-linux-gnu/libXau.so.6.0.0
7fe62e747000-7fe62e748000 r--p 00002000 103:03 25043153                  /usr/lib/x86_64-linux-gnu/libXau.so.6.0.0
7fe62e748000-7fe62e749000 rw-p 00003000 103:03 25043153                  /usr/lib/x86_64-linux-gnu/libXau.so.6.0.0
7fe62e749000-7fe62e766000 r-xp 00000000 103:03 25044276                  /usr/lib/x86_64-linux-gnu/libxcb.so.1.1.0
7fe62e766000-7fe62e966000 ---p 0001d000 103:03 25044276                  /usr/lib/x86_64-linux-gnu/libxcb.so.1.1.0
7fe62e966000-7fe62e967000 r--p 0001d000 103:03 25044276                  /usr/lib/x86_64-linux-gnu/libxcb.so.1.1.0
7fe62e967000-7fe62e968000 rw-p 0001e000 103:03 25044276                  /usr/lib/x86_64-linux-gnu/libxcb.so.1.1.0
7fe62e968000-7fe62e977000 r-xp 00000000 103:03 25043174                  /usr/lib/x86_64-linux-gnu/libXi.so.6.1.0
7fe62e977000-7fe62eb76000 ---p 0000f000 103:03 25043174                  /usr/lib/x86_64-linux-gnu/libXi.so.6.1.0
7fe62eb76000-7fe62eb77000 r--p 0000e000 103:03 25043174                  /usr/lib/x86_64-linux-gnu/libXi.so.6.1.0
7fe62eb77000-7fe62eb78000 rw-p 0000f000 103:03 25043174                  /usr/lib/x86_64-linux-gnu/libXi.so.6.1.0
7fe62eb78000-7fe62eb7d000 r-xp 00000000 103:03 25043194                  /usr/lib/x86_64-linux-gnu/libXtst.so.6.1.0
7fe62eb7d000-7fe62ed7c000 ---p 00005000 103:03 25043194                  /usr/lib/x86_64-linux-gnu/libXtst.so.6.1.0
7fe62ed7c000-7fe62ed7d000 r--p 00004000 103:03 25043194                  /usr/lib/x86_64-linux-gnu/libXtst.so.6.1.0
7fe62ed7d000-7fe62ed7e000 rw-p 00005000 103:03 25043194                  /usr/lib/x86_64-linux-gnu/libXtst.so.6.1.0
7fe62ed7e000-7fe62ed87000 r-xp 00000000 103:03 25043188                  /usr/lib/x86_64-linux-gnu/libXrender.so.1.3.0
7fe62ed87000-7fe62ef86000 ---p 00009000 103:03 25043188                  /usr/lib/x86_64-linux-gnu/libXrender.so.1.3.0
7fe62ef86000-7fe62ef87000 r--p 00008000 103:03 25043188                  /usr/lib/x86_64-linux-gnu/libXrender.so.1.3.0
7fe62ef87000-7fe62ef88000 rw-p 00009000 103:03 25043188                  /usr/lib/x86_64-linux-gnu/libXrender.so.1.3.0
7fe62ef88000-7fe62f0b8000 r-xp 00000000 103:03 25043149                  /usr/lib/x86_64-linux-gnu/libX11.so.6.3.0
7fe62f0b8000-7fe62f2b8000 ---p 00130000 103:03 25043149                  /usr/lib/x86_64-linux-gnu/libX11.so.6.3.0
7fe62f2b8000-7fe62f2b9000 r--p 00130000 103:03 25043149                  /usr/lib/x86_64-linux-gnu/libX11.so.6.3.0
7fe62f2b9000-7fe62f2bd000 rw-p 00131000 103:03 25043149                  /usr/lib/x86_64-linux-gnu/libX11.so.6.3.0
7fe62f2bd000-7fe62f2ce000 r-xp 00000000 103:03 25043166                  /usr/lib/x86_64-linux-gnu/libXext.so.6.4.0
7fe62f2ce000-7fe62f4cd000 ---p 00011000 103:03 25043166                  /usr/lib/x86_64-linux-gnu/libXext.so.6.4.0
7fe62f4cd000-7fe62f4ce000 r--p 00010000 103:03 25043166                  /usr/lib/x86_64-linux-gnu/libXext.so.6.4.0
7fe62f4ce000-7fe62f4cf000 rw-p 00011000 103:03 25043166                  /usr/lib/x86_64-linux-gnu/libXext.so.6.4.0
7fe62f4cf000-7fe62f523000 r-xp 00000000 08:01 6154                       /media/ben/STOCK/SOFTWARE/jdk1.8.0_92/jre/lib/amd64/libawt_xawt.so
7fe62f523000-7fe62f723000 ---p 00054000 08:01 6154                       /media/ben/STOCK/SOFTWARE/jdk1.8.0_92/jre/lib/amd64/libawt_xawt.so
7fe62f723000-7fe62f727000 rw-p 00054000 08:01 6154                       /media/ben/STOCK/SOFTWARE/jdk1.8.0_92/jre/lib/amd64/libawt_xawt.so
7fe62f727000-7fe62f728000 rw-p 00000000 00:00 0 
7fe62f728000-7fe62f7ca000 r-xp 00000000 08:01 6140                       /media/ben/STOCK/SOFTWARE/jdk1.8.0_92/jre/lib/amd64/libawt.so
7fe62f7ca000-7fe62f9ca000 ---p 000a2000 08:01 6140                       /media/ben/STOCK/SOFTWARE/jdk1.8.0_92/jre/lib/amd64/libawt.so
7fe62f9ca000-7fe62f9d6000 rw-p 000a2000 08:01 6140                       /media/ben/STOCK/SOFTWARE/jdk1.8.0_92/jre/lib/amd64/libawt.so
7fe62f9d6000-7fe62f9fa000 rw-p 00000000 00:00 0 
7fe62f9fa000-7fe62f9fb000 ---p 00000000 00:00 0 
7fe62f9fb000-7fe62fafb000 rw-p 00000000 00:00 0 
7fe62fafb000-7fe62fafe000 ---p 00000000 00:00 0 
7fe62fafe000-7fe62fbfc000 rw-p 00000000 00:00 0 
7fe62fbfc000-7fe62fbff000 ---p 00000000 00:00 0 
7fe62fbff000-7fe62fcfd000 rw-p 00000000 00:00 0 
7fe62fcfd000-7fe62fd00000 ---p 00000000 00:00 0 
7fe62fd00000-7fe62fdfe000 rw-p 00000000 00:00 0 
7fe62fdfe000-7fe62fe01000 ---p 00000000 00:00 0 
7fe62fe01000-7fe62feff000 rw-p 00000000 00:00 0 
7fe62feff000-7fe62ff02000 ---p 00000000 00:00 0 
7fe62ff02000-7fe630000000 rw-p 00000000 00:00 0 
7fe630000000-7fe634000000 rw-p 00000000 00:00 0 
7fe6340fa000-7fe6340fd000 ---p 00000000 00:00 0 
7fe6340fd000-7fe6341fb000 rw-p 00000000 00:00 0 
7fe6341fb000-7fe6344c5000 r--p 00000000 103:03 25041777                  /usr/lib/locale/locale-archive
7fe6344c5000-7fe6344c8000 ---p 00000000 00:00 0 
7fe6344c8000-7fe6345c6000 rw-p 00000000 00:00 0 
7fe6345c6000-7fe6345c9000 ---p 00000000 00:00 0 
7fe6345c9000-7fe6346c7000 rw-p 00000000 00:00 0 
7fe6346c7000-7fe6346c8000 ---p 00000000 00:00 0 
7fe6346c8000-7fe6362e3000 rw-p 00000000 00:00 0 
7fe6362e3000-7fe6364bc000 r--s 03d24000 08:01 5941                       /media/ben/STOCK/SOFTWARE/jdk1.8.0_92/jre/lib/rt.jar
7fe6364bc000-7fe6370ef000 rw-p 00000000 00:00 0 
7fe6370ef000-7fe6370f0000 ---p 00000000 00:00 0 
7fe6370f0000-7fe6371f0000 rw-p 00000000 00:00 0 
7fe6371f0000-7fe6371f1000 ---p 00000000 00:00 0 
7fe6371f1000-7fe6372f1000 rw-p 00000000 00:00 0 
7fe6372f1000-7fe6372f2000 ---p 00000000 00:00 0 
7fe6372f2000-7fe6373f2000 rw-p 00000000 00:00 0 
7fe6373f2000-7fe6373f3000 ---p 00000000 00:00 0 
7fe6373f3000-7fe6374f3000 rw-p 00000000 00:00 0 
7fe6374f3000-7fe6374f4000 ---p 00000000 00:00 0 
7fe6374f4000-7fe6375f4000 rw-p 00000000 00:00 0 
7fe6375f4000-7fe6375f5000 ---p 00000000 00:00 0 
7fe6375f5000-7fe63bc25000 rw-p 00000000 00:00 0 
7fe63bc25000-7fe63be93000 ---p 00000000 00:00 0 
7fe63be93000-7fe6403c3000 rw-p 00000000 00:00 0 
7fe6403c3000-7fe640630000 ---p 00000000 00:00 0 
7fe640630000-7fe64225a000 rw-p 00000000 00:00 0 
7fe64225a000-7fe6429ff000 ---p 00000000 00:00 0 
7fe6429ff000-7feee8900000 rw-p 00000000 00:00 0 
7fef36500000-7ff2bb680000 rw-p 00000000 00:00 0 
7ff2bb680000-7ff3b0200000 ---p 00000000 00:00 0 
7ff3b021a000-7ff3b022d000 r--s 00344000 08:01 5979                       /media/ben/STOCK/SOFTWARE/jdk1.8.0_92/jre/lib/resources.jar
7ff3b022d000-7ff3b02f3000 rw-p 00000000 00:00 0 
7ff3b02f3000-7ff3b02f4000 ---p 00000000 00:00 0 
7ff3b02f4000-7ff3b03ff000 rw-p 00000000 00:00 0 
7ff3b03ff000-7ff3b07b4000 ---p 00000000 00:00 0 
7ff3b07b4000-7ff3b0a54000 rwxp 00000000 00:00 0 
7ff3b0a54000-7ff3bf7b4000 ---p 00000000 00:00 0 
7ff3bf7b4000-7ff3bf7ce000 r-xp 00000000 08:01 6143                       /media/ben/STOCK/SOFTWARE/jdk1.8.0_92/jre/lib/amd64/libzip.so
7ff3bf7ce000-7ff3bf9ce000 ---p 0001a000 08:01 6143                       /media/ben/STOCK/SOFTWARE/jdk1.8.0_92/jre/lib/amd64/libzip.so
7ff3bf9ce000-7ff3bf9cf000 rw-p 0001a000 08:01 6143                       /media/ben/STOCK/SOFTWARE/jdk1.8.0_92/jre/lib/amd64/libzip.so
7ff3bf9cf000-7ff3bf9d9000 r-xp 00000000 103:03 6030439                   /lib/x86_64-linux-gnu/libnss_files-2.19.so
7ff3bf9d9000-7ff3bfbd8000 ---p 0000a000 103:03 6030439                   /lib/x86_64-linux-gnu/libnss_files-2.19.so
7ff3bfbd8000-7ff3bfbd9000 r--p 00009000 103:03 6030439                   /lib/x86_64-linux-gnu/libnss_files-2.19.so
7ff3bfbd9000-7ff3bfbda000 rw-p 0000a000 103:03 6030439                   /lib/x86_64-linux-gnu/libnss_files-2.19.so
7ff3bfbda000-7ff3bfbe5000 r-xp 00000000 103:03 6030424                   /lib/x86_64-linux-gnu/libnss_nis-2.19.so
7ff3bfbe5000-7ff3bfde4000 ---p 0000b000 103:03 6030424                   /lib/x86_64-linux-gnu/libnss_nis-2.19.so
7ff3bfde4000-7ff3bfde5000 r--p 0000a000 103:03 6030424                   /lib/x86_64-linux-gnu/libnss_nis-2.19.so
7ff3bfde5000-7ff3bfde6000 rw-p 0000b000 103:03 6030424                   /lib/x86_64-linux-gnu/libnss_nis-2.19.so
7ff3bfde6000-7ff3bfdfd000 r-xp 00000000 103:03 6030416                   /lib/x86_64-linux-gnu/libnsl-2.19.so
7ff3bfdfd000-7ff3bfffc000 ---p 00017000 103:03 6030416                   /lib/x86_64-linux-gnu/libnsl-2.19.so
7ff3bfffc000-7ff3bfffd000 r--p 00016000 103:03 6030416                   /lib/x86_64-linux-gnu/libnsl-2.19.so
7ff3bfffd000-7ff3bfffe000 rw-p 00017000 103:03 6030416                   /lib/x86_64-linux-gnu/libnsl-2.19.so
7ff3bfffe000-7ff3c0000000 rw-p 00000000 00:00 0 
7ff3c0000000-7ff3c048c000 rw-p 00000000 00:00 0 
7ff3c048c000-7ff3c4000000 ---p 00000000 00:00 0 
7ff3c4005000-7ff3c40de000 rw-p 00000000 00:00 0 
7ff3c40de000-7ff3c40df000 ---p 00000000 00:00 0 
7ff3c40df000-7ff3c41df000 rw-p 00000000 00:00 0 
7ff3c41df000-7ff3c41e8000 r-xp 00000000 103:03 6030414                   /lib/x86_64-linux-gnu/libnss_compat-2.19.so
7ff3c41e8000-7ff3c43e7000 ---p 00009000 103:03 6030414                   /lib/x86_64-linux-gnu/libnss_compat-2.19.so
7ff3c43e7000-7ff3c43e8000 r--p 00008000 103:03 6030414                   /lib/x86_64-linux-gnu/libnss_compat-2.19.so
7ff3c43e8000-7ff3c43e9000 rw-p 00009000 103:03 6030414                   /lib/x86_64-linux-gnu/libnss_compat-2.19.so
7ff3c43e9000-7ff3c4413000 r-xp 00000000 08:01 6138                       /media/ben/STOCK/SOFTWARE/jdk1.8.0_92/jre/lib/amd64/libjava.so
7ff3c4413000-7ff3c4613000 ---p 0002a000 08:01 6138                       /media/ben/STOCK/SOFTWARE/jdk1.8.0_92/jre/lib/amd64/libjava.so
7ff3c4613000-7ff3c4615000 rw-p 0002a000 08:01 6138                       /media/ben/STOCK/SOFTWARE/jdk1.8.0_92/jre/lib/amd64/libjava.so
7ff3c4615000-7ff3c4622000 r-xp 00000000 08:01 6142                       /media/ben/STOCK/SOFTWARE/jdk1.8.0_92/jre/lib/amd64/libverify.so
7ff3c4622000-7ff3c4822000 ---p 0000d000 08:01 6142                       /media/ben/STOCK/SOFTWARE/jdk1.8.0_92/jre/lib/amd64/libverify.so
7ff3c4822000-7ff3c4824000 rw-p 0000d000 08:01 6142                       /media/ben/STOCK/SOFTWARE/jdk1.8.0_92/jre/lib/amd64/libverify.so
7ff3c4824000-7ff3c482b000 r-xp 00000000 103:03 6030432                   /lib/x86_64-linux-gnu/librt-2.19.so
7ff3c482b000-7ff3c4a2a000 ---p 00007000 103:03 6030432                   /lib/x86_64-linux-gnu/librt-2.19.so
7ff3c4a2a000-7ff3c4a2b000 r--p 00006000 103:03 6030432                   /lib/x86_64-linux-gnu/librt-2.19.so
7ff3c4a2b000-7ff3c4a2c000 rw-p 00007000 103:03 6030432                   /lib/x86_64-linux-gnu/librt-2.19.so
7ff3c4a2c000-7ff3c4b31000 r-xp 00000000 103:03 6029643                   /lib/x86_64-linux-gnu/libm-2.19.so
7ff3c4b31000-7ff3c4d30000 ---p 00105000 103:03 6029643                   /lib/x86_64-linux-gnu/libm-2.19.so
7ff3c4d30000-7ff3c4d31000 r--p 00104000 103:03 6029643                   /lib/x86_64-linux-gnu/libm-2.19.so
7ff3c4d31000-7ff3c4d32000 rw-p 00105000 103:03 6029643                   /lib/x86_64-linux-gnu/libm-2.19.so
7ff3c4d32000-7ff3c59f5000 r-xp 00000000 08:01 6121                       /media/ben/STOCK/SOFTWARE/jdk1.8.0_92/jre/lib/amd64/server/libjvm.so
7ff3c59f5000-7ff3c5bf4000 ---p 00cc3000 08:01 6121                       /media/ben/STOCK/SOFTWARE/jdk1.8.0_92/jre/lib/amd64/server/libjvm.so
7ff3c5bf4000-7ff3c5ccd000 rw-p 00cc2000 08:01 6121                       /media/ben/STOCK/SOFTWARE/jdk1.8.0_92/jre/lib/amd64/server/libjvm.so
7ff3c5ccd000-7ff3c5d18000 rw-p 00000000 00:00 0 
7ff3c5d18000-7ff3c5ed2000 r-xp 00000000 103:03 6030434                   /lib/x86_64-linux-gnu/libc-2.19.so
7ff3c5ed2000-7ff3c60d2000 ---p 001ba000 103:03 6030434                   /lib/x86_64-linux-gnu/libc-2.19.so
7ff3c60d2000-7ff3c60d6000 r--p 001ba000 103:03 6030434                   /lib/x86_64-linux-gnu/libc-2.19.so
7ff3c60d6000-7ff3c60d8000 rw-p 001be000 103:03 6030434                   /lib/x86_64-linux-gnu/libc-2.19.so
7ff3c60d8000-7ff3c60dd000 rw-p 00000000 00:00 0 
7ff3c60dd000-7ff3c60e0000 r-xp 00000000 103:03 6029647                   /lib/x86_64-linux-gnu/libdl-2.19.so
7ff3c60e0000-7ff3c62df000 ---p 00003000 103:03 6029647                   /lib/x86_64-linux-gnu/libdl-2.19.so
7ff3c62df000-7ff3c62e0000 r--p 00002000 103:03 6029647                   /lib/x86_64-linux-gnu/libdl-2.19.so
7ff3c62e0000-7ff3c62e1000 rw-p 00003000 103:03 6029647                   /lib/x86_64-linux-gnu/libdl-2.19.so
7ff3c62e1000-7ff3c62f6000 r-xp 00000000 08:01 5756                       /media/ben/STOCK/SOFTWARE/jdk1.8.0_92/lib/amd64/jli/libjli.so
7ff3c62f6000-7ff3c64f6000 ---p 00015000 08:01 5756                       /media/ben/STOCK/SOFTWARE/jdk1.8.0_92/lib/amd64/jli/libjli.so
7ff3c64f6000-7ff3c64f7000 rw-p 00015000 08:01 5756                       /media/ben/STOCK/SOFTWARE/jdk1.8.0_92/lib/amd64/jli/libjli.so
7ff3c64f7000-7ff3c6510000 r-xp 00000000 103:03 6030418                   /lib/x86_64-linux-gnu/libpthread-2.19.so
7ff3c6510000-7ff3c670f000 ---p 00019000 103:03 6030418                   /lib/x86_64-linux-gnu/libpthread-2.19.so
7ff3c670f000-7ff3c6710000 r--p 00018000 103:03 6030418                   /lib/x86_64-linux-gnu/libpthread-2.19.so
7ff3c6710000-7ff3c6711000 rw-p 00019000 103:03 6030418                   /lib/x86_64-linux-gnu/libpthread-2.19.so
7ff3c6711000-7ff3c6715000 rw-p 00000000 00:00 0 
7ff3c6715000-7ff3c6738000 r-xp 00000000 103:03 6030420                   /lib/x86_64-linux-gnu/ld-2.19.so
7ff3c673e000-7ff3c6810000 rw-p 00000000 00:00 0 
7ff3c6810000-7ff3c6813000 ---p 00000000 00:00 0 
7ff3c6813000-7ff3c6915000 rw-p 00000000 00:00 0 
7ff3c6924000-7ff3c6925000 rw-p 00000000 00:00 0 
7ff3c6925000-7ff3c6926000 r--p 00000000 103:03 26884509                  /usr/share/locale-langpack/en_GB/LC_MESSAGES/libc.mo
7ff3c6926000-7ff3c692b000 r--s 002f9000 08:01 5939                       /media/ben/STOCK/SOFTWARE/jdk1.8.0_92/jre/lib/charsets.jar
7ff3c692b000-7ff3c6933000 rw-s 00000000 103:03 26633394                  /tmp/hsperfdata_ben/2754
7ff3c6933000-7ff3c6934000 rw-p 00000000 00:00 0 
7ff3c6934000-7ff3c6935000 ---p 00000000 00:00 0 
7ff3c6935000-7ff3c6937000 rw-p 00000000 00:00 0 
7ff3c6937000-7ff3c6938000 r--p 00022000 103:03 6030420                   /lib/x86_64-linux-gnu/ld-2.19.so
7ff3c6938000-7ff3c6939000 rw-p 00023000 103:03 6030420                   /lib/x86_64-linux-gnu/ld-2.19.so
7ff3c6939000-7ff3c693a000 rw-p 00000000 00:00 0 
7ffc264c7000-7ffc264e8000 rw-p 00000000 00:00 0                          [stack]
7ffc26508000-7ffc2650a000 r--p 00000000 00:00 0                          [vvar]
7ffc2650a000-7ffc2650c000 r-xp 00000000 00:00 0                          [vdso]
ffffffffff600000-ffffffffff601000 r-xp 00000000 00:00 0                  [vsyscall]

VM Arguments:
jvm_args: -Dfile.encoding=UTF-8 -Xmx55000m 
java_command: main.Main
java_class_path (initial): /media/ben/STOCK/SOURCES/NetBeansProjects/ViromePlacer/build/classes
Launcher Type: SUN_STANDARD

Environment Variables:
PATH=/usr/local/sbin:/usr/local/bin:/usr/sbin:/usr/bin:/sbin:/bin:/usr/games:/usr/local/games
LD_LIBRARY_PATH=/media/ben/STOCK/SOFTWARE/jdk1.8.0_92/jre/lib/amd64:/media/ben/STOCK/SOFTWARE/jdk1.8.0_92/jre/lib/i386:
SHELL=/bin/bash
DISPLAY=:0

Signal Handlers:
SIGSEGV: [libjvm.so+0xabdee0], sa_mask[0]=11111111011111111101111111111110, sa_flags=SA_RESTART|SA_SIGINFO
SIGBUS: [libjvm.so+0xabdee0], sa_mask[0]=11111111011111111101111111111110, sa_flags=SA_RESTART|SA_SIGINFO
SIGFPE: [libjvm.so+0x91a580], sa_mask[0]=11111111011111111101111111111110, sa_flags=SA_RESTART|SA_SIGINFO
SIGPIPE: [libjvm.so+0x91a580], sa_mask[0]=11111111011111111101111111111110, sa_flags=SA_RESTART|SA_SIGINFO
SIGXFSZ: [libjvm.so+0x91a580], sa_mask[0]=11111111011111111101111111111110, sa_flags=SA_RESTART|SA_SIGINFO
SIGILL: [libjvm.so+0x91a580], sa_mask[0]=11111111011111111101111111111110, sa_flags=SA_RESTART|SA_SIGINFO
SIGUSR1: SIG_DFL, sa_mask[0]=00000000000000000000000000000000, sa_flags=none
SIGUSR2: [libjvm.so+0x91bbb0], sa_mask[0]=00100000000000000000000000000000, sa_flags=SA_RESTART|SA_SIGINFO
SIGHUP: [libjvm.so+0x91cfb0], sa_mask[0]=11111111011111111101111111111110, sa_flags=SA_RESTART|SA_SIGINFO
SIGINT: SIG_IGN, sa_mask[0]=00000000000000000000000000000000, sa_flags=none
SIGTERM: [libjvm.so+0x91cfb0], sa_mask[0]=11111111011111111101111111111110, sa_flags=SA_RESTART|SA_SIGINFO
SIGQUIT: [libjvm.so+0x91cfb0], sa_mask[0]=11111111011111111101111111111110, sa_flags=SA_RESTART|SA_SIGINFO


---------------  S Y S T E M  ---------------

OS:DISTRIB_ID=Ubuntu
DISTRIB_RELEASE=14.04
DISTRIB_CODENAME=trusty
DISTRIB_DESCRIPTION="Ubuntu 14.04.5 LTS"

uname:Linux 3.19.0-65-generic #73~14.04.1-Ubuntu SMP Wed Jun 29 21:05:22 UTC 2016 x86_64
libc:glibc 2.19 NPTL 2.19 
rlimit: STACK 8192k, CORE 0k, NPROC 256371, NOFILE 4096, AS infinity
load average:7,91 5,85 3,00

/proc/meminfo:
MemTotal:       65900056 kB
MemFree:          474560 kB
MemAvailable:    1220300 kB
Buffers:           50012 kB
Cached:          1002700 kB
SwapCached:            0 kB
Active:         64173568 kB
Inactive:         625108 kB
Active(anon):   63749720 kB
Inactive(anon):   205800 kB
Active(file):     423848 kB
Inactive(file):   419308 kB
Unevictable:         340 kB
Mlocked:             340 kB
SwapTotal:             0 kB
SwapFree:              0 kB
Dirty:               252 kB
Writeback:             0 kB
AnonPages:      63746584 kB
Mapped:           677932 kB
Shmem:            209384 kB
Slab:             204300 kB
SReclaimable:     143056 kB
SUnreclaim:        61244 kB
KernelStack:       13968 kB
PageTables:       185552 kB
NFS_Unstable:          0 kB
Bounce:                0 kB
WritebackTmp:          0 kB
CommitLimit:    32950028 kB
Committed_AS:   65544036 kB
VmallocTotal:   34359738367 kB
VmallocUsed:      419816 kB
VmallocChunk:   34359299068 kB
HardwareCorrupted:     0 kB
AnonHugePages:  52062208 kB
CmaTotal:              0 kB
CmaFree:               0 kB
HugePages_Total:       0
HugePages_Free:        0
HugePages_Rsvd:        0
HugePages_Surp:        0
Hugepagesize:       2048 kB
DirectMap4k:     1058472 kB
DirectMap2M:    29272064 kB
DirectMap1G:    37748736 kB


CPU:total 8 (4 cores per cpu, 2 threads per core) family 6 model 94 stepping 3, cmov, cx8, fxsr, mmx, sse, sse2, sse3, ssse3, sse4.1, sse4.2, popcnt, avx, avx2, aes, clmul, erms, rtm, 3dnowpref, lzcnt, ht, tsc, tscinvbit, bmi1, bmi2, adx

/proc/cpuinfo:
processor	: 0
vendor_id	: GenuineIntel
cpu family	: 6
model		: 94
model name	: Intel(R) Core(TM) i7-6700 CPU @ 3.40GHz
stepping	: 3
microcode	: 0x74
cpu MHz		: 1500.000
cache size	: 8192 KB
physical id	: 0
siblings	: 8
core id		: 0
cpu cores	: 4
apicid		: 0
initial apicid	: 0
fpu		: yes
fpu_exception	: yes
cpuid level	: 22
wp		: yes
flags		: fpu vme de pse tsc msr pae mce cx8 apic sep mtrr pge mca cmov pat pse36 clflush dts acpi mmx fxsr sse sse2 ss ht tm pbe syscall nx pdpe1gb rdtscp lm constant_tsc arch_perfmon pebs bts rep_good nopl xtopology nonstop_tsc aperfmperf eagerfpu pni pclmulqdq dtes64 monitor ds_cpl vmx smx est tm2 ssse3 fma cx16 xtpr pdcm pcid sse4_1 sse4_2 x2apic movbe popcnt tsc_deadline_timer aes xsave avx f16c rdrand lahf_lm abm 3dnowprefetch ida arat epb pln pts dtherm hwp hwp_noitfy hwp_act_window hwp_epp tpr_shadow vnmi flexpriority ept vpid fsgsbase tsc_adjust bmi1 hle avx2 smep bmi2 erms invpcid rtm mpx rdseed adx smap clflushopt xsaveopt xsavec xgetbv1
bugs		:
bogomips	: 6812.98
clflush size	: 64
cache_alignment	: 64
address sizes	: 39 bits physical, 48 bits virtual
power management:

processor	: 1
vendor_id	: GenuineIntel
cpu family	: 6
model		: 94
model name	: Intel(R) Core(TM) i7-6700 CPU @ 3.40GHz
stepping	: 3
microcode	: 0x74
cpu MHz		: 1400.000
cache size	: 8192 KB
physical id	: 0
siblings	: 8
core id		: 1
cpu cores	: 4
apicid		: 2
initial apicid	: 2
fpu		: yes
fpu_exception	: yes
cpuid level	: 22
wp		: yes
flags		: fpu vme de pse tsc msr pae mce cx8 apic sep mtrr pge mca cmov pat pse36 clflush dts acpi mmx fxsr sse sse2 ss ht tm pbe syscall nx pdpe1gb rdtscp lm constant_tsc arch_perfmon pebs bts rep_good nopl xtopology nonstop_tsc aperfmperf eagerfpu pni pclmulqdq dtes64 monitor ds_cpl vmx smx est tm2 ssse3 fma cx16 xtpr pdcm pcid sse4_1 sse4_2 x2apic movbe popcnt tsc_deadline_timer aes xsave avx f16c rdrand lahf_lm abm 3dnowprefetch ida arat epb pln pts dtherm hwp hwp_noitfy hwp_act_window hwp_epp tpr_shadow vnmi flexpriority ept vpid fsgsbase tsc_adjust bmi1 hle avx2 smep bmi2 erms invpcid rtm mpx rdseed adx smap clflushopt xsaveopt xsavec xgetbv1
bugs		:
bogomips	: 6812.98
clflush size	: 64
cache_alignment	: 64
address sizes	: 39 bits physical, 48 bits virtual
power management:

processor	: 2
vendor_id	: GenuineIntel
cpu family	: 6
model		: 94
model name	: Intel(R) Core(TM) i7-6700 CPU @ 3.40GHz
stepping	: 3
microcode	: 0x74
cpu MHz		: 2300.000
cache size	: 8192 KB
physical id	: 0
siblings	: 8
core id		: 2
cpu cores	: 4
apicid		: 4
initial apicid	: 4
fpu		: yes
fpu_exception	: yes
cpuid level	: 22
wp		: yes
flags		: fpu vme de pse tsc msr pae mce cx8 apic sep mtrr pge mca cmov pat pse36 clflush dts acpi mmx fxsr sse sse2 ss ht tm pbe syscall nx pdpe1gb rdtscp lm constant_tsc arch_perfmon pebs bts rep_good nopl xtopology nonstop_tsc aperfmperf eagerfpu pni pclmulqdq dtes64 monitor ds_cpl vmx smx est tm2 ssse3 fma cx16 xtpr pdcm pcid sse4_1 sse4_2 x2apic movbe popcnt tsc_deadline_timer aes xsave avx f16c rdrand lahf_lm abm 3dnowprefetch ida arat epb pln pts dtherm hwp hwp_noitfy hwp_act_window hwp_epp tpr_shadow vnmi flexpriority ept vpid fsgsbase tsc_adjust bmi1 hle avx2 smep bmi2 erms invpcid rtm mpx rdseed adx smap clflushopt xsaveopt xsavec xgetbv1
bugs		:
bogomips	: 6812.98
clflush size	: 64
cache_alignment	: 64
address sizes	: 39 bits physical, 48 bits virtual
power management:

processor	: 3
vendor_id	: GenuineIntel
cpu family	: 6
model		: 94
model name	: Intel(R) Core(TM) i7-6700 CPU @ 3.40GHz
stepping	: 3
microcode	: 0x74
cpu MHz		: 2800.000
cache size	: 8192 KB
physical id	: 0
siblings	: 8
core id		: 3
cpu cores	: 4
apicid		: 6
initial apicid	: 6
fpu		: yes
fpu_exception	: yes
cpuid level	: 22
wp		: yes
flags		: fpu vme de pse tsc msr pae mce cx8 apic sep mtrr pge mca cmov pat pse36 clflush dts acpi mmx fxsr sse sse2 ss ht tm pbe syscall nx pdpe1gb rdtscp lm constant_tsc arch_perfmon pebs bts rep_good nopl xtopology nonstop_tsc aperfmperf eagerfpu pni pclmulqdq dtes64 monitor ds_cpl vmx smx est tm2 ssse3 fma cx16 xtpr pdcm pcid sse4_1 sse4_2 x2apic movbe popcnt tsc_deadline_timer aes xsave avx f16c rdrand lahf_lm abm 3dnowprefetch ida arat epb pln pts dtherm hwp hwp_noitfy hwp_act_window hwp_epp tpr_shadow vnmi flexpriority ept vpid fsgsbase tsc_adjust bmi1 hle avx2 smep bmi2 erms invpcid rtm mpx rdseed adx smap clflushopt xsaveopt xsavec xgetbv1
bugs		:
bogomips	: 6812.98
clflush size	: 64
cache_alignment	: 64
address sizes	: 39 bits physical, 48 bits virtual
power management:

processor	: 4
vendor_id	: GenuineIntel
cpu family	: 6
model		: 94
model name	: Intel(R) Core(TM) i7-6700 CPU @ 3.40GHz
stepping	: 3
microcode	: 0x74
cpu MHz		: 3401.000
cache size	: 8192 KB
physical id	: 0
siblings	: 8
core id		: 0
cpu cores	: 4
apicid		: 1
initial apicid	: 1
fpu		: yes
fpu_exception	: yes
cpuid level	: 22
wp		: yes
flags		: fpu vme de pse tsc msr pae mce cx8 apic sep mtrr pge mca cmov pat pse36 clflush dts acpi mmx fxsr sse sse2 ss ht tm pbe syscall nx pdpe1gb rdtscp lm constant_tsc arch_perfmon pebs bts rep_good nopl xtopology nonstop_tsc aperfmperf eagerfpu pni pclmulqdq dtes64 monitor ds_cpl vmx smx est tm2 ssse3 fma cx16 xtpr pdcm pcid sse4_1 sse4_2 x2apic movbe popcnt tsc_deadline_timer aes xsave avx f16c rdrand lahf_lm abm 3dnowprefetch ida arat epb pln pts dtherm hwp hwp_noitfy hwp_act_window hwp_epp tpr_shadow vnmi flexpriority ept vpid fsgsbase tsc_adjust bmi1 hle avx2 smep bmi2 erms invpcid rtm mpx rdseed adx smap clflushopt xsaveopt xsavec xgetbv1
bugs		:
bogomips	: 6812.98
clflush size	: 64
cache_alignment	: 64
address sizes	: 39 bits physical, 48 bits virtual
power management:

processor	: 5
vendor_id	: GenuineIntel
cpu family	: 6
model		: 94
model name	: Intel(R) Core(TM) i7-6700 CPU @ 3.40GHz
stepping	: 3
microcode	: 0x74
cpu MHz		: 800.000
cache size	: 8192 KB
physical id	: 0
siblings	: 8
core id		: 1
cpu cores	: 4
apicid		: 3
initial apicid	: 3
fpu		: yes
fpu_exception	: yes
cpuid level	: 22
wp		: yes
flags		: fpu vme de pse tsc msr pae mce cx8 apic sep mtrr pge mca cmov pat pse36 clflush dts acpi mmx fxsr sse sse2 ss ht tm pbe syscall nx pdpe1gb rdtscp lm constant_tsc arch_perfmon pebs bts rep_good nopl xtopology nonstop_tsc aperfmperf eagerfpu pni pclmulqdq dtes64 monitor ds_cpl vmx smx est tm2 ssse3 fma cx16 xtpr pdcm pcid sse4_1 sse4_2 x2apic movbe popcnt tsc_deadline_timer aes xsave avx f16c rdrand lahf_lm abm 3dnowprefetch ida arat epb pln pts dtherm hwp hwp_noitfy hwp_act_window hwp_epp tpr_shadow vnmi flexpriority ept vpid fsgsbase tsc_adjust bmi1 hle avx2 smep bmi2 erms invpcid rtm mpx rdseed adx smap clflushopt xsaveopt xsavec xgetbv1
bugs		:
bogomips	: 6812.98
clflush size	: 64
cache_alignment	: 64
address sizes	: 39 bits physical, 48 bits virtual
power management:

processor	: 6
vendor_id	: GenuineIntel
cpu family	: 6
model		: 94
model name	: Intel(R) Core(TM) i7-6700 CPU @ 3.40GHz
stepping	: 3
microcode	: 0x74
cpu MHz		: 800.000
cache size	: 8192 KB
physical id	: 0
siblings	: 8
core id		: 2
cpu cores	: 4
apicid		: 5
initial apicid	: 5
fpu		: yes
fpu_exception	: yes
cpuid level	: 22
wp		: yes
flags		: fpu vme de pse tsc msr pae mce cx8 apic sep mtrr pge mca cmov pat pse36 clflush dts acpi mmx fxsr sse sse2 ss ht tm pbe syscall nx pdpe1gb rdtscp lm constant_tsc arch_perfmon pebs bts rep_good nopl xtopology nonstop_tsc aperfmperf eagerfpu pni pclmulqdq dtes64 monitor ds_cpl vmx smx est tm2 ssse3 fma cx16 xtpr pdcm pcid sse4_1 sse4_2 x2apic movbe popcnt tsc_deadline_timer aes xsave avx f16c rdrand lahf_lm abm 3dnowprefetch ida arat epb pln pts dtherm hwp hwp_noitfy hwp_act_window hwp_epp tpr_shadow vnmi flexpriority ept vpid fsgsbase tsc_adjust bmi1 hle avx2 smep bmi2 erms invpcid rtm mpx rdseed adx smap clflushopt xsaveopt xsavec xgetbv1
bugs		:
bogomips	: 6812.98
clflush size	: 64
cache_alignment	: 64
address sizes	: 39 bits physical, 48 bits virtual
power management:

processor	: 7
vendor_id	: GenuineIntel
cpu family	: 6
model		: 94
model name	: Intel(R) Core(TM) i7-6700 CPU @ 3.40GHz
stepping	: 3
microcode	: 0x74
cpu MHz		: 1000.000
cache size	: 8192 KB
physical id	: 0
siblings	: 8
core id		: 3
cpu cores	: 4
apicid		: 7
initial apicid	: 7
fpu		: yes
fpu_exception	: yes
cpuid level	: 22
wp		: yes
flags		: fpu vme de pse tsc msr pae mce cx8 apic sep mtrr pge mca cmov pat pse36 clflush dts acpi mmx fxsr sse sse2 ss ht tm pbe syscall nx pdpe1gb rdtscp lm constant_tsc arch_perfmon pebs bts rep_good nopl xtopology nonstop_tsc aperfmperf eagerfpu pni pclmulqdq dtes64 monitor ds_cpl vmx smx est tm2 ssse3 fma cx16 xtpr pdcm pcid sse4_1 sse4_2 x2apic movbe popcnt tsc_deadline_timer aes xsave avx f16c rdrand lahf_lm abm 3dnowprefetch ida arat epb pln pts dtherm hwp hwp_noitfy hwp_act_window hwp_epp tpr_shadow vnmi flexpriority ept vpid fsgsbase tsc_adjust bmi1 hle avx2 smep bmi2 erms invpcid rtm mpx rdseed adx smap clflushopt xsaveopt xsavec xgetbv1
bugs		:
bogomips	: 6812.98
clflush size	: 64
cache_alignment	: 64
address sizes	: 39 bits physical, 48 bits virtual
power management:



Memory: 4k page, physical 65900056k(474436k free), swap 0k(0k free)

vm_info: Java HotSpot(TM) 64-Bit Server VM (25.92-b14) for linux-amd64 JRE (1.8.0_92-b14), built on Mar 31 2016 21:08:29 by "java_re" with gcc 4.3.0 20080428 (Red Hat 4.3.0-8)

time: Wed Aug 10 13:21:58 2016
elapsed time: 419 seconds (0d 0h 6m 59s)

