#
# There is insufficient memory for the Java Runtime Environment to continue.
# Native memory allocation (mmap) failed to map 6990856192 bytes for committing reserved memory.
# Possible reasons:
#   The system is out of physical RAM or swap space
#   In 32 bit mode, the process size limit was hit
# Possible solutions:
#   Reduce memory load on the system
#   Increase physical memory or swap space
#   Check if swap backing store is full
#   Use 64 bit Java on a 64 bit OS
#   Decrease Java heap size (-Xmx/-Xms)
#   Decrease number of Java threads
#   Decrease Java thread stack sizes (-Xss)
#   Set larger code cache with -XX:ReservedCodeCacheSize=
# This output file may be truncated or incomplete.
#
#  Out of Memory Error (os_linux.cpp:2627), pid=16268, tid=0x00007f39f3cfc700
#
# JRE version: Java(TM) SE Runtime Environment (8.0_92-b14) (build 1.8.0_92-b14)
# Java VM: Java HotSpot(TM) 64-Bit Server VM (25.92-b14 mixed mode linux-amd64 )
# Failed to write core dump. Core dumps have been disabled. To enable core dumping, try "ulimit -c unlimited" before starting Java again
#

---------------  T H R E A D  ---------------

Current thread (0x00007f479c081000):  VMThread [stack: 0x00007f39f3bfc000,0x00007f39f3cfd000] [id=16282]

Stack: [0x00007f39f3bfc000,0x00007f39f3cfd000],  sp=0x00007f39f3cfb160,  free space=1020k
Native frames: (J=compiled Java code, j=interpreted, Vv=VM code, C=native code)
V  [libjvm.so+0xabd65a]  VMError::report_and_die()+0x2ba
V  [libjvm.so+0x4fb4db]  report_vm_out_of_memory(char const*, int, unsigned long, VMErrorType, char const*)+0x8b
V  [libjvm.so+0x91d713]  os::Linux::commit_memory_impl(char*, unsigned long, bool)+0x103
V  [libjvm.so+0x91dc69]  os::pd_commit_memory(char*, unsigned long, unsigned long, bool)+0x29
V  [libjvm.so+0x917f6a]  os::commit_memory(char*, unsigned long, unsigned long, bool)+0x2a
V  [libjvm.so+0x98c343]  PSVirtualSpace::expand_by(unsigned long)+0x53
V  [libjvm.so+0x97cc00]  PSOldGen::expand(unsigned long)+0x170
V  [libjvm.so+0x97ce0b]  PSOldGen::resize(unsigned long)+0x1cb
V  [libjvm.so+0x984b11]  PSParallelCompact::invoke_no_policy(bool)+0x991
V  [libjvm.so+0x98a46d]  PSScavenge::invoke()+0x1ad
V  [libjvm.so+0x941410]  ParallelScavengeHeap::failed_mem_allocate(unsigned long)+0x70
V  [libjvm.so+0xabf077]  VM_ParallelGCFailedAllocation::doit()+0x97
V  [libjvm.so+0xac6aa5]  VM_Operation::evaluate()+0x55
V  [libjvm.so+0xac4e7a]  VMThread::evaluate_operation(VM_Operation*)+0xba
V  [libjvm.so+0xac51fe]  VMThread::loop()+0x1ce
V  [libjvm.so+0xac5670]  VMThread::run()+0x70
V  [libjvm.so+0x91fad8]  java_start(Thread*)+0x108

VM_Operation (0x00007f47a20135f0): ParallelGCFailedAllocation, mode: safepoint, requested by thread 0x00007f479c00b000


---------------  P R O C E S S  ---------------

Java Threads: ( => current thread )
  0x00007f479c6da800 JavaThread "AWT-XAWT" daemon [_thread_blocked, id=16301, stack(0x00007f39f0074000,0x00007f39f0175000)]
  0x00007f479c696800 JavaThread "Java2D Disposer" daemon [_thread_blocked, id=16300, stack(0x00007f39f0585000,0x00007f39f0686000)]
  0x00007f479c40e000 JavaThread "Service Thread" daemon [_thread_blocked, id=16298, stack(0x00007f39f26d1000,0x00007f39f27d2000)]
  0x00007f479c40b800 JavaThread "C1 CompilerThread3" daemon [_thread_blocked, id=16297, stack(0x00007f39f27d2000,0x00007f39f28d3000)]
  0x00007f479c409000 JavaThread "C2 CompilerThread2" daemon [_thread_blocked, id=16296, stack(0x00007f39f28d3000,0x00007f39f29d4000)]
  0x00007f479c407000 JavaThread "C2 CompilerThread1" daemon [_thread_blocked, id=16295, stack(0x00007f39f29d4000,0x00007f39f2ad5000)]
  0x00007f479c406000 JavaThread "C2 CompilerThread0" daemon [_thread_blocked, id=16294, stack(0x00007f39f2bfa000,0x00007f39f2cfb000)]
  0x00007f479c246800 JavaThread "*** Profiler Agent Special Execution Thread 6" daemon [_thread_blocked, id=16289, stack(0x00007f39f3115000,0x00007f39f3216000)]
  0x00007f479c244000 JavaThread "*** JFluid Monitor thread ***" daemon [_thread_blocked, id=16288, stack(0x00007f39f3216000,0x00007f39f3317000)]
  0x00007f479c23b000 JavaThread "*** Profiler Agent Communication Thread" daemon [_thread_blocked, id=16286, stack(0x00007f39f352e000,0x00007f39f362f000)]
  0x00007f479c188000 JavaThread "Signal Dispatcher" daemon [_thread_blocked, id=16285, stack(0x00007f39f362f000,0x00007f39f3730000)]
  0x00007f479c0c1000 JavaThread "Finalizer" daemon [_thread_blocked, id=16284, stack(0x00007f39f39fa000,0x00007f39f3afb000)]
  0x00007f479c0ae800 JavaThread "Reference Handler" daemon [_thread_blocked, id=16283, stack(0x00007f39f3afb000,0x00007f39f3bfc000)]
  0x00007f479c00b000 JavaThread "main" [_thread_blocked, id=16273, stack(0x00007f47a1f14000,0x00007f47a2015000)]

Other Threads:
=>0x00007f479c081000 VMThread [stack: 0x00007f39f3bfc000,0x00007f39f3cfd000] [id=16282]
  0x00007f479c421000 WatcherThread [stack: 0x00007f39f25d0000,0x00007f39f26d1000] [id=16299]

VM state:at safepoint (normal execution)

VM Mutex/Monitor currently owned by a thread:  ([mutex/lock_event])
[0x00007f479c006cd0] ExpandHeap_lock - owner thread: 0x00007f479c081000
[0x00007f479c007350] Threads_lock - owner thread: 0x00007f479c081000
[0x00007f479c007850] Heap_lock - owner thread: 0x00007f479c00b000

Heap:
 PSYoungGen      total 12515328K, used 0K [0x00007f4311d00000, 0x00007f478ba00000, 0x00007f478ba00000)
  eden space 6257664K, 0% used [0x00007f4311d00000,0x00007f4311d00000,0x00007f448fc00000)
  from space 6257664K, 0% used [0x00007f448fc00000,0x00007f448fc00000,0x00007f460db00000)
  to   space 6257664K, 0% used [0x00007f460db00000,0x00007f460db00000,0x00007f478ba00000)
 ParOldGen       total 30720000K, used 25350163K [0x00007f3a1e200000, 0x00007f4171200000, 0x00007f4311d00000)
  object space 30720000K, 82% used [0x00007f3a1e200000,0x00007f4029604ce0,0x00007f4171200000)
 Metaspace       used 13550K, capacity 13968K, committed 14080K, reserved 14336K

Card table byte_map: [0x00007f3a17693000,0x00007f3a1e200000] byte_map_base: 0x00007efa7a5a2000

Marking Bits: (ParMarkBitMap*) 0x00007f47a13ef4c0
 Begin Bits: [0x00007f3980940000, 0x00007f39b64a0000)
 End Bits:   [0x00007f39b64a0000, 0x00007f39ec000000)

Polling page: 0x00007f47a2038000

CodeCache: size=245760Kb used=6207Kb max_used=6403Kb free=239552Kb
 bounds [0x00007f478bf67000, 0x00007f478c5c7000, 0x00007f479af67000]
 total_blobs=1894 nmethods=1364 adapters=444
 compilation: enabled

Compilation events (10 events):
Event: 1088,396 Thread 0x00007f479c40b800 1415       3       java.text.DecimalFormat::setMinimumIntegerDigits (87 bytes)
Event: 1088,396 Thread 0x00007f479c40b800 nmethod 1415 0x00007f478c0897d0 code [0x00007f478c089980, 0x00007f478c089fb0]
Event: 1117,657 Thread 0x00007f479c40b800 1416       3       java.text.Format::<init> (5 bytes)
Event: 1117,657 Thread 0x00007f479c40b800 nmethod 1416 0x00007f478c1215d0 code [0x00007f478c121740, 0x00007f478c1218f0]
Event: 1117,658 Thread 0x00007f479c40b800 1417   !   3       java.util.Locale::getDefault (132 bytes)
Event: 1117,658 Thread 0x00007f479c40b800 nmethod 1417 0x00007f478c0fba50 code [0x00007f478c0fbc20, 0x00007f478c0fc418]
Event: 1123,947 Thread 0x00007f479c40b800 1418       3       java.text.NumberFormat::<init> (62 bytes)
Event: 1123,948 Thread 0x00007f479c40b800 nmethod 1418 0x00007f478c0f87d0 code [0x00007f478c0f8940, 0x00007f478c0f8b90]
Event: 1123,948 Thread 0x00007f479c40b800 1419       3       java.text.DigitList::<init> (35 bytes)
Event: 1123,948 Thread 0x00007f479c40b800 nmethod 1419 0x00007f478c086e50 code [0x00007f478c086fc0, 0x00007f478c087230]

GC Heap History (10 events):
Event: 999,988 GC heap after
Heap after GC invocations=15 (full 2):
 PSYoungGen      total 12515328K, used 3738422K [0x00007f4311d00000, 0x00007f478ba00000, 0x00007f478ba00000)
  eden space 6257664K, 0% used [0x00007f4311d00000,0x00007f4311d00000,0x00007f448fc00000)
  from space 6257664K, 59% used [0x00007f448fc00000,0x00007f4573ecdb70,0x00007f460db00000)
  to   space 6257664K, 0% used [0x00007f460db00000,0x00007f460db00000,0x00007f478ba00000)
 ParOldGen       total 30720000K, used 9431231K [0x00007f3a1e200000, 0x00007f4171200000, 0x00007f4311d00000)
  object space 30720000K, 30% used [0x00007f3a1e200000,0x00007f3c5dc2ff58,0x00007f4171200000)
 Metaspace       used 13546K, capacity 13968K, committed 14080K, reserved 14336K
}
Event: 1037,915 GC heap before
{Heap before GC invocations=16 (full 2):
 PSYoungGen      total 12515328K, used 9996086K [0x00007f4311d00000, 0x00007f478ba00000, 0x00007f478ba00000)
  eden space 6257664K, 100% used [0x00007f4311d00000,0x00007f448fc00000,0x00007f448fc00000)
  from space 6257664K, 59% used [0x00007f448fc00000,0x00007f4573ecdb70,0x00007f460db00000)
  to   space 6257664K, 0% used [0x00007f460db00000,0x00007f460db00000,0x00007f478ba00000)
 ParOldGen       total 30720000K, used 9431231K [0x00007f3a1e200000, 0x00007f4171200000, 0x00007f4311d00000)
  object space 30720000K, 30% used [0x00007f3a1e200000,0x00007f3c5dc2ff58,0x00007f4171200000)
 Metaspace       used 13547K, capacity 13968K, committed 14080K, reserved 14336K
Event: 1039,006 GC heap after
Heap after GC invocations=16 (full 2):
 PSYoungGen      total 12515328K, used 3795399K [0x00007f4311d00000, 0x00007f478ba00000, 0x00007f478ba00000)
  eden space 6257664K, 0% used [0x00007f4311d00000,0x00007f4311d00000,0x00007f448fc00000)
  from space 6257664K, 60% used [0x00007f460db00000,0x00007f46f5571de0,0x00007f478ba00000)
  to   space 6257664K, 0% used [0x00007f448fc00000,0x00007f448fc00000,0x00007f460db00000)
 ParOldGen       total 30720000K, used 12798349K [0x00007f3a1e200000, 0x00007f4171200000, 0x00007f4311d00000)
  object space 30720000K, 41% used [0x00007f3a1e200000,0x00007f3d2b4635d8,0x00007f4171200000)
 Metaspace       used 13547K, capacity 13968K, committed 14080K, reserved 14336K
}
Event: 1072,315 GC heap before
{Heap before GC invocations=17 (full 2):
 PSYoungGen      total 12515328K, used 10053063K [0x00007f4311d00000, 0x00007f478ba00000, 0x00007f478ba00000)
  eden space 6257664K, 100% used [0x00007f4311d00000,0x00007f448fc00000,0x00007f448fc00000)
  from space 6257664K, 60% used [0x00007f460db00000,0x00007f46f5571de0,0x00007f478ba00000)
  to   space 6257664K, 0% used [0x00007f448fc00000,0x00007f448fc00000,0x00007f460db00000)
 ParOldGen       total 30720000K, used 12798349K [0x00007f3a1e200000, 0x00007f4171200000, 0x00007f4311d00000)
  object space 30720000K, 41% used [0x00007f3a1e200000,0x00007f3d2b4635d8,0x00007f4171200000)
 Metaspace       used 13547K, capacity 13968K, committed 14080K, reserved 14336K
Event: 1073,744 GC heap after
Heap after GC invocations=17 (full 2):
 PSYoungGen      total 12515328K, used 3917548K [0x00007f4311d00000, 0x00007f478ba00000, 0x00007f478ba00000)
  eden space 6257664K, 0% used [0x00007f4311d00000,0x00007f4311d00000,0x00007f448fc00000)
  from space 6257664K, 62% used [0x00007f448fc00000,0x00007f457edbb1d0,0x00007f460db00000)
  to   space 6257664K, 0% used [0x00007f460db00000,0x00007f460db00000,0x00007f478ba00000)
 ParOldGen       total 30720000K, used 16448408K [0x00007f3a1e200000, 0x00007f4171200000, 0x00007f4311d00000)
  object space 30720000K, 53% used [0x00007f3a1e200000,0x00007f3e0a0e6048,0x00007f4171200000)
 Metaspace       used 13547K, capacity 13968K, committed 14080K, reserved 14336K
}
Event: 1113,973 GC heap before
{Heap before GC invocations=18 (full 2):
 PSYoungGen      total 12515328K, used 10175212K [0x00007f4311d00000, 0x00007f478ba00000, 0x00007f478ba00000)
  eden space 6257664K, 100% used [0x00007f4311d00000,0x00007f448fc00000,0x00007f448fc00000)
  from space 6257664K, 62% used [0x00007f448fc00000,0x00007f457edbb1d0,0x00007f460db00000)
  to   space 6257664K, 0% used [0x00007f460db00000,0x00007f460db00000,0x00007f478ba00000)
 ParOldGen       total 30720000K, used 16448408K [0x00007f3a1e200000, 0x00007f4171200000, 0x00007f4311d00000)
  object space 30720000K, 53% used [0x00007f3a1e200000,0x00007f3e0a0e6048,0x00007f4171200000)
 Metaspace       used 13547K, capacity 13968K, committed 14080K, reserved 14336K
Event: 1115,881 GC heap after
Heap after GC invocations=18 (full 2):
 PSYoungGen      total 12515328K, used 3737633K [0x00007f4311d00000, 0x00007f478ba00000, 0x00007f478ba00000)
  eden space 6257664K, 0% used [0x00007f4311d00000,0x00007f4311d00000,0x00007f448fc00000)
  from space 6257664K, 59% used [0x00007f460db00000,0x00007f46f1d08610,0x00007f478ba00000)
  to   space 6257664K, 0% used [0x00007f448fc00000,0x00007f448fc00000,0x00007f460db00000)
 ParOldGen       total 30720000K, used 20344277K [0x00007f3a1e200000, 0x00007f4171200000, 0x00007f4311d00000)
  object space 30720000K, 66% used [0x00007f3a1e200000,0x00007f3ef7d75750,0x00007f4171200000)
 Metaspace       used 13547K, capacity 13968K, committed 14080K, reserved 14336K
}
Event: 1155,565 GC heap before
{Heap before GC invocations=19 (full 2):
 PSYoungGen      total 12515328K, used 9995297K [0x00007f4311d00000, 0x00007f478ba00000, 0x00007f478ba00000)
  eden space 6257664K, 100% used [0x00007f4311d00000,0x00007f448fc00000,0x00007f448fc00000)
  from space 6257664K, 59% used [0x00007f460db00000,0x00007f46f1d08610,0x00007f478ba00000)
  to   space 6257664K, 0% used [0x00007f448fc00000,0x00007f448fc00000,0x00007f460db00000)
 ParOldGen       total 30720000K, used 20344277K [0x00007f3a1e200000, 0x00007f4171200000, 0x00007f4311d00000)
  object space 30720000K, 66% used [0x00007f3a1e200000,0x00007f3ef7d75750,0x00007f4171200000)
 Metaspace       used 13550K, capacity 13968K, committed 14080K, reserved 14336K
Event: 1160,293 GC heap after
Heap after GC invocations=19 (full 2):
 PSYoungGen      total 12515328K, used 3778604K [0x00007f4311d00000, 0x00007f478ba00000, 0x00007f478ba00000)
  eden space 6257664K, 0% used [0x00007f4311d00000,0x00007f4311d00000,0x00007f448fc00000)
  from space 6257664K, 60% used [0x00007f448fc00000,0x00007f457660b2d8,0x00007f460db00000)
  to   space 6257664K, 0% used [0x00007f460db00000,0x00007f460db00000,0x00007f478ba00000)
 ParOldGen       total 30720000K, used 24076544K [0x00007f3a1e200000, 0x00007f4171200000, 0x00007f4311d00000)
  object space 30720000K, 78% used [0x00007f3a1e200000,0x00007f3fdba401d8,0x00007f4171200000)
 Metaspace       used 13550K, capacity 13968K, committed 14080K, reserved 14336K
}
Event: 1160,293 GC heap before
{Heap before GC invocations=20 (full 3):
 PSYoungGen      total 12515328K, used 3778604K [0x00007f4311d00000, 0x00007f478ba00000, 0x00007f478ba00000)
  eden space 6257664K, 0% used [0x00007f4311d00000,0x00007f4311d00000,0x00007f448fc00000)
  from space 6257664K, 60% used [0x00007f448fc00000,0x00007f457660b2d8,0x00007f460db00000)
  to   space 6257664K, 0% used [0x00007f460db00000,0x00007f460db00000,0x00007f478ba00000)
 ParOldGen       total 30720000K, used 24076544K [0x00007f3a1e200000, 0x00007f4171200000, 0x00007f4311d00000)
  object space 30720000K, 78% used [0x00007f3a1e200000,0x00007f3fdba401d8,0x00007f4171200000)
 Metaspace       used 13550K, capacity 13968K, committed 14080K, reserved 14336K

Deoptimization events (10 events):
Event: 352,256 Thread 0x00007f479c00b000 Uncommon trap: reason=unstable_if action=reinterpret pc=0x00007f478c4acd38 method=java.io.ObjectStreamClass.getClassDataLayout()[Ljava/io/ObjectStreamClass$ClassDataSlot; @ 4
Event: 352,257 Thread 0x00007f479c00b000 Uncommon trap: reason=unstable_if action=reinterpret pc=0x00007f478c49c324 method=java.io.ObjectOutputStream.writeArray(Ljava/lang/Object;Ljava/io/ObjectStreamClass;Z)V @ 97
Event: 352,257 Thread 0x00007f479c00b000 Uncommon trap: reason=unstable_if action=reinterpret pc=0x00007f478c493040 method=java.io.ObjectOutputStream$BlockDataOutputStream.write([BIIZ)V @ 2
Event: 352,777 Thread 0x00007f479c00b000 Uncommon trap: reason=unstable_if action=reinterpret pc=0x00007f478c4a09f8 method=java.util.HashMap.internalWriteEntries(Ljava/io/ObjectOutputStream;)V @ 21
Event: 383,726 Thread 0x00007f479c00b000 Uncommon trap: reason=unstable_if action=reinterpret pc=0x00007f478c4d5da0 method=java.util.Arrays.fill([Ljava/lang/Object;IILjava/lang/Object;)V @ 13
Event: 385,636 Thread 0x00007f479c00b000 Uncommon trap: reason=unstable_if action=reinterpret pc=0x00007f478c39dd64 method=java.io.PrintStream.write(Ljava/lang/String;)V @ 43
Event: 385,637 Thread 0x00007f479c00b000 Uncommon trap: reason=unstable_if action=reinterpret pc=0x00007f478c23d538 method=java.lang.String.split(Ljava/lang/String;I)[Ljava/lang/String; @ 207
Event: 387,640 Thread 0x00007f479c00b000 Uncommon trap: reason=unstable_if action=reinterpret pc=0x00007f478c25036c method=inputs.FASTMLWrapper.parseProbas(Ljava/io/InputStream;)Lcore/PPStats; @ 108
Event: 748,591 Thread 0x00007f479c00b000 Uncommon trap: reason=unstable_if action=reinterpret pc=0x00007f478c495b00 method=java.io.ObjectOutputStream.defaultWriteFields(Ljava/lang/Object;Ljava/io/ObjectStreamClass;)V @ 43
Event: 836,121 Thread 0x00007f479c00b000 Uncommon trap: reason=unstable_if action=reinterpret pc=0x00007f478c51e4f4 method=alignement.Alignment.<init>(Ljava/util/List;)V @ 36

Internal exceptions (10 events):
Event: 347,386 Thread 0x00007f479c00b000 Exception <a 'java/lang/NoSuchMethodError': <clinit>> (0x00007f4439b04ed0) thrown at [/HUDSON/workspace/8-2-build-linux-amd64/jdk8u92/6642/hotspot/src/share/vm/prims/jni.cpp, line 1613]
Event: 347,402 Thread 0x00007f479c00b000 Exception <a 'java/lang/NoSuchMethodError': <clinit>> (0x00007f4439c6c488) thrown at [/HUDSON/workspace/8-2-build-linux-amd64/jdk8u92/6642/hotspot/src/share/vm/prims/jni.cpp, line 1613]
Event: 347,403 Thread 0x00007f479c00b000 Exception <a 'java/lang/NoSuchMethodError': <clinit>> (0x00007f4439ca1780) thrown at [/HUDSON/workspace/8-2-build-linux-amd64/jdk8u92/6642/hotspot/src/share/vm/prims/jni.cpp, line 1613]
Event: 347,404 Thread 0x00007f479c00b000 Exception <a 'java/lang/NoSuchMethodError': <clinit>> (0x00007f4439cb4d08) thrown at [/HUDSON/workspace/8-2-build-linux-amd64/jdk8u92/6642/hotspot/src/share/vm/prims/jni.cpp, line 1613]
Event: 347,404 Thread 0x00007f479c00b000 Exception <a 'java/lang/NoSuchMethodError': <clinit>> (0x00007f4439cb6010) thrown at [/HUDSON/workspace/8-2-build-linux-amd64/jdk8u92/6642/hotspot/src/share/vm/prims/jni.cpp, line 1613]
Event: 347,411 Thread 0x00007f479c00b000 Exception <a 'java/lang/NoSuchMethodError': <clinit>> (0x00007f4439d9cbf0) thrown at [/HUDSON/workspace/8-2-build-linux-amd64/jdk8u92/6642/hotspot/src/share/vm/prims/jni.cpp, line 1613]
Event: 347,411 Thread 0x00007f479c00b000 Exception <a 'java/lang/NoSuchMethodError': <clinit>> (0x00007f4439d9d868) thrown at [/HUDSON/workspace/8-2-build-linux-amd64/jdk8u92/6642/hotspot/src/share/vm/prims/jni.cpp, line 1613]
Event: 347,411 Thread 0x00007f479c00b000 Exception <a 'java/lang/NoSuchMethodError': <clinit>> (0x00007f4439d9e4a0) thrown at [/HUDSON/workspace/8-2-build-linux-amd64/jdk8u92/6642/hotspot/src/share/vm/prims/jni.cpp, line 1613]
Event: 352,257 Thread 0x00007f479c00b000 Exception <a 'java/lang/NoSuchMethodError': <clinit>> (0x00007f44531bb6d8) thrown at [/HUDSON/workspace/8-2-build-linux-amd64/jdk8u92/6642/hotspot/src/share/vm/prims/jni.cpp, line 1613]
Event: 748,591 Thread 0x00007f479c00b000 Implicit null exception at 0x00007f478c4942a4 to 0x00007f478c495ae9

Events (10 events):
Event: 1039,008 Thread 0x00007f479c407000 flushing nmethod 0x00007f478c1215d0
Event: 1049,820 Thread 0x00007f479c409000 flushing nmethod 0x00007f478c12e390
Event: 1049,820 Thread 0x00007f479c409000 flushing nmethod 0x00007f478c12f650
Event: 1049,820 Thread 0x00007f479c409000 flushing nmethod 0x00007f478c159610
Event: 1072,315 Executing VM operation: ParallelGCFailedAllocation
Event: 1073,744 Executing VM operation: ParallelGCFailedAllocation done
Event: 1088,396 Thread 0x00007f479c40b800 flushing nmethod 0x00007f478c1add90
Event: 1113,973 Executing VM operation: ParallelGCFailedAllocation
Event: 1115,882 Executing VM operation: ParallelGCFailedAllocation done
Event: 1155,565 Executing VM operation: ParallelGCFailedAllocation


Dynamic libraries:
00400000-00401000 r-xp 00000000 08:01 4290                               /media/ben/STOCK/SOFTWARE/jdk1.8.0_92/bin/java
00600000-00601000 rw-p 00000000 08:01 4290                               /media/ben/STOCK/SOFTWARE/jdk1.8.0_92/bin/java
01bd2000-01bf3000 rw-p 00000000 00:00 0                                  [heap]
7f3934000000-7f3934022000 rw-p 00000000 00:00 0 
7f3934022000-7f3938000000 ---p 00000000 00:00 0 
7f3938000000-7f3938028000 rw-p 00000000 00:00 0 
7f3938028000-7f393c000000 ---p 00000000 00:00 0 
7f393c000000-7f393c021000 rw-p 00000000 00:00 0 
7f393c021000-7f3940000000 ---p 00000000 00:00 0 
7f3940000000-7f3940021000 rw-p 00000000 00:00 0 
7f3940021000-7f3944000000 ---p 00000000 00:00 0 
7f3944000000-7f394460f000 rw-p 00000000 00:00 0 
7f394460f000-7f3948000000 ---p 00000000 00:00 0 
7f3948000000-7f3948021000 rw-p 00000000 00:00 0 
7f3948021000-7f394c000000 ---p 00000000 00:00 0 
7f394c000000-7f394dded000 rw-p 00000000 00:00 0 
7f394dded000-7f3950000000 ---p 00000000 00:00 0 
7f3950000000-7f3950891000 rw-p 00000000 00:00 0 
7f3950891000-7f3954000000 ---p 00000000 00:00 0 
7f3954000000-7f3954021000 rw-p 00000000 00:00 0 
7f3954021000-7f3958000000 ---p 00000000 00:00 0 
7f3958000000-7f3958f6c000 rw-p 00000000 00:00 0 
7f3958f6c000-7f395c000000 ---p 00000000 00:00 0 
7f395c000000-7f395c28c000 rw-p 00000000 00:00 0 
7f395c28c000-7f3960000000 ---p 00000000 00:00 0 
7f3960000000-7f3960021000 rw-p 00000000 00:00 0 
7f3960021000-7f3964000000 ---p 00000000 00:00 0 
7f3964000000-7f3964021000 rw-p 00000000 00:00 0 
7f3964021000-7f3968000000 ---p 00000000 00:00 0 
7f3968000000-7f396822e000 rw-p 00000000 00:00 0 
7f396822e000-7f396c000000 ---p 00000000 00:00 0 
7f396c000000-7f396c021000 rw-p 00000000 00:00 0 
7f396c021000-7f3970000000 ---p 00000000 00:00 0 
7f3970000000-7f3970021000 rw-p 00000000 00:00 0 
7f3970021000-7f3974000000 ---p 00000000 00:00 0 
7f3974000000-7f3974294000 rw-p 00000000 00:00 0 
7f3974294000-7f3978000000 ---p 00000000 00:00 0 
7f3979853000-7f39798bc000 r-xp 00000000 08:01 6112                       /media/ben/STOCK/SOFTWARE/jdk1.8.0_92/jre/lib/amd64/libt2k.so
7f39798bc000-7f3979abc000 ---p 00069000 08:01 6112                       /media/ben/STOCK/SOFTWARE/jdk1.8.0_92/jre/lib/amd64/libt2k.so
7f3979abc000-7f3979ac3000 rw-p 00069000 08:01 6112                       /media/ben/STOCK/SOFTWARE/jdk1.8.0_92/jre/lib/amd64/libt2k.so
7f3979ac3000-7f3979c93000 rw-p 00000000 00:00 0 
7f3979c93000-7f3979cd6000 ---p 00000000 00:00 0 
7f3979cd6000-7f39ec000000 rw-p 00000000 00:00 0 
7f39ec000000-7f39ec021000 rw-p 00000000 00:00 0 
7f39ec021000-7f39f0000000 ---p 00000000 00:00 0 
7f39f0074000-7f39f0077000 ---p 00000000 00:00 0 
7f39f0077000-7f39f0175000 rw-p 00000000 00:00 0 
7f39f0175000-7f39f017a000 r-xp 00000000 103:03 25043168                  /usr/lib/x86_64-linux-gnu/libXfixes.so.3.1.0
7f39f017a000-7f39f0379000 ---p 00005000 103:03 25043168                  /usr/lib/x86_64-linux-gnu/libXfixes.so.3.1.0
7f39f0379000-7f39f037a000 r--p 00004000 103:03 25043168                  /usr/lib/x86_64-linux-gnu/libXfixes.so.3.1.0
7f39f037a000-7f39f037b000 rw-p 00005000 103:03 25043168                  /usr/lib/x86_64-linux-gnu/libXfixes.so.3.1.0
7f39f037b000-7f39f0384000 r-xp 00000000 103:03 25043160                  /usr/lib/x86_64-linux-gnu/libXcursor.so.1.0.2
7f39f0384000-7f39f0583000 ---p 00009000 103:03 25043160                  /usr/lib/x86_64-linux-gnu/libXcursor.so.1.0.2
7f39f0583000-7f39f0584000 r--p 00008000 103:03 25043160                  /usr/lib/x86_64-linux-gnu/libXcursor.so.1.0.2
7f39f0584000-7f39f0585000 rw-p 00009000 103:03 25043160                  /usr/lib/x86_64-linux-gnu/libXcursor.so.1.0.2
7f39f0585000-7f39f0588000 ---p 00000000 00:00 0 
7f39f0588000-7f39f0886000 rw-p 00000000 00:00 0 
7f39f0886000-7f39f089c000 r-xp 00000000 103:03 6033521                   /lib/x86_64-linux-gnu/libgcc_s.so.1
7f39f089c000-7f39f0a9b000 ---p 00016000 103:03 6033521                   /lib/x86_64-linux-gnu/libgcc_s.so.1
7f39f0a9b000-7f39f0a9c000 rw-p 00015000 103:03 6033521                   /lib/x86_64-linux-gnu/libgcc_s.so.1
7f39f0a9c000-7f39f0b01000 r-xp 00000000 08:01 6129                       /media/ben/STOCK/SOFTWARE/jdk1.8.0_92/jre/lib/amd64/libfontmanager.so
7f39f0b01000-7f39f0d00000 ---p 00065000 08:01 6129                       /media/ben/STOCK/SOFTWARE/jdk1.8.0_92/jre/lib/amd64/libfontmanager.so
7f39f0d00000-7f39f0d05000 rw-p 00064000 08:01 6129                       /media/ben/STOCK/SOFTWARE/jdk1.8.0_92/jre/lib/amd64/libfontmanager.so
7f39f0d05000-7f39f0d15000 rw-p 00000000 00:00 0 
7f39f0d15000-7f39f0d1a000 r-xp 00000000 103:03 25043164                  /usr/lib/x86_64-linux-gnu/libXdmcp.so.6.0.0
7f39f0d1a000-7f39f0f19000 ---p 00005000 103:03 25043164                  /usr/lib/x86_64-linux-gnu/libXdmcp.so.6.0.0
7f39f0f19000-7f39f0f1a000 r--p 00004000 103:03 25043164                  /usr/lib/x86_64-linux-gnu/libXdmcp.so.6.0.0
7f39f0f1a000-7f39f0f1b000 rw-p 00005000 103:03 25043164                  /usr/lib/x86_64-linux-gnu/libXdmcp.so.6.0.0
7f39f0f1b000-7f39f0f1d000 r-xp 00000000 103:03 25043153                  /usr/lib/x86_64-linux-gnu/libXau.so.6.0.0
7f39f0f1d000-7f39f111d000 ---p 00002000 103:03 25043153                  /usr/lib/x86_64-linux-gnu/libXau.so.6.0.0
7f39f111d000-7f39f111e000 r--p 00002000 103:03 25043153                  /usr/lib/x86_64-linux-gnu/libXau.so.6.0.0
7f39f111e000-7f39f111f000 rw-p 00003000 103:03 25043153                  /usr/lib/x86_64-linux-gnu/libXau.so.6.0.0
7f39f111f000-7f39f113c000 r-xp 00000000 103:03 25044276                  /usr/lib/x86_64-linux-gnu/libxcb.so.1.1.0
7f39f113c000-7f39f133c000 ---p 0001d000 103:03 25044276                  /usr/lib/x86_64-linux-gnu/libxcb.so.1.1.0
7f39f133c000-7f39f133d000 r--p 0001d000 103:03 25044276                  /usr/lib/x86_64-linux-gnu/libxcb.so.1.1.0
7f39f133d000-7f39f133e000 rw-p 0001e000 103:03 25044276                  /usr/lib/x86_64-linux-gnu/libxcb.so.1.1.0
7f39f133e000-7f39f134d000 r-xp 00000000 103:03 25043174                  /usr/lib/x86_64-linux-gnu/libXi.so.6.1.0
7f39f134d000-7f39f154c000 ---p 0000f000 103:03 25043174                  /usr/lib/x86_64-linux-gnu/libXi.so.6.1.0
7f39f154c000-7f39f154d000 r--p 0000e000 103:03 25043174                  /usr/lib/x86_64-linux-gnu/libXi.so.6.1.0
7f39f154d000-7f39f154e000 rw-p 0000f000 103:03 25043174                  /usr/lib/x86_64-linux-gnu/libXi.so.6.1.0
7f39f154e000-7f39f1553000 r-xp 00000000 103:03 25043194                  /usr/lib/x86_64-linux-gnu/libXtst.so.6.1.0
7f39f1553000-7f39f1752000 ---p 00005000 103:03 25043194                  /usr/lib/x86_64-linux-gnu/libXtst.so.6.1.0
7f39f1752000-7f39f1753000 r--p 00004000 103:03 25043194                  /usr/lib/x86_64-linux-gnu/libXtst.so.6.1.0
7f39f1753000-7f39f1754000 rw-p 00005000 103:03 25043194                  /usr/lib/x86_64-linux-gnu/libXtst.so.6.1.0
7f39f1754000-7f39f175d000 r-xp 00000000 103:03 25043188                  /usr/lib/x86_64-linux-gnu/libXrender.so.1.3.0
7f39f175d000-7f39f195c000 ---p 00009000 103:03 25043188                  /usr/lib/x86_64-linux-gnu/libXrender.so.1.3.0
7f39f195c000-7f39f195d000 r--p 00008000 103:03 25043188                  /usr/lib/x86_64-linux-gnu/libXrender.so.1.3.0
7f39f195d000-7f39f195e000 rw-p 00009000 103:03 25043188                  /usr/lib/x86_64-linux-gnu/libXrender.so.1.3.0
7f39f195e000-7f39f1a8e000 r-xp 00000000 103:03 25043149                  /usr/lib/x86_64-linux-gnu/libX11.so.6.3.0
7f39f1a8e000-7f39f1c8e000 ---p 00130000 103:03 25043149                  /usr/lib/x86_64-linux-gnu/libX11.so.6.3.0
7f39f1c8e000-7f39f1c8f000 r--p 00130000 103:03 25043149                  /usr/lib/x86_64-linux-gnu/libX11.so.6.3.0
7f39f1c8f000-7f39f1c93000 rw-p 00131000 103:03 25043149                  /usr/lib/x86_64-linux-gnu/libX11.so.6.3.0
7f39f1c93000-7f39f1ca4000 r-xp 00000000 103:03 25043166                  /usr/lib/x86_64-linux-gnu/libXext.so.6.4.0
7f39f1ca4000-7f39f1ea3000 ---p 00011000 103:03 25043166                  /usr/lib/x86_64-linux-gnu/libXext.so.6.4.0
7f39f1ea3000-7f39f1ea4000 r--p 00010000 103:03 25043166                  /usr/lib/x86_64-linux-gnu/libXext.so.6.4.0
7f39f1ea4000-7f39f1ea5000 rw-p 00011000 103:03 25043166                  /usr/lib/x86_64-linux-gnu/libXext.so.6.4.0
7f39f1ea5000-7f39f1ef9000 r-xp 00000000 08:01 6154                       /media/ben/STOCK/SOFTWARE/jdk1.8.0_92/jre/lib/amd64/libawt_xawt.so
7f39f1ef9000-7f39f20f9000 ---p 00054000 08:01 6154                       /media/ben/STOCK/SOFTWARE/jdk1.8.0_92/jre/lib/amd64/libawt_xawt.so
7f39f20f9000-7f39f20fd000 rw-p 00054000 08:01 6154                       /media/ben/STOCK/SOFTWARE/jdk1.8.0_92/jre/lib/amd64/libawt_xawt.so
7f39f20fd000-7f39f20fe000 rw-p 00000000 00:00 0 
7f39f20fe000-7f39f21a0000 r-xp 00000000 08:01 6140                       /media/ben/STOCK/SOFTWARE/jdk1.8.0_92/jre/lib/amd64/libawt.so
7f39f21a0000-7f39f23a0000 ---p 000a2000 08:01 6140                       /media/ben/STOCK/SOFTWARE/jdk1.8.0_92/jre/lib/amd64/libawt.so
7f39f23a0000-7f39f23ac000 rw-p 000a2000 08:01 6140                       /media/ben/STOCK/SOFTWARE/jdk1.8.0_92/jre/lib/amd64/libawt.so
7f39f23ac000-7f39f25d0000 rw-p 00000000 00:00 0 
7f39f25d0000-7f39f25d1000 ---p 00000000 00:00 0 
7f39f25d1000-7f39f26d1000 rw-p 00000000 00:00 0 
7f39f26d1000-7f39f26d4000 ---p 00000000 00:00 0 
7f39f26d4000-7f39f27d2000 rw-p 00000000 00:00 0 
7f39f27d2000-7f39f27d5000 ---p 00000000 00:00 0 
7f39f27d5000-7f39f28d3000 rw-p 00000000 00:00 0 
7f39f28d3000-7f39f28d6000 ---p 00000000 00:00 0 
7f39f28d6000-7f39f29d4000 rw-p 00000000 00:00 0 
7f39f29d4000-7f39f29d7000 ---p 00000000 00:00 0 
7f39f29d7000-7f39f2ad5000 rw-p 00000000 00:00 0 
7f39f2ad5000-7f39f2bfa000 rw-s 00000000 103:03 26634892                  /tmp/jfluidbuf6560510285546622044.tmp
7f39f2bfa000-7f39f2bfd000 ---p 00000000 00:00 0 
7f39f2bfd000-7f39f2cfb000 rw-p 00000000 00:00 0 
7f39f2cfb000-7f39f2d0c000 r-xp 00000000 08:01 6150                       /media/ben/STOCK/SOFTWARE/jdk1.8.0_92/jre/lib/amd64/libnio.so
7f39f2d0c000-7f39f2f0b000 ---p 00011000 08:01 6150                       /media/ben/STOCK/SOFTWARE/jdk1.8.0_92/jre/lib/amd64/libnio.so
7f39f2f0b000-7f39f2f0c000 rw-p 00010000 08:01 6150                       /media/ben/STOCK/SOFTWARE/jdk1.8.0_92/jre/lib/amd64/libnio.so
7f39f2f0c000-7f39f2f15000 r-xp 00000000 08:01 6155                       /media/ben/STOCK/SOFTWARE/jdk1.8.0_92/jre/lib/amd64/libmanagement.so
7f39f2f15000-7f39f3114000 ---p 00009000 08:01 6155                       /media/ben/STOCK/SOFTWARE/jdk1.8.0_92/jre/lib/amd64/libmanagement.so
7f39f3114000-7f39f3115000 rw-p 00008000 08:01 6155                       /media/ben/STOCK/SOFTWARE/jdk1.8.0_92/jre/lib/amd64/libmanagement.so
7f39f3115000-7f39f3118000 ---p 00000000 00:00 0 
7f39f3118000-7f39f3216000 rw-p 00000000 00:00 0 
7f39f3216000-7f39f3219000 ---p 00000000 00:00 0 
7f39f3219000-7f39f3317000 rw-p 00000000 00:00 0 
7f39f3317000-7f39f332d000 r-xp 00000000 08:01 6147                       /media/ben/STOCK/SOFTWARE/jdk1.8.0_92/jre/lib/amd64/libnet.so
7f39f332d000-7f39f352d000 ---p 00016000 08:01 6147                       /media/ben/STOCK/SOFTWARE/jdk1.8.0_92/jre/lib/amd64/libnet.so
7f39f352d000-7f39f352e000 rw-p 00016000 08:01 6147                       /media/ben/STOCK/SOFTWARE/jdk1.8.0_92/jre/lib/amd64/libnet.so
7f39f352e000-7f39f3531000 ---p 00000000 00:00 0 
7f39f3531000-7f39f362f000 rw-p 00000000 00:00 0 
7f39f362f000-7f39f3632000 ---p 00000000 00:00 0 
7f39f3632000-7f39f3730000 rw-p 00000000 00:00 0 
7f39f3730000-7f39f39fa000 r--p 00000000 103:03 25041777                  /usr/lib/locale/locale-archive
7f39f39fa000-7f39f39fd000 ---p 00000000 00:00 0 
7f39f39fd000-7f39f3afb000 rw-p 00000000 00:00 0 
7f39f3afb000-7f39f3afe000 ---p 00000000 00:00 0 
7f39f3afe000-7f39f3bfc000 rw-p 00000000 00:00 0 
7f39f3bfc000-7f39f3bfd000 ---p 00000000 00:00 0 
7f39f3bfd000-7f39f4000000 rw-p 00000000 00:00 0 
7f39f4000000-7f39f4021000 rw-p 00000000 00:00 0 
7f39f4021000-7f39f8000000 ---p 00000000 00:00 0 
7f39f8000000-7f39f8021000 rw-p 00000000 00:00 0 
7f39f8021000-7f39fc000000 ---p 00000000 00:00 0 
7f39fc000000-7f39fc021000 rw-p 00000000 00:00 0 
7f39fc021000-7f3a00000000 ---p 00000000 00:00 0 
7f3a00000000-7f3a00021000 rw-p 00000000 00:00 0 
7f3a00021000-7f3a04000000 ---p 00000000 00:00 0 
7f3a04000000-7f3a04021000 rw-p 00000000 00:00 0 
7f3a04021000-7f3a08000000 ---p 00000000 00:00 0 
7f3a08000000-7f3a08021000 rw-p 00000000 00:00 0 
7f3a08021000-7f3a0c000000 ---p 00000000 00:00 0 
7f3a0c000000-7f3a0c021000 rw-p 00000000 00:00 0 
7f3a0c021000-7f3a10000000 ---p 00000000 00:00 0 
7f3a1004a000-7f3a1005d000 r--s 00344000 08:01 5979                       /media/ben/STOCK/SOFTWARE/jdk1.8.0_92/jre/lib/resources.jar
7f3a1005d000-7f3a10079000 r--s 00393000 08:01 5997                       /media/ben/STOCK/SOFTWARE/jdk1.8.0_92/jre/lib/ext/cldrdata.jar
7f3a10079000-7f3a1007c000 ---p 00000000 00:00 0 
7f3a1007c000-7f3a119e2000 rw-p 00000000 00:00 0 
7f3a119e2000-7f3a11bbb000 r--s 03d24000 08:01 5941                       /media/ben/STOCK/SOFTWARE/jdk1.8.0_92/jre/lib/rt.jar
7f3a11bbb000-7f3a127ee000 rw-p 00000000 00:00 0 
7f3a127ee000-7f3a127ef000 ---p 00000000 00:00 0 
7f3a127ef000-7f3a128ef000 rw-p 00000000 00:00 0 
7f3a128ef000-7f3a128f0000 ---p 00000000 00:00 0 
7f3a128f0000-7f3a129f0000 rw-p 00000000 00:00 0 
7f3a129f0000-7f3a129f1000 ---p 00000000 00:00 0 
7f3a129f1000-7f3a12af1000 rw-p 00000000 00:00 0 
7f3a12af1000-7f3a12af2000 ---p 00000000 00:00 0 
7f3a12af2000-7f3a12bf2000 rw-p 00000000 00:00 0 
7f3a12bf2000-7f3a12bf3000 ---p 00000000 00:00 0 
7f3a12bf3000-7f3a12cf3000 rw-p 00000000 00:00 0 
7f3a12cf3000-7f3a12cf4000 ---p 00000000 00:00 0 
7f3a12cf4000-7f3a12df4000 rw-p 00000000 00:00 0 
7f3a12df4000-7f3a12df5000 ---p 00000000 00:00 0 
7f3a12df5000-7f3a1698d000 rw-p 00000000 00:00 0 
7f3a1698d000-7f3a17693000 ---p 00000000 00:00 0 
7f3a17693000-7f3a1b12b000 rw-p 00000000 00:00 0 
7f3a1b12b000-7f3a1be30000 ---p 00000000 00:00 0 
7f3a1be30000-7f3a1e1ff000 rw-p 00000000 00:00 0 
7f3a1e1ff000-7f4171200000 rw-p 00000000 00:00 0 
7f4311d00000-7f478ba00000 rw-p 00000000 00:00 0 
7f478ba0f000-7f478baa6000 rw-p 00000000 00:00 0 
7f478baa6000-7f478baa7000 ---p 00000000 00:00 0 
7f478baa7000-7f478bbc1000 rw-p 00000000 00:00 0 
7f478bbc1000-7f478bf67000 ---p 00000000 00:00 0 
7f478bf67000-7f478c5c7000 rwxp 00000000 00:00 0 
7f478c5c7000-7f479af67000 ---p 00000000 00:00 0 
7f479af67000-7f479af81000 r-xp 00000000 08:01 6143                       /media/ben/STOCK/SOFTWARE/jdk1.8.0_92/jre/lib/amd64/libzip.so
7f479af81000-7f479b181000 ---p 0001a000 08:01 6143                       /media/ben/STOCK/SOFTWARE/jdk1.8.0_92/jre/lib/amd64/libzip.so
7f479b181000-7f479b182000 rw-p 0001a000 08:01 6143                       /media/ben/STOCK/SOFTWARE/jdk1.8.0_92/jre/lib/amd64/libzip.so
7f479b182000-7f479b18c000 r-xp 00000000 103:03 6030439                   /lib/x86_64-linux-gnu/libnss_files-2.19.so
7f479b18c000-7f479b38b000 ---p 0000a000 103:03 6030439                   /lib/x86_64-linux-gnu/libnss_files-2.19.so
7f479b38b000-7f479b38c000 r--p 00009000 103:03 6030439                   /lib/x86_64-linux-gnu/libnss_files-2.19.so
7f479b38c000-7f479b38d000 rw-p 0000a000 103:03 6030439                   /lib/x86_64-linux-gnu/libnss_files-2.19.so
7f479b38d000-7f479b398000 r-xp 00000000 103:03 6030424                   /lib/x86_64-linux-gnu/libnss_nis-2.19.so
7f479b398000-7f479b597000 ---p 0000b000 103:03 6030424                   /lib/x86_64-linux-gnu/libnss_nis-2.19.so
7f479b597000-7f479b598000 r--p 0000a000 103:03 6030424                   /lib/x86_64-linux-gnu/libnss_nis-2.19.so
7f479b598000-7f479b599000 rw-p 0000b000 103:03 6030424                   /lib/x86_64-linux-gnu/libnss_nis-2.19.so
7f479b599000-7f479b5b0000 r-xp 00000000 103:03 6030416                   /lib/x86_64-linux-gnu/libnsl-2.19.so
7f479b5b0000-7f479b7af000 ---p 00017000 103:03 6030416                   /lib/x86_64-linux-gnu/libnsl-2.19.so
7f479b7af000-7f479b7b0000 r--p 00016000 103:03 6030416                   /lib/x86_64-linux-gnu/libnsl-2.19.so
7f479b7b0000-7f479b7b1000 rw-p 00017000 103:03 6030416                   /lib/x86_64-linux-gnu/libnsl-2.19.so
7f479b7b1000-7f479b7b3000 rw-p 00000000 00:00 0 
7f479b7b3000-7f479b7bc000 r-xp 00000000 103:03 6030414                   /lib/x86_64-linux-gnu/libnss_compat-2.19.so
7f479b7bc000-7f479b9bb000 ---p 00009000 103:03 6030414                   /lib/x86_64-linux-gnu/libnss_compat-2.19.so
7f479b9bb000-7f479b9bc000 r--p 00008000 103:03 6030414                   /lib/x86_64-linux-gnu/libnss_compat-2.19.so
7f479b9bc000-7f479b9bd000 rw-p 00009000 103:03 6030414                   /lib/x86_64-linux-gnu/libnss_compat-2.19.so
7f479b9bd000-7f479b9e7000 r-xp 00000000 08:01 6138                       /media/ben/STOCK/SOFTWARE/jdk1.8.0_92/jre/lib/amd64/libjava.so
7f479b9e7000-7f479bbe7000 ---p 0002a000 08:01 6138                       /media/ben/STOCK/SOFTWARE/jdk1.8.0_92/jre/lib/amd64/libjava.so
7f479bbe7000-7f479bbe9000 rw-p 0002a000 08:01 6138                       /media/ben/STOCK/SOFTWARE/jdk1.8.0_92/jre/lib/amd64/libjava.so
7f479bbe9000-7f479bbf6000 r-xp 00000000 08:01 6142                       /media/ben/STOCK/SOFTWARE/jdk1.8.0_92/jre/lib/amd64/libverify.so
7f479bbf6000-7f479bdf6000 ---p 0000d000 08:01 6142                       /media/ben/STOCK/SOFTWARE/jdk1.8.0_92/jre/lib/amd64/libverify.so
7f479bdf6000-7f479bdf8000 rw-p 0000d000 08:01 6142                       /media/ben/STOCK/SOFTWARE/jdk1.8.0_92/jre/lib/amd64/libverify.so
7f479bdf8000-7f479bdff000 r-xp 00000000 103:03 6030432                   /lib/x86_64-linux-gnu/librt-2.19.so
7f479bdff000-7f479bffe000 ---p 00007000 103:03 6030432                   /lib/x86_64-linux-gnu/librt-2.19.so
7f479bffe000-7f479bfff000 r--p 00006000 103:03 6030432                   /lib/x86_64-linux-gnu/librt-2.19.so
7f479bfff000-7f479c000000 rw-p 00007000 103:03 6030432                   /lib/x86_64-linux-gnu/librt-2.19.so
7f479c000000-7f479c9b3000 rw-p 00000000 00:00 0 
7f479c9b3000-7f47a0000000 ---p 00000000 00:00 0 
7f47a0005000-7f47a0026000 rw-p 00000000 00:00 0 
7f47a0026000-7f47a002f000 r-xp 00000000 08:01 10791                      /media/ben/STOCK/SOFTWARE/netbeans-8.1/profiler/lib/deployed/jdk16/linux-amd64/libprofilerinterface.so
7f47a002f000-7f47a012f000 ---p 00009000 08:01 10791                      /media/ben/STOCK/SOFTWARE/netbeans-8.1/profiler/lib/deployed/jdk16/linux-amd64/libprofilerinterface.so
7f47a012f000-7f47a0130000 rw-p 00009000 08:01 10791                      /media/ben/STOCK/SOFTWARE/netbeans-8.1/profiler/lib/deployed/jdk16/linux-amd64/libprofilerinterface.so
7f47a0130000-7f47a0235000 r-xp 00000000 103:03 6029643                   /lib/x86_64-linux-gnu/libm-2.19.so
7f47a0235000-7f47a0434000 ---p 00105000 103:03 6029643                   /lib/x86_64-linux-gnu/libm-2.19.so
7f47a0434000-7f47a0435000 r--p 00104000 103:03 6029643                   /lib/x86_64-linux-gnu/libm-2.19.so
7f47a0435000-7f47a0436000 rw-p 00105000 103:03 6029643                   /lib/x86_64-linux-gnu/libm-2.19.so
7f47a0436000-7f47a10f9000 r-xp 00000000 08:01 6121                       /media/ben/STOCK/SOFTWARE/jdk1.8.0_92/jre/lib/amd64/server/libjvm.so
7f47a10f9000-7f47a12f8000 ---p 00cc3000 08:01 6121                       /media/ben/STOCK/SOFTWARE/jdk1.8.0_92/jre/lib/amd64/server/libjvm.so
7f47a12f8000-7f47a13d1000 rw-p 00cc2000 08:01 6121                       /media/ben/STOCK/SOFTWARE/jdk1.8.0_92/jre/lib/amd64/server/libjvm.so
7f47a13d1000-7f47a141c000 rw-p 00000000 00:00 0 
7f47a141c000-7f47a15d6000 r-xp 00000000 103:03 6030434                   /lib/x86_64-linux-gnu/libc-2.19.so
7f47a15d6000-7f47a17d6000 ---p 001ba000 103:03 6030434                   /lib/x86_64-linux-gnu/libc-2.19.so
7f47a17d6000-7f47a17da000 r--p 001ba000 103:03 6030434                   /lib/x86_64-linux-gnu/libc-2.19.so
7f47a17da000-7f47a17dc000 rw-p 001be000 103:03 6030434                   /lib/x86_64-linux-gnu/libc-2.19.so
7f47a17dc000-7f47a17e1000 rw-p 00000000 00:00 0 
7f47a17e1000-7f47a17e4000 r-xp 00000000 103:03 6029647                   /lib/x86_64-linux-gnu/libdl-2.19.so
7f47a17e4000-7f47a19e3000 ---p 00003000 103:03 6029647                   /lib/x86_64-linux-gnu/libdl-2.19.so
7f47a19e3000-7f47a19e4000 r--p 00002000 103:03 6029647                   /lib/x86_64-linux-gnu/libdl-2.19.so
7f47a19e4000-7f47a19e5000 rw-p 00003000 103:03 6029647                   /lib/x86_64-linux-gnu/libdl-2.19.so
7f47a19e5000-7f47a19fa000 r-xp 00000000 08:01 5756                       /media/ben/STOCK/SOFTWARE/jdk1.8.0_92/lib/amd64/jli/libjli.so
7f47a19fa000-7f47a1bfa000 ---p 00015000 08:01 5756                       /media/ben/STOCK/SOFTWARE/jdk1.8.0_92/lib/amd64/jli/libjli.so
7f47a1bfa000-7f47a1bfb000 rw-p 00015000 08:01 5756                       /media/ben/STOCK/SOFTWARE/jdk1.8.0_92/lib/amd64/jli/libjli.so
7f47a1bfb000-7f47a1c14000 r-xp 00000000 103:03 6030418                   /lib/x86_64-linux-gnu/libpthread-2.19.so
7f47a1c14000-7f47a1e13000 ---p 00019000 103:03 6030418                   /lib/x86_64-linux-gnu/libpthread-2.19.so
7f47a1e13000-7f47a1e14000 r--p 00018000 103:03 6030418                   /lib/x86_64-linux-gnu/libpthread-2.19.so
7f47a1e14000-7f47a1e15000 rw-p 00019000 103:03 6030418                   /lib/x86_64-linux-gnu/libpthread-2.19.so
7f47a1e15000-7f47a1e19000 rw-p 00000000 00:00 0 
7f47a1e19000-7f47a1e3c000 r-xp 00000000 103:03 6030420                   /lib/x86_64-linux-gnu/ld-2.19.so
7f47a1e3c000-7f47a1e3d000 rw-p 00000000 00:00 0 
7f47a1e3d000-7f47a1e42000 r--s 002f9000 08:01 5939                       /media/ben/STOCK/SOFTWARE/jdk1.8.0_92/jre/lib/charsets.jar
7f47a1e42000-7f47a1f14000 rw-p 00000000 00:00 0 
7f47a1f14000-7f47a1f17000 ---p 00000000 00:00 0 
7f47a1f17000-7f47a2019000 rw-p 00000000 00:00 0 
7f47a2019000-7f47a201a000 r--p 00000000 103:03 26884509                  /usr/share/locale-langpack/en_GB/LC_MESSAGES/libc.mo
7f47a201a000-7f47a2024000 r--s 00116000 08:01 6004                       /media/ben/STOCK/SOFTWARE/jdk1.8.0_92/jre/lib/ext/localedata.jar
7f47a2024000-7f47a2028000 r--s 00097000 08:01 5993                       /media/ben/STOCK/SOFTWARE/jdk1.8.0_92/jre/lib/jsse.jar
7f47a2028000-7f47a2029000 r--s 00005000 08:01 10890                      /media/ben/STOCK/SOFTWARE/netbeans-8.1/profiler/lib/jfluid-server-15.jar
7f47a2029000-7f47a202a000 r--s 00005000 08:01 10890                      /media/ben/STOCK/SOFTWARE/netbeans-8.1/profiler/lib/jfluid-server-15.jar
7f47a202a000-7f47a202e000 r--s 00065000 08:01 10891                      /media/ben/STOCK/SOFTWARE/netbeans-8.1/profiler/lib/jfluid-server.jar
7f47a202e000-7f47a2036000 rw-s 00000000 103:03 26634884                  /tmp/hsperfdata_ben/16268
7f47a2036000-7f47a2038000 rw-p 00000000 00:00 0 
7f47a2038000-7f47a2039000 ---p 00000000 00:00 0 
7f47a2039000-7f47a203b000 rw-p 00000000 00:00 0 
7f47a203b000-7f47a203c000 r--p 00022000 103:03 6030420                   /lib/x86_64-linux-gnu/ld-2.19.so
7f47a203c000-7f47a203d000 rw-p 00023000 103:03 6030420                   /lib/x86_64-linux-gnu/ld-2.19.so
7f47a203d000-7f47a203e000 rw-p 00000000 00:00 0 
7ffd3d4e1000-7ffd3d502000 rw-p 00000000 00:00 0                          [stack]
7ffd3d5df000-7ffd3d5e1000 r--p 00000000 00:00 0                          [vvar]
7ffd3d5e1000-7ffd3d5e3000 r-xp 00000000 00:00 0                          [vdso]
ffffffffff600000-ffffffffff601000 r-xp 00000000 00:00 0                  [vsyscall]

VM Arguments:
jvm_args: -Dfile.encoding=UTF-8 -Xms45000m -Xmx55000m -agentpath:/media/ben/STOCK/SOFTWARE/netbeans-8.1/profiler/lib/deployed/jdk16/linux-amd64/libprofilerinterface.so=/media/ben/STOCK/SOFTWARE/netbeans-8.1/profiler/lib,5140,10 -XX:+HeapDumpOnOutOfMemoryError -XX:HeapDumpPath=/media/ben/STOCK/SOURCES/NetBeansProjects/ViromePlacer/nbproject/private/profiler 
java_command: main.Main
java_class_path (initial): /media/ben/STOCK/SOURCES/NetBeansProjects/ViromePlacer/build/classes
Launcher Type: SUN_STANDARD

Environment Variables:
PATH=/usr/local/sbin:/usr/local/bin:/usr/sbin:/usr/bin:/sbin:/bin:/usr/games:/usr/local/games
LD_LIBRARY_PATH=/media/ben/STOCK/SOFTWARE/jdk1.8.0_92/jre/lib/amd64:/media/ben/STOCK/SOFTWARE/jdk1.8.0_92/jre/lib/i386:
SHELL=/bin/bash
DISPLAY=:0

Signal Handlers:
SIGSEGV: [libjvm.so+0xabdee0], sa_mask[0]=11111111011111111101111111111110, sa_flags=SA_RESTART|SA_SIGINFO
SIGBUS: [libjvm.so+0xabdee0], sa_mask[0]=11111111011111111101111111111110, sa_flags=SA_RESTART|SA_SIGINFO
SIGFPE: [libjvm.so+0x91a580], sa_mask[0]=11111111011111111101111111111110, sa_flags=SA_RESTART|SA_SIGINFO
SIGPIPE: [libjvm.so+0x91a580], sa_mask[0]=11111111011111111101111111111110, sa_flags=SA_RESTART|SA_SIGINFO
SIGXFSZ: [libjvm.so+0x91a580], sa_mask[0]=11111111011111111101111111111110, sa_flags=SA_RESTART|SA_SIGINFO
SIGILL: [libjvm.so+0x91a580], sa_mask[0]=11111111011111111101111111111110, sa_flags=SA_RESTART|SA_SIGINFO
SIGUSR1: SIG_DFL, sa_mask[0]=00000000000000000000000000000000, sa_flags=none
SIGUSR2: [libjvm.so+0x91bbb0], sa_mask[0]=00100000000000000000000000000000, sa_flags=SA_RESTART|SA_SIGINFO
SIGHUP: [libjvm.so+0x91cfb0], sa_mask[0]=11111111011111111101111111111110, sa_flags=SA_RESTART|SA_SIGINFO
SIGINT: SIG_IGN, sa_mask[0]=00000000000000000000000000000000, sa_flags=none
SIGTERM: [libjvm.so+0x91cfb0], sa_mask[0]=11111111011111111101111111111110, sa_flags=SA_RESTART|SA_SIGINFO
SIGQUIT: [libjvm.so+0x91cfb0], sa_mask[0]=11111111011111111101111111111110, sa_flags=SA_RESTART|SA_SIGINFO


---------------  S Y S T E M  ---------------

OS:DISTRIB_ID=Ubuntu
DISTRIB_RELEASE=14.04
DISTRIB_CODENAME=trusty
DISTRIB_DESCRIPTION="Ubuntu 14.04.5 LTS"

uname:Linux 3.19.0-65-generic #73~14.04.1-Ubuntu SMP Wed Jun 29 21:05:22 UTC 2016 x86_64
libc:glibc 2.19 NPTL 2.19 
rlimit: STACK 8192k, CORE 0k, NPROC 256371, NOFILE 4096, AS infinity
load average:3,72 2,06 1,61

/proc/meminfo:
MemTotal:       65900056 kB
MemFree:          385248 kB
MemAvailable:    1712716 kB
Buffers:          524172 kB
Cached:          1034260 kB
SwapCached:            0 kB
Active:         63877600 kB
Inactive:         850044 kB
Active(anon):   63173644 kB
Inactive(anon):   199696 kB
Active(file):     703956 kB
Inactive(file):   650348 kB
Unevictable:         592 kB
Mlocked:             592 kB
SwapTotal:             0 kB
SwapFree:              0 kB
Dirty:               536 kB
Writeback:             0 kB
AnonPages:      63169988 kB
Mapped:           461396 kB
Shmem:            203952 kB
Slab:             302932 kB
SReclaimable:     226580 kB
SUnreclaim:        76352 kB
KernelStack:       17888 kB
PageTables:       205324 kB
NFS_Unstable:          0 kB
Bounce:                0 kB
WritebackTmp:          0 kB
CommitLimit:    32950028 kB
Committed_AS:   95430180 kB
VmallocTotal:   34359738367 kB
VmallocUsed:      420036 kB
VmallocChunk:   34359299068 kB
HardwareCorrupted:     0 kB
AnonHugePages:  45389824 kB
CmaTotal:              0 kB
CmaFree:               0 kB
HugePages_Total:       0
HugePages_Free:        0
HugePages_Rsvd:        0
HugePages_Surp:        0
Hugepagesize:       2048 kB
DirectMap4k:    16162472 kB
DirectMap2M:    49819648 kB
DirectMap1G:     2097152 kB


CPU:total 8 (4 cores per cpu, 2 threads per core) family 6 model 94 stepping 3, cmov, cx8, fxsr, mmx, sse, sse2, sse3, ssse3, sse4.1, sse4.2, popcnt, avx, avx2, aes, clmul, erms, rtm, 3dnowpref, lzcnt, ht, tsc, tscinvbit, bmi1, bmi2, adx

/proc/cpuinfo:
processor	: 0
vendor_id	: GenuineIntel
cpu family	: 6
model		: 94
model name	: Intel(R) Core(TM) i7-6700 CPU @ 3.40GHz
stepping	: 3
microcode	: 0x74
cpu MHz		: 3401.000
cache size	: 8192 KB
physical id	: 0
siblings	: 8
core id		: 0
cpu cores	: 4
apicid		: 0
initial apicid	: 0
fpu		: yes
fpu_exception	: yes
cpuid level	: 22
wp		: yes
flags		: fpu vme de pse tsc msr pae mce cx8 apic sep mtrr pge mca cmov pat pse36 clflush dts acpi mmx fxsr sse sse2 ss ht tm pbe syscall nx pdpe1gb rdtscp lm constant_tsc arch_perfmon pebs bts rep_good nopl xtopology nonstop_tsc aperfmperf eagerfpu pni pclmulqdq dtes64 monitor ds_cpl vmx smx est tm2 ssse3 fma cx16 xtpr pdcm pcid sse4_1 sse4_2 x2apic movbe popcnt tsc_deadline_timer aes xsave avx f16c rdrand lahf_lm abm 3dnowprefetch ida arat epb pln pts dtherm hwp hwp_noitfy hwp_act_window hwp_epp tpr_shadow vnmi flexpriority ept vpid fsgsbase tsc_adjust bmi1 hle avx2 smep bmi2 erms invpcid rtm mpx rdseed adx smap clflushopt xsaveopt xsavec xgetbv1
bugs		:
bogomips	: 6812.98
clflush size	: 64
cache_alignment	: 64
address sizes	: 39 bits physical, 48 bits virtual
power management:

processor	: 1
vendor_id	: GenuineIntel
cpu family	: 6
model		: 94
model name	: Intel(R) Core(TM) i7-6700 CPU @ 3.40GHz
stepping	: 3
microcode	: 0x74
cpu MHz		: 2100.000
cache size	: 8192 KB
physical id	: 0
siblings	: 8
core id		: 1
cpu cores	: 4
apicid		: 2
initial apicid	: 2
fpu		: yes
fpu_exception	: yes
cpuid level	: 22
wp		: yes
flags		: fpu vme de pse tsc msr pae mce cx8 apic sep mtrr pge mca cmov pat pse36 clflush dts acpi mmx fxsr sse sse2 ss ht tm pbe syscall nx pdpe1gb rdtscp lm constant_tsc arch_perfmon pebs bts rep_good nopl xtopology nonstop_tsc aperfmperf eagerfpu pni pclmulqdq dtes64 monitor ds_cpl vmx smx est tm2 ssse3 fma cx16 xtpr pdcm pcid sse4_1 sse4_2 x2apic movbe popcnt tsc_deadline_timer aes xsave avx f16c rdrand lahf_lm abm 3dnowprefetch ida arat epb pln pts dtherm hwp hwp_noitfy hwp_act_window hwp_epp tpr_shadow vnmi flexpriority ept vpid fsgsbase tsc_adjust bmi1 hle avx2 smep bmi2 erms invpcid rtm mpx rdseed adx smap clflushopt xsaveopt xsavec xgetbv1
bugs		:
bogomips	: 6812.98
clflush size	: 64
cache_alignment	: 64
address sizes	: 39 bits physical, 48 bits virtual
power management:

processor	: 2
vendor_id	: GenuineIntel
cpu family	: 6
model		: 94
model name	: Intel(R) Core(TM) i7-6700 CPU @ 3.40GHz
stepping	: 3
microcode	: 0x74
cpu MHz		: 3000.000
cache size	: 8192 KB
physical id	: 0
siblings	: 8
core id		: 2
cpu cores	: 4
apicid		: 4
initial apicid	: 4
fpu		: yes
fpu_exception	: yes
cpuid level	: 22
wp		: yes
flags		: fpu vme de pse tsc msr pae mce cx8 apic sep mtrr pge mca cmov pat pse36 clflush dts acpi mmx fxsr sse sse2 ss ht tm pbe syscall nx pdpe1gb rdtscp lm constant_tsc arch_perfmon pebs bts rep_good nopl xtopology nonstop_tsc aperfmperf eagerfpu pni pclmulqdq dtes64 monitor ds_cpl vmx smx est tm2 ssse3 fma cx16 xtpr pdcm pcid sse4_1 sse4_2 x2apic movbe popcnt tsc_deadline_timer aes xsave avx f16c rdrand lahf_lm abm 3dnowprefetch ida arat epb pln pts dtherm hwp hwp_noitfy hwp_act_window hwp_epp tpr_shadow vnmi flexpriority ept vpid fsgsbase tsc_adjust bmi1 hle avx2 smep bmi2 erms invpcid rtm mpx rdseed adx smap clflushopt xsaveopt xsavec xgetbv1
bugs		:
bogomips	: 6812.98
clflush size	: 64
cache_alignment	: 64
address sizes	: 39 bits physical, 48 bits virtual
power management:

processor	: 3
vendor_id	: GenuineIntel
cpu family	: 6
model		: 94
model name	: Intel(R) Core(TM) i7-6700 CPU @ 3.40GHz
stepping	: 3
microcode	: 0x74
cpu MHz		: 2100.000
cache size	: 8192 KB
physical id	: 0
siblings	: 8
core id		: 3
cpu cores	: 4
apicid		: 6
initial apicid	: 6
fpu		: yes
fpu_exception	: yes
cpuid level	: 22
wp		: yes
flags		: fpu vme de pse tsc msr pae mce cx8 apic sep mtrr pge mca cmov pat pse36 clflush dts acpi mmx fxsr sse sse2 ss ht tm pbe syscall nx pdpe1gb rdtscp lm constant_tsc arch_perfmon pebs bts rep_good nopl xtopology nonstop_tsc aperfmperf eagerfpu pni pclmulqdq dtes64 monitor ds_cpl vmx smx est tm2 ssse3 fma cx16 xtpr pdcm pcid sse4_1 sse4_2 x2apic movbe popcnt tsc_deadline_timer aes xsave avx f16c rdrand lahf_lm abm 3dnowprefetch ida arat epb pln pts dtherm hwp hwp_noitfy hwp_act_window hwp_epp tpr_shadow vnmi flexpriority ept vpid fsgsbase tsc_adjust bmi1 hle avx2 smep bmi2 erms invpcid rtm mpx rdseed adx smap clflushopt xsaveopt xsavec xgetbv1
bugs		:
bogomips	: 6812.98
clflush size	: 64
cache_alignment	: 64
address sizes	: 39 bits physical, 48 bits virtual
power management:

processor	: 4
vendor_id	: GenuineIntel
cpu family	: 6
model		: 94
model name	: Intel(R) Core(TM) i7-6700 CPU @ 3.40GHz
stepping	: 3
microcode	: 0x74
cpu MHz		: 3401.000
cache size	: 8192 KB
physical id	: 0
siblings	: 8
core id		: 0
cpu cores	: 4
apicid		: 1
initial apicid	: 1
fpu		: yes
fpu_exception	: yes
cpuid level	: 22
wp		: yes
flags		: fpu vme de pse tsc msr pae mce cx8 apic sep mtrr pge mca cmov pat pse36 clflush dts acpi mmx fxsr sse sse2 ss ht tm pbe syscall nx pdpe1gb rdtscp lm constant_tsc arch_perfmon pebs bts rep_good nopl xtopology nonstop_tsc aperfmperf eagerfpu pni pclmulqdq dtes64 monitor ds_cpl vmx smx est tm2 ssse3 fma cx16 xtpr pdcm pcid sse4_1 sse4_2 x2apic movbe popcnt tsc_deadline_timer aes xsave avx f16c rdrand lahf_lm abm 3dnowprefetch ida arat epb pln pts dtherm hwp hwp_noitfy hwp_act_window hwp_epp tpr_shadow vnmi flexpriority ept vpid fsgsbase tsc_adjust bmi1 hle avx2 smep bmi2 erms invpcid rtm mpx rdseed adx smap clflushopt xsaveopt xsavec xgetbv1
bugs		:
bogomips	: 6812.98
clflush size	: 64
cache_alignment	: 64
address sizes	: 39 bits physical, 48 bits virtual
power management:

processor	: 5
vendor_id	: GenuineIntel
cpu family	: 6
model		: 94
model name	: Intel(R) Core(TM) i7-6700 CPU @ 3.40GHz
stepping	: 3
microcode	: 0x74
cpu MHz		: 3401.000
cache size	: 8192 KB
physical id	: 0
siblings	: 8
core id		: 1
cpu cores	: 4
apicid		: 3
initial apicid	: 3
fpu		: yes
fpu_exception	: yes
cpuid level	: 22
wp		: yes
flags		: fpu vme de pse tsc msr pae mce cx8 apic sep mtrr pge mca cmov pat pse36 clflush dts acpi mmx fxsr sse sse2 ss ht tm pbe syscall nx pdpe1gb rdtscp lm constant_tsc arch_perfmon pebs bts rep_good nopl xtopology nonstop_tsc aperfmperf eagerfpu pni pclmulqdq dtes64 monitor ds_cpl vmx smx est tm2 ssse3 fma cx16 xtpr pdcm pcid sse4_1 sse4_2 x2apic movbe popcnt tsc_deadline_timer aes xsave avx f16c rdrand lahf_lm abm 3dnowprefetch ida arat epb pln pts dtherm hwp hwp_noitfy hwp_act_window hwp_epp tpr_shadow vnmi flexpriority ept vpid fsgsbase tsc_adjust bmi1 hle avx2 smep bmi2 erms invpcid rtm mpx rdseed adx smap clflushopt xsaveopt xsavec xgetbv1
bugs		:
bogomips	: 6812.98
clflush size	: 64
cache_alignment	: 64
address sizes	: 39 bits physical, 48 bits virtual
power management:

processor	: 6
vendor_id	: GenuineIntel
cpu family	: 6
model		: 94
model name	: Intel(R) Core(TM) i7-6700 CPU @ 3.40GHz
stepping	: 3
microcode	: 0x74
cpu MHz		: 2800.000
cache size	: 8192 KB
physical id	: 0
siblings	: 8
core id		: 2
cpu cores	: 4
apicid		: 5
initial apicid	: 5
fpu		: yes
fpu_exception	: yes
cpuid level	: 22
wp		: yes
flags		: fpu vme de pse tsc msr pae mce cx8 apic sep mtrr pge mca cmov pat pse36 clflush dts acpi mmx fxsr sse sse2 ss ht tm pbe syscall nx pdpe1gb rdtscp lm constant_tsc arch_perfmon pebs bts rep_good nopl xtopology nonstop_tsc aperfmperf eagerfpu pni pclmulqdq dtes64 monitor ds_cpl vmx smx est tm2 ssse3 fma cx16 xtpr pdcm pcid sse4_1 sse4_2 x2apic movbe popcnt tsc_deadline_timer aes xsave avx f16c rdrand lahf_lm abm 3dnowprefetch ida arat epb pln pts dtherm hwp hwp_noitfy hwp_act_window hwp_epp tpr_shadow vnmi flexpriority ept vpid fsgsbase tsc_adjust bmi1 hle avx2 smep bmi2 erms invpcid rtm mpx rdseed adx smap clflushopt xsaveopt xsavec xgetbv1
bugs		:
bogomips	: 6812.98
clflush size	: 64
cache_alignment	: 64
address sizes	: 39 bits physical, 48 bits virtual
power management:

processor	: 7
vendor_id	: GenuineIntel
cpu family	: 6
model		: 94
model name	: Intel(R) Core(TM) i7-6700 CPU @ 3.40GHz
stepping	: 3
microcode	: 0x74
cpu MHz		: 3401.000
cache size	: 8192 KB
physical id	: 0
siblings	: 8
core id		: 3
cpu cores	: 4
apicid		: 7
initial apicid	: 7
fpu		: yes
fpu_exception	: yes
cpuid level	: 22
wp		: yes
flags		: fpu vme de pse tsc msr pae mce cx8 apic sep mtrr pge mca cmov pat pse36 clflush dts acpi mmx fxsr sse sse2 ss ht tm pbe syscall nx pdpe1gb rdtscp lm constant_tsc arch_perfmon pebs bts rep_good nopl xtopology nonstop_tsc aperfmperf eagerfpu pni pclmulqdq dtes64 monitor ds_cpl vmx smx est tm2 ssse3 fma cx16 xtpr pdcm pcid sse4_1 sse4_2 x2apic movbe popcnt tsc_deadline_timer aes xsave avx f16c rdrand lahf_lm abm 3dnowprefetch ida arat epb pln pts dtherm hwp hwp_noitfy hwp_act_window hwp_epp tpr_shadow vnmi flexpriority ept vpid fsgsbase tsc_adjust bmi1 hle avx2 smep bmi2 erms invpcid rtm mpx rdseed adx smap clflushopt xsaveopt xsavec xgetbv1
bugs		:
bogomips	: 6812.98
clflush size	: 64
cache_alignment	: 64
address sizes	: 39 bits physical, 48 bits virtual
power management:



Memory: 4k page, physical 65900056k(385248k free), swap 0k(0k free)

vm_info: Java HotSpot(TM) 64-Bit Server VM (25.92-b14) for linux-amd64 JRE (1.8.0_92-b14), built on Mar 31 2016 21:08:29 by "java_re" with gcc 4.3.0 20080428 (Red Hat 4.3.0-8)

time: Fri Aug 26 11:18:36 2016
elapsed time: 1184 seconds (0d 0h 19m 44s)

