#
# There is insufficient memory for the Java Runtime Environment to continue.
# Native memory allocation (mmap) failed to map 10485760000 bytes for committing reserved memory.
# Possible reasons:
#   The system is out of physical RAM or swap space
#   In 32 bit mode, the process size limit was hit
# Possible solutions:
#   Reduce memory load on the system
#   Increase physical memory or swap space
#   Check if swap backing store is full
#   Use 64 bit Java on a 64 bit OS
#   Decrease Java heap size (-Xmx/-Xms)
#   Decrease number of Java threads
#   Decrease Java thread stack sizes (-Xss)
#   Set larger code cache with -XX:ReservedCodeCacheSize=
# This output file may be truncated or incomplete.
#
#  Out of Memory Error (os_linux.cpp:2627), pid=10103, tid=0x00007f5fd5dbc700
#
# JRE version:  (8.0_92-b14) (build )
# Java VM: Java HotSpot(TM) 64-Bit Server VM (25.92-b14 mixed mode linux-amd64 compressed oops)
# Failed to write core dump. Core dumps have been disabled. To enable core dumping, try "ulimit -c unlimited" before starting Java again
#

---------------  T H R E A D  ---------------

Current thread (0x00007f5fcc00a000):  JavaThread "Unknown thread" [_thread_in_vm, id=10108, stack(0x00007f5fd5cbc000,0x00007f5fd5dbd000)]

Stack: [0x00007f5fd5cbc000,0x00007f5fd5dbd000],  sp=0x00007f5fd5dbb380,  free space=1020k
Native frames: (J=compiled Java code, j=interpreted, Vv=VM code, C=native code)
V  [libjvm.so+0xabd65a]  VMError::report_and_die()+0x2ba
V  [libjvm.so+0x4fb4db]  report_vm_out_of_memory(char const*, int, unsigned long, VMErrorType, char const*)+0x8b
V  [libjvm.so+0x91d713]  os::Linux::commit_memory_impl(char*, unsigned long, bool)+0x103
V  [libjvm.so+0x91dc69]  os::pd_commit_memory(char*, unsigned long, unsigned long, bool)+0x29
V  [libjvm.so+0x917f6a]  os::commit_memory(char*, unsigned long, unsigned long, bool)+0x2a
V  [libjvm.so+0x98c343]  PSVirtualSpace::expand_by(unsigned long)+0x53
V  [libjvm.so+0x97c457]  PSOldGen::initialize(ReservedSpace, unsigned long, char const*, int)+0xb7
V  [libjvm.so+0x2d850a]  AdjoiningGenerations::AdjoiningGenerations(ReservedSpace, GenerationSizer*, unsigned long)+0x39a
V  [libjvm.so+0x940ad6]  ParallelScavengeHeap::initialize()+0x1d6
V  [libjvm.so+0xa85f73]  Universe::initialize_heap()+0xf3
V  [libjvm.so+0xa861be]  universe_init()+0x3e
V  [libjvm.so+0x63b115]  init_globals()+0x65
V  [libjvm.so+0xa6a41e]  Threads::create_vm(JavaVMInitArgs*, bool*)+0x23e
V  [libjvm.so+0x6cf994]  JNI_CreateJavaVM+0x74
C  [libjli.so+0x745e]  JavaMain+0x9e
C  [libpthread.so.0+0x8184]  start_thread+0xc4


---------------  P R O C E S S  ---------------

Java Threads: ( => current thread )

Other Threads:

=>0x00007f5fcc00a000 (exited) JavaThread "Unknown thread" [_thread_in_vm, id=10108, stack(0x00007f5fd5cbc000,0x00007f5fd5dbd000)]

VM state:not at safepoint (not fully initialized)

VM Mutex/Monitor currently owned by a thread: None

GC Heap History (0 events):
No events

Deoptimization events (0 events):
No events

Internal exceptions (0 events):
No events

Events (0 events):
No events


Dynamic libraries:
00400000-00401000 r-xp 00000000 08:01 4290                               /media/ben/STOCK/SOFTWARE/jdk1.8.0_92/bin/java
00600000-00601000 rw-p 00000000 08:01 4290                               /media/ben/STOCK/SOFTWARE/jdk1.8.0_92/bin/java
02148000-02169000 rw-p 00000000 00:00 0                                  [heap]
416800000-5b7300000 ---p 00000000 00:00 0 
5b7300000-6efb00000 rw-p 00000000 00:00 0 
6efb00000-7c0000000 ---p 00000000 00:00 0 
7f5fb9f2b000-7f5fbbfb8000 ---p 00000000 00:00 0 
7f5fbbfb8000-7f5fbc97d000 rw-p 00000000 00:00 0 
7f5fbc97d000-7f5fbcfff000 ---p 00000000 00:00 0 
7f5fbcfff000-7f5fbd000000 rw-p 00000000 00:00 0 
7f5fbd000000-7f5fbd270000 rwxp 00000000 00:00 0 
7f5fbd270000-7f5fcc000000 ---p 00000000 00:00 0 
7f5fcc000000-7f5fcc032000 rw-p 00000000 00:00 0 
7f5fcc032000-7f5fd0000000 ---p 00000000 00:00 0 
7f5fd27fa000-7f5fd2a89000 rw-p 00000000 00:00 0 
7f5fd2a89000-7f5fd2e3f000 ---p 00000000 00:00 0 
7f5fd2e3f000-7f5fd2e59000 r-xp 00000000 08:01 6143                       /media/ben/STOCK/SOFTWARE/jdk1.8.0_92/jre/lib/amd64/libzip.so
7f5fd2e59000-7f5fd3059000 ---p 0001a000 08:01 6143                       /media/ben/STOCK/SOFTWARE/jdk1.8.0_92/jre/lib/amd64/libzip.so
7f5fd3059000-7f5fd305a000 rw-p 0001a000 08:01 6143                       /media/ben/STOCK/SOFTWARE/jdk1.8.0_92/jre/lib/amd64/libzip.so
7f5fd305a000-7f5fd3064000 r-xp 00000000 103:03 6030439                   /lib/x86_64-linux-gnu/libnss_files-2.19.so
7f5fd3064000-7f5fd3263000 ---p 0000a000 103:03 6030439                   /lib/x86_64-linux-gnu/libnss_files-2.19.so
7f5fd3263000-7f5fd3264000 r--p 00009000 103:03 6030439                   /lib/x86_64-linux-gnu/libnss_files-2.19.so
7f5fd3264000-7f5fd3265000 rw-p 0000a000 103:03 6030439                   /lib/x86_64-linux-gnu/libnss_files-2.19.so
7f5fd3265000-7f5fd3270000 r-xp 00000000 103:03 6030424                   /lib/x86_64-linux-gnu/libnss_nis-2.19.so
7f5fd3270000-7f5fd346f000 ---p 0000b000 103:03 6030424                   /lib/x86_64-linux-gnu/libnss_nis-2.19.so
7f5fd346f000-7f5fd3470000 r--p 0000a000 103:03 6030424                   /lib/x86_64-linux-gnu/libnss_nis-2.19.so
7f5fd3470000-7f5fd3471000 rw-p 0000b000 103:03 6030424                   /lib/x86_64-linux-gnu/libnss_nis-2.19.so
7f5fd3471000-7f5fd3488000 r-xp 00000000 103:03 6030416                   /lib/x86_64-linux-gnu/libnsl-2.19.so
7f5fd3488000-7f5fd3687000 ---p 00017000 103:03 6030416                   /lib/x86_64-linux-gnu/libnsl-2.19.so
7f5fd3687000-7f5fd3688000 r--p 00016000 103:03 6030416                   /lib/x86_64-linux-gnu/libnsl-2.19.so
7f5fd3688000-7f5fd3689000 rw-p 00017000 103:03 6030416                   /lib/x86_64-linux-gnu/libnsl-2.19.so
7f5fd3689000-7f5fd368b000 rw-p 00000000 00:00 0 
7f5fd368b000-7f5fd3694000 r-xp 00000000 103:03 6030414                   /lib/x86_64-linux-gnu/libnss_compat-2.19.so
7f5fd3694000-7f5fd3893000 ---p 00009000 103:03 6030414                   /lib/x86_64-linux-gnu/libnss_compat-2.19.so
7f5fd3893000-7f5fd3894000 r--p 00008000 103:03 6030414                   /lib/x86_64-linux-gnu/libnss_compat-2.19.so
7f5fd3894000-7f5fd3895000 rw-p 00009000 103:03 6030414                   /lib/x86_64-linux-gnu/libnss_compat-2.19.so
7f5fd3895000-7f5fd38bf000 r-xp 00000000 08:01 6138                       /media/ben/STOCK/SOFTWARE/jdk1.8.0_92/jre/lib/amd64/libjava.so
7f5fd38bf000-7f5fd3abf000 ---p 0002a000 08:01 6138                       /media/ben/STOCK/SOFTWARE/jdk1.8.0_92/jre/lib/amd64/libjava.so
7f5fd3abf000-7f5fd3ac1000 rw-p 0002a000 08:01 6138                       /media/ben/STOCK/SOFTWARE/jdk1.8.0_92/jre/lib/amd64/libjava.so
7f5fd3ac1000-7f5fd3ace000 r-xp 00000000 08:01 6142                       /media/ben/STOCK/SOFTWARE/jdk1.8.0_92/jre/lib/amd64/libverify.so
7f5fd3ace000-7f5fd3cce000 ---p 0000d000 08:01 6142                       /media/ben/STOCK/SOFTWARE/jdk1.8.0_92/jre/lib/amd64/libverify.so
7f5fd3cce000-7f5fd3cd0000 rw-p 0000d000 08:01 6142                       /media/ben/STOCK/SOFTWARE/jdk1.8.0_92/jre/lib/amd64/libverify.so
7f5fd3cd0000-7f5fd3cd7000 r-xp 00000000 103:03 6030432                   /lib/x86_64-linux-gnu/librt-2.19.so
7f5fd3cd7000-7f5fd3ed6000 ---p 00007000 103:03 6030432                   /lib/x86_64-linux-gnu/librt-2.19.so
7f5fd3ed6000-7f5fd3ed7000 r--p 00006000 103:03 6030432                   /lib/x86_64-linux-gnu/librt-2.19.so
7f5fd3ed7000-7f5fd3ed8000 rw-p 00007000 103:03 6030432                   /lib/x86_64-linux-gnu/librt-2.19.so
7f5fd3ed8000-7f5fd3fdd000 r-xp 00000000 103:03 6029643                   /lib/x86_64-linux-gnu/libm-2.19.so
7f5fd3fdd000-7f5fd41dc000 ---p 00105000 103:03 6029643                   /lib/x86_64-linux-gnu/libm-2.19.so
7f5fd41dc000-7f5fd41dd000 r--p 00104000 103:03 6029643                   /lib/x86_64-linux-gnu/libm-2.19.so
7f5fd41dd000-7f5fd41de000 rw-p 00105000 103:03 6029643                   /lib/x86_64-linux-gnu/libm-2.19.so
7f5fd41de000-7f5fd4ea1000 r-xp 00000000 08:01 6121                       /media/ben/STOCK/SOFTWARE/jdk1.8.0_92/jre/lib/amd64/server/libjvm.so
7f5fd4ea1000-7f5fd50a0000 ---p 00cc3000 08:01 6121                       /media/ben/STOCK/SOFTWARE/jdk1.8.0_92/jre/lib/amd64/server/libjvm.so
7f5fd50a0000-7f5fd5179000 rw-p 00cc2000 08:01 6121                       /media/ben/STOCK/SOFTWARE/jdk1.8.0_92/jre/lib/amd64/server/libjvm.so
7f5fd5179000-7f5fd51c4000 rw-p 00000000 00:00 0 
7f5fd51c4000-7f5fd537e000 r-xp 00000000 103:03 6030434                   /lib/x86_64-linux-gnu/libc-2.19.so
7f5fd537e000-7f5fd557e000 ---p 001ba000 103:03 6030434                   /lib/x86_64-linux-gnu/libc-2.19.so
7f5fd557e000-7f5fd5582000 r--p 001ba000 103:03 6030434                   /lib/x86_64-linux-gnu/libc-2.19.so
7f5fd5582000-7f5fd5584000 rw-p 001be000 103:03 6030434                   /lib/x86_64-linux-gnu/libc-2.19.so
7f5fd5584000-7f5fd5589000 rw-p 00000000 00:00 0 
7f5fd5589000-7f5fd558c000 r-xp 00000000 103:03 6029647                   /lib/x86_64-linux-gnu/libdl-2.19.so
7f5fd558c000-7f5fd578b000 ---p 00003000 103:03 6029647                   /lib/x86_64-linux-gnu/libdl-2.19.so
7f5fd578b000-7f5fd578c000 r--p 00002000 103:03 6029647                   /lib/x86_64-linux-gnu/libdl-2.19.so
7f5fd578c000-7f5fd578d000 rw-p 00003000 103:03 6029647                   /lib/x86_64-linux-gnu/libdl-2.19.so
7f5fd578d000-7f5fd57a2000 r-xp 00000000 08:01 5756                       /media/ben/STOCK/SOFTWARE/jdk1.8.0_92/lib/amd64/jli/libjli.so
7f5fd57a2000-7f5fd59a2000 ---p 00015000 08:01 5756                       /media/ben/STOCK/SOFTWARE/jdk1.8.0_92/lib/amd64/jli/libjli.so
7f5fd59a2000-7f5fd59a3000 rw-p 00015000 08:01 5756                       /media/ben/STOCK/SOFTWARE/jdk1.8.0_92/lib/amd64/jli/libjli.so
7f5fd59a3000-7f5fd59bc000 r-xp 00000000 103:03 6030418                   /lib/x86_64-linux-gnu/libpthread-2.19.so
7f5fd59bc000-7f5fd5bbb000 ---p 00019000 103:03 6030418                   /lib/x86_64-linux-gnu/libpthread-2.19.so
7f5fd5bbb000-7f5fd5bbc000 r--p 00018000 103:03 6030418                   /lib/x86_64-linux-gnu/libpthread-2.19.so
7f5fd5bbc000-7f5fd5bbd000 rw-p 00019000 103:03 6030418                   /lib/x86_64-linux-gnu/libpthread-2.19.so
7f5fd5bbd000-7f5fd5bc1000 rw-p 00000000 00:00 0 
7f5fd5bc1000-7f5fd5be4000 r-xp 00000000 103:03 6030420                   /lib/x86_64-linux-gnu/ld-2.19.so
7f5fd5cbc000-7f5fd5cbf000 ---p 00000000 00:00 0 
7f5fd5cbf000-7f5fd5dc1000 rw-p 00000000 00:00 0 
7f5fd5dd4000-7f5fd5dd7000 rw-p 00000000 00:00 0 
7f5fd5dd7000-7f5fd5ddf000 rw-s 00000000 103:03 26635078                  /tmp/hsperfdata_ben/10103
7f5fd5ddf000-7f5fd5de0000 rw-p 00000000 00:00 0 
7f5fd5de0000-7f5fd5de1000 r--p 00000000 00:00 0 
7f5fd5de1000-7f5fd5de3000 rw-p 00000000 00:00 0 
7f5fd5de3000-7f5fd5de4000 r--p 00022000 103:03 6030420                   /lib/x86_64-linux-gnu/ld-2.19.so
7f5fd5de4000-7f5fd5de5000 rw-p 00023000 103:03 6030420                   /lib/x86_64-linux-gnu/ld-2.19.so
7f5fd5de5000-7f5fd5de6000 rw-p 00000000 00:00 0 
7ffcb6dc7000-7ffcb6de8000 rw-p 00000000 00:00 0                          [stack]
7ffcb6dfa000-7ffcb6dfc000 r--p 00000000 00:00 0                          [vvar]
7ffcb6dfc000-7ffcb6dfe000 r-xp 00000000 00:00 0                          [vdso]
ffffffffff600000-ffffffffff601000 r-xp 00000000 00:00 0                  [vsyscall]

VM Arguments:
jvm_args: -Dfile.encoding=UTF-8 -Xms15000m -Xmx25000m 
java_command: charts.PPHistogramFrame
java_class_path (initial): /home/ben/jfreechart/target/jfreechart-1.5.0-SNAPSHOT.jar:/media/ben/STOCK/SOURCES/NetBeansProjects/ViromePlacer/build/classes
Launcher Type: SUN_STANDARD

Environment Variables:
PATH=/usr/local/sbin:/usr/local/bin:/usr/sbin:/usr/bin:/sbin:/bin:/usr/games:/usr/local/games
LD_LIBRARY_PATH=/media/ben/STOCK/SOFTWARE/jdk1.8.0_92/jre/lib/amd64:/media/ben/STOCK/SOFTWARE/jdk1.8.0_92/jre/lib/i386:
SHELL=/bin/bash
DISPLAY=:0

Signal Handlers:
SIGSEGV: [libjvm.so+0xabdee0], sa_mask[0]=11111111011111111101111111111110, sa_flags=SA_RESTART|SA_SIGINFO
SIGBUS: [libjvm.so+0xabdee0], sa_mask[0]=11111111011111111101111111111110, sa_flags=SA_RESTART|SA_SIGINFO
SIGFPE: [libjvm.so+0x91a580], sa_mask[0]=11111111011111111101111111111110, sa_flags=SA_RESTART|SA_SIGINFO
SIGPIPE: [libjvm.so+0x91a580], sa_mask[0]=11111111011111111101111111111110, sa_flags=SA_RESTART|SA_SIGINFO
SIGXFSZ: [libjvm.so+0x91a580], sa_mask[0]=11111111011111111101111111111110, sa_flags=SA_RESTART|SA_SIGINFO
SIGILL: [libjvm.so+0x91a580], sa_mask[0]=11111111011111111101111111111110, sa_flags=SA_RESTART|SA_SIGINFO
SIGUSR1: SIG_DFL, sa_mask[0]=00000000000000000000000000000000, sa_flags=none
SIGUSR2: [libjvm.so+0x91bbb0], sa_mask[0]=00100000000000000000000000000000, sa_flags=SA_RESTART|SA_SIGINFO
SIGHUP: SIG_DFL, sa_mask[0]=00000000000000000000000000000000, sa_flags=none
SIGINT: SIG_IGN, sa_mask[0]=00000000000000000000000000000000, sa_flags=none
SIGTERM: SIG_DFL, sa_mask[0]=00000000000000000000000000000000, sa_flags=none
SIGQUIT: SIG_DFL, sa_mask[0]=00000000000000000000000000000000, sa_flags=none


---------------  S Y S T E M  ---------------

OS:DISTRIB_ID=Ubuntu
DISTRIB_RELEASE=14.04
DISTRIB_CODENAME=trusty
DISTRIB_DESCRIPTION="Ubuntu 14.04.5 LTS"

uname:Linux 3.19.0-65-generic #73~14.04.1-Ubuntu SMP Wed Jun 29 21:05:22 UTC 2016 x86_64
libc:glibc 2.19 NPTL 2.19 
rlimit: STACK 8192k, CORE 0k, NPROC 256371, NOFILE 4096, AS infinity
load average:10.97 8.96 7.96

/proc/meminfo:
MemTotal:       65900056 kB
MemFree:          437256 kB
MemAvailable:    9219872 kB
Buffers:         2126228 kB
Cached:          6760456 kB
SwapCached:            0 kB
Active:         59937420 kB
Inactive:        4589124 kB
Active(anon):   55643568 kB
Inactive(anon):   247512 kB
Active(file):    4293852 kB
Inactive(file):  4341612 kB
Unevictable:         640 kB
Mlocked:             640 kB
SwapTotal:             0 kB
SwapFree:              0 kB
Dirty:             17284 kB
Writeback:             0 kB
AnonPages:      55640096 kB
Mapped:           533508 kB
Shmem:            251576 kB
Slab:             471412 kB
SReclaimable:     400568 kB
SUnreclaim:        70844 kB
KernelStack:       14848 kB
PageTables:       170488 kB
NFS_Unstable:          0 kB
Bounce:                0 kB
WritebackTmp:          0 kB
CommitLimit:    32950028 kB
Committed_AS:   72084308 kB
VmallocTotal:   34359738367 kB
VmallocUsed:      419848 kB
VmallocChunk:   34359299068 kB
HardwareCorrupted:     0 kB
AnonHugePages:  41054208 kB
CmaTotal:              0 kB
CmaFree:               0 kB
HugePages_Total:       0
HugePages_Free:        0
HugePages_Rsvd:        0
HugePages_Surp:        0
Hugepagesize:       2048 kB
DirectMap4k:    23041704 kB
DirectMap2M:    42940416 kB
DirectMap1G:     2097152 kB


CPU:total 8 (4 cores per cpu, 2 threads per core) family 6 model 94 stepping 3, cmov, cx8, fxsr, mmx, sse, sse2, sse3, ssse3, sse4.1, sse4.2, popcnt, avx, avx2, aes, clmul, erms, rtm, 3dnowpref, lzcnt, ht, tsc, tscinvbit, bmi1, bmi2, adx

/proc/cpuinfo:
processor	: 0
vendor_id	: GenuineIntel
cpu family	: 6
model		: 94
model name	: Intel(R) Core(TM) i7-6700 CPU @ 3.40GHz
stepping	: 3
microcode	: 0x74
cpu MHz		: 3401.000
cache size	: 8192 KB
physical id	: 0
siblings	: 8
core id		: 0
cpu cores	: 4
apicid		: 0
initial apicid	: 0
fpu		: yes
fpu_exception	: yes
cpuid level	: 22
wp		: yes
flags		: fpu vme de pse tsc msr pae mce cx8 apic sep mtrr pge mca cmov pat pse36 clflush dts acpi mmx fxsr sse sse2 ss ht tm pbe syscall nx pdpe1gb rdtscp lm constant_tsc arch_perfmon pebs bts rep_good nopl xtopology nonstop_tsc aperfmperf eagerfpu pni pclmulqdq dtes64 monitor ds_cpl vmx smx est tm2 ssse3 fma cx16 xtpr pdcm pcid sse4_1 sse4_2 x2apic movbe popcnt tsc_deadline_timer aes xsave avx f16c rdrand lahf_lm abm 3dnowprefetch ida arat epb pln pts dtherm hwp hwp_noitfy hwp_act_window hwp_epp tpr_shadow vnmi flexpriority ept vpid fsgsbase tsc_adjust bmi1 hle avx2 smep bmi2 erms invpcid rtm mpx rdseed adx smap clflushopt xsaveopt xsavec xgetbv1
bugs		:
bogomips	: 6812.98
clflush size	: 64
cache_alignment	: 64
address sizes	: 39 bits physical, 48 bits virtual
power management:

processor	: 1
vendor_id	: GenuineIntel
cpu family	: 6
model		: 94
model name	: Intel(R) Core(TM) i7-6700 CPU @ 3.40GHz
stepping	: 3
microcode	: 0x74
cpu MHz		: 3401.000
cache size	: 8192 KB
physical id	: 0
siblings	: 8
core id		: 1
cpu cores	: 4
apicid		: 2
initial apicid	: 2
fpu		: yes
fpu_exception	: yes
cpuid level	: 22
wp		: yes
flags		: fpu vme de pse tsc msr pae mce cx8 apic sep mtrr pge mca cmov pat pse36 clflush dts acpi mmx fxsr sse sse2 ss ht tm pbe syscall nx pdpe1gb rdtscp lm constant_tsc arch_perfmon pebs bts rep_good nopl xtopology nonstop_tsc aperfmperf eagerfpu pni pclmulqdq dtes64 monitor ds_cpl vmx smx est tm2 ssse3 fma cx16 xtpr pdcm pcid sse4_1 sse4_2 x2apic movbe popcnt tsc_deadline_timer aes xsave avx f16c rdrand lahf_lm abm 3dnowprefetch ida arat epb pln pts dtherm hwp hwp_noitfy hwp_act_window hwp_epp tpr_shadow vnmi flexpriority ept vpid fsgsbase tsc_adjust bmi1 hle avx2 smep bmi2 erms invpcid rtm mpx rdseed adx smap clflushopt xsaveopt xsavec xgetbv1
bugs		:
bogomips	: 6812.98
clflush size	: 64
cache_alignment	: 64
address sizes	: 39 bits physical, 48 bits virtual
power management:

processor	: 2
vendor_id	: GenuineIntel
cpu family	: 6
model		: 94
model name	: Intel(R) Core(TM) i7-6700 CPU @ 3.40GHz
stepping	: 3
microcode	: 0x74
cpu MHz		: 3401.000
cache size	: 8192 KB
physical id	: 0
siblings	: 8
core id		: 2
cpu cores	: 4
apicid		: 4
initial apicid	: 4
fpu		: yes
fpu_exception	: yes
cpuid level	: 22
wp		: yes
flags		: fpu vme de pse tsc msr pae mce cx8 apic sep mtrr pge mca cmov pat pse36 clflush dts acpi mmx fxsr sse sse2 ss ht tm pbe syscall nx pdpe1gb rdtscp lm constant_tsc arch_perfmon pebs bts rep_good nopl xtopology nonstop_tsc aperfmperf eagerfpu pni pclmulqdq dtes64 monitor ds_cpl vmx smx est tm2 ssse3 fma cx16 xtpr pdcm pcid sse4_1 sse4_2 x2apic movbe popcnt tsc_deadline_timer aes xsave avx f16c rdrand lahf_lm abm 3dnowprefetch ida arat epb pln pts dtherm hwp hwp_noitfy hwp_act_window hwp_epp tpr_shadow vnmi flexpriority ept vpid fsgsbase tsc_adjust bmi1 hle avx2 smep bmi2 erms invpcid rtm mpx rdseed adx smap clflushopt xsaveopt xsavec xgetbv1
bugs		:
bogomips	: 6812.98
clflush size	: 64
cache_alignment	: 64
address sizes	: 39 bits physical, 48 bits virtual
power management:

processor	: 3
vendor_id	: GenuineIntel
cpu family	: 6
model		: 94
model name	: Intel(R) Core(TM) i7-6700 CPU @ 3.40GHz
stepping	: 3
microcode	: 0x74
cpu MHz		: 3401.000
cache size	: 8192 KB
physical id	: 0
siblings	: 8
core id		: 3
cpu cores	: 4
apicid		: 6
initial apicid	: 6
fpu		: yes
fpu_exception	: yes
cpuid level	: 22
wp		: yes
flags		: fpu vme de pse tsc msr pae mce cx8 apic sep mtrr pge mca cmov pat pse36 clflush dts acpi mmx fxsr sse sse2 ss ht tm pbe syscall nx pdpe1gb rdtscp lm constant_tsc arch_perfmon pebs bts rep_good nopl xtopology nonstop_tsc aperfmperf eagerfpu pni pclmulqdq dtes64 monitor ds_cpl vmx smx est tm2 ssse3 fma cx16 xtpr pdcm pcid sse4_1 sse4_2 x2apic movbe popcnt tsc_deadline_timer aes xsave avx f16c rdrand lahf_lm abm 3dnowprefetch ida arat epb pln pts dtherm hwp hwp_noitfy hwp_act_window hwp_epp tpr_shadow vnmi flexpriority ept vpid fsgsbase tsc_adjust bmi1 hle avx2 smep bmi2 erms invpcid rtm mpx rdseed adx smap clflushopt xsaveopt xsavec xgetbv1
bugs		:
bogomips	: 6812.98
clflush size	: 64
cache_alignment	: 64
address sizes	: 39 bits physical, 48 bits virtual
power management:

processor	: 4
vendor_id	: GenuineIntel
cpu family	: 6
model		: 94
model name	: Intel(R) Core(TM) i7-6700 CPU @ 3.40GHz
stepping	: 3
microcode	: 0x74
cpu MHz		: 3401.000
cache size	: 8192 KB
physical id	: 0
siblings	: 8
core id		: 0
cpu cores	: 4
apicid		: 1
initial apicid	: 1
fpu		: yes
fpu_exception	: yes
cpuid level	: 22
wp		: yes
flags		: fpu vme de pse tsc msr pae mce cx8 apic sep mtrr pge mca cmov pat pse36 clflush dts acpi mmx fxsr sse sse2 ss ht tm pbe syscall nx pdpe1gb rdtscp lm constant_tsc arch_perfmon pebs bts rep_good nopl xtopology nonstop_tsc aperfmperf eagerfpu pni pclmulqdq dtes64 monitor ds_cpl vmx smx est tm2 ssse3 fma cx16 xtpr pdcm pcid sse4_1 sse4_2 x2apic movbe popcnt tsc_deadline_timer aes xsave avx f16c rdrand lahf_lm abm 3dnowprefetch ida arat epb pln pts dtherm hwp hwp_noitfy hwp_act_window hwp_epp tpr_shadow vnmi flexpriority ept vpid fsgsbase tsc_adjust bmi1 hle avx2 smep bmi2 erms invpcid rtm mpx rdseed adx smap clflushopt xsaveopt xsavec xgetbv1
bugs		:
bogomips	: 6812.98
clflush size	: 64
cache_alignment	: 64
address sizes	: 39 bits physical, 48 bits virtual
power management:

processor	: 5
vendor_id	: GenuineIntel
cpu family	: 6
model		: 94
model name	: Intel(R) Core(TM) i7-6700 CPU @ 3.40GHz
stepping	: 3
microcode	: 0x74
cpu MHz		: 3401.000
cache size	: 8192 KB
physical id	: 0
siblings	: 8
core id		: 1
cpu cores	: 4
apicid		: 3
initial apicid	: 3
fpu		: yes
fpu_exception	: yes
cpuid level	: 22
wp		: yes
flags		: fpu vme de pse tsc msr pae mce cx8 apic sep mtrr pge mca cmov pat pse36 clflush dts acpi mmx fxsr sse sse2 ss ht tm pbe syscall nx pdpe1gb rdtscp lm constant_tsc arch_perfmon pebs bts rep_good nopl xtopology nonstop_tsc aperfmperf eagerfpu pni pclmulqdq dtes64 monitor ds_cpl vmx smx est tm2 ssse3 fma cx16 xtpr pdcm pcid sse4_1 sse4_2 x2apic movbe popcnt tsc_deadline_timer aes xsave avx f16c rdrand lahf_lm abm 3dnowprefetch ida arat epb pln pts dtherm hwp hwp_noitfy hwp_act_window hwp_epp tpr_shadow vnmi flexpriority ept vpid fsgsbase tsc_adjust bmi1 hle avx2 smep bmi2 erms invpcid rtm mpx rdseed adx smap clflushopt xsaveopt xsavec xgetbv1
bugs		:
bogomips	: 6812.98
clflush size	: 64
cache_alignment	: 64
address sizes	: 39 bits physical, 48 bits virtual
power management:

processor	: 6
vendor_id	: GenuineIntel
cpu family	: 6
model		: 94
model name	: Intel(R) Core(TM) i7-6700 CPU @ 3.40GHz
stepping	: 3
microcode	: 0x74
cpu MHz		: 3401.000
cache size	: 8192 KB
physical id	: 0
siblings	: 8
core id		: 2
cpu cores	: 4
apicid		: 5
initial apicid	: 5
fpu		: yes
fpu_exception	: yes
cpuid level	: 22
wp		: yes
flags		: fpu vme de pse tsc msr pae mce cx8 apic sep mtrr pge mca cmov pat pse36 clflush dts acpi mmx fxsr sse sse2 ss ht tm pbe syscall nx pdpe1gb rdtscp lm constant_tsc arch_perfmon pebs bts rep_good nopl xtopology nonstop_tsc aperfmperf eagerfpu pni pclmulqdq dtes64 monitor ds_cpl vmx smx est tm2 ssse3 fma cx16 xtpr pdcm pcid sse4_1 sse4_2 x2apic movbe popcnt tsc_deadline_timer aes xsave avx f16c rdrand lahf_lm abm 3dnowprefetch ida arat epb pln pts dtherm hwp hwp_noitfy hwp_act_window hwp_epp tpr_shadow vnmi flexpriority ept vpid fsgsbase tsc_adjust bmi1 hle avx2 smep bmi2 erms invpcid rtm mpx rdseed adx smap clflushopt xsaveopt xsavec xgetbv1
bugs		:
bogomips	: 6812.98
clflush size	: 64
cache_alignment	: 64
address sizes	: 39 bits physical, 48 bits virtual
power management:

processor	: 7
vendor_id	: GenuineIntel
cpu family	: 6
model		: 94
model name	: Intel(R) Core(TM) i7-6700 CPU @ 3.40GHz
stepping	: 3
microcode	: 0x74
cpu MHz		: 3401.000
cache size	: 8192 KB
physical id	: 0
siblings	: 8
core id		: 3
cpu cores	: 4
apicid		: 7
initial apicid	: 7
fpu		: yes
fpu_exception	: yes
cpuid level	: 22
wp		: yes
flags		: fpu vme de pse tsc msr pae mce cx8 apic sep mtrr pge mca cmov pat pse36 clflush dts acpi mmx fxsr sse sse2 ss ht tm pbe syscall nx pdpe1gb rdtscp lm constant_tsc arch_perfmon pebs bts rep_good nopl xtopology nonstop_tsc aperfmperf eagerfpu pni pclmulqdq dtes64 monitor ds_cpl vmx smx est tm2 ssse3 fma cx16 xtpr pdcm pcid sse4_1 sse4_2 x2apic movbe popcnt tsc_deadline_timer aes xsave avx f16c rdrand lahf_lm abm 3dnowprefetch ida arat epb pln pts dtherm hwp hwp_noitfy hwp_act_window hwp_epp tpr_shadow vnmi flexpriority ept vpid fsgsbase tsc_adjust bmi1 hle avx2 smep bmi2 erms invpcid rtm mpx rdseed adx smap clflushopt xsaveopt xsavec xgetbv1
bugs		:
bogomips	: 6812.98
clflush size	: 64
cache_alignment	: 64
address sizes	: 39 bits physical, 48 bits virtual
power management:



Memory: 4k page, physical 65900056k(437256k free), swap 0k(0k free)

vm_info: Java HotSpot(TM) 64-Bit Server VM (25.92-b14) for linux-amd64 JRE (1.8.0_92-b14), built on Mar 31 2016 21:08:29 by "java_re" with gcc 4.3.0 20080428 (Red Hat 4.3.0-8)

time: Wed Aug 31 14:55:10 2016
elapsed time: 0 seconds (0d 0h 0m 0s)

