#
# There is insufficient memory for the Java Runtime Environment to continue.
# Native memory allocation (mmap) failed to map 452460544 bytes for committing reserved memory.
# Possible reasons:
#   The system is out of physical RAM or swap space
#   In 32 bit mode, the process size limit was hit
# Possible solutions:
#   Reduce memory load on the system
#   Increase physical memory or swap space
#   Check if swap backing store is full
#   Use 64 bit Java on a 64 bit OS
#   Decrease Java heap size (-Xmx/-Xms)
#   Decrease number of Java threads
#   Decrease Java thread stack sizes (-Xss)
#   Set larger code cache with -XX:ReservedCodeCacheSize=
# This output file may be truncated or incomplete.
#
#  Out of Memory Error (os_linux.cpp:2627), pid=3247, tid=0x00007f4bc44a5700
#
# JRE version: Java(TM) SE Runtime Environment (8.0_92-b14) (build 1.8.0_92-b14)
# Java VM: Java HotSpot(TM) 64-Bit Server VM (25.92-b14 mixed mode linux-amd64 )
# Failed to write core dump. Core dumps have been disabled. To enable core dumping, try "ulimit -c unlimited" before starting Java again
#

---------------  T H R E A D  ---------------

Current thread (0x00007f5950081000):  VMThread [stack: 0x00007f4bc43a5000,0x00007f4bc44a6000] [id=3260]

Stack: [0x00007f4bc43a5000,0x00007f4bc44a6000],  sp=0x00007f4bc44a3f60,  free space=1019k
Native frames: (J=compiled Java code, j=interpreted, Vv=VM code, C=native code)
V  [libjvm.so+0xabd65a]  VMError::report_and_die()+0x2ba
V  [libjvm.so+0x4fb4db]  report_vm_out_of_memory(char const*, int, unsigned long, VMErrorType, char const*)+0x8b
V  [libjvm.so+0x91d713]  os::Linux::commit_memory_impl(char*, unsigned long, bool)+0x103
V  [libjvm.so+0x91dc69]  os::pd_commit_memory(char*, unsigned long, unsigned long, bool)+0x29
V  [libjvm.so+0x917f6a]  os::commit_memory(char*, unsigned long, unsigned long, bool)+0x2a
V  [libjvm.so+0x98c343]  PSVirtualSpace::expand_by(unsigned long)+0x53
V  [libjvm.so+0x98d748]  PSYoungGen::resize_generation(unsigned long, unsigned long)+0xf8
V  [libjvm.so+0x98c8a2]  PSYoungGen::resize(unsigned long, unsigned long)+0x22
V  [libjvm.so+0x989b7b]  PSScavenge::invoke_no_policy()+0xf3b
V  [libjvm.so+0x98a301]  PSScavenge::invoke()+0x41
V  [libjvm.so+0x941410]  ParallelScavengeHeap::failed_mem_allocate(unsigned long)+0x70
V  [libjvm.so+0xabf077]  VM_ParallelGCFailedAllocation::doit()+0x97
V  [libjvm.so+0xac6aa5]  VM_Operation::evaluate()+0x55
V  [libjvm.so+0xac4e7a]  VMThread::evaluate_operation(VM_Operation*)+0xba
V  [libjvm.so+0xac51fe]  VMThread::loop()+0x1ce
V  [libjvm.so+0xac5670]  VMThread::run()+0x70
V  [libjvm.so+0x91fad8]  java_start(Thread*)+0x108

VM_Operation (0x00007f59566e63b0): ParallelGCFailedAllocation, mode: safepoint, requested by thread 0x00007f595000b000


---------------  P R O C E S S  ---------------

Java Threads: ( => current thread )
  0x00007f59506aa000 JavaThread "AWT-XAWT" daemon [_thread_blocked, id=3280, stack(0x00007f4bbc77b000,0x00007f4bbc87c000)]
  0x00007f5950666000 JavaThread "Java2D Disposer" daemon [_thread_blocked, id=3279, stack(0x00007f4bbce8c000,0x00007f4bbcf8d000)]
  0x00007f595040e000 JavaThread "Service Thread" daemon [_thread_blocked, id=3277, stack(0x00007f4bbedd8000,0x00007f4bbeed9000)]
  0x00007f595040b800 JavaThread "C1 CompilerThread3" daemon [_thread_blocked, id=3276, stack(0x00007f4bbeed9000,0x00007f4bbefda000)]
  0x00007f5950409000 JavaThread "C2 CompilerThread2" daemon [_thread_blocked, id=3275, stack(0x00007f4bbefda000,0x00007f4bbf0db000)]
  0x00007f5950407000 JavaThread "C2 CompilerThread1" daemon [_thread_blocked, id=3274, stack(0x00007f4bbf0db000,0x00007f4bbf1dc000)]
  0x00007f5950406000 JavaThread "C2 CompilerThread0" daemon [_thread_blocked, id=3273, stack(0x00007f4bbf301000,0x00007f4bbf402000)]
  0x00007f5950246800 JavaThread "*** Profiler Agent Special Execution Thread 6" daemon [_thread_blocked, id=3268, stack(0x00007f4bbf81c000,0x00007f4bbf91d000)]
  0x00007f5950244000 JavaThread "*** JFluid Monitor thread ***" daemon [_thread_blocked, id=3267, stack(0x00007f4bbf91d000,0x00007f4bbfa1e000)]
  0x00007f595023b000 JavaThread "*** Profiler Agent Communication Thread" daemon [_thread_blocked, id=3264, stack(0x00007f4bbfc35000,0x00007f4bbfd36000)]
  0x00007f5950188000 JavaThread "Signal Dispatcher" daemon [_thread_blocked, id=3263, stack(0x00007f4bc40a2000,0x00007f4bc41a3000)]
  0x00007f59500c1000 JavaThread "Finalizer" daemon [_thread_blocked, id=3262, stack(0x00007f4bc41a3000,0x00007f4bc42a4000)]
  0x00007f59500ae800 JavaThread "Reference Handler" daemon [_thread_blocked, id=3261, stack(0x00007f4bc42a4000,0x00007f4bc43a5000)]
  0x00007f595000b000 JavaThread "main" [_thread_blocked, id=3251, stack(0x00007f59565e7000,0x00007f59566e8000)]

Other Threads:
=>0x00007f5950081000 VMThread [stack: 0x00007f4bc43a5000,0x00007f4bc44a6000] [id=3260]
  0x00007f5950431800 WatcherThread [stack: 0x00007f4bbecd7000,0x00007f4bbedd8000] [id=3278]

VM state:at safepoint (normal execution)

VM Mutex/Monitor currently owned by a thread:  ([mutex/lock_event])
[0x00007f5950007350] Threads_lock - owner thread: 0x00007f5950081000
[0x00007f5950007850] Heap_lock - owner thread: 0x00007f595000b000

Heap:
 PSYoungGen      total 12291072K, used 3328K [0x00007f54c6300000, 0x00007f5925080000, 0x00007f5940000000)
  eden space 6360064K, 0% used [0x00007f54c6300000,0x00007f54c6300000,0x00007f564a600000)
  from space 5931008K, 0% used [0x00007f57bb080000,0x00007f57bb3c0000,0x00007f5925080000)
  to   space 3150848K, 0% used [0x00007f564a600000,0x00007f564a600000,0x00007f570ab00000)
 ParOldGen       total 37547008K, used 22317208K [0x00007f4bd2800000, 0x00007f54c6300000, 0x00007f54c6300000)
  object space 37547008K, 59% used [0x00007f4bd2800000,0x00007f5124a261b8,0x00007f54c6300000)
 Metaspace       used 12894K, capacity 13293K, committed 13568K, reserved 14336K

Card table byte_map: [0x00007f4bcbc93000,0x00007f4bd2800000] byte_map_base: 0x00007f0c25dff000

Marking Bits: (ParMarkBitMap*) 0x00007f5955ac24c0
 Begin Bits: [0x00007f4b34940000, 0x00007f4b6a4a0000)
 End Bits:   [0x00007f4b6a4a0000, 0x00007f4ba0000000)

Polling page: 0x00007f595670b000

CodeCache: size=245760Kb used=3074Kb max_used=3595Kb free=242685Kb
 bounds [0x00007f59405aa000, 0x00007f594093a000, 0x00007f594f5aa000]
 total_blobs=1299 nmethods=769 adapters=444
 compilation: enabled

Compilation events (10 events):
Event: 4083,184 Thread 0x00007f595040b800  944       3       java.util.ArrayList$ArrayListSpliterator::estimateSize (11 bytes)
Event: 4083,184 Thread 0x00007f595040b800 nmethod 944 0x00007f594091a4d0 code [0x00007f594091a640, 0x00007f594091a7e8]
Event: 4167,275 Thread 0x00007f5950407000  945       4       java.io.ObjectInputStream$BlockDataInputStream::read (62 bytes)
Event: 4167,286 Thread 0x00007f5950407000 nmethod 945 0x00007f59408f6910 code [0x00007f59408f6ba0, 0x00007f59408f76c0]
Event: 4182,750 Thread 0x00007f5950409000  946       4       java.net.SocketOutputStream::write (8 bytes)
Event: 4182,753 Thread 0x00007f5950409000 nmethod 946 0x00007f5940875410 code [0x00007f59408755a0, 0x00007f5940875b18]
Event: 4185,634 Thread 0x00007f5950406000  947       4       java.lang.reflect.Method::invoke (62 bytes)
Event: 4185,643 Thread 0x00007f5950406000 nmethod 947 0x00007f594083aa10 code [0x00007f594083ac80, 0x00007f594083b780]
Event: 4261,308 Thread 0x00007f5950409000  948       4       sun.awt.SunToolkit::awtLock (7 bytes)
Event: 4261,309 Thread 0x00007f5950409000 nmethod 948 0x00007f594082bad0 code [0x00007f594082bc20, 0x00007f594082bd38]

GC Heap History (10 events):
Event: 4290,607 GC heap after
Heap after GC invocations=810 (full 25):
 PSYoungGen      total 12564992K, used 3926080K [0x00007f54c6300000, 0x00007f5940000000, 0x00007f5940000000)
  eden space 6544384K, 0% used [0x00007f54c6300000,0x00007f54c6300000,0x00007f5655a00000)
  from space 6020608K, 65% used [0x00007f5655a00000,0x00007f5745410030,0x00007f57c5180000)
  to   space 6057472K, 0% used [0x00007f57ce480000,0x00007f57ce480000,0x00007f5940000000)
 ParOldGen       total 37547008K, used 17965760K [0x00007f4bd2800000, 0x00007f54c6300000, 0x00007f54c6300000)
  object space 37547008K, 47% used [0x00007f4bd2800000,0x00007f501b0b01a0,0x00007f54c6300000)
 Metaspace       used 12894K, capacity 13293K, committed 13568K, reserved 14336K
}
Event: 4294,251 GC heap before
{Heap before GC invocations=811 (full 25):
 PSYoungGen      total 12564992K, used 10470464K [0x00007f54c6300000, 0x00007f5940000000, 0x00007f5940000000)
  eden space 6544384K, 100% used [0x00007f54c6300000,0x00007f5655a00000,0x00007f5655a00000)
  from space 6020608K, 65% used [0x00007f5655a00000,0x00007f5745410030,0x00007f57c5180000)
  to   space 6057472K, 0% used [0x00007f57ce480000,0x00007f57ce480000,0x00007f5940000000)
 ParOldGen       total 37547008K, used 17965760K [0x00007f4bd2800000, 0x00007f54c6300000, 0x00007f54c6300000)
  object space 37547008K, 47% used [0x00007f4bd2800000,0x00007f501b0b01a0,0x00007f54c6300000)
 Metaspace       used 12894K, capacity 13293K, committed 13568K, reserved 14336K
Event: 4296,269 GC heap after
Heap after GC invocations=811 (full 25):
 PSYoungGen      total 12618240K, used 3672736K [0x00007f54c6300000, 0x00007f5937d00000, 0x00007f5940000000)
  eden space 6694912K, 0% used [0x00007f54c6300000,0x00007f54c6300000,0x00007f565ed00000)
  from space 5923328K, 62% used [0x00007f57ce480000,0x00007f58ae728048,0x00007f5937d00000)
  to   space 5971968K, 0% used [0x00007f565ed00000,0x00007f565ed00000,0x00007f57cb500000)
 ParOldGen       total 37547008K, used 19681616K [0x00007f4bd2800000, 0x00007f54c6300000, 0x00007f54c6300000)
  object space 37547008K, 52% used [0x00007f4bd2800000,0x00007f5083c541a0,0x00007f54c6300000)
 Metaspace       used 12894K, capacity 13293K, committed 13568K, reserved 14336K
}
Event: 4299,608 GC heap before
{Heap before GC invocations=812 (full 25):
 PSYoungGen      total 12618240K, used 10367648K [0x00007f54c6300000, 0x00007f5937d00000, 0x00007f5940000000)
  eden space 6694912K, 100% used [0x00007f54c6300000,0x00007f565ed00000,0x00007f565ed00000)
  from space 5923328K, 62% used [0x00007f57ce480000,0x00007f58ae728048,0x00007f5937d00000)
  to   space 5971968K, 0% used [0x00007f565ed00000,0x00007f565ed00000,0x00007f57cb500000)
 ParOldGen       total 37547008K, used 19681616K [0x00007f4bd2800000, 0x00007f54c6300000, 0x00007f54c6300000)
  object space 37547008K, 52% used [0x00007f4bd2800000,0x00007f5083c541a0,0x00007f54c6300000)
 Metaspace       used 12894K, capacity 13293K, committed 13568K, reserved 14336K
Event: 4299,971 GC heap after
Heap after GC invocations=812 (full 25):
 PSYoungGen      total 12666880K, used 772928K [0x00007f54c6300000, 0x00007f5940000000, 0x00007f5940000000)
  eden space 6694912K, 0% used [0x00007f54c6300000,0x00007f54c6300000,0x00007f565ed00000)
  from space 5971968K, 12% used [0x00007f565ed00000,0x00007f568dfd0018,0x00007f57cb500000)
  to   space 6097408K, 0% used [0x00007f57cbd80000,0x00007f57cbd80000,0x00007f5940000000)
 ParOldGen       total 37547008K, used 19682280K [0x00007f4bd2800000, 0x00007f54c6300000, 0x00007f54c6300000)
  object space 37547008K, 52% used [0x00007f4bd2800000,0x00007f5083cfa1a0,0x00007f54c6300000)
 Metaspace       used 12894K, capacity 13293K, committed 13568K, reserved 14336K
}
Event: 4304,252 GC heap before
{Heap before GC invocations=813 (full 25):
 PSYoungGen      total 12666880K, used 7467840K [0x00007f54c6300000, 0x00007f5940000000, 0x00007f5940000000)
  eden space 6694912K, 100% used [0x00007f54c6300000,0x00007f565ed00000,0x00007f565ed00000)
  from space 5971968K, 12% used [0x00007f565ed00000,0x00007f568dfd0018,0x00007f57cb500000)
  to   space 6097408K, 0% used [0x00007f57cbd80000,0x00007f57cbd80000,0x00007f5940000000)
 ParOldGen       total 37547008K, used 19682280K [0x00007f4bd2800000, 0x00007f54c6300000, 0x00007f54c6300000)
  object space 37547008K, 52% used [0x00007f4bd2800000,0x00007f5083cfa1a0,0x00007f54c6300000)
 Metaspace       used 12894K, capacity 13293K, committed 13568K, reserved 14336K
Event: 4305,736 GC heap after
Heap after GC invocations=813 (full 25):
 PSYoungGen      total 12457472K, used 4076864K [0x00007f54c6300000, 0x00007f5940000000, 0x00007f5940000000)
  eden space 6360064K, 0% used [0x00007f54c6300000,0x00007f54c6300000,0x00007f564a600000)
  from space 6097408K, 66% used [0x00007f57cbd80000,0x00007f58c4ad0030,0x00007f5940000000)
  to   space 6206464K, 0% used [0x00007f564a600000,0x00007f564a600000,0x00007f57c5300000)
 ParOldGen       total 37547008K, used 20455880K [0x00007f4bd2800000, 0x00007f54c6300000, 0x00007f54c6300000)
  object space 37547008K, 54% used [0x00007f4bd2800000,0x00007f50b30721b8,0x00007f54c6300000)
 Metaspace       used 12894K, capacity 13293K, committed 13568K, reserved 14336K
}
Event: 4309,245 GC heap before
{Heap before GC invocations=814 (full 25):
 PSYoungGen      total 12457472K, used 10436928K [0x00007f54c6300000, 0x00007f5940000000, 0x00007f5940000000)
  eden space 6360064K, 100% used [0x00007f54c6300000,0x00007f564a600000,0x00007f564a600000)
  from space 6097408K, 66% used [0x00007f57cbd80000,0x00007f58c4ad0030,0x00007f5940000000)
  to   space 6206464K, 0% used [0x00007f564a600000,0x00007f564a600000,0x00007f57c5300000)
 ParOldGen       total 37547008K, used 20455880K [0x00007f4bd2800000, 0x00007f54c6300000, 0x00007f54c6300000)
  object space 37547008K, 54% used [0x00007f4bd2800000,0x00007f50b30721b8,0x00007f54c6300000)
 Metaspace       used 12894K, capacity 13293K, committed 13568K, reserved 14336K
Event: 4312,809 GC heap after
Heap after GC invocations=814 (full 25):
 PSYoungGen      total 9510912K, used 3150752K [0x00007f54c6300000, 0x00007f5925080000, 0x00007f5940000000)
  eden space 6360064K, 0% used [0x00007f54c6300000,0x00007f54c6300000,0x00007f564a600000)
  from space 3150848K, 99% used [0x00007f564a600000,0x00007f570aae8030,0x00007f570ab00000)
  to   space 5931008K, 0% used [0x00007f57bb080000,0x00007f57bb080000,0x00007f5925080000)
 ParOldGen       total 37547008K, used 22313984K [0x00007f4bd2800000, 0x00007f54c6300000, 0x00007f54c6300000)
  object space 37547008K, 59% used [0x00007f4bd2800000,0x00007f51247001b8,0x00007f54c6300000)
 Metaspace       used 12894K, capacity 13293K, committed 13568K, reserved 14336K
}
Event: 4319,530 GC heap before
{Heap before GC invocations=815 (full 25):
 PSYoungGen      total 9510912K, used 9271580K [0x00007f54c6300000, 0x00007f5925080000, 0x00007f5940000000)
  eden space 6360064K, 96% used [0x00007f54c6300000,0x00007f563bc5f0f0,0x00007f564a600000)
  from space 3150848K, 99% used [0x00007f564a600000,0x00007f570aae8030,0x00007f570ab00000)
  to   space 5931008K, 0% used [0x00007f57bb080000,0x00007f57bb080000,0x00007f5925080000)
 ParOldGen       total 37547008K, used 22313984K [0x00007f4bd2800000, 0x00007f54c6300000, 0x00007f54c6300000)
  object space 37547008K, 59% used [0x00007f4bd2800000,0x00007f51247001b8,0x00007f54c6300000)
 Metaspace       used 12894K, capacity 13293K, committed 13568K, reserved 14336K

Deoptimization events (10 events):
Event: 183,059 Thread 0x00007f595000b000 Uncommon trap: reason=unstable_if action=reinterpret pc=0x00007f59408a02f8 method=java.util.ComparableTimSort.gallopLeft(Ljava/lang/Comparable;[Ljava/lang/Object;III)I @ 192
Event: 183,059 Thread 0x00007f595000b000 Uncommon trap: reason=unstable_if action=reinterpret pc=0x00007f59408cc070 method=java.util.ComparableTimSort.mergeHi(IIII)V @ 131
Event: 227,433 Thread 0x00007f595000b000 Uncommon trap: reason=unstable_if action=reinterpret pc=0x00007f5940863550 method=core.algos.WordGenerator.generateProbableWords([[DDZD)[[B @ 98
Event: 314,467 Thread 0x00007f595000b000 Uncommon trap: reason=unstable_if action=reinterpret pc=0x00007f594088e4b8 method=java.util.ComparableTimSort.mergeLo(IIII)V @ 526
Event: 389,292 Thread 0x00007f595000b000 Uncommon trap: reason=unstable_if action=reinterpret pc=0x00007f59408b73e0 method=java.util.HashMap.putVal(ILjava/lang/Object;Ljava/lang/Object;ZZ)Ljava/lang/Object; @ 162
Event: 397,391 Thread 0x00007f595000b000 Uncommon trap: reason=unstable_if action=reinterpret pc=0x00007f59408c30b8 method=java.util.HashMap.getNode(ILjava/lang/Object;)Ljava/util/HashMap$Node; @ 84
Event: 403,644 Thread 0x00007f595000b000 Uncommon trap: reason=unstable_if action=reinterpret pc=0x00007f59408bd81c method=java.util.HashMap.getNode(ILjava/lang/Object;)Ljava/util/HashMap$Node; @ 84
Event: 411,220 Thread 0x00007f595000b000 Uncommon trap: reason=unstable_if action=reinterpret pc=0x00007f59408777e8 method=java.util.HashMap.resize()[Ljava/util/HashMap$Node; @ 206
Event: 898,319 Thread 0x00007f595000b000 Uncommon trap: reason=unstable_if action=reinterpret pc=0x00007f59408f8340 method=java.util.HashMap.putVal(ILjava/lang/Object;Ljava/lang/Object;ZZ)Ljava/lang/Object; @ 109
Event: 1479,830 Thread 0x00007f595000b000 Uncommon trap: reason=unstable_if action=reinterpret pc=0x00007f59408f2928 method=java.util.ComparableTimSort.mergeLo(IIII)V @ 105

Internal exceptions (10 events):
Event: 0,426 Thread 0x00007f595000b000 Exception <a 'java/lang/ArrayIndexOutOfBoundsException': 38> (0x00007f54c64bd0d8) thrown at [/HUDSON/workspace/8-2-build-linux-amd64/jdk8u92/6642/hotspot/src/share/vm/interpreter/interpreterRuntime.cpp, line 366]
Event: 0,431 Thread 0x00007f595000b000 Exception <a 'java/lang/ArrayIndexOutOfBoundsException': 49> (0x00007f54c64d4848) thrown at [/HUDSON/workspace/8-2-build-linux-amd64/jdk8u92/6642/hotspot/src/share/vm/interpreter/interpreterRuntime.cpp, line 366]
Event: 0,448 Thread 0x00007f595000b000 Exception <a 'java/lang/ArrayIndexOutOfBoundsException': 22> (0x00007f54c6513ee0) thrown at [/HUDSON/workspace/8-2-build-linux-amd64/jdk8u92/6642/hotspot/src/share/vm/interpreter/interpreterRuntime.cpp, line 366]
Event: 0,448 Thread 0x00007f595000b000 Exception <a 'java/lang/ArrayIndexOutOfBoundsException': 160> (0x00007f54c65162d0) thrown at [/HUDSON/workspace/8-2-build-linux-amd64/jdk8u92/6642/hotspot/src/share/vm/interpreter/interpreterRuntime.cpp, line 366]
Event: 0,449 Thread 0x00007f595000b000 Exception <a 'java/security/PrivilegedActionException'> (0x00007f54c6518b90) thrown at [/HUDSON/workspace/8-2-build-linux-amd64/jdk8u92/6642/hotspot/src/share/vm/prims/jvm.cpp, line 1386]
Event: 0,449 Thread 0x00007f595000b000 Exception <a 'java/lang/ArrayIndexOutOfBoundsException': 22> (0x00007f54c651a380) thrown at [/HUDSON/workspace/8-2-build-linux-amd64/jdk8u92/6642/hotspot/src/share/vm/interpreter/interpreterRuntime.cpp, line 366]
Event: 0,449 Thread 0x00007f595000b000 Exception <a 'java/lang/ArrayIndexOutOfBoundsException': 22> (0x00007f54c651b7d8) thrown at [/HUDSON/workspace/8-2-build-linux-amd64/jdk8u92/6642/hotspot/src/share/vm/interpreter/interpreterRuntime.cpp, line 366]
Event: 0,449 Thread 0x00007f595000b000 Exception <a 'java/lang/ArrayIndexOutOfBoundsException': 22> (0x00007f54c651eee0) thrown at [/HUDSON/workspace/8-2-build-linux-amd64/jdk8u92/6642/hotspot/src/share/vm/interpreter/interpreterRuntime.cpp, line 366]
Event: 1,008 Thread 0x00007f595000b000 Exception <a 'java/io/FileNotFoundException'> (0x00007f54c6786b08) thrown at [/HUDSON/workspace/8-2-build-linux-amd64/jdk8u92/6642/hotspot/src/share/vm/prims/jni.cpp, line 709]
Event: 1,008 Thread 0x00007f595000b000 Exception <a 'java/io/FileNotFoundException'> (0x00007f54c67876f0) thrown at [/HUDSON/workspace/8-2-build-linux-amd64/jdk8u92/6642/hotspot/src/share/vm/prims/jni.cpp, line 709]

Events (10 events):
Event: 4290,607 Executing VM operation: ParallelGCFailedAllocation done
Event: 4294,251 Executing VM operation: ParallelGCFailedAllocation
Event: 4296,269 Executing VM operation: ParallelGCFailedAllocation done