#
# There is insufficient memory for the Java Runtime Environment to continue.
# Native memory allocation (mmap) failed to map 14145814528 bytes for committing reserved memory.
# Possible reasons:
#   The system is out of physical RAM or swap space
#   In 32 bit mode, the process size limit was hit
# Possible solutions:
#   Reduce memory load on the system
#   Increase physical memory or swap space
#   Check if swap backing store is full
#   Use 64 bit Java on a 64 bit OS
#   Decrease Java heap size (-Xmx/-Xms)
#   Decrease number of Java threads
#   Decrease Java thread stack sizes (-Xss)
#   Set larger code cache with -XX:ReservedCodeCacheSize=
# This output file may be truncated or incomplete.
#
#  Out of Memory Error (os_linux.cpp:2627), pid=7311, tid=0x00007f64567e0700
#
# JRE version: Java(TM) SE Runtime Environment (8.0_92-b14) (build 1.8.0_92-b14)
# Java VM: Java HotSpot(TM) 64-Bit Server VM (25.92-b14 mixed mode linux-amd64 )
# Failed to write core dump. Core dumps have been disabled. To enable core dumping, try "ulimit -c unlimited" before starting Java again
#

---------------  T H R E A D  ---------------

Current thread (0x00007f70bc080000):  VMThread [stack: 0x00007f64566e0000,0x00007f64567e1000] [id=7324]

Stack: [0x00007f64566e0000,0x00007f64567e1000],  sp=0x00007f64567defe0,  free space=1019k
Native frames: (J=compiled Java code, j=interpreted, Vv=VM code, C=native code)
V  [libjvm.so+0xabd65a]  VMError::report_and_die()+0x2ba
V  [libjvm.so+0x4fb4db]  report_vm_out_of_memory(char const*, int, unsigned long, VMErrorType, char const*)+0x8b
V  [libjvm.so+0x91d713]  os::Linux::commit_memory_impl(char*, unsigned long, bool)+0x103
V  [libjvm.so+0x91dc69]  os::pd_commit_memory(char*, unsigned long, unsigned long, bool)+0x29
V  [libjvm.so+0x917f6a]  os::commit_memory(char*, unsigned long, unsigned long, bool)+0x2a
V  [libjvm.so+0x98c343]  PSVirtualSpace::expand_by(unsigned long)+0x53
V  [libjvm.so+0x97cc00]  PSOldGen::expand(unsigned long)+0x170
V  [libjvm.so+0x97ce0b]  PSOldGen::resize(unsigned long)+0x1cb
V  [libjvm.so+0x984b11]  PSParallelCompact::invoke_no_policy(bool)+0x991
V  [libjvm.so+0x98a46d]  PSScavenge::invoke()+0x1ad
V  [libjvm.so+0x941410]  ParallelScavengeHeap::failed_mem_allocate(unsigned long)+0x70
V  [libjvm.so+0xabf077]  VM_ParallelGCFailedAllocation::doit()+0x97
V  [libjvm.so+0xac6aa5]  VM_Operation::evaluate()+0x55
V  [libjvm.so+0xac4e7a]  VMThread::evaluate_operation(VM_Operation*)+0xba
V  [libjvm.so+0xac51fe]  VMThread::loop()+0x1ce
V  [libjvm.so+0xac5670]  VMThread::run()+0x70
V  [libjvm.so+0x91fad8]  java_start(Thread*)+0x108

VM_Operation (0x00007f70c308c430): ParallelGCFailedAllocation, mode: safepoint, requested by thread 0x00007f70bc00a000


---------------  P R O C E S S  ---------------

Java Threads: ( => current thread )
  0x00007f70bc34d000 JavaThread "AWT-XAWT" daemon [_thread_blocked, id=7335, stack(0x00007f644f7d8000,0x00007f644f8d9000)]
  0x00007f70bc32e000 JavaThread "Java2D Disposer" daemon [_thread_blocked, id=7334, stack(0x00007f644fce9000,0x00007f644fdea000)]
  0x00007f70bc0dc000 JavaThread "Service Thread" daemon [_thread_blocked, id=7332, stack(0x00007f6455c0e000,0x00007f6455d0f000)]
  0x00007f70bc0c8800 JavaThread "C1 CompilerThread3" daemon [_thread_blocked, id=7331, stack(0x00007f6455d0f000,0x00007f6455e10000)]
  0x00007f70bc0c6800 JavaThread "C2 CompilerThread2" daemon [_thread_blocked, id=7330, stack(0x00007f6455e10000,0x00007f6455f11000)]
  0x00007f70bc0c4800 JavaThread "C2 CompilerThread1" daemon [_thread_blocked, id=7329, stack(0x00007f6455f11000,0x00007f6456012000)]
  0x00007f70bc0c2000 JavaThread "C2 CompilerThread0" daemon [_thread_blocked, id=7328, stack(0x00007f6456012000,0x00007f6456113000)]
  0x00007f70bc0c0800 JavaThread "Signal Dispatcher" daemon [_thread_blocked, id=7327, stack(0x00007f6456113000,0x00007f6456214000)]
  0x00007f70bc08c000 JavaThread "Finalizer" daemon [_thread_blocked, id=7326, stack(0x00007f64564de000,0x00007f64565df000)]
  0x00007f70bc087800 JavaThread "Reference Handler" daemon [_thread_blocked, id=7325, stack(0x00007f64565df000,0x00007f64566e0000)]
  0x00007f70bc00a000 JavaThread "main" [_thread_blocked, id=7315, stack(0x00007f70c2f8d000,0x00007f70c308e000)]

Other Threads:
=>0x00007f70bc080000 VMThread [stack: 0x00007f64566e0000,0x00007f64567e1000] [id=7324]
  0x00007f70bc0de800 WatcherThread [stack: 0x00007f6455b0d000,0x00007f6455c0e000] [id=7333]

VM state:at safepoint (normal execution)

VM Mutex/Monitor currently owned by a thread:  ([mutex/lock_event])
[0x00007f70bc005e70] ExpandHeap_lock - owner thread: 0x00007f70bc080000
[0x00007f70bc0064f0] Threads_lock - owner thread: 0x00007f70bc080000
[0x00007f70bc0069f0] Heap_lock - owner thread: 0x00007f70bc00a000

Heap:
 PSYoungGen      total 6755328K, used 0K [0x00007f6c9b180000, 0x00007f70acc00000, 0x00007f70acc00000)
  eden space 5688832K, 0% used [0x00007f6c9b180000,0x00007f6c9b180000,0x00007f6df6500000)
  from space 1066496K, 0% used [0x00007f706ba80000,0x00007f706ba80000,0x00007f70acc00000)
  to   space 5688832K, 0% used [0x00007f6df6500000,0x00007f6df6500000,0x00007f6f51880000)
 ParOldGen       total 17067008K, used 13657026K [0x00007f6477c00000, 0x00007f6889700000, 0x00007f6c9b180000)
  object space 17067008K, 80% used [0x00007f6477c00000,0x00007f67b94f0b20,0x00007f6889700000)
 Metaspace       used 9973K, capacity 10324K, committed 10496K, reserved 12288K

Card table byte_map: [0x00007f6471a57000,0x00007f6477c00000] byte_map_base: 0x00007f24bf699000

Marking Bits: (ParMarkBitMap*) 0x00007f70c24694c0
 Begin Bits: [0x00007f63e2580000, 0x00007f64132c0000)
 End Bits:   [0x00007f64132c0000, 0x00007f6444000000)

Polling page: 0x00007f70c30b2000

CodeCache: size=245760Kb used=5002Kb max_used=5041Kb free=240757Kb
 bounds [0x00007f70ad000000, 0x00007f70ad500000, 0x00007f70bc000000]
 total_blobs=1498 nmethods=1011 adapters=401
 compilation: enabled

Compilation events (10 events):
Event: 161,370 Thread 0x00007f70bc0c8800 1015       3       java.lang.Runtime::getRuntime (4 bytes)
Event: 161,370 Thread 0x00007f70bc0c8800 nmethod 1015 0x00007f70ad4c31d0 code [0x00007f70ad4c3320, 0x00007f70ad4c3470]
Event: 181,024 Thread 0x00007f70bc0c2000 1016       4       java.text.DecimalFormat::expandAffix (188 bytes)
Event: 181,037 Thread 0x00007f70bc0c2000 nmethod 1016 0x00007f70ad4bd590 code [0x00007f70ad4bd780, 0x00007f70ad4be908]
Event: 185,838 Thread 0x00007f70bc0c8800 1017       3       java.text.FieldPosition::getFieldDelegate (10 bytes)
Event: 185,839 Thread 0x00007f70bc0c8800 nmethod 1017 0x00007f70ad4c2c50 code [0x00007f70ad4c2dc0, 0x00007f70ad4c3090]
Event: 185,839 Thread 0x00007f70bc0c8800 1018       3       java.text.FieldPosition$Delegate::<init> (6 bytes)
Event: 185,839 Thread 0x00007f70bc0c8800 nmethod 1018 0x00007f70ad4c27d0 code [0x00007f70ad4c2940, 0x00007f70ad4c2b70]
Event: 185,839 Thread 0x00007f70bc0c8800 1019       3       java.text.FieldPosition$Delegate::<init> (10 bytes)
Event: 185,839 Thread 0x00007f70bc0c8800 nmethod 1019 0x00007f70ad4c23d0 code [0x00007f70ad4c2540, 0x00007f70ad4c2710]

GC Heap History (10 events):
Event: 9,046 GC heap after
Heap after GC invocations=2 (full 0):
 PSYoungGen      total 13866496K, used 208472K [0x00007f6c9b180000, 0x00007f702a880000, 0x00007f70acc00000)
  eden space 12800000K, 0% used [0x00007f6c9b180000,0x00007f6c9b180000,0x00007f6fa8580000)
  from space 1066496K, 19% used [0x00007f6fe9700000,0x00007f6ff6296380,0x00007f702a880000)
  to   space 1066496K, 0% used [0x00007f6fa8580000,0x00007f6fa8580000,0x00007f6fe9700000)
 ParOldGen       total 17067008K, used 24K [0x00007f6477c00000, 0x00007f6889700000, 0x00007f6c9b180000)
  object space 17067008K, 0% used [0x00007f6477c00000,0x00007f6477c06000,0x00007f6889700000)
 Metaspace       used 9646K, capacity 10004K, committed 10240K, reserved 10240K
}
Event: 33,891 GC heap before
{Heap before GC invocations=3 (full 0):
 PSYoungGen      total 13866496K, used 13008472K [0x00007f6c9b180000, 0x00007f702a880000, 0x00007f70acc00000)
  eden space 12800000K, 100% used [0x00007f6c9b180000,0x00007f6fa8580000,0x00007f6fa8580000)
  from space 1066496K, 19% used [0x00007f6fe9700000,0x00007f6ff6296380,0x00007f702a880000)
  to   space 1066496K, 0% used [0x00007f6fa8580000,0x00007f6fa8580000,0x00007f6fe9700000)
 ParOldGen       total 17067008K, used 24K [0x00007f6477c00000, 0x00007f6889700000, 0x00007f6c9b180000)
  object space 17067008K, 0% used [0x00007f6477c00000,0x00007f6477c06000,0x00007f6889700000)
 Metaspace       used 9936K, capacity 10260K, committed 10496K, reserved 12288K
Event: 36,292 GC heap after
Heap after GC invocations=3 (full 0):
 PSYoungGen      total 13866496K, used 1066469K [0x00007f6c9b180000, 0x00007f70acc00000, 0x00007f70acc00000)
  eden space 12800000K, 0% used [0x00007f6c9b180000,0x00007f6c9b180000,0x00007f6fa8580000)
  from space 1066496K, 99% used [0x00007f6fa8580000,0x00007f6fe96f9720,0x00007f6fe9700000)
  to   space 1066496K, 0% used [0x00007f706ba80000,0x00007f706ba80000,0x00007f70acc00000)
 ParOldGen       total 17067008K, used 2078411K [0x00007f6477c00000, 0x00007f6889700000, 0x00007f6c9b180000)
  object space 17067008K, 12% used [0x00007f6477c00000,0x00007f64f69b2ea8,0x00007f6889700000)
 Metaspace       used 9936K, capacity 10260K, committed 10496K, reserved 12288K
}
Event: 75,796 GC heap before
{Heap before GC invocations=4 (full 0):
 PSYoungGen      total 13866496K, used 13866469K [0x00007f6c9b180000, 0x00007f70acc00000, 0x00007f70acc00000)
  eden space 12800000K, 100% used [0x00007f6c9b180000,0x00007f6fa8580000,0x00007f6fa8580000)
  from space 1066496K, 99% used [0x00007f6fa8580000,0x00007f6fe96f9720,0x00007f6fe9700000)
  to   space 1066496K, 0% used [0x00007f706ba80000,0x00007f706ba80000,0x00007f70acc00000)
 ParOldGen       total 17067008K, used 2078411K [0x00007f6477c00000, 0x00007f6889700000, 0x00007f6c9b180000)
  object space 17067008K, 12% used [0x00007f6477c00000,0x00007f64f69b2ea8,0x00007f6889700000)
 Metaspace       used 9947K, capacity 10260K, committed 10496K, reserved 12288K
Event: 79,565 GC heap after
Heap after GC invocations=4 (full 0):
 PSYoungGen      total 16000000K, used 1066464K [0x00007f6c9b180000, 0x00007f70acc00000, 0x00007f70acc00000)
  eden space 14933504K, 0% used [0x00007f6c9b180000,0x00007f6c9b180000,0x00007f702a900000)
  from space 1066496K, 99% used [0x00007f706ba80000,0x00007f70acbf8018,0x00007f70acc00000)
  to   space 1066496K, 0% used [0x00007f702a900000,0x00007f702a900000,0x00007f706ba80000)
 ParOldGen       total 17067008K, used 5806763K [0x00007f6477c00000, 0x00007f6889700000, 0x00007f6c9b180000)
  object space 17067008K, 34% used [0x00007f6477c00000,0x00007f65da2aac30,0x00007f6889700000)
 Metaspace       used 9947K, capacity 10260K, committed 10496K, reserved 12288K
}
Event: 132,535 GC heap before
{Heap before GC invocations=5 (full 0):
 PSYoungGen      total 16000000K, used 15999968K [0x00007f6c9b180000, 0x00007f70acc00000, 0x00007f70acc00000)
  eden space 14933504K, 100% used [0x00007f6c9b180000,0x00007f702a900000,0x00007f702a900000)
  from space 1066496K, 99% used [0x00007f706ba80000,0x00007f70acbf8018,0x00007f70acc00000)
  to   space 1066496K, 0% used [0x00007f702a900000,0x00007f702a900000,0x00007f706ba80000)
 ParOldGen       total 17067008K, used 5806763K [0x00007f6477c00000, 0x00007f6889700000, 0x00007f6c9b180000)
  object space 17067008K, 34% used [0x00007f6477c00000,0x00007f65da2aac30,0x00007f6889700000)
 Metaspace       used 9964K, capacity 10324K, committed 10496K, reserved 12288K
Event: 136,925 GC heap after
Heap after GC invocations=5 (full 0):
 PSYoungGen      total 16000000K, used 1066464K [0x00007f6c9b180000, 0x00007f70acc00000, 0x00007f70acc00000)
  eden space 14933504K, 0% used [0x00007f6c9b180000,0x00007f6c9b180000,0x00007f702a900000)
  from space 1066496K, 99% used [0x00007f702a900000,0x00007f706ba78018,0x00007f706ba80000)
  to   space 1066496K, 0% used [0x00007f706ba80000,0x00007f706ba80000,0x00007f70acc00000)
 ParOldGen       total 17067008K, used 10662748K [0x00007f6477c00000, 0x00007f6889700000, 0x00007f6c9b180000)
  object space 17067008K, 62% used [0x00007f6477c00000,0x00007f67028d7200,0x00007f6889700000)
 Metaspace       used 9964K, capacity 10324K, committed 10496K, reserved 12288K
}
Event: 186,044 GC heap before
{Heap before GC invocations=6 (full 0):
 PSYoungGen      total 16000000K, used 15999968K [0x00007f6c9b180000, 0x00007f70acc00000, 0x00007f70acc00000)
  eden space 14933504K, 100% used [0x00007f6c9b180000,0x00007f702a900000,0x00007f702a900000)
  from space 1066496K, 99% used [0x00007f702a900000,0x00007f706ba78018,0x00007f706ba80000)
  to   space 1066496K, 0% used [0x00007f706ba80000,0x00007f706ba80000,0x00007f70acc00000)
 ParOldGen       total 17067008K, used 10662748K [0x00007f6477c00000, 0x00007f6889700000, 0x00007f6c9b180000)
  object space 17067008K, 62% used [0x00007f6477c00000,0x00007f67028d7200,0x00007f6889700000)
 Metaspace       used 9973K, capacity 10324K, committed 10496K, reserved 12288K
Event: 190,401 GC heap after
Heap after GC invocations=6 (full 0):
 PSYoungGen      total 6755328K, used 1066464K [0x00007f6c9b180000, 0x00007f70acc00000, 0x00007f70acc00000)
  eden space 5688832K, 0% used [0x00007f6c9b180000,0x00007f6c9b180000,0x00007f6df6500000)
  from space 1066496K, 99% used [0x00007f706ba80000,0x00007f70acbf8018,0x00007f70acc00000)
  to   space 5688832K, 0% used [0x00007f6df6500000,0x00007f6df6500000,0x00007f6f51880000)
 ParOldGen       total 17067008K, used 15802068K [0x00007f6477c00000, 0x00007f6889700000, 0x00007f6c9b180000)
  object space 17067008K, 92% used [0x00007f6477c00000,0x00007f683c3b5350,0x00007f6889700000)
 Metaspace       used 9973K, capacity 10324K, committed 10496K, reserved 12288K
}
Event: 190,401 GC heap before
{Heap before GC invocations=7 (full 1):
 PSYoungGen      total 6755328K, used 1066464K [0x00007f6c9b180000, 0x00007f70acc00000, 0x00007f70acc00000)
  eden space 5688832K, 0% used [0x00007f6c9b180000,0x00007f6c9b180000,0x00007f6df6500000)
  from space 1066496K, 99% used [0x00007f706ba80000,0x00007f70acbf8018,0x00007f70acc00000)
  to   space 5688832K, 0% used [0x00007f6df6500000,0x00007f6df6500000,0x00007f6f51880000)
 ParOldGen       total 17067008K, used 15802068K [0x00007f6477c00000, 0x00007f6889700000, 0x00007f6c9b180000)
  object space 17067008K, 92% used [0x00007f6477c00000,0x00007f683c3b5350,0x00007f6889700000)
 Metaspace       used 9973K, capacity 10324K, committed 10496K, reserved 12288K

Deoptimization events (10 events):
Event: 0,800 Thread 0x00007f70bc00a000 Uncommon trap: reason=unstable_if action=reinterpret pc=0x00007f70ad35cce8 method=sun.misc.FDBigInteger.leftShift(I)Lsun/misc/FDBigInteger; @ 30
Event: 0,800 Thread 0x00007f70bc00a000 Uncommon trap: reason=unstable_if action=reinterpret pc=0x00007f70ad320084 method=sun.misc.FDBigInteger.cmp(Lsun/misc/FDBigInteger;)I @ 29
Event: 0,965 Thread 0x00007f70bc00a000 Uncommon trap: reason=unstable_if action=reinterpret pc=0x00007f70ad367fb0 method=sun.misc.FloatingDecimal$ASCIIToBinaryBuffer.doubleValue()D @ 503
Event: 1,384 Thread 0x00007f70bc00a000 Uncommon trap: reason=unstable_if action=reinterpret pc=0x00007f70ad372478 method=sun.misc.FDBigInteger.valueOfMulPow52(JII)Lsun/misc/FDBigInteger; @ 243
Event: 1,384 Thread 0x00007f70bc00a000 Uncommon trap: reason=unstable_if action=reinterpret pc=0x00007f70ad364cfc method=sun.misc.FDBigInteger.rightInplaceSub(Lsun/misc/FDBigInteger;)Lsun/misc/FDBigInteger; @ 189
Event: 10,498 Thread 0x00007f70bc00a000 Uncommon trap: reason=unstable_if action=reinterpret pc=0x00007f70ad381488 method=inputs.PAMLWrapper.parseProbas(Ljava/io/InputStream;)Lcore/PProbas; @ 129
Event: 10,498 Thread 0x00007f70bc00a000 Uncommon trap: reason=unstable_if action=reinterpret pc=0x00007f70ad332da0 method=java.lang.Long.numberOfTrailingZeros(J)I @ 17
Event: 11,296 Thread 0x00007f70bc00a000 Uncommon trap: reason=unstable_if action=reinterpret pc=0x00007f70ad461b8c method=core.algos.WordGenerator.generateProbableWords4(Lcore/ColmerSet;Lcore/Colmer;Ltree/PhyloNode;[[DDD)I @ 492
Event: 11,296 Thread 0x00007f70bc00a000 Uncommon trap: reason=unstable_if action=reinterpret pc=0x00007f70ad466ff4 method=core.algos.WordGenerator.generateProbableWords4(Lcore/ColmerSet;Lcore/Colmer;Ltree/PhyloNode;[[DDD)I @ 492
Event: 11,959 Thread 0x00007f70bc00a000 Uncommon trap: reason=unstable_if action=reinterpret pc=0x00007f70ad45c5c0 method=core.ColmerSet.associateLocality(Lcore/Word;Ltree/PhyloNode;Lcore/Colmer;D)V @ 21

Internal exceptions (10 events):
Event: 0,028 Thread 0x00007f70bc00a000 Exception <a 'java/lang/NoSuchMethodError': Method sun.misc.Unsafe.defineClass(Ljava/lang/String;[BII)Ljava/lang/Class; name or signature does not match> (0x00007f6c9b18b910) thrown at [/HUDSON/workspace/8-2-build-linux-amd64/jdk8u92/6642/hotspot/src/shar
Event: 0,029 Thread 0x00007f70bc00a000 Exception <a 'java/lang/NoSuchMethodError': Method sun.misc.Unsafe.prefetchRead(Ljava/lang/Object;J)V name or signature does not match> (0x00007f6c9b18bcd8) thrown at [/HUDSON/workspace/8-2-build-linux-amd64/jdk8u92/6642/hotspot/src/share/vm/prims/jni.cpp
Event: 0,228 Thread 0x00007f70bc00a000 Exception <a 'java/security/PrivilegedActionException'> (0x00007f6c9e804048) thrown at [/HUDSON/workspace/8-2-build-linux-amd64/jdk8u92/6642/hotspot/src/share/vm/prims/jvm.cpp, line 1386]
Event: 0,228 Thread 0x00007f70bc00a000 Exception <a 'java/security/PrivilegedActionException'> (0x00007f6c9e804328) thrown at [/HUDSON/workspace/8-2-build-linux-amd64/jdk8u92/6642/hotspot/src/share/vm/prims/jvm.cpp, line 1386]
Event: 0,228 Thread 0x00007f70bc00a000 Exception <a 'java/security/PrivilegedActionException'> (0x00007f6c9e8075e8) thrown at [/HUDSON/workspace/8-2-build-linux-amd64/jdk8u92/6642/hotspot/src/share/vm/prims/jvm.cpp, line 1386]
Event: 0,228 Thread 0x00007f70bc00a000 Exception <a 'java/security/PrivilegedActionException'> (0x00007f6c9e8078c8) thrown at [/HUDSON/workspace/8-2-build-linux-amd64/jdk8u92/6642/hotspot/src/share/vm/prims/jvm.cpp, line 1386]
Event: 0,259 Thread 0x00007f70bc00a000 Exception <a 'java/lang/NoSuchFieldError': method resolution failed> (0x00007f6c9e91a870) thrown at [/HUDSON/workspace/8-2-build-linux-amd64/jdk8u92/6642/hotspot/src/share/vm/prims/methodHandles.cpp, line 1146]
Event: 0,262 Thread 0x00007f70bc00a000 Exception <a 'java/lang/NoSuchFieldError': method resolution failed> (0x00007f6c9e92c5f0) thrown at [/HUDSON/workspace/8-2-build-linux-amd64/jdk8u92/6642/hotspot/src/share/vm/prims/methodHandles.cpp, line 1146]
Event: 0,280 Thread 0x00007f70bc00a000 Exception <a 'java/io/FileNotFoundException'> (0x00007f6c9e9d0718) thrown at [/HUDSON/workspace/8-2-build-linux-amd64/jdk8u92/6642/hotspot/src/share/vm/prims/jni.cpp, line 709]
Event: 0,280 Thread 0x00007f70bc00a000 Exception <a 'java/io/FileNotFoundException'> (0x00007f6c9e9d1300) thrown at [/HUDSON/workspace/8-2-build-linux-amd64/jdk8u92/6642/hotspot/src/share/vm/prims/jni.cpp, line 709]

Events (10 events):
Event: 36,292 Executing VM operation: RevokeBias done
Event: 36,292 Executing VM operation: RevokeBias
Event: 36,292 Executing VM operation: RevokeBias done
Event: 75,796 Executing VM operation: ParallelGCFailedAllocation
Event: 79,565 Executing VM operation: ParallelGCFailedAllocation done
Event: 132,535 Executing VM operation: ParallelGCFailedAllocation
Event: 136,925 Executing VM operation: ParallelGCFailedAllocation done
Event: 152,457 Thread 0x00007f70bc00a000 DEOPT PACKING pc=0x00007f70ad49e4aa sp=0x00007f70c308c4b0
Event: 152,457 Thread 0x00007f70bc00a000 DEOPT UNPACKING pc=0x00007f70ad047633 sp=0x00007f70c308c428 mode 0
Event: 186,044 Executing VM operation: ParallelGCFailedAllocation


Dynamic libraries:
00400000-00401000 r-xp 00000000 08:01 4290                               /media/ben/STOCK/SOFTWARE/jdk1.8.0_92/bin/java
00600000-00601000 rw-p 00000000 08:01 4290                               /media/ben/STOCK/SOFTWARE/jdk1.8.0_92/bin/java
00c85000-00ca6000 rw-p 00000000 00:00 0                                  [heap]
7f63a8000000-7f63a8021000 rw-p 00000000 00:00 0 
7f63a8021000-7f63ac000000 ---p 00000000 00:00 0 
7f63ac000000-7f63ac021000 rw-p 00000000 00:00 0 
7f63ac021000-7f63b0000000 ---p 00000000 00:00 0 
7f63b0000000-7f63b0021000 rw-p 00000000 00:00 0 
7f63b0021000-7f63b4000000 ---p 00000000 00:00 0 
7f63b4000000-7f63b4021000 rw-p 00000000 00:00 0 
7f63b4021000-7f63b8000000 ---p 00000000 00:00 0 
7f63b8000000-7f63b849e000 rw-p 00000000 00:00 0 
7f63b849e000-7f63bc000000 ---p 00000000 00:00 0 
7f63bc000000-7f63bc021000 rw-p 00000000 00:00 0 
7f63bc021000-7f63c0000000 ---p 00000000 00:00 0 
7f63c0000000-7f63c05ca000 rw-p 00000000 00:00 0 
7f63c05ca000-7f63c4000000 ---p 00000000 00:00 0 
7f63c4000000-7f63c66f4000 rw-p 00000000 00:00 0 
7f63c66f4000-7f63c8000000 ---p 00000000 00:00 0 
7f63c8000000-7f63c8021000 rw-p 00000000 00:00 0 
7f63c8021000-7f63cc000000 ---p 00000000 00:00 0 
7f63cc000000-7f63cc751000 rw-p 00000000 00:00 0 
7f63cc751000-7f63d0000000 ---p 00000000 00:00 0 
7f63d0000000-7f63d0021000 rw-p 00000000 00:00 0 
7f63d0021000-7f63d4000000 ---p 00000000 00:00 0 
7f63d4000000-7f63d4021000 rw-p 00000000 00:00 0 
7f63d4021000-7f63d8000000 ---p 00000000 00:00 0 
7f63d8000000-7f63d828b000 rw-p 00000000 00:00 0 
7f63d828b000-7f63dc000000 ---p 00000000 00:00 0 
7f63dc3d8000-7f6444000000 rw-p 00000000 00:00 0 
7f6444000000-7f6444021000 rw-p 00000000 00:00 0 
7f6444021000-7f6448000000 ---p 00000000 00:00 0 
7f6448000000-7f6448021000 rw-p 00000000 00:00 0 
7f6448021000-7f644c000000 ---p 00000000 00:00 0 
7f644ec2f000-7f644ec6f000 rw-p 00000000 00:00 0 
7f644ec6f000-7f644ee2f000 ---p 00000000 00:00 0 
7f644ee2f000-7f644ee98000 r-xp 00000000 08:01 6112                       /media/ben/STOCK/SOFTWARE/jdk1.8.0_92/jre/lib/amd64/libt2k.so
7f644ee98000-7f644f098000 ---p 00069000 08:01 6112                       /media/ben/STOCK/SOFTWARE/jdk1.8.0_92/jre/lib/amd64/libt2k.so
7f644f098000-7f644f09f000 rw-p 00069000 08:01 6112                       /media/ben/STOCK/SOFTWARE/jdk1.8.0_92/jre/lib/amd64/libt2k.so
7f644f09f000-7f644f0af000 rw-p 00000000 00:00 0 
7f644f0af000-7f644f0c0000 r-xp 00000000 08:01 6150                       /media/ben/STOCK/SOFTWARE/jdk1.8.0_92/jre/lib/amd64/libnio.so
7f644f0c0000-7f644f2bf000 ---p 00011000 08:01 6150                       /media/ben/STOCK/SOFTWARE/jdk1.8.0_92/jre/lib/amd64/libnio.so
7f644f2bf000-7f644f2c0000 rw-p 00010000 08:01 6150                       /media/ben/STOCK/SOFTWARE/jdk1.8.0_92/jre/lib/amd64/libnio.so
7f644f2c0000-7f644f2d6000 r-xp 00000000 08:01 6147                       /media/ben/STOCK/SOFTWARE/jdk1.8.0_92/jre/lib/amd64/libnet.so
7f644f2d6000-7f644f4d6000 ---p 00016000 08:01 6147                       /media/ben/STOCK/SOFTWARE/jdk1.8.0_92/jre/lib/amd64/libnet.so
7f644f4d6000-7f644f4d7000 rw-p 00016000 08:01 6147                       /media/ben/STOCK/SOFTWARE/jdk1.8.0_92/jre/lib/amd64/libnet.so
7f644f4d7000-7f644f6d7000 rw-p 00000000 00:00 0 
7f644f6d7000-7f644f6da000 ---p 00000000 00:00 0 
7f644f6da000-7f644f7d8000 rw-p 00000000 00:00 0 
7f644f7d8000-7f644f7db000 ---p 00000000 00:00 0 
7f644f7db000-7f644f8d9000 rw-p 00000000 00:00 0 
7f644f8d9000-7f644f8de000 r-xp 00000000 103:03 25043168                  /usr/lib/x86_64-linux-gnu/libXfixes.so.3.1.0
7f644f8de000-7f644fadd000 ---p 00005000 103:03 25043168                  /usr/lib/x86_64-linux-gnu/libXfixes.so.3.1.0
7f644fadd000-7f644fade000 r--p 00004000 103:03 25043168                  /usr/lib/x86_64-linux-gnu/libXfixes.so.3.1.0
7f644fade000-7f644fadf000 rw-p 00005000 103:03 25043168                  /usr/lib/x86_64-linux-gnu/libXfixes.so.3.1.0
7f644fadf000-7f644fae8000 r-xp 00000000 103:03 25043160                  /usr/lib/x86_64-linux-gnu/libXcursor.so.1.0.2
7f644fae8000-7f644fce7000 ---p 00009000 103:03 25043160                  /usr/lib/x86_64-linux-gnu/libXcursor.so.1.0.2
7f644fce7000-7f644fce8000 r--p 00008000 103:03 25043160                  /usr/lib/x86_64-linux-gnu/libXcursor.so.1.0.2
7f644fce8000-7f644fce9000 rw-p 00009000 103:03 25043160                  /usr/lib/x86_64-linux-gnu/libXcursor.so.1.0.2
7f644fce9000-7f644fcec000 ---p 00000000 00:00 0 
7f644fcec000-7f644fdea000 rw-p 00000000 00:00 0 
7f644fdea000-7f644fe00000 r-xp 00000000 103:03 6033521                   /lib/x86_64-linux-gnu/libgcc_s.so.1
7f644fe00000-7f644ffff000 ---p 00016000 103:03 6033521                   /lib/x86_64-linux-gnu/libgcc_s.so.1
7f644ffff000-7f6450000000 rw-p 00015000 103:03 6033521                   /lib/x86_64-linux-gnu/libgcc_s.so.1
7f6450000000-7f6450021000 rw-p 00000000 00:00 0 
7f6450021000-7f6454000000 ---p 00000000 00:00 0 
7f64540ef000-7f6454154000 r-xp 00000000 08:01 6129                       /media/ben/STOCK/SOFTWARE/jdk1.8.0_92/jre/lib/amd64/libfontmanager.so
7f6454154000-7f6454353000 ---p 00065000 08:01 6129                       /media/ben/STOCK/SOFTWARE/jdk1.8.0_92/jre/lib/amd64/libfontmanager.so
7f6454353000-7f6454358000 rw-p 00064000 08:01 6129                       /media/ben/STOCK/SOFTWARE/jdk1.8.0_92/jre/lib/amd64/libfontmanager.so
7f6454358000-7f6454368000 rw-p 00000000 00:00 0 
7f6454368000-7f645436d000 r-xp 00000000 103:03 25043164                  /usr/lib/x86_64-linux-gnu/libXdmcp.so.6.0.0
7f645436d000-7f645456c000 ---p 00005000 103:03 25043164                  /usr/lib/x86_64-linux-gnu/libXdmcp.so.6.0.0
7f645456c000-7f645456d000 r--p 00004000 103:03 25043164                  /usr/lib/x86_64-linux-gnu/libXdmcp.so.6.0.0
7f645456d000-7f645456e000 rw-p 00005000 103:03 25043164                  /usr/lib/x86_64-linux-gnu/libXdmcp.so.6.0.0
7f645456e000-7f6454570000 r-xp 00000000 103:03 25043153                  /usr/lib/x86_64-linux-gnu/libXau.so.6.0.0
7f6454570000-7f6454770000 ---p 00002000 103:03 25043153                  /usr/lib/x86_64-linux-gnu/libXau.so.6.0.0
7f6454770000-7f6454771000 r--p 00002000 103:03 25043153                  /usr/lib/x86_64-linux-gnu/libXau.so.6.0.0
7f6454771000-7f6454772000 rw-p 00003000 103:03 25043153                  /usr/lib/x86_64-linux-gnu/libXau.so.6.0.0
7f6454772000-7f645478f000 r-xp 00000000 103:03 25044276                  /usr/lib/x86_64-linux-gnu/libxcb.so.1.1.0
7f645478f000-7f645498f000 ---p 0001d000 103:03 25044276                  /usr/lib/x86_64-linux-gnu/libxcb.so.1.1.0
7f645498f000-7f6454990000 r--p 0001d000 103:03 25044276                  /usr/lib/x86_64-linux-gnu/libxcb.so.1.1.0
7f6454990000-7f6454991000 rw-p 0001e000 103:03 25044276                  /usr/lib/x86_64-linux-gnu/libxcb.so.1.1.0
7f6454991000-7f64549a0000 r-xp 00000000 103:03 25043174                  /usr/lib/x86_64-linux-gnu/libXi.so.6.1.0
7f64549a0000-7f6454b9f000 ---p 0000f000 103:03 25043174                  /usr/lib/x86_64-linux-gnu/libXi.so.6.1.0
7f6454b9f000-7f6454ba0000 r--p 0000e000 103:03 25043174                  /usr/lib/x86_64-linux-gnu/libXi.so.6.1.0
7f6454ba0000-7f6454ba1000 rw-p 0000f000 103:03 25043174                  /usr/lib/x86_64-linux-gnu/libXi.so.6.1.0
7f6454ba1000-7f6454ba6000 r-xp 00000000 103:03 25043194                  /usr/lib/x86_64-linux-gnu/libXtst.so.6.1.0
7f6454ba6000-7f6454da5000 ---p 00005000 103:03 25043194                  /usr/lib/x86_64-linux-gnu/libXtst.so.6.1.0
7f6454da5000-7f6454da6000 r--p 00004000 103:03 25043194                  /usr/lib/x86_64-linux-gnu/libXtst.so.6.1.0
7f6454da6000-7f6454da7000 rw-p 00005000 103:03 25043194                  /usr/lib/x86_64-linux-gnu/libXtst.so.6.1.0
7f6454da7000-7f6454db0000 r-xp 00000000 103:03 25043188                  /usr/lib/x86_64-linux-gnu/libXrender.so.1.3.0
7f6454db0000-7f6454faf000 ---p 00009000 103:03 25043188                  /usr/lib/x86_64-linux-gnu/libXrender.so.1.3.0
7f6454faf000-7f6454fb0000 r--p 00008000 103:03 25043188                  /usr/lib/x86_64-linux-gnu/libXrender.so.1.3.0
7f6454fb0000-7f6454fb1000 rw-p 00009000 103:03 25043188                  /usr/lib/x86_64-linux-gnu/libXrender.so.1.3.0
7f6454fb1000-7f64550e1000 r-xp 00000000 103:03 25043149                  /usr/lib/x86_64-linux-gnu/libX11.so.6.3.0
7f64550e1000-7f64552e1000 ---p 00130000 103:03 25043149                  /usr/lib/x86_64-linux-gnu/libX11.so.6.3.0
7f64552e1000-7f64552e2000 r--p 00130000 103:03 25043149                  /usr/lib/x86_64-linux-gnu/libX11.so.6.3.0
7f64552e2000-7f64552e6000 rw-p 00131000 103:03 25043149                  /usr/lib/x86_64-linux-gnu/libX11.so.6.3.0
7f64552e6000-7f64552f7000 r-xp 00000000 103:03 25043166                  /usr/lib/x86_64-linux-gnu/libXext.so.6.4.0
7f64552f7000-7f64554f6000 ---p 00011000 103:03 25043166                  /usr/lib/x86_64-linux-gnu/libXext.so.6.4.0
7f64554f6000-7f64554f7000 r--p 00010000 103:03 25043166                  /usr/lib/x86_64-linux-gnu/libXext.so.6.4.0
7f64554f7000-7f64554f8000 rw-p 00011000 103:03 25043166                  /usr/lib/x86_64-linux-gnu/libXext.so.6.4.0
7f6455519000-7f645556d000 r-xp 00000000 08:01 6154                       /media/ben/STOCK/SOFTWARE/jdk1.8.0_92/jre/lib/amd64/libawt_xawt.so
7f645556d000-7f645576d000 ---p 00054000 08:01 6154                       /media/ben/STOCK/SOFTWARE/jdk1.8.0_92/jre/lib/amd64/libawt_xawt.so
7f645576d000-7f6455771000 rw-p 00054000 08:01 6154                       /media/ben/STOCK/SOFTWARE/jdk1.8.0_92/jre/lib/amd64/libawt_xawt.so
7f6455771000-7f6455772000 rw-p 00000000 00:00 0 
7f6455828000-7f645583b000 r--s 00344000 08:01 5979                       /media/ben/STOCK/SOFTWARE/jdk1.8.0_92/jre/lib/resources.jar
7f645583b000-7f64558dd000 r-xp 00000000 08:01 6140                       /media/ben/STOCK/SOFTWARE/jdk1.8.0_92/jre/lib/amd64/libawt.so
7f64558dd000-7f6455add000 ---p 000a2000 08:01 6140                       /media/ben/STOCK/SOFTWARE/jdk1.8.0_92/jre/lib/amd64/libawt.so
7f6455add000-7f6455ae9000 rw-p 000a2000 08:01 6140                       /media/ben/STOCK/SOFTWARE/jdk1.8.0_92/jre/lib/amd64/libawt.so
7f6455ae9000-7f6455b0d000 rw-p 00000000 00:00 0 
7f6455b0d000-7f6455b0e000 ---p 00000000 00:00 0 
7f6455b0e000-7f6455c0e000 rw-p 00000000 00:00 0 
7f6455c0e000-7f6455c11000 ---p 00000000 00:00 0 
7f6455c11000-7f6455d0f000 rw-p 00000000 00:00 0 
7f6455d0f000-7f6455d12000 ---p 00000000 00:00 0 
7f6455d12000-7f6455e10000 rw-p 00000000 00:00 0 
7f6455e10000-7f6455e13000 ---p 00000000 00:00 0 
7f6455e13000-7f6455f11000 rw-p 00000000 00:00 0 
7f6455f11000-7f6455f14000 ---p 00000000 00:00 0 
7f6455f14000-7f6456012000 rw-p 00000000 00:00 0 
7f6456012000-7f6456015000 ---p 00000000 00:00 0 
7f6456015000-7f6456113000 rw-p 00000000 00:00 0 
7f6456113000-7f6456116000 ---p 00000000 00:00 0 
7f6456116000-7f6456214000 rw-p 00000000 00:00 0 
7f6456214000-7f64564de000 r--p 00000000 103:03 25041777                  /usr/lib/locale/locale-archive
7f64564de000-7f64564e1000 ---p 00000000 00:00 0 
7f64564e1000-7f64565df000 rw-p 00000000 00:00 0 
7f64565df000-7f64565e2000 ---p 00000000 00:00 0 
7f64565e2000-7f64566e0000 rw-p 00000000 00:00 0 
7f64566e0000-7f64566e1000 ---p 00000000 00:00 0 
7f64566e1000-7f6458000000 rw-p 00000000 00:00 0 
7f6458000000-7f6458021000 rw-p 00000000 00:00 0 
7f6458021000-7f645c000000 ---p 00000000 00:00 0 
7f645c000000-7f645c021000 rw-p 00000000 00:00 0 
7f645c021000-7f6460000000 ---p 00000000 00:00 0 
7f6460000000-7f6460021000 rw-p 00000000 00:00 0 
7f6460021000-7f6464000000 ---p 00000000 00:00 0 
7f6464000000-7f6464021000 rw-p 00000000 00:00 0 
7f6464021000-7f6468000000 ---p 00000000 00:00 0 
7f6468000000-7f6468021000 rw-p 00000000 00:00 0 
7f6468021000-7f646c000000 ---p 00000000 00:00 0 
7f646c011000-7f646c415000 rw-p 00000000 00:00 0 
7f646c415000-7f646c5ee000 r--s 03d24000 08:01 5941                       /media/ben/STOCK/SOFTWARE/jdk1.8.0_92/jre/lib/rt.jar
7f646c5ee000-7f646d235000 rw-p 00000000 00:00 0 
7f646d235000-7f646d236000 ---p 00000000 00:00 0 
7f646d236000-7f646d336000 rw-p 00000000 00:00 0 
7f646d336000-7f646d337000 ---p 00000000 00:00 0 
7f646d337000-7f646d437000 rw-p 00000000 00:00 0 
7f646d437000-7f646d438000 ---p 00000000 00:00 0 
7f646d438000-7f646d538000 rw-p 00000000 00:00 0 
7f646d538000-7f646d539000 ---p 00000000 00:00 0 
7f646d539000-7f646d639000 rw-p 00000000 00:00 0 
7f646d639000-7f646d63a000 ---p 00000000 00:00 0 
7f646d63a000-7f646d73a000 rw-p 00000000 00:00 0 
7f646d73a000-7f646d73b000 ---p 00000000 00:00 0 
7f646d73b000-7f646d83b000 rw-p 00000000 00:00 0 
7f646d83b000-7f646d83c000 ---p 00000000 00:00 0 
7f646d83c000-7f646f9ca000 rw-p 00000000 00:00 0 
7f646f9ca000-7f6471a57000 ---p 00000000 00:00 0 
7f6471a57000-7f6473ae5000 rw-p 00000000 00:00 0 
7f6473ae5000-7f6475b71000 ---p 00000000 00:00 0 
7f6475b71000-7f6477bff000 rw-p 00000000 00:00 0 
7f6477bff000-7f6889700000 rw-p 00000000 00:00 0 
7f6bd4980000-7f6c9b180000 ---p 00000000 00:00 0 
7f6c9b180000-7f70acc00000 rw-p 00000000 00:00 0 
7f70acc0d000-7f70acc1f000 r--s 0017d000 103:03 18235588                  /home/ben/jfreechart/target/jfreechart-1.5.0-SNAPSHOT.jar
7f70acc1f000-7f70acc54000 rw-p 00000000 00:00 0 
7f70acc54000-7f70ad000000 ---p 00000000 00:00 0 
7f70ad000000-7f70ad500000 rwxp 00000000 00:00 0 
7f70ad500000-7f70bc000000 ---p 00000000 00:00 0 
7f70bc000000-7f70bc67b000 rw-p 00000000 00:00 0 
7f70bc67b000-7f70c0000000 ---p 00000000 00:00 0 
7f70c000b000-7f70c0010000 r--s 002f9000 08:01 5939                       /media/ben/STOCK/SOFTWARE/jdk1.8.0_92/jre/lib/charsets.jar
7f70c0010000-7f70c0011000 ---p 00000000 00:00 0 
7f70c0011000-7f70c0111000 rw-p 00000000 00:00 0 
7f70c0111000-7f70c012b000 r-xp 00000000 08:01 6143                       /media/ben/STOCK/SOFTWARE/jdk1.8.0_92/jre/lib/amd64/libzip.so
7f70c012b000-7f70c032b000 ---p 0001a000 08:01 6143                       /media/ben/STOCK/SOFTWARE/jdk1.8.0_92/jre/lib/amd64/libzip.so
7f70c032b000-7f70c032c000 rw-p 0001a000 08:01 6143                       /media/ben/STOCK/SOFTWARE/jdk1.8.0_92/jre/lib/amd64/libzip.so
7f70c032c000-7f70c0336000 r-xp 00000000 103:03 6030439                   /lib/x86_64-linux-gnu/libnss_files-2.19.so
7f70c0336000-7f70c0535000 ---p 0000a000 103:03 6030439                   /lib/x86_64-linux-gnu/libnss_files-2.19.so
7f70c0535000-7f70c0536000 r--p 00009000 103:03 6030439                   /lib/x86_64-linux-gnu/libnss_files-2.19.so
7f70c0536000-7f70c0537000 rw-p 0000a000 103:03 6030439                   /lib/x86_64-linux-gnu/libnss_files-2.19.so
7f70c0537000-7f70c0542000 r-xp 00000000 103:03 6030424                   /lib/x86_64-linux-gnu/libnss_nis-2.19.so
7f70c0542000-7f70c0741000 ---p 0000b000 103:03 6030424                   /lib/x86_64-linux-gnu/libnss_nis-2.19.so
7f70c0741000-7f70c0742000 r--p 0000a000 103:03 6030424                   /lib/x86_64-linux-gnu/libnss_nis-2.19.so
7f70c0742000-7f70c0743000 rw-p 0000b000 103:03 6030424                   /lib/x86_64-linux-gnu/libnss_nis-2.19.so
7f70c0743000-7f70c075a000 r-xp 00000000 103:03 6030416                   /lib/x86_64-linux-gnu/libnsl-2.19.so
7f70c075a000-7f70c0959000 ---p 00017000 103:03 6030416                   /lib/x86_64-linux-gnu/libnsl-2.19.so
7f70c0959000-7f70c095a000 r--p 00016000 103:03 6030416                   /lib/x86_64-linux-gnu/libnsl-2.19.so
7f70c095a000-7f70c095b000 rw-p 00017000 103:03 6030416                   /lib/x86_64-linux-gnu/libnsl-2.19.so
7f70c095b000-7f70c095d000 rw-p 00000000 00:00 0 
7f70c095d000-7f70c0966000 r-xp 00000000 103:03 6030414                   /lib/x86_64-linux-gnu/libnss_compat-2.19.so
7f70c0966000-7f70c0b65000 ---p 00009000 103:03 6030414                   /lib/x86_64-linux-gnu/libnss_compat-2.19.so
7f70c0b65000-7f70c0b66000 r--p 00008000 103:03 6030414                   /lib/x86_64-linux-gnu/libnss_compat-2.19.so
7f70c0b66000-7f70c0b67000 rw-p 00009000 103:03 6030414                   /lib/x86_64-linux-gnu/libnss_compat-2.19.so
7f70c0b67000-7f70c0b91000 r-xp 00000000 08:01 6138                       /media/ben/STOCK/SOFTWARE/jdk1.8.0_92/jre/lib/amd64/libjava.so
7f70c0b91000-7f70c0d91000 ---p 0002a000 08:01 6138                       /media/ben/STOCK/SOFTWARE/jdk1.8.0_92/jre/lib/amd64/libjava.so
7f70c0d91000-7f70c0d93000 rw-p 0002a000 08:01 6138                       /media/ben/STOCK/SOFTWARE/jdk1.8.0_92/jre/lib/amd64/libjava.so
7f70c0d93000-7f70c0da0000 r-xp 00000000 08:01 6142                       /media/ben/STOCK/SOFTWARE/jdk1.8.0_92/jre/lib/amd64/libverify.so
7f70c0da0000-7f70c0fa0000 ---p 0000d000 08:01 6142                       /media/ben/STOCK/SOFTWARE/jdk1.8.0_92/jre/lib/amd64/libverify.so
7f70c0fa0000-7f70c0fa2000 rw-p 0000d000 08:01 6142                       /media/ben/STOCK/SOFTWARE/jdk1.8.0_92/jre/lib/amd64/libverify.so
7f70c0fa2000-7f70c0fa9000 r-xp 00000000 103:03 6030432                   /lib/x86_64-linux-gnu/librt-2.19.so
7f70c0fa9000-7f70c11a8000 ---p 00007000 103:03 6030432                   /lib/x86_64-linux-gnu/librt-2.19.so
7f70c11a8000-7f70c11a9000 r--p 00006000 103:03 6030432                   /lib/x86_64-linux-gnu/librt-2.19.so
7f70c11a9000-7f70c11aa000 rw-p 00007000 103:03 6030432                   /lib/x86_64-linux-gnu/librt-2.19.so
7f70c11aa000-7f70c12af000 r-xp 00000000 103:03 6029643                   /lib/x86_64-linux-gnu/libm-2.19.so
7f70c12af000-7f70c14ae000 ---p 00105000 103:03 6029643                   /lib/x86_64-linux-gnu/libm-2.19.so
7f70c14ae000-7f70c14af000 r--p 00104000 103:03 6029643                   /lib/x86_64-linux-gnu/libm-2.19.so
7f70c14af000-7f70c14b0000 rw-p 00105000 103:03 6029643                   /lib/x86_64-linux-gnu/libm-2.19.so
7f70c14b0000-7f70c2173000 r-xp 00000000 08:01 6121                       /media/ben/STOCK/SOFTWARE/jdk1.8.0_92/jre/lib/amd64/server/libjvm.so
7f70c2173000-7f70c2372000 ---p 00cc3000 08:01 6121                       /media/ben/STOCK/SOFTWARE/jdk1.8.0_92/jre/lib/amd64/server/libjvm.so
7f70c2372000-7f70c244b000 rw-p 00cc2000 08:01 6121                       /media/ben/STOCK/SOFTWARE/jdk1.8.0_92/jre/lib/amd64/server/libjvm.so
7f70c244b000-7f70c2496000 rw-p 00000000 00:00 0 
7f70c2496000-7f70c2650000 r-xp 00000000 103:03 6030434                   /lib/x86_64-linux-gnu/libc-2.19.so
7f70c2650000-7f70c2850000 ---p 001ba000 103:03 6030434                   /lib/x86_64-linux-gnu/libc-2.19.so
7f70c2850000-7f70c2854000 r--p 001ba000 103:03 6030434                   /lib/x86_64-linux-gnu/libc-2.19.so
7f70c2854000-7f70c2856000 rw-p 001be000 103:03 6030434                   /lib/x86_64-linux-gnu/libc-2.19.so
7f70c2856000-7f70c285b000 rw-p 00000000 00:00 0 
7f70c285b000-7f70c285e000 r-xp 00000000 103:03 6029647                   /lib/x86_64-linux-gnu/libdl-2.19.so
7f70c285e000-7f70c2a5d000 ---p 00003000 103:03 6029647                   /lib/x86_64-linux-gnu/libdl-2.19.so
7f70c2a5d000-7f70c2a5e000 r--p 00002000 103:03 6029647                   /lib/x86_64-linux-gnu/libdl-2.19.so
7f70c2a5e000-7f70c2a5f000 rw-p 00003000 103:03 6029647                   /lib/x86_64-linux-gnu/libdl-2.19.so
7f70c2a5f000-7f70c2a74000 r-xp 00000000 08:01 5756                       /media/ben/STOCK/SOFTWARE/jdk1.8.0_92/lib/amd64/jli/libjli.so
7f70c2a74000-7f70c2c74000 ---p 00015000 08:01 5756                       /media/ben/STOCK/SOFTWARE/jdk1.8.0_92/lib/amd64/jli/libjli.so
7f70c2c74000-7f70c2c75000 rw-p 00015000 08:01 5756                       /media/ben/STOCK/SOFTWARE/jdk1.8.0_92/lib/amd64/jli/libjli.so
7f70c2c75000-7f70c2c8e000 r-xp 00000000 103:03 6030418                   /lib/x86_64-linux-gnu/libpthread-2.19.so
7f70c2c8e000-7f70c2e8d000 ---p 00019000 103:03 6030418                   /lib/x86_64-linux-gnu/libpthread-2.19.so
7f70c2e8d000-7f70c2e8e000 r--p 00018000 103:03 6030418                   /lib/x86_64-linux-gnu/libpthread-2.19.so
7f70c2e8e000-7f70c2e8f000 rw-p 00019000 103:03 6030418                   /lib/x86_64-linux-gnu/libpthread-2.19.so
7f70c2e8f000-7f70c2e93000 rw-p 00000000 00:00 0 
7f70c2e93000-7f70c2eb6000 r-xp 00000000 103:03 6030420                   /lib/x86_64-linux-gnu/ld-2.19.so
7f70c2eb7000-7f70c2eb8000 rw-p 00000000 00:00 0 
7f70c2eb8000-7f70c2eb9000 r--p 00000000 103:03 26884509                  /usr/share/locale-langpack/en_GB/LC_MESSAGES/libc.mo
7f70c2eb9000-7f70c2ebb000 r--s 00001000 08:01 20739                      /media/ben/STOCK/SOURCES/java_libraries/OpenCSV/OpenCSV/opencsv-1.8.jar
7f70c2ebb000-7f70c2f8d000 rw-p 00000000 00:00 0 
7f70c2f8d000-7f70c2f90000 ---p 00000000 00:00 0 
7f70c2f90000-7f70c3092000 rw-p 00000000 00:00 0 
7f70c3092000-7f70c3093000 r--s 00002000 08:01 23833                      /media/ben/STOCK/SOURCES/java_libraries/GradientPainter/grad.jar
7f70c3093000-7f70c3096000 r--s 00011000 103:03 18222476                  /home/ben/jfreechart/lib/servlet.jar
7f70c3096000-7f70c3098000 r--s 0000f000 103:03 18222475                  /home/ben/jfreechart/lib/orsonpdf-1.7.jar
7f70c3098000-7f70c309e000 r--s 00036000 103:03 18222474                  /home/ben/jfreechart/lib/junit-4.11.jar
7f70c309e000-7f70c30a0000 r--s 00008000 103:03 18222473                  /home/ben/jfreechart/lib/jfreesvg-3.0.jar
7f70c30a0000-7f70c30a6000 r--s 0004b000 103:03 18222472                  /home/ben/jfreechart/lib/jcommon-1.0.23.jar
7f70c30a6000-7f70c30a8000 r--s 00009000 103:03 18222471                  /home/ben/jfreechart/lib/hamcrest-core-1.3.jar
7f70c30a8000-7f70c30a9000 r--s 00004000 103:03 18222470                  /home/ben/jfreechart/lib/fxgraphics2d-1.3.jar
7f70c30a9000-7f70c30b1000 rw-s 00000000 103:03 26635084                  /tmp/hsperfdata_ben/7311
7f70c30b1000-7f70c30b2000 rw-p 00000000 00:00 0 
7f70c30b2000-7f70c30b3000 ---p 00000000 00:00 0 
7f70c30b3000-7f70c30b5000 rw-p 00000000 00:00 0 
7f70c30b5000-7f70c30b6000 r--p 00022000 103:03 6030420                   /lib/x86_64-linux-gnu/ld-2.19.so
7f70c30b6000-7f70c30b7000 rw-p 00023000 103:03 6030420                   /lib/x86_64-linux-gnu/ld-2.19.so
7f70c30b7000-7f70c30b8000 rw-p 00000000 00:00 0 
7ffd6c4a4000-7ffd6c4c5000 rw-p 00000000 00:00 0                          [stack]
7ffd6c52d000-7ffd6c52f000 r--p 00000000 00:00 0                          [vvar]
7ffd6c52f000-7ffd6c531000 r-xp 00000000 00:00 0                          [vdso]
ffffffffff600000-ffffffffff601000 r-xp 00000000 00:00 0                  [vsyscall]

VM Arguments:
jvm_args: -Dfile.encoding=UTF-8 -Xms25000m -Xmx50000m 
java_command: main.Main
java_class_path (initial): /home/ben/jfreechart/lib/fxgraphics2d-1.3.jar:/home/ben/jfreechart/lib/hamcrest-core-1.3.jar:/home/ben/jfreechart/lib/jcommon-1.0.23.jar:/home/ben/jfreechart/lib/jfreesvg-3.0.jar:/home/ben/jfreechart/lib/junit-4.11.jar:/home/ben/jfreechart/lib/orsonpdf-1.7.jar:/home/ben/jfreechart/lib/servlet.jar:/home/ben/jfreechart/target/jfreechart-1.5.0-SNAPSHOT.jar:/media/ben/STOCK/SOURCES/java_libraries/GradientPainter/grad.jar:/media/ben/STOCK/SOURCES/java_libraries/OpenCSV/OpenCSV/opencsv-1.8.jar:/media/ben/STOCK/SOURCES/NetBeansProjects/ViromePlacer/build/classes
Launcher Type: SUN_STANDARD

Environment Variables:
PATH=/usr/local/sbin:/usr/local/bin:/usr/sbin:/usr/bin:/sbin:/bin:/usr/games:/usr/local/games
LD_LIBRARY_PATH=/media/ben/STOCK/SOFTWARE/jdk1.8.0_92/jre/lib/amd64:/media/ben/STOCK/SOFTWARE/jdk1.8.0_92/jre/lib/i386:
SHELL=/bin/bash
DISPLAY=:0

Signal Handlers:
SIGSEGV: [libjvm.so+0xabdee0], sa_mask[0]=11111111011111111101111111111110, sa_flags=SA_RESTART|SA_SIGINFO
SIGBUS: [libjvm.so+0xabdee0], sa_mask[0]=11111111011111111101111111111110, sa_flags=SA_RESTART|SA_SIGINFO
SIGFPE: [libjvm.so+0x91a580], sa_mask[0]=11111111011111111101111111111110, sa_flags=SA_RESTART|SA_SIGINFO
SIGPIPE: [libjvm.so+0x91a580], sa_mask[0]=11111111011111111101111111111110, sa_flags=SA_RESTART|SA_SIGINFO
SIGXFSZ: [libjvm.so+0x91a580], sa_mask[0]=11111111011111111101111111111110, sa_flags=SA_RESTART|SA_SIGINFO
SIGILL: [libjvm.so+0x91a580], sa_mask[0]=11111111011111111101111111111110, sa_flags=SA_RESTART|SA_SIGINFO
SIGUSR1: SIG_DFL, sa_mask[0]=00000000000000000000000000000000, sa_flags=none
SIGUSR2: [libjvm.so+0x91bbb0], sa_mask[0]=00100000000000000000000000000000, sa_flags=SA_RESTART|SA_SIGINFO
SIGHUP: [libjvm.so+0x91cfb0], sa_mask[0]=11111111011111111101111111111110, sa_flags=SA_RESTART|SA_SIGINFO
SIGINT: SIG_IGN, sa_mask[0]=00000000000000000000000000000000, sa_flags=none
SIGTERM: [libjvm.so+0x91cfb0], sa_mask[0]=11111111011111111101111111111110, sa_flags=SA_RESTART|SA_SIGINFO
SIGQUIT: [libjvm.so+0x91cfb0], sa_mask[0]=11111111011111111101111111111110, sa_flags=SA_RESTART|SA_SIGINFO


---------------  S Y S T E M  ---------------

OS:DISTRIB_ID=Ubuntu
DISTRIB_RELEASE=14.04
DISTRIB_CODENAME=trusty
DISTRIB_DESCRIPTION="Ubuntu 14.04.5 LTS"

uname:Linux 3.19.0-69-generic #77~14.04.1-Ubuntu SMP Tue Aug 30 01:29:21 UTC 2016 x86_64
libc:glibc 2.19 NPTL 2.19 
rlimit: STACK 8192k, CORE 0k, NPROC 256371, NOFILE 4096, AS infinity
load average:6,69 7,17 8,39

/proc/meminfo:
MemTotal:       65900052 kB
MemFree:         9379672 kB
MemAvailable:   12670988 kB
Buffers:         1139084 kB
Cached:          2302552 kB
SwapCached:            0 kB
Active:         54550436 kB
Inactive:        1201304 kB
Active(anon):   52313956 kB
Inactive(anon):   167776 kB
Active(file):    2236480 kB
Inactive(file):  1033528 kB
Unevictable:         548 kB
Mlocked:             548 kB
SwapTotal:             0 kB
SwapFree:              0 kB
Dirty:             11860 kB
Writeback:             0 kB
AnonPages:      52310740 kB
Mapped:           654684 kB
Shmem:            171584 kB
Slab:             349632 kB
SReclaimable:     274724 kB
SUnreclaim:        74908 kB
KernelStack:       15520 kB
PageTables:       160432 kB
NFS_Unstable:          0 kB
Bounce:                0 kB
WritebackTmp:          0 kB
CommitLimit:    32950024 kB
Committed_AS:   71015252 kB
VmallocTotal:   34359738367 kB
VmallocUsed:      420068 kB
VmallocChunk:   34359314428 kB
HardwareCorrupted:     0 kB
AnonHugePages:  43237376 kB
CmaTotal:              0 kB
CmaFree:               0 kB
HugePages_Total:       0
HugePages_Free:        0
HugePages_Rsvd:        0
HugePages_Surp:        0
Hugepagesize:       2048 kB
DirectMap4k:    12857000 kB
DirectMap2M:    53125120 kB
DirectMap1G:     2097152 kB


CPU:total 8 (4 cores per cpu, 2 threads per core) family 6 model 94 stepping 3, cmov, cx8, fxsr, mmx, sse, sse2, sse3, ssse3, sse4.1, sse4.2, popcnt, avx, avx2, aes, clmul, erms, rtm, 3dnowpref, lzcnt, ht, tsc, tscinvbit, bmi1, bmi2, adx

/proc/cpuinfo:
processor	: 0
vendor_id	: GenuineIntel
cpu family	: 6
model		: 94
model name	: Intel(R) Core(TM) i7-6700 CPU @ 3.40GHz
stepping	: 3
microcode	: 0x74
cpu MHz		: 1500.000
cache size	: 8192 KB
physical id	: 0
siblings	: 8
core id		: 0
cpu cores	: 4
apicid		: 0
initial apicid	: 0
fpu		: yes
fpu_exception	: yes
cpuid level	: 22
wp		: yes
flags		: fpu vme de pse tsc msr pae mce cx8 apic sep mtrr pge mca cmov pat pse36 clflush dts acpi mmx fxsr sse sse2 ss ht tm pbe syscall nx pdpe1gb rdtscp lm constant_tsc arch_perfmon pebs bts rep_good nopl xtopology nonstop_tsc aperfmperf eagerfpu pni pclmulqdq dtes64 monitor ds_cpl vmx smx est tm2 ssse3 fma cx16 xtpr pdcm pcid sse4_1 sse4_2 x2apic movbe popcnt tsc_deadline_timer aes xsave avx f16c rdrand lahf_lm abm 3dnowprefetch ida arat epb pln pts dtherm hwp hwp_noitfy hwp_act_window hwp_epp tpr_shadow vnmi flexpriority ept vpid fsgsbase tsc_adjust bmi1 hle avx2 smep bmi2 erms invpcid rtm mpx rdseed adx smap clflushopt xsaveopt xsavec xgetbv1
bugs		:
bogomips	: 6812.99
clflush size	: 64
cache_alignment	: 64
address sizes	: 39 bits physical, 48 bits virtual
power management:

processor	: 1
vendor_id	: GenuineIntel
cpu family	: 6
model		: 94
model name	: Intel(R) Core(TM) i7-6700 CPU @ 3.40GHz
stepping	: 3
microcode	: 0x74
cpu MHz		: 3200.000
cache size	: 8192 KB
physical id	: 0
siblings	: 8
core id		: 1
cpu cores	: 4
apicid		: 2
initial apicid	: 2
fpu		: yes
fpu_exception	: yes
cpuid level	: 22
wp		: yes
flags		: fpu vme de pse tsc msr pae mce cx8 apic sep mtrr pge mca cmov pat pse36 clflush dts acpi mmx fxsr sse sse2 ss ht tm pbe syscall nx pdpe1gb rdtscp lm constant_tsc arch_perfmon pebs bts rep_good nopl xtopology nonstop_tsc aperfmperf eagerfpu pni pclmulqdq dtes64 monitor ds_cpl vmx smx est tm2 ssse3 fma cx16 xtpr pdcm pcid sse4_1 sse4_2 x2apic movbe popcnt tsc_deadline_timer aes xsave avx f16c rdrand lahf_lm abm 3dnowprefetch ida arat epb pln pts dtherm hwp hwp_noitfy hwp_act_window hwp_epp tpr_shadow vnmi flexpriority ept vpid fsgsbase tsc_adjust bmi1 hle avx2 smep bmi2 erms invpcid rtm mpx rdseed adx smap clflushopt xsaveopt xsavec xgetbv1
bugs		:
bogomips	: 6812.99
clflush size	: 64
cache_alignment	: 64
address sizes	: 39 bits physical, 48 bits virtual
power management:

processor	: 2
vendor_id	: GenuineIntel
cpu family	: 6
model		: 94
model name	: Intel(R) Core(TM) i7-6700 CPU @ 3.40GHz
stepping	: 3
microcode	: 0x74
cpu MHz		: 1900.000
cache size	: 8192 KB
physical id	: 0
siblings	: 8
core id		: 2
cpu cores	: 4
apicid		: 4
initial apicid	: 4
fpu		: yes
fpu_exception	: yes
cpuid level	: 22
wp		: yes
flags		: fpu vme de pse tsc msr pae mce cx8 apic sep mtrr pge mca cmov pat pse36 clflush dts acpi mmx fxsr sse sse2 ss ht tm pbe syscall nx pdpe1gb rdtscp lm constant_tsc arch_perfmon pebs bts rep_good nopl xtopology nonstop_tsc aperfmperf eagerfpu pni pclmulqdq dtes64 monitor ds_cpl vmx smx est tm2 ssse3 fma cx16 xtpr pdcm pcid sse4_1 sse4_2 x2apic movbe popcnt tsc_deadline_timer aes xsave avx f16c rdrand lahf_lm abm 3dnowprefetch ida arat epb pln pts dtherm hwp hwp_noitfy hwp_act_window hwp_epp tpr_shadow vnmi flexpriority ept vpid fsgsbase tsc_adjust bmi1 hle avx2 smep bmi2 erms invpcid rtm mpx rdseed adx smap clflushopt xsaveopt xsavec xgetbv1
bugs		:
bogomips	: 6812.99
clflush size	: 64
cache_alignment	: 64
address sizes	: 39 bits physical, 48 bits virtual
power management:

processor	: 3
vendor_id	: GenuineIntel
cpu family	: 6
model		: 94
model name	: Intel(R) Core(TM) i7-6700 CPU @ 3.40GHz
stepping	: 3
microcode	: 0x74
cpu MHz		: 1200.000
cache size	: 8192 KB
physical id	: 0
siblings	: 8
core id		: 3
cpu cores	: 4
apicid		: 6
initial apicid	: 6
fpu		: yes
fpu_exception	: yes
cpuid level	: 22
wp		: yes
flags		: fpu vme de pse tsc msr pae mce cx8 apic sep mtrr pge mca cmov pat pse36 clflush dts acpi mmx fxsr sse sse2 ss ht tm pbe syscall nx pdpe1gb rdtscp lm constant_tsc arch_perfmon pebs bts rep_good nopl xtopology nonstop_tsc aperfmperf eagerfpu pni pclmulqdq dtes64 monitor ds_cpl vmx smx est tm2 ssse3 fma cx16 xtpr pdcm pcid sse4_1 sse4_2 x2apic movbe popcnt tsc_deadline_timer aes xsave avx f16c rdrand lahf_lm abm 3dnowprefetch ida arat epb pln pts dtherm hwp hwp_noitfy hwp_act_window hwp_epp tpr_shadow vnmi flexpriority ept vpid fsgsbase tsc_adjust bmi1 hle avx2 smep bmi2 erms invpcid rtm mpx rdseed adx smap clflushopt xsaveopt xsavec xgetbv1
bugs		:
bogomips	: 6812.99
clflush size	: 64
cache_alignment	: 64
address sizes	: 39 bits physical, 48 bits virtual
power management:

processor	: 4
vendor_id	: GenuineIntel
cpu family	: 6
model		: 94
model name	: Intel(R) Core(TM) i7-6700 CPU @ 3.40GHz
stepping	: 3
microcode	: 0x74
cpu MHz		: 1400.000
cache size	: 8192 KB
physical id	: 0
siblings	: 8
core id		: 0
cpu cores	: 4
apicid		: 1
initial apicid	: 1
fpu		: yes
fpu_exception	: yes
cpuid level	: 22
wp		: yes
flags		: fpu vme de pse tsc msr pae mce cx8 apic sep mtrr pge mca cmov pat pse36 clflush dts acpi mmx fxsr sse sse2 ss ht tm pbe syscall nx pdpe1gb rdtscp lm constant_tsc arch_perfmon pebs bts rep_good nopl xtopology nonstop_tsc aperfmperf eagerfpu pni pclmulqdq dtes64 monitor ds_cpl vmx smx est tm2 ssse3 fma cx16 xtpr pdcm pcid sse4_1 sse4_2 x2apic movbe popcnt tsc_deadline_timer aes xsave avx f16c rdrand lahf_lm abm 3dnowprefetch ida arat epb pln pts dtherm hwp hwp_noitfy hwp_act_window hwp_epp tpr_shadow vnmi flexpriority ept vpid fsgsbase tsc_adjust bmi1 hle avx2 smep bmi2 erms invpcid rtm mpx rdseed adx smap clflushopt xsaveopt xsavec xgetbv1
bugs		:
bogomips	: 6812.99
clflush size	: 64
cache_alignment	: 64
address sizes	: 39 bits physical, 48 bits virtual
power management:

processor	: 5
vendor_id	: GenuineIntel
cpu family	: 6
model		: 94
model name	: Intel(R) Core(TM) i7-6700 CPU @ 3.40GHz
stepping	: 3
microcode	: 0x74
cpu MHz		: 3400.000
cache size	: 8192 KB
physical id	: 0
siblings	: 8
core id		: 1
cpu cores	: 4
apicid		: 3
initial apicid	: 3
fpu		: yes
fpu_exception	: yes
cpuid level	: 22
wp		: yes
flags		: fpu vme de pse tsc msr pae mce cx8 apic sep mtrr pge mca cmov pat pse36 clflush dts acpi mmx fxsr sse sse2 ss ht tm pbe syscall nx pdpe1gb rdtscp lm constant_tsc arch_perfmon pebs bts rep_good nopl xtopology nonstop_tsc aperfmperf eagerfpu pni pclmulqdq dtes64 monitor ds_cpl vmx smx est tm2 ssse3 fma cx16 xtpr pdcm pcid sse4_1 sse4_2 x2apic movbe popcnt tsc_deadline_timer aes xsave avx f16c rdrand lahf_lm abm 3dnowprefetch ida arat epb pln pts dtherm hwp hwp_noitfy hwp_act_window hwp_epp tpr_shadow vnmi flexpriority ept vpid fsgsbase tsc_adjust bmi1 hle avx2 smep bmi2 erms invpcid rtm mpx rdseed adx smap clflushopt xsaveopt xsavec xgetbv1
bugs		:
bogomips	: 6812.99
clflush size	: 64
cache_alignment	: 64
address sizes	: 39 bits physical, 48 bits virtual
power management:

processor	: 6
vendor_id	: GenuineIntel
cpu family	: 6
model		: 94
model name	: Intel(R) Core(TM) i7-6700 CPU @ 3.40GHz
stepping	: 3
microcode	: 0x74
cpu MHz		: 1200.000
cache size	: 8192 KB
physical id	: 0
siblings	: 8
core id		: 2
cpu cores	: 4
apicid		: 5
initial apicid	: 5
fpu		: yes
fpu_exception	: yes
cpuid level	: 22
wp		: yes
flags		: fpu vme de pse tsc msr pae mce cx8 apic sep mtrr pge mca cmov pat pse36 clflush dts acpi mmx fxsr sse sse2 ss ht tm pbe syscall nx pdpe1gb rdtscp lm constant_tsc arch_perfmon pebs bts rep_good nopl xtopology nonstop_tsc aperfmperf eagerfpu pni pclmulqdq dtes64 monitor ds_cpl vmx smx est tm2 ssse3 fma cx16 xtpr pdcm pcid sse4_1 sse4_2 x2apic movbe popcnt tsc_deadline_timer aes xsave avx f16c rdrand lahf_lm abm 3dnowprefetch ida arat epb pln pts dtherm hwp hwp_noitfy hwp_act_window hwp_epp tpr_shadow vnmi flexpriority ept vpid fsgsbase tsc_adjust bmi1 hle avx2 smep bmi2 erms invpcid rtm mpx rdseed adx smap clflushopt xsaveopt xsavec xgetbv1
bugs		:
bogomips	: 6812.99
clflush size	: 64
cache_alignment	: 64
address sizes	: 39 bits physical, 48 bits virtual
power management:

processor	: 7
vendor_id	: GenuineIntel
cpu family	: 6
model		: 94
model name	: Intel(R) Core(TM) i7-6700 CPU @ 3.40GHz
stepping	: 3
microcode	: 0x74
cpu MHz		: 1900.000
cache size	: 8192 KB
physical id	: 0
siblings	: 8
core id		: 3
cpu cores	: 4
apicid		: 7
initial apicid	: 7
fpu		: yes
fpu_exception	: yes
cpuid level	: 22
wp		: yes
flags		: fpu vme de pse tsc msr pae mce cx8 apic sep mtrr pge mca cmov pat pse36 clflush dts acpi mmx fxsr sse sse2 ss ht tm pbe syscall nx pdpe1gb rdtscp lm constant_tsc arch_perfmon pebs bts rep_good nopl xtopology nonstop_tsc aperfmperf eagerfpu pni pclmulqdq dtes64 monitor ds_cpl vmx smx est tm2 ssse3 fma cx16 xtpr pdcm pcid sse4_1 sse4_2 x2apic movbe popcnt tsc_deadline_timer aes xsave avx f16c rdrand lahf_lm abm 3dnowprefetch ida arat epb pln pts dtherm hwp hwp_noitfy hwp_act_window hwp_epp tpr_shadow vnmi flexpriority ept vpid fsgsbase tsc_adjust bmi1 hle avx2 smep bmi2 erms invpcid rtm mpx rdseed adx smap clflushopt xsaveopt xsavec xgetbv1
bugs		:
bogomips	: 6812.99
clflush size	: 64
cache_alignment	: 64
address sizes	: 39 bits physical, 48 bits virtual
power management:



Memory: 4k page, physical 65900052k(9379672k free), swap 0k(0k free)

vm_info: Java HotSpot(TM) 64-Bit Server VM (25.92-b14) for linux-amd64 JRE (1.8.0_92-b14), built on Mar 31 2016 21:08:29 by "java_re" with gcc 4.3.0 20080428 (Red Hat 4.3.0-8)

time: Thu Nov  3 12:56:58 2016
elapsed time: 210 seconds (0d 0h 3m 30s)

